#
# A fatal error has been detected by the Java Runtime Environment:
#
#  SIGSEGV (0xb) at pc=0x00007ff92101fdbd, pid=3703, tid=140708168398592
#
# JRE version: OpenJDK Runtime Environment (7.0_55-b14) (build 1.7.0_55-b14)
# Java VM: OpenJDK 64-Bit Server VM (24.51-b03 mixed mode linux-amd64 compressed oops)
# Problematic frame:
# j  com.sun.tools.javac.util.ListBuffer.append(Ljava/lang/Object;)Lcom/sun/tools/javac/util/ListBuffer;+1
#
# Failed to write core dump. Core dumps have been disabled. To enable core dumping, try "ulimit -c unlimited" before starting Java again
#
# If you would like to submit a bug report, please include
# instructions on how to reproduce the bug and visit:
#   http://icedtea.classpath.org/bugzilla
#

---------------  T H R E A D  ---------------

Current thread (0x00007ff92400a000):  JavaThread "main" [_thread_in_Java, id=3704, stack(0x00007ff92c54f000,0x00007ff92c650000)]

siginfo:si_signo=SIGSEGV: si_errno=0, si_code=1 (SEGV_MAPERR), si_addr=0x00000000ac43f5f0

Registers:
RAX=0x00000000ec4448b8, RBX=0x000000000000000c, RCX=0x00000000ac43f5f0, RDX=0x0000000000000000
RSP=0x00007ff92c64d960, RBP=0x00007ff92c64d9a0, RSI=0x00000000ec757bb8, RDI=0x00007ff92400a000
R8 =0x00000000007615ab, R9 =0x00007ff9289d9000, R10=0x00007ff92b8396e0, R11=0x00007ff9210677f8
R12=0x0000000000000000, R13=0x00000000ba0da9f5, R14=0x00007ff92c64d9b8, R15=0x00007ff92400a000
RIP=0x00007ff92101fdbd, EFLAGS=0x0000000000010246, CSGSFS=0x0000000000000033, ERR=0x0000000000000004
  TRAPNO=0x000000000000000e

Top of Stack: (sp=0x00007ff92c64d960)
0x00007ff92c64d960:   00007ff92c64d960 00000000ba0da9e1
0x00007ff92c64d970:   00007ff92c64d9b8 00000000ba0dd898
0x00007ff92c64d980:   00000000ba49b138 00000000ba0daa48
0x00007ff92c64d990:   0000000000000000 00007ff92c64d9b0
0x00007ff92c64d9a0:   00007ff92c64da00 00007ff921006233
0x00007ff92c64d9b0:   00000000ec4448b8 00000000ec43f158
0x00007ff92c64d9c0:   00007ff92c64d9c0 00000000ba479eb6
0x00007ff92c64d9d0:   00007ff92c64da40 00000000ba4813f8
0x00007ff92c64d9e0:   00000000ba49e988 00000000ba47a208
0x00007ff92c64d9f0:   00007ff92c64d9b0 00007ff92c64da40
0x00007ff92c64da00:   00007ff92c64da88 00007ff921006233
0x00007ff92c64da10:   00000000ec43f400 00000000ec43f3c8
0x00007ff92c64da20:   00000000ec709768 000000000001dde8
0x00007ff92c64da30:   00000000ec43f158 00000000ffffffff
0x00007ff92c64da40:   00000000ec2b5850 00007ff92c64da48
0x00007ff92c64da50:   00000000ba479aa8 00007ff92c64dac0
0x00007ff92c64da60:   00000000ba4813f8 0000000000000000
0x00007ff92c64da70:   00000000ba479b60 00007ff92c64da40
0x00007ff92c64da80:   00007ff92c64daa8 00007ff92c64db08
0x00007ff92c64da90:   00007ff921006233 0000000000000000
0x00007ff92c64daa0:   0000000000000000 0000000000000000
0x00007ff92c64dab0:   00007ff921006882 000000000001dd8a
0x00007ff92c64dac0:   00000000ec2b5850 00007ff92c64dac8
0x00007ff92c64dad0:   00000000ba479c2b 00007ff92c64db18
0x00007ff92c64dae0:   00000000ba4813f8 0000000000000000
0x00007ff92c64daf0:   00000000ba479c48 00007ff92c64daa8
0x00007ff92c64db00:   00007ff92c64db18 00007ff92c64db60
0x00007ff92c64db10:   00007ff921006233 00000000ec2b5850
0x00007ff92c64db20:   00007ff92c64db20 00000000ba47a4b1
0x00007ff92c64db30:   00007ff92c64db98 00000000ba4813f8
0x00007ff92c64db40:   00000000ba4a3040 00000000ba47ac40
0x00007ff92c64db50:   00007ff92c64db18 00007ff92c64db98 

Instructions: (pc=0x00007ff92101fdbd)
0x00007ff92101fd9d:   00 00 00 58 41 0f b7 5d 01 48 8b 4d d8 c1 e3 02
0x00007ff92101fdad:   8b 54 d9 38 48 8b 5c d9 30 c1 ea 15 83 e2 01 59
0x00007ff92101fdbd:   48 3b 01 89 04 19 48 c1 e9 09 49 ba 00 90 9d 28
0x00007ff92101fdcd:   f9 7f 00 00 41 c6 04 0a 00 85 d2 0f 84 05 00 00 

Register to memory mapping:

RAX=0x00000000ec4448b8 is an oop
com.sun.tools.javac.tree.JCTree$JCDoWhileLoop 
 - klass: 'com/sun/tools/javac/tree/JCTree$JCDoWhileLoop'
RBX=0x000000000000000c is an unknown value
RCX=0x00000000ac43f5f0 is an unknown value
RDX=0x0000000000000000 is an unknown value
RSP=0x00007ff92c64d960 is pointing into the stack for thread: 0x00007ff92400a000
RBP=0x00007ff92c64d9a0 is pointing into the stack for thread: 0x00007ff92400a000
RSI=0x00000000ec757bb8 is an oop
java.lang.Class 
 - klass: 'java/lang/Class'
RDI=0x00007ff92400a000 is a thread
R8 =0x00000000007615ab is an unknown value
R9 =0x00007ff9289d9000 is an unknown value
R10=0x00007ff92b8396e0: <offset 0xdb56e0> in /usr/lib/jvm/java-7-openjdk-amd64/jre/lib/amd64/server/libjvm.so at 0x00007ff92aa84000
R11=0x00007ff9210677f8 is at entry_point+24 in (nmethod*)0x00007ff921067650
R12=0x0000000000000000 is an unknown value
R13=0x00000000ba0da9f5 is pointing into object: 0x00000000ba0da9a0
{constMethod} 
 - klass: {other class}
 - constants:       0x00000000ba0d9838 constant pool [185] for 'com/sun/tools/javac/util/ListBuffer' cache=0x00000000ba0dd898
 - stackmap data:       [B
bci_from(0xba0da9f5) = 21; print_codes():
R14=0x00007ff92c64d9b8 is pointing into the stack for thread: 0x00007ff92400a000
R15=0x00007ff92400a000 is a thread


Stack: [0x00007ff92c54f000,0x00007ff92c650000],  sp=0x00007ff92c64d960,  free space=1018k
Native frames: (J=compiled Java code, j=interpreted, Vv=VM code, C=native code)
j  com.sun.tools.javac.util.ListBuffer.append(Ljava/lang/Object;)Lcom/sun/tools/javac/util/ListBuffer;+1
j  com.sun.tools.javac.parser.JavacParser.blockStatements()Lcom/sun/tools/javac/util/List;+358
j  com.sun.tools.javac.parser.JavacParser.block(IJ)Lcom/sun/tools/javac/tree/JCTree$JCBlock;+8
j  com.sun.tools.javac.parser.JavacParser.block()Lcom/sun/tools/javac/tree/JCTree$JCBlock;+11
j  com.sun.tools.javac.parser.JavacParser.parseStatement()Lcom/sun/tools/javac/tree/JCTree$JCStatement;+337
j  com.sun.tools.javac.parser.JavacParser.parseStatement()Lcom/sun/tools/javac/tree/JCTree$JCStatement;+388
j  com.sun.tools.javac.parser.JavacParser.parseStatement()Lcom/sun/tools/javac/tree/JCTree$JCStatement;+388
j  com.sun.tools.javac.parser.JavacParser.blockStatements()Lcom/sun/tools/javac/util/List;+355
j  com.sun.tools.javac.parser.JavacParser.block(IJ)Lcom/sun/tools/javac/tree/JCTree$JCBlock;+8
j  com.sun.tools.javac.parser.JavacParser.block()Lcom/sun/tools/javac/tree/JCTree$JCBlock;+11
j  com.sun.tools.javac.parser.JavacParser.parseStatement()Lcom/sun/tools/javac/tree/JCTree$JCStatement;+337
j  com.sun.tools.javac.parser.JavacParser.parseStatement()Lcom/sun/tools/javac/tree/JCTree$JCStatement;+629
j  com.sun.tools.javac.parser.JavacParser.blockStatements()Lcom/sun/tools/javac/util/List;+355
j  com.sun.tools.javac.parser.JavacParser.block(IJ)Lcom/sun/tools/javac/tree/JCTree$JCBlock;+8
j  com.sun.tools.javac.parser.JavacParser.block()Lcom/sun/tools/javac/tree/JCTree$JCBlock;+11
j  com.sun.tools.javac.parser.JavacParser.methodDeclaratorRest(ILcom/sun/tools/javac/tree/JCTree$JCModifiers;Lcom/sun/tools/javac/tree/JCTree$JCExpression;Lcom/sun/tools/javac/util/Name;Lcom/sun/tools/javac/util/List;ZZLjava/lang/String;)Lcom/sun/tools/javac/tree/JCTree;+71
j  com.sun.tools.javac.parser.JavacParser.classOrInterfaceBodyDeclaration(Lcom/sun/tools/javac/util/Name;Z)Lcom/sun/tools/javac/util/List;+444
j  com.sun.tools.javac.parser.JavacParser.classOrInterfaceBody(Lcom/sun/tools/javac/util/Name;Z)Lcom/sun/tools/javac/util/List;+97
j  com.sun.tools.javac.parser.JavacParser.classDeclaration(Lcom/sun/tools/javac/tree/JCTree$JCModifiers;Ljava/lang/String;)Lcom/sun/tools/javac/tree/JCTree$JCClassDecl;+101
j  com.sun.tools.javac.parser.JavacParser.classOrInterfaceOrEnumDeclaration(Lcom/sun/tools/javac/tree/JCTree$JCModifiers;Ljava/lang/String;)Lcom/sun/tools/javac/tree/JCTree$JCStatement;+18
j  com.sun.tools.javac.parser.JavacParser.typeDeclaration(Lcom/sun/tools/javac/tree/JCTree$JCModifiers;)Lcom/sun/tools/javac/tree/JCTree;+71
j  com.sun.tools.javac.parser.JavacParser.parseCompilationUnit()Lcom/sun/tools/javac/tree/JCTree$JCCompilationUnit;+222
j  com.sun.tools.javac.main.JavaCompiler.parse(Ljavax/tools/JavaFileObject;Ljava/lang/CharSequence;)Lcom/sun/tools/javac/tree/JCTree$JCCompilationUnit;+103
j  com.sun.tools.javac.main.JavaCompiler.parse(Ljavax/tools/JavaFileObject;)Lcom/sun/tools/javac/tree/JCTree$JCCompilationUnit;+16
j  com.sun.tools.javac.main.JavaCompiler.parseFiles(Ljava/lang/Iterable;)Lcom/sun/tools/javac/util/List;+80
j  com.sun.tools.javac.main.JavaCompiler.compile(Lcom/sun/tools/javac/util/List;Lcom/sun/tools/javac/util/List;Ljava/lang/Iterable;)V+139
j  com.sun.tools.javac.main.Main.compile([Ljava/lang/String;[Ljava/lang/String;Lcom/sun/tools/javac/util/Context;Lcom/sun/tools/javac/util/List;Ljava/lang/Iterable;)I+761
j  com.sun.tools.javac.main.Main.compile([Ljava/lang/String;Lcom/sun/tools/javac/util/Context;Lcom/sun/tools/javac/util/List;Ljava/lang/Iterable;)I+7
j  com.sun.tools.javac.main.Main.compile([Ljava/lang/String;Lcom/sun/tools/javac/util/Context;)I+7
j  com.sun.tools.javac.main.Main.compile([Ljava/lang/String;)I+15
j  com.sun.tools.javac.Main.compile([Ljava/lang/String;)I+12
j  com.sun.tools.javac.Main.main([Ljava/lang/String;)V+97
v  ~StubRoutines::call_stub
V  [libjvm.so+0x5be979]  JavaCalls::call_helper(JavaValue*, methodHandle*, JavaCallArguments*, Thread*)+0x339
V  [libjvm.so+0x5be418]  JavaCalls::call(JavaValue*, methodHandle, JavaCallArguments*, Thread*)+0x28
V  [libjvm.so+0x5cc49b]  jni_invoke_static(JNIEnv_*, JavaValue*, _jobject*, JNICallType, _jmethodID*, JNI_ArgumentPusher*, Thread*) [clone .isra.124] [clone .constprop.156]+0x28b
V  [libjvm.so+0x5dd388]  jni_CallStaticVoidMethod+0x118
C  [libjli.so+0x31c9]  __strcat_chk+0x31c9


---------------  P R O C E S S  ---------------

Java Threads: ( => current thread )
  0x00007ff9240a6000 JavaThread "Service Thread" daemon [_thread_blocked, id=3715, stack(0x00007ff911309000,0x00007ff91140a000)]
  0x00007ff9240a3800 JavaThread "C2 CompilerThread1" daemon [_thread_in_native, id=3714, stack(0x00007ff91140a000,0x00007ff91150b000)]
  0x00007ff9240a0800 JavaThread "C2 CompilerThread0" daemon [_thread_in_native, id=3713, stack(0x00007ff91150b000,0x00007ff91160c000)]
  0x00007ff92409e800 JavaThread "Signal Dispatcher" daemon [_thread_blocked, id=3712, stack(0x00007ff9200f1000,0x00007ff9201f2000)]
  0x00007ff92407b800 JavaThread "Finalizer" daemon [_thread_blocked, id=3711, stack(0x00007ff9201f2000,0x00007ff9202f3000)]
  0x00007ff924079800 JavaThread "Reference Handler" daemon [_thread_blocked, id=3710, stack(0x00007ff9202f3000,0x00007ff9203f4000)]
=>0x00007ff92400a000 JavaThread "main" [_thread_in_Java, id=3704, stack(0x00007ff92c54f000,0x00007ff92c650000)]

Other Threads:
  0x00007ff924075800 VMThread [stack: 0x00007ff9203f4000,0x00007ff9204f5000] [id=3709]
  0x00007ff9240b1000 WatcherThread [stack: 0x00007ff911208000,0x00007ff911309000] [id=3716]

VM state:not at safepoint (normal execution)

VM Mutex/Monitor currently owned by a thread: None

Heap
 PSYoungGen      total 6656K, used 3863K [0x00000000ec100000, 0x00000000ece00000, 0x0000000100000000)
  eden space 6144K, 54% used [0x00000000ec100000,0x00000000ec445ee8,0x00000000ec700000)
  from space 512K, 100% used [0x00000000ec700000,0x00000000ec780000,0x00000000ec780000)
  to   space 512K, 0% used [0x00000000ecd80000,0x00000000ecd80000,0x00000000ece00000)
 ParOldGen       total 5632K, used 3199K [0x00000000c4400000, 0x00000000c4980000, 0x00000000ec100000)
  object space 5632K, 56% used [0x00000000c4400000,0x00000000c471fdc8,0x00000000c4980000)
 PSPermGen       total 21504K, used 6805K [0x00000000b9e00000, 0x00000000bb300000, 0x00000000c4400000)
  object space 21504K, 31% used [0x00000000b9e00000,0x00000000ba4a54e0,0x00000000bb300000)

Card table byte_map: [0x00007ff928fa8000,0x00007ff9291da000] byte_map_base: 0x00007ff9289d9000

Polling page: 0x00007ff92c674000

Code Cache  [0x00007ff921000000, 0x00007ff921270000, 0x00007ff924000000)
 total_blobs=266 nmethods=45 adapters=176 free_code_cache=48658Kb largest_free_block=49803968

Compilation events (10 events):
Event: 0,635 Thread 0x00007ff9240a3800 nmethod 42 0x00007ff921075890 code [0x00007ff9210759c0, 0x00007ff921075a18]
Event: 0,636 Thread 0x00007ff9240a0800 nmethod 41 0x00007ff921076c90 code [0x00007ff921076de0, 0x00007ff921077078]
Event: 0,644 Thread 0x00007ff9240a3800   43             com.sun.tools.javac.parser.JavacParser::optag (435 bytes)
Event: 0,645 Thread 0x00007ff9240a0800   44             com.sun.tools.javac.parser.Scanner::digit (49 bytes)
Event: 0,647 Thread 0x00007ff9240a3800 nmethod 43 0x00007ff921071850 code [0x00007ff921071cc0, 0x00007ff921071e78]
Event: 0,649 Thread 0x00007ff9240a0800 nmethod 44 0x00007ff921073e10 code [0x00007ff921073f80, 0x00007ff921074198]
Event: 0,650 Thread 0x00007ff9240a3800   45             com.sun.tools.javac.parser.JavacParser::prec (18 bytes)
Event: 0,652 Thread 0x00007ff9240a3800 nmethod 45 0x00007ff921075d10 code [0x00007ff9210760e0, 0x00007ff9210761e8]
Event: 0,659 Thread 0x00007ff9240a0800   46             com.sun.tools.javac.parser.Scanner::scanDigits (101 bytes)
Event: 0,660 Thread 0x00007ff9240a3800   47             com.sun.tools.javac.parser.JavacParser::term3 (2879 bytes)

GC Heap History (6 events):
Event: 0,192 GC heap before
{Heap before GC invocations=1 (full 0):
 PSYoungGen      total 3584K, used 3053K [0x00000000ec100000, 0x00000000ec500000, 0x0000000100000000)
  eden space 3072K, 99% used [0x00000000ec100000,0x00000000ec3fb498,0x00000000ec400000)
  from space 512K, 0% used [0x00000000ec480000,0x00000000ec480000,0x00000000ec500000)
  to   space 512K, 0% used [0x00000000ec400000,0x00000000ec400000,0x00000000ec480000)
 ParOldGen       total 5632K, used 0K [0x00000000c4400000, 0x00000000c4980000, 0x00000000ec100000)
  object space 5632K, 0% used [0x00000000c4400000,0x00000000c4400000,0x00000000c4980000)
 PSPermGen       total 21504K, used 3756K [0x00000000b9e00000, 0x00000000bb300000, 0x00000000c4400000)
  object space 21504K, 17% used [0x00000000b9e00000,0x00000000ba1ab278,0x00000000bb300000)
Event: 0,196 GC heap after
Heap after GC invocations=1 (full 0):
 PSYoungGen      total 3584K, used 511K [0x00000000ec100000, 0x00000000ec800000, 0x0000000100000000)
  eden space 3072K, 0% used [0x00000000ec100000,0x00000000ec100000,0x00000000ec400000)
  from space 512K, 99% used [0x00000000ec400000,0x00000000ec47fd10,0x00000000ec480000)
  to   space 512K, 0% used [0x00000000ec780000,0x00000000ec780000,0x00000000ec800000)
 ParOldGen       total 5632K, used 589K [0x00000000c4400000, 0x00000000c4980000, 0x00000000ec100000)
  object space 5632K, 10% used [0x00000000c4400000,0x00000000c4493678,0x00000000c4980000)
 PSPermGen       total 21504K, used 3756K [0x00000000b9e00000, 0x00000000bb300000, 0x00000000c4400000)
  object space 21504K, 17% used [0x00000000b9e00000,0x00000000ba1ab278,0x00000000bb300000)
}
Event: 0,270 GC heap before
{Heap before GC invocations=2 (full 0):
 PSYoungGen      total 3584K, used 3583K [0x00000000ec100000, 0x00000000ec800000, 0x0000000100000000)
  eden space 3072K, 100% used [0x00000000ec100000,0x00000000ec400000,0x00000000ec400000)
  from space 512K, 99% used [0x00000000ec400000,0x00000000ec47fd10,0x00000000ec480000)
  to   space 512K, 0% used [0x00000000ec780000,0x00000000ec780000,0x00000000ec800000)
 ParOldGen       total 5632K, used 589K [0x00000000c4400000, 0x00000000c4980000, 0x00000000ec100000)
  object space 5632K, 10% used [0x00000000c4400000,0x00000000c4493678,0x00000000c4980000)
 PSPermGen       total 21504K, used 4514K [0x00000000b9e00000, 0x00000000bb300000, 0x00000000c4400000)
  object space 21504K, 20% used [0x00000000b9e00000,0x00000000ba268958,0x00000000bb300000)
Event: 0,274 GC heap after
Heap after GC invocations=2 (full 0):
 PSYoungGen      total 6656K, used 496K [0x00000000ec100000, 0x00000000ec800000, 0x0000000100000000)
  eden space 6144K, 0% used [0x00000000ec100000,0x00000000ec100000,0x00000000ec700000)
  from space 512K, 96% used [0x00000000ec780000,0x00000000ec7fc010,0x00000000ec800000)
  to   space 512K, 0% used [0x00000000ec700000,0x00000000ec700000,0x00000000ec780000)
 ParOldGen       total 5632K, used 1596K [0x00000000c4400000, 0x00000000c4980000, 0x00000000ec100000)
  object space 5632K, 28% used [0x00000000c4400000,0x00000000c458f2e8,0x00000000c4980000)
 PSPermGen       total 21504K, used 4514K [0x00000000b9e00000, 0x00000000bb300000, 0x00000000c4400000)
  object space 21504K, 20% used [0x00000000b9e00000,0x00000000ba268958,0x00000000bb300000)
}
Event: 0,435 GC heap before
{Heap before GC invocations=3 (full 0):
 PSYoungGen      total 6656K, used 6640K [0x00000000ec100000, 0x00000000ec800000, 0x0000000100000000)
  eden space 6144K, 100% used [0x00000000ec100000,0x00000000ec700000,0x00000000ec700000)
  from space 512K, 96% used [0x00000000ec780000,0x00000000ec7fc010,0x00000000ec800000)
  to   space 512K, 0% used [0x00000000ec700000,0x00000000ec700000,0x00000000ec780000)
 ParOldGen       total 5632K, used 1596K [0x00000000c4400000, 0x00000000c4980000, 0x00000000ec100000)
  object space 5632K, 28% used [0x00000000c4400000,0x00000000c458f2e8,0x00000000c4980000)
 PSPermGen       total 21504K, used 6349K [0x00000000b9e00000, 0x00000000bb300000, 0x00000000c4400000)
  object space 21504K, 29% used [0x00000000b9e00000,0x00000000ba4336e8,0x00000000bb300000)
Event: 0,440 GC heap after
Heap after GC invocations=3 (full 0):
 PSYoungGen      total 6656K, used 512K [0x00000000ec100000, 0x00000000ece00000, 0x0000000100000000)
  eden space 6144K, 0% used [0x00000000ec100000,0x00000000ec100000,0x00000000ec700000)
  from space 512K, 100% used [0x00000000ec700000,0x00000000ec780000,0x00000000ec780000)
  to   space 512K, 0% used [0x00000000ecd80000,0x00000000ecd80000,0x00000000ece00000)
 ParOldGen       total 5632K, used 3199K [0x00000000c4400000, 0x00000000c4980000, 0x00000000ec100000)
  object space 5632K, 56% used [0x00000000c4400000,0x00000000c471fdc8,0x00000000c4980000)
 PSPermGen       total 21504K, used 6349K [0x00000000b9e00000, 0x00000000bb300000, 0x00000000c4400000)
  object space 21504K, 29% used [0x00000000b9e00000,0x00000000ba4336e8,0x00000000bb300000)
}

Deoptimization events (1 events):
Event: 0,359 Thread 0x00007ff92400a000 Uncommon trap: reason=null_check action=make_not_entrant pc=0x00007ff921062ea0 method=java.lang.String.equals(Ljava/lang/Object;)Z @ 8

Internal exceptions (10 events):
Event: 0,453 Thread 0x00007ff92400a000 Threw 0x00000000ec148b40 at /build/buildd/openjdk-7-7u55-2.4.7/build/openjdk/hotspot/src/share/vm/prims/jvm.cpp:1244
Event: 0,458 Thread 0x00007ff92400a000 Threw 0x00000000ec14d538 at /build/buildd/openjdk-7-7u55-2.4.7/build/openjdk/hotspot/src/share/vm/prims/jvm.cpp:1244
Event: 0,464 Thread 0x00007ff92400a000 Threw 0x00000000ec15fe40 at /build/buildd/openjdk-7-7u55-2.4.7/build/openjdk/hotspot/src/share/vm/prims/jvm.cpp:1244
Event: 0,464 Thread 0x00007ff92400a000 Threw 0x00000000ec1631c8 at /build/buildd/openjdk-7-7u55-2.4.7/build/openjdk/hotspot/src/share/vm/prims/jvm.cpp:1244
Event: 0,474 Thread 0x00007ff92400a000 Threw 0x00000000ec1986a8 at /build/buildd/openjdk-7-7u55-2.4.7/build/openjdk/hotspot/src/share/vm/prims/jvm.cpp:1244
Event: 0,475 Thread 0x00007ff92400a000 Threw 0x00000000ec19af08 at /build/buildd/openjdk-7-7u55-2.4.7/build/openjdk/hotspot/src/share/vm/prims/jvm.cpp:1244
Event: 0,475 Thread 0x00007ff92400a000 Threw 0x00000000ec19e1d0 at /build/buildd/openjdk-7-7u55-2.4.7/build/openjdk/hotspot/src/share/vm/prims/jvm.cpp:1244
Event: 0,475 Thread 0x00007ff92400a000 Threw 0x00000000ec1a1c00 at /build/buildd/openjdk-7-7u55-2.4.7/build/openjdk/hotspot/src/share/vm/prims/jvm.cpp:1244
Event: 0,476 Thread 0x00007ff92400a000 Threw 0x00000000ec1a43c8 at /build/buildd/openjdk-7-7u55-2.4.7/build/openjdk/hotspot/src/share/vm/prims/jvm.cpp:1244
Event: 0,595 Thread 0x00007ff92400a000 Threw 0x00000000ec2a7dc8 at /build/buildd/openjdk-7-7u55-2.4.7/build/openjdk/hotspot/src/share/vm/prims/jvm.cpp:1244

Events (10 events):
Event: 0,475 loading class 0x00007ff9241f90b0
Event: 0,475 loading class 0x00007ff9241f90b0 done
Event: 0,475 loading class 0x00007ff92429d560
Event: 0,475 loading class 0x00007ff92429d560 done
Event: 0,475 loading class 0x00007ff9241f8fa0
Event: 0,475 loading class 0x00007ff9241f8fa0 done
Event: 0,476 loading class 0x00007ff92429d510
Event: 0,476 loading class 0x00007ff92429d510 done
Event: 0,595 loading class 0x00007ff924193920
Event: 0,595 loading class 0x00007ff924193920 done


Dynamic libraries:
00400000-00401000 r-xp 00000000 08:07 3944770                            /usr/lib/jvm/java-7-openjdk-amd64/bin/javac
00600000-00601000 r--p 00000000 08:07 3944770                            /usr/lib/jvm/java-7-openjdk-amd64/bin/javac
00601000-00602000 rw-p 00001000 08:07 3944770                            /usr/lib/jvm/java-7-openjdk-amd64/bin/javac
01b6b000-01b8c000 rw-p 00000000 00:00 0                                  [heap]
b9e00000-bb300000 rw-p 00000000 00:00 0 
bb300000-c4400000 rw-p 00000000 00:00 0 
c4400000-c4980000 rw-p 00000000 00:00 0 
c4980000-ec100000 rw-p 00000000 00:00 0 
ec100000-ece00000 rw-p 00000000 00:00 0 
ece00000-100000000 rw-p 00000000 00:00 0 
7ff8ec000000-7ff8ec021000 rw-p 00000000 00:00 0 
7ff8ec021000-7ff8f0000000 ---p 00000000 00:00 0 
7ff8f0000000-7ff8f0021000 rw-p 00000000 00:00 0 
7ff8f0021000-7ff8f4000000 ---p 00000000 00:00 0 
7ff8f4000000-7ff8f43a7000 rw-p 00000000 00:00 0 
7ff8f43a7000-7ff8f8000000 ---p 00000000 00:00 0 
7ff8f8000000-7ff8f861d000 rw-p 00000000 00:00 0 
7ff8f861d000-7ff8fc000000 ---p 00000000 00:00 0 
7ff8fc000000-7ff8fc021000 rw-p 00000000 00:00 0 
7ff8fc021000-7ff900000000 ---p 00000000 00:00 0 
7ff900000000-7ff900021000 rw-p 00000000 00:00 0 
7ff900021000-7ff904000000 ---p 00000000 00:00 0 
7ff904000000-7ff904021000 rw-p 00000000 00:00 0 
7ff904021000-7ff908000000 ---p 00000000 00:00 0 
7ff908000000-7ff908021000 rw-p 00000000 00:00 0 
7ff908021000-7ff90c000000 ---p 00000000 00:00 0 
7ff90c000000-7ff90c021000 rw-p 00000000 00:00 0 
7ff90c021000-7ff910000000 ---p 00000000 00:00 0 
7ff910fd2000-7ff911208000 rw-p 00000000 00:00 0 
7ff911208000-7ff911209000 ---p 00000000 00:00 0 
7ff911209000-7ff911309000 rw-p 00000000 00:00 0                          [stack:3716]
7ff911309000-7ff91130c000 ---p 00000000 00:00 0 
7ff91130c000-7ff91140a000 rw-p 00000000 00:00 0                          [stack:3715]
7ff91140a000-7ff91140d000 ---p 00000000 00:00 0 
7ff91140d000-7ff91150b000 rw-p 00000000 00:00 0                          [stack:3714]
7ff91150b000-7ff91150e000 ---p 00000000 00:00 0 
7ff91150e000-7ff91160c000 rw-p 00000000 00:00 0                          [stack:3713]
7ff91160c000-7ff911cf0000 r--p 00000000 08:07 3939156                    /usr/lib/locale/locale-archive
7ff911cf0000-7ff914000000 rw-p 00000000 00:00 0 
7ff914000000-7ff914021000 rw-p 00000000 00:00 0 
7ff914021000-7ff918000000 ---p 00000000 00:00 0 
7ff918000000-7ff918021000 rw-p 00000000 00:00 0 
7ff918021000-7ff91c000000 ---p 00000000 00:00 0 
7ff91c000000-7ff91c021000 rw-p 00000000 00:00 0 
7ff91c021000-7ff920000000 ---p 00000000 00:00 0 
7ff920086000-7ff9200f1000 r--s 0069c000 08:07 3944768                    /usr/lib/jvm/java-7-openjdk-amd64/lib/tools.jar
7ff9200f1000-7ff9200f4000 ---p 00000000 00:00 0 
7ff9200f4000-7ff9201f2000 rw-p 00000000 00:00 0                          [stack:3712]
7ff9201f2000-7ff9201f5000 ---p 00000000 00:00 0 
7ff9201f5000-7ff9202f3000 rw-p 00000000 00:00 0                          [stack:3711]
7ff9202f3000-7ff9202f6000 ---p 00000000 00:00 0 
7ff9202f6000-7ff9203f4000 rw-p 00000000 00:00 0                          [stack:3710]
7ff9203f4000-7ff9203f5000 ---p 00000000 00:00 0 
7ff9203f5000-7ff921000000 rw-p 00000000 00:00 0                          [stack:3709]
7ff921000000-7ff921270000 rwxp 00000000 00:00 0 
7ff921270000-7ff9242d5000 rw-p 00000000 00:00 0 
7ff9242d5000-7ff928000000 ---p 00000000 00:00 0 
7ff928048000-7ff92853a000 rw-p 00000000 00:00 0 
7ff92853a000-7ff9286e8000 r--s 01cfc000 08:07 3950522                    /usr/lib/jvm/java-7-openjdk-amd64/jre/lib/rt.jar
7ff9286e8000-7ff928a12000 rw-p 00000000 00:00 0 
7ff928a12000-7ff928a13000 ---p 00000000 00:00 0 
7ff928a13000-7ff928b13000 rw-p 00000000 00:00 0                          [stack:3708]
7ff928b13000-7ff928b14000 ---p 00000000 00:00 0 
7ff928b14000-7ff928c14000 rw-p 00000000 00:00 0                          [stack:3707]
7ff928c14000-7ff928c15000 ---p 00000000 00:00 0 
7ff928c15000-7ff928d15000 rw-p 00000000 00:00 0                          [stack:3706]
7ff928d15000-7ff928d16000 ---p 00000000 00:00 0 
7ff928d16000-7ff928e21000 rw-p 00000000 00:00 0                          [stack:3705]
7ff928e21000-7ff928e69000 rw-p 00000000 00:00 0 
7ff928e69000-7ff928e6c000 rw-p 00000000 00:00 0 
7ff928e6c000-7ff928fa8000 rw-p 00000000 00:00 0 
7ff928fa8000-7ff928fb3000 rw-p 00000000 00:00 0 
7ff928fb3000-7ff928ffb000 rw-p 00000000 00:00 0 
7ff928ffb000-7ff928ffe000 rw-p 00000000 00:00 0 
7ff928ffe000-7ff929139000 rw-p 00000000 00:00 0 
7ff929139000-7ff929140000 rw-p 00000000 00:00 0 
7ff929140000-7ff9291d9000 rw-p 00000000 00:00 0 
7ff9291d9000-7ff9291da000 rw-p 00000000 00:00 0 
7ff9291da000-7ff9291e2000 r-xp 00000000 08:07 3942779                    /usr/lib/jvm/java-7-openjdk-amd64/jre/lib/amd64/libzip.so
7ff9291e2000-7ff9293e1000 ---p 00008000 08:07 3942779                    /usr/lib/jvm/java-7-openjdk-amd64/jre/lib/amd64/libzip.so
7ff9293e1000-7ff9293e2000 r--p 00007000 08:07 3942779                    /usr/lib/jvm/java-7-openjdk-amd64/jre/lib/amd64/libzip.so
7ff9293e2000-7ff9293e3000 rw-p 00008000 08:07 3942779                    /usr/lib/jvm/java-7-openjdk-amd64/jre/lib/amd64/libzip.so
7ff9293e3000-7ff9293ef000 r-xp 00000000 08:07 3542989                    /lib/x86_64-linux-gnu/libnss_files-2.17.so
7ff9293ef000-7ff9295ee000 ---p 0000c000 08:07 3542989                    /lib/x86_64-linux-gnu/libnss_files-2.17.so
7ff9295ee000-7ff9295ef000 r--p 0000b000 08:07 3542989                    /lib/x86_64-linux-gnu/libnss_files-2.17.so
7ff9295ef000-7ff9295f0000 rw-p 0000c000 08:07 3542989                    /lib/x86_64-linux-gnu/libnss_files-2.17.so
7ff9295f0000-7ff9295fb000 r-xp 00000000 08:07 3542993                    /lib/x86_64-linux-gnu/libnss_nis-2.17.so
7ff9295fb000-7ff9297fa000 ---p 0000b000 08:07 3542993                    /lib/x86_64-linux-gnu/libnss_nis-2.17.so
7ff9297fa000-7ff9297fb000 r--p 0000a000 08:07 3542993                    /lib/x86_64-linux-gnu/libnss_nis-2.17.so
7ff9297fb000-7ff9297fc000 rw-p 0000b000 08:07 3542993                    /lib/x86_64-linux-gnu/libnss_nis-2.17.so
7ff9297fc000-7ff929813000 r-xp 00000000 08:07 3542983                    /lib/x86_64-linux-gnu/libnsl-2.17.so
7ff929813000-7ff929a12000 ---p 00017000 08:07 3542983                    /lib/x86_64-linux-gnu/libnsl-2.17.so
7ff929a12000-7ff929a13000 r--p 00016000 08:07 3542983                    /lib/x86_64-linux-gnu/libnsl-2.17.so
7ff929a13000-7ff929a14000 rw-p 00017000 08:07 3542983                    /lib/x86_64-linux-gnu/libnsl-2.17.so
7ff929a14000-7ff929a16000 rw-p 00000000 00:00 0 
7ff929a16000-7ff929a1e000 r-xp 00000000 08:07 3542985                    /lib/x86_64-linux-gnu/libnss_compat-2.17.so
7ff929a1e000-7ff929c1d000 ---p 00008000 08:07 3542985                    /lib/x86_64-linux-gnu/libnss_compat-2.17.so
7ff929c1d000-7ff929c1e000 r--p 00007000 08:07 3542985                    /lib/x86_64-linux-gnu/libnss_compat-2.17.so
7ff929c1e000-7ff929c1f000 rw-p 00008000 08:07 3542985                    /lib/x86_64-linux-gnu/libnss_compat-2.17.so
7ff929c1f000-7ff929c4a000 r-xp 00000000 08:07 3942774                    /usr/lib/jvm/java-7-openjdk-amd64/jre/lib/amd64/libjava.so
7ff929c4a000-7ff929e49000 ---p 0002b000 08:07 3942774                    /usr/lib/jvm/java-7-openjdk-amd64/jre/lib/amd64/libjava.so
7ff929e49000-7ff929e4a000 r--p 0002a000 08:07 3942774                    /usr/lib/jvm/java-7-openjdk-amd64/jre/lib/amd64/libjava.so
7ff929e4a000-7ff929e4c000 rw-p 0002b000 08:07 3942774                    /usr/lib/jvm/java-7-openjdk-amd64/jre/lib/amd64/libjava.so
7ff929e4c000-7ff929e5c000 r-xp 00000000 08:07 3942799                    /usr/lib/jvm/java-7-openjdk-amd64/jre/lib/amd64/libverify.so
7ff929e5c000-7ff92a05b000 ---p 00010000 08:07 3942799                    /usr/lib/jvm/java-7-openjdk-amd64/jre/lib/amd64/libverify.so
7ff92a05b000-7ff92a05d000 r--p 0000f000 08:07 3942799                    /usr/lib/jvm/java-7-openjdk-amd64/jre/lib/amd64/libverify.so
7ff92a05d000-7ff92a05e000 rw-p 00011000 08:07 3942799                    /usr/lib/jvm/java-7-openjdk-amd64/jre/lib/amd64/libverify.so
7ff92a05e000-7ff92a065000 r-xp 00000000 08:07 3543036                    /lib/x86_64-linux-gnu/librt-2.17.so
7ff92a065000-7ff92a264000 ---p 00007000 08:07 3543036                    /lib/x86_64-linux-gnu/librt-2.17.so
7ff92a264000-7ff92a265000 r--p 00006000 08:07 3543036                    /lib/x86_64-linux-gnu/librt-2.17.so
7ff92a265000-7ff92a266000 rw-p 00007000 08:07 3543036                    /lib/x86_64-linux-gnu/librt-2.17.so
7ff92a266000-7ff92a27b000 r-xp 00000000 08:07 3538949                    /lib/x86_64-linux-gnu/libgcc_s.so.1
7ff92a27b000-7ff92a47a000 ---p 00015000 08:07 3538949                    /lib/x86_64-linux-gnu/libgcc_s.so.1
7ff92a47a000-7ff92a47b000 r--p 00014000 08:07 3538949                    /lib/x86_64-linux-gnu/libgcc_s.so.1
7ff92a47b000-7ff92a47c000 rw-p 00015000 08:07 3538949                    /lib/x86_64-linux-gnu/libgcc_s.so.1
7ff92a47c000-7ff92a57f000 r-xp 00000000 08:07 3542964                    /lib/x86_64-linux-gnu/libm-2.17.so
7ff92a57f000-7ff92a77e000 ---p 00103000 08:07 3542964                    /lib/x86_64-linux-gnu/libm-2.17.so
7ff92a77e000-7ff92a77f000 r--p 00102000 08:07 3542964                    /lib/x86_64-linux-gnu/libm-2.17.so
7ff92a77f000-7ff92a780000 rw-p 00103000 08:07 3542964                    /lib/x86_64-linux-gnu/libm-2.17.so
7ff92a780000-7ff92a866000 r-xp 00000000 08:07 3938427                    /usr/lib/x86_64-linux-gnu/libstdc++.so.6.0.18
7ff92a866000-7ff92aa65000 ---p 000e6000 08:07 3938427                    /usr/lib/x86_64-linux-gnu/libstdc++.so.6.0.18
7ff92aa65000-7ff92aa6d000 r--p 000e5000 08:07 3938427                    /usr/lib/x86_64-linux-gnu/libstdc++.so.6.0.18
7ff92aa6d000-7ff92aa6f000 rw-p 000ed000 08:07 3938427                    /usr/lib/x86_64-linux-gnu/libstdc++.so.6.0.18
7ff92aa6f000-7ff92aa84000 rw-p 00000000 00:00 0 
7ff92aa84000-7ff92b563000 r-xp 00000000 08:07 3942816                    /usr/lib/jvm/java-7-openjdk-amd64/jre/lib/amd64/server/libjvm.so
7ff92b563000-7ff92b763000 ---p 00adf000 08:07 3942816                    /usr/lib/jvm/java-7-openjdk-amd64/jre/lib/amd64/server/libjvm.so
7ff92b763000-7ff92b7f5000 r--p 00adf000 08:07 3942816                    /usr/lib/jvm/java-7-openjdk-amd64/jre/lib/amd64/server/libjvm.so
7ff92b7f5000-7ff92b818000 rw-p 00b71000 08:07 3942816                    /usr/lib/jvm/java-7-openjdk-amd64/jre/lib/amd64/server/libjvm.so
7ff92b818000-7ff92b845000 rw-p 00000000 00:00 0 
7ff92b845000-7ff92b85d000 r-xp 00000000 08:07 3543071                    /lib/x86_64-linux-gnu/libz.so.1.2.8
7ff92b85d000-7ff92ba5c000 ---p 00018000 08:07 3543071                    /lib/x86_64-linux-gnu/libz.so.1.2.8
7ff92ba5c000-7ff92ba5d000 r--p 00017000 08:07 3543071                    /lib/x86_64-linux-gnu/libz.so.1.2.8
7ff92ba5d000-7ff92ba5e000 rw-p 00018000 08:07 3543071                    /lib/x86_64-linux-gnu/libz.so.1.2.8
7ff92ba5e000-7ff92ba75000 r-xp 00000000 08:07 3543028                    /lib/x86_64-linux-gnu/libpthread-2.17.so
7ff92ba75000-7ff92bc75000 ---p 00017000 08:07 3543028                    /lib/x86_64-linux-gnu/libpthread-2.17.so
7ff92bc75000-7ff92bc76000 r--p 00017000 08:07 3543028                    /lib/x86_64-linux-gnu/libpthread-2.17.so
7ff92bc76000-7ff92bc77000 rw-p 00018000 08:07 3543028                    /lib/x86_64-linux-gnu/libpthread-2.17.so
7ff92bc77000-7ff92bc7b000 rw-p 00000000 00:00 0 
7ff92bc7b000-7ff92bc7e000 r-xp 00000000 08:07 3542928                    /lib/x86_64-linux-gnu/libdl-2.17.so
7ff92bc7e000-7ff92be7d000 ---p 00003000 08:07 3542928                    /lib/x86_64-linux-gnu/libdl-2.17.so
7ff92be7d000-7ff92be7e000 r--p 00002000 08:07 3542928                    /lib/x86_64-linux-gnu/libdl-2.17.so
7ff92be7e000-7ff92be7f000 rw-p 00003000 08:07 3542928                    /lib/x86_64-linux-gnu/libdl-2.17.so
7ff92be7f000-7ff92c03c000 r-xp 00000000 08:07 3542913                    /lib/x86_64-linux-gnu/libc-2.17.so
7ff92c03c000-7ff92c23c000 ---p 001bd000 08:07 3542913                    /lib/x86_64-linux-gnu/libc-2.17.so
7ff92c23c000-7ff92c240000 r--p 001bd000 08:07 3542913                    /lib/x86_64-linux-gnu/libc-2.17.so
7ff92c240000-7ff92c242000 rw-p 001c1000 08:07 3542913                    /lib/x86_64-linux-gnu/libc-2.17.so
7ff92c242000-7ff92c247000 rw-p 00000000 00:00 0 
7ff92c247000-7ff92c254000 r-xp 00000000 08:07 3942850                    /usr/lib/jvm/java-7-openjdk-amd64/jre/lib/amd64/jli/libjli.so
7ff92c254000-7ff92c453000 ---p 0000d000 08:07 3942850                    /usr/lib/jvm/java-7-openjdk-amd64/jre/lib/amd64/jli/libjli.so
7ff92c453000-7ff92c454000 r--p 0000c000 08:07 3942850                    /usr/lib/jvm/java-7-openjdk-amd64/jre/lib/amd64/jli/libjli.so
7ff92c454000-7ff92c455000 rw-p 0000d000 08:07 3942850                    /usr/lib/jvm/java-7-openjdk-amd64/jre/lib/amd64/jli/libjli.so
7ff92c455000-7ff92c478000 r-xp 00000000 08:07 3542889                    /lib/x86_64-linux-gnu/ld-2.17.so
7ff92c47a000-7ff92c47c000 rw-p 00000000 00:00 0 
7ff92c47c000-7ff92c47f000 r--s 00032000 08:07 3950502                    /usr/lib/jvm/java-7-openjdk-amd64/jre/lib/ext/sunjce_provider.jar
7ff92c47f000-7ff92c483000 r--s 0003b000 08:07 3950505                    /usr/lib/jvm/java-7-openjdk-amd64/jre/lib/ext/sunpkcs11.jar
7ff92c483000-7ff92c484000 r--s 00002000 08:07 3950504                    /usr/lib/jvm/java-7-openjdk-amd64/jre/lib/ext/dnsns.jar
7ff92c484000-7ff92c488000 r--s 00085000 08:07 3950470                    /usr/lib/jvm/java-7-openjdk-amd64/jre/lib/ext/localedata.jar
7ff92c488000-7ff92c48a000 r--s 00006000 08:07 4342350                    /usr/share/java/java-atk-wrapper.jar
7ff92c48a000-7ff92c48c000 r--s 00012000 08:07 3950473                    /usr/lib/jvm/java-7-openjdk-amd64/jre/lib/ext/zipfs.jar
7ff92c48c000-7ff92c48f000 r--s 0000f000 08:07 3950471                    /usr/lib/jvm/java-7-openjdk-amd64/jre/lib/ext/pulse-java.jar
7ff92c48f000-7ff92c499000 rw-p 00000000 00:00 0 
7ff92c499000-7ff92c54f000 rw-p 00000000 00:00 0 
7ff92c54f000-7ff92c552000 ---p 00000000 00:00 0 
7ff92c552000-7ff92c66b000 rw-p 00000000 00:00 0                          [stack:3704]
7ff92c66b000-7ff92c673000 rw-s 00000000 08:07 4598404                    /tmp/hsperfdata_roberty/3703
7ff92c673000-7ff92c674000 rw-p 00000000 00:00 0 
7ff92c674000-7ff92c675000 r--p 00000000 00:00 0 
7ff92c675000-7ff92c677000 rw-p 00000000 00:00 0 
7ff92c677000-7ff92c678000 r--p 00022000 08:07 3542889                    /lib/x86_64-linux-gnu/ld-2.17.so
7ff92c678000-7ff92c67a000 rw-p 00023000 08:07 3542889                    /lib/x86_64-linux-gnu/ld-2.17.so
7fffb7c81000-7fffb7ca2000 rw-p 00000000 00:00 0                          [stack]
7fffb7cca000-7fffb7ccc000 r-xp 00000000 00:00 0                          [vdso]
ffffffffff600000-ffffffffff601000 r-xp 00000000 00:00 0                  [vsyscall]

VM Arguments:
jvm_args: -Dapplication.home=/usr/lib/jvm/java-7-openjdk-amd64 -Xms8m 
java_command: com.sun.tools.javac.Main MeuphoriaConstants.java Meuphoria.java MeuphoriaTokenManager.java ParseException.java SemanticRoutines.java SimpleCharStream.java Symbol.java SymbolsTable.java Token.java TokenMgrError.java
Launcher Type: SUN_STANDARD

Environment Variables:
PATH=/usr/lib/lightdm/lightdm:/usr/local/sbin:/usr/local/bin:/usr/sbin:/usr/bin:/sbin:/bin:/usr/games:/usr/local/games
SHELL=/bin/bash
DISPLAY=:0.0

Signal Handlers:
SIGSEGV: [libjvm.so+0x916eb0], sa_mask[0]=0x7ffbfeff, sa_flags=0x10000004
SIGBUS: [libjvm.so+0x916eb0], sa_mask[0]=0x7ffbfeff, sa_flags=0x10000004
SIGFPE: [libjvm.so+0x7947e0], sa_mask[0]=0x7ffbfeff, sa_flags=0x10000004
SIGPIPE: [libjvm.so+0x7947e0], sa_mask[0]=0x7ffbfeff, sa_flags=0x10000004
SIGXFSZ: [libjvm.so+0x7947e0], sa_mask[0]=0x7ffbfeff, sa_flags=0x10000004
SIGILL: [libjvm.so+0x7947e0], sa_mask[0]=0x7ffbfeff, sa_flags=0x10000004
SIGUSR1: SIG_DFL, sa_mask[0]=0x00000000, sa_flags=0x00000000
SIGUSR2: [libjvm.so+0x794680], sa_mask[0]=0x00000000, sa_flags=0x10000004
SIGHUP: [libjvm.so+0x794860], sa_mask[0]=0x7ffbfeff, sa_flags=0x10000004
SIGINT: [libjvm.so+0x794860], sa_mask[0]=0x7ffbfeff, sa_flags=0x10000004
SIGTERM: [libjvm.so+0x794860], sa_mask[0]=0x7ffbfeff, sa_flags=0x10000004
SIGQUIT: [libjvm.so+0x794860], sa_mask[0]=0x7ffbfeff, sa_flags=0x10000004


---------------  S Y S T E M  ---------------

OS:Ubuntu 13.10 (saucy)
uname:Linux 3.11.0-15-generic #25-Ubuntu SMP Thu Jan 30 17:22:01 UTC 2014 x86_64
libc:glibc 2.17 NPTL 2.17 
rlimit: STACK 8192k, CORE 0k, NPROC 30375, NOFILE 4096, AS infinity
load average:0,33 0,43 0,48

/proc/meminfo:
MemTotal:        3908276 kB
MemFree:         1680044 kB
Buffers:          304840 kB
Cached:           853260 kB
SwapCached:            0 kB
Active:          1287276 kB
Inactive:         751300 kB
Active(anon):     881456 kB
Inactive(anon):   256980 kB
Active(file):     405820 kB
Inactive(file):   494320 kB
Unevictable:          32 kB
Mlocked:              32 kB
SwapTotal:       4881404 kB
SwapFree:        4881404 kB
Dirty:                44 kB
Writeback:             0 kB
AnonPages:        880884 kB
Mapped:           191036 kB
Shmem:            257932 kB
Slab:             111336 kB
SReclaimable:      84632 kB
SUnreclaim:        26704 kB
KernelStack:        3920 kB
PageTables:        28200 kB
NFS_Unstable:          0 kB
Bounce:                0 kB
WritebackTmp:          0 kB
CommitLimit:     6835540 kB
Committed_AS:    3864988 kB
VmallocTotal:   34359738367 kB
VmallocUsed:      545256 kB
VmallocChunk:   34359186908 kB
HardwareCorrupted:     0 kB
AnonHugePages:         0 kB
HugePages_Total:       0
HugePages_Free:        0
HugePages_Rsvd:        0
HugePages_Surp:        0
Hugepagesize:       2048 kB
DirectMap4k:       54372 kB
DirectMap2M:     3999744 kB


CPU:total 4 (2 cores per cpu, 2 threads per core) family 6 model 37 stepping 5, cmov, cx8, fxsr, mmx, sse, sse2, sse3, ssse3, sse4.1, sse4.2, popcnt, ht, tsc, tscinvbit

/proc/cpuinfo:
processor	: 0
vendor_id	: GenuineIntel
cpu family	: 6
model		: 37
model name	: Intel(R) Core(TM) i3 CPU       M 370  @ 2.40GHz
stepping	: 5
microcode	: 0x2
cpu MHz		: 931.000
cache size	: 3072 KB
physical id	: 0
siblings	: 4
core id		: 0
cpu cores	: 2
apicid		: 0
initial apicid	: 0
fpu		: yes
fpu_exception	: yes
cpuid level	: 11
wp		: yes
flags		: fpu vme de pse tsc msr pae mce cx8 apic sep mtrr pge mca cmov pat pse36 clflush dts acpi mmx fxsr sse sse2 ss ht tm pbe syscall nx rdtscp lm constant_tsc arch_perfmon pebs bts rep_good nopl xtopology nonstop_tsc aperfmperf pni dtes64 monitor ds_cpl vmx est tm2 ssse3 cx16 xtpr pdcm pcid sse4_1 sse4_2 popcnt lahf_lm arat dtherm tpr_shadow vnmi flexpriority ept vpid
bogomips	: 4787.94
clflush size	: 64
cache_alignment	: 64
address sizes	: 36 bits physical, 48 bits virtual
power management:

processor	: 1
vendor_id	: GenuineIntel
cpu family	: 6
model		: 37
model name	: Intel(R) Core(TM) i3 CPU       M 370  @ 2.40GHz
stepping	: 5
microcode	: 0x2
cpu MHz		: 2394.000
cache size	: 3072 KB
physical id	: 0
siblings	: 4
core id		: 2
cpu cores	: 2
apicid		: 4
initial apicid	: 4
fpu		: yes
fpu_exception	: yes
cpuid level	: 11
wp		: yes
flags		: fpu vme de pse tsc msr pae mce cx8 apic sep mtrr pge mca cmov pat pse36 clflush dts acpi mmx fxsr sse sse2 ss ht tm pbe syscall nx rdtscp lm constant_tsc arch_perfmon pebs bts rep_good nopl xtopology nonstop_tsc aperfmperf pni dtes64 monitor ds_cpl vmx est tm2 ssse3 cx16 xtpr pdcm pcid sse4_1 sse4_2 popcnt lahf_lm arat dtherm tpr_shadow vnmi flexpriority ept vpid
bogomips	: 4787.94
clflush size	: 64
cache_alignment	: 64
address sizes	: 36 bits physical, 48 bits virtual
power management:

processor	: 2
vendor_id	: GenuineIntel
cpu family	: 6
model		: 37
model name	: Intel(R) Core(TM) i3 CPU       M 370  @ 2.40GHz
stepping	: 5
microcode	: 0x2
cpu MHz		: 931.000
cache size	: 3072 KB
physical id	: 0
siblings	: 4
core id		: 0
cpu cores	: 2
apicid		: 1
initial apicid	: 1
fpu		: yes
fpu_exception	: yes
cpuid level	: 11
wp		: yes
flags		: fpu vme de pse tsc msr pae mce cx8 apic sep mtrr pge mca cmov pat pse36 clflush dts acpi mmx fxsr sse sse2 ss ht tm pbe syscall nx rdtscp lm constant_tsc arch_perfmon pebs bts rep_good nopl xtopology nonstop_tsc aperfmperf pni dtes64 monitor ds_cpl vmx est tm2 ssse3 cx16 xtpr pdcm pcid sse4_1 sse4_2 popcnt lahf_lm arat dtherm tpr_shadow vnmi flexpriority ept vpid
bogomips	: 4787.94
clflush size	: 64
cache_alignment	: 64
address sizes	: 36 bits physical, 48 bits virtual
power management:

processor	: 3
vendor_id	: GenuineIntel
cpu family	: 6
model		: 37
model name	: Intel(R) Core(TM) i3 CPU       M 370  @ 2.40GHz
stepping	: 5
microcode	: 0x2
cpu MHz		: 2394.000
cache size	: 3072 KB
physical id	: 0
siblings	: 4
core id		: 2
cpu cores	: 2
apicid		: 5
initial apicid	: 5
fpu		: yes
fpu_exception	: yes
cpuid level	: 11
wp		: yes
flags		: fpu vme de pse tsc msr pae mce cx8 apic sep mtrr pge mca cmov pat pse36 clflush dts acpi mmx fxsr sse sse2 ss ht tm pbe syscall nx rdtscp lm constant_tsc arch_perfmon pebs bts rep_good nopl xtopology nonstop_tsc aperfmperf pni dtes64 monitor ds_cpl vmx est tm2 ssse3 cx16 xtpr pdcm pcid sse4_1 sse4_2 popcnt lahf_lm arat dtherm tpr_shadow vnmi flexpriority ept vpid
bogomips	: 4787.94
clflush size	: 64
cache_alignment	: 64
address sizes	: 36 bits physical, 48 bits virtual
power management:



Memory: 4k page, physical 3908276k(1680044k free), swap 4881404k(4881404k free)

vm_info: OpenJDK 64-Bit Server VM (24.51-b03) for linux-amd64 JRE (1.7.0_55-b14), built on Apr 17 2014 21:13:26 by "buildd" with gcc 4.8.1

time: Mon Jun 30 23:21:28 2014
elapsed time: 0 seconds

