#
# A fatal error has been detected by the Java Runtime Environment:
#
#  SIGSEGV (0xb) at pc=0x00007f13bbfafaee, pid=3573, tid=139722697189120
#
# JRE version: OpenJDK Runtime Environment (7.0_55-b14) (build 1.7.0_55-b14)
# Java VM: OpenJDK 64-Bit Server VM (24.51-b03 mixed mode linux-amd64 compressed oops)
# Problematic frame:
# V  [libjvm.so+0x584aee]  instanceKlass::oop_follow_contents(ParCompactionManager*, oopDesc*)+0x2ae
#
# Failed to write core dump. Core dumps have been disabled. To enable core dumping, try "ulimit -c unlimited" before starting Java again
#
# If you would like to submit a bug report, please include
# instructions on how to reproduce the bug and visit:
#   http://icedtea.classpath.org/bugzilla
#

---------------  T H R E A D  ---------------

Current thread (0x00007f13b4023800):  GCTaskThread [stack: 0x00007f13b9aba000,0x00007f13b9bbb000] [id=3577]

siginfo:si_signo=SIGSEGV: si_errno=0, si_code=128 (), si_addr=0x0000000000000000

Registers:
RAX=0x0000000000000022, RBX=0x00000000ac25d310, RCX=0x0000000000000022, RDX=0x0000000400000000
RSP=0x00007f13b9bb9b70, RBP=0x00007f13b9bb9bd0, RSI=0x00007f13a9cf0000, RDI=0x007ffffffff922e9
R8 =0x00000000ac25d310, R9 =0x0000000000000155, R10=0x00007f13bc7d1740, R11=0x0000000000002000
R12=0x00007f13b40729c0, R13=0x00000000ba28ea40, R14=0x00000000c489be60, R15=0x00000000c489be64
RIP=0x00007f13bbfafaee, EFLAGS=0x0000000000010206, CSGSFS=0x0000000000000033, ERR=0x0000000000000000
  TRAPNO=0x000000000000000d

Top of Stack: (sp=0x00007f13b9bb9b70)
0x00007f13b9bb9b70:   00007f13b4072a00 00007f13b4072a00
0x00007f13b9bb9b80:   00000000c489be48 00000000ba28ea48
0x00007f13b9bb9b90:   00007f13bc7d1740 0000000000000004
0x00007f13b9bb9ba0:   00007f13b40729c0 00007f13bc7cd7a8
0x00007f13b9bb9bb0:   00007f13b4072550 00007f13b40729c0
0x00007f13b9bb9bc0:   00007f13b9bb9cfc 00007f13b9bb9d00
0x00007f13b9bb9bd0:   00007f13b9bb9c80 00007f13bc218fa5
0x00007f13b9bb9be0:   00007f13b4072a50 00007f13b4072a80
0x00007f13b9bb9bf0:   00007f13b4072a00 00000000ba1030e8
0x00007f13b9bb9c00:   00000000c48252b8 00007f13b40729d0
0x00007f13b9bb9c10:   00007f13b9bb9c80 00007f13bbfafb37
0x00007f13b9bb9c20:   ffffffffffffe820 00007f13b4072a00
0x00007f13b9bb9c30:   0000003800000005 00000000ba27db80
0x00007f13b9bb9c40:   0000003900000005 0000000000000003
0x00007f13b9bb9c50:   00007f13b4023ff0 00007f13b40729c0
0x00007f13b9bb9c60:   00007f13b4072550 0000000000000002
0x00007f13b9bb9c70:   00007f13b9bb9cfc 00007f13b9bb9d00
0x00007f13b9bb9c80:   00007f13b9bb9d50 00007f13bc20023e
0x00007f13b9bb9c90:   00007f13b4027bb0 00007f13b40729c0
0x00007f13b9bb9ca0:   00007f13b4023ff0 00007f13b4023fb0
0x00007f13b9bb9cb0:   00007f13b4072a00 00007f13b40243d0
0x00007f13b9bb9cc0:   00000000000003d8 00007f13bc2fae56
0x00007f13b9bb9cd0:   00007f13b9bb9d10 00007f13b9bb9d00
0x00007f13b9bb9ce0:   00007f13b4027e80 00007f13b40729c0
0x00007f13b9bb9cf0:   0000000000000002 0a177865b401f780
0x00007f13b9bb9d00:   00000000c4755370 00007f13bc18cecb
0x00007f13b9bb9d10:   0000000000000000 00007f1300000000
0x00007f13b9bb9d20:   00007f13b9bb9d50 0000000000000001
0x00007f13b9bb9d30:   00007f13b4027e80 00007f13bc3a02fd
0x00007f13b9bb9d40:   00007f13b4023800 00007f13bc7c7d6a
0x00007f13b9bb9d50:   00007f13b9bb9e60 00007f13bbf48702
0x00007f13b9bb9d60:   00000000000003d8 00007f13b40243c8 

Instructions: (pc=0x00007f13bbfafaee)
0x00007f13bbfaface:   00 00 00 48 89 d8 49 2b 02 48 c1 e8 03 48 d3 e8
0x00007f13bbfafade:   48 89 c7 83 e0 3f 48 c1 ef 06 48 89 c1 48 d3 e2
0x00007f13bbfafaee:   48 85 14 fe 75 9c 48 89 df 4c 89 55 c0 e8 80 f0
0x00007f13bbfafafe:   e5 ff 4c 8b 55 c0 48 63 c8 48 89 de 48 89 ca 48 

Register to memory mapping:

RAX=0x0000000000000022 is an unknown value
RBX=0x00000000ac25d310 is an unknown value
RCX=0x0000000000000022 is an unknown value
RDX=0x0000000400000000 is an unknown value
RSP=0x00007f13b9bb9b70 is an unknown value
RBP=0x00007f13b9bb9bd0 is an unknown value
RSI=0x00007f13a9cf0000 is an unknown value
RDI=0x007ffffffff922e9 is an unknown value
R8 =0x00000000ac25d310 is an unknown value
R9 =0x0000000000000155 is an unknown value
R10=0x00007f13bc7d1740: <offset 0xda6740> in /usr/lib/jvm/java-7-openjdk-amd64/jre/lib/amd64/server/libjvm.so at 0x00007f13bba2b000
R11=0x0000000000002000 is an unknown value
R12=0x00007f13b40729c0 is an unknown value
R13=0x00000000ba28ea40 is pointing into object: 0x00000000ba28e728
{instance class} 
 - klass: {other class}
R14=0x00000000c489be60 is pointing into object: 0x00000000c489be48
com.sun.tools.javac.tree.JCTree$JCCase 
 - klass: 'com/sun/tools/javac/tree/JCTree$JCCase'
R15=0x00000000c489be64 is pointing into object: 0x00000000c489be48
com.sun.tools.javac.tree.JCTree$JCCase 
 - klass: 'com/sun/tools/javac/tree/JCTree$JCCase'


Stack: [0x00007f13b9aba000,0x00007f13b9bbb000],  sp=0x00007f13b9bb9b70,  free space=1022k
Native frames: (J=compiled Java code, j=interpreted, Vv=VM code, C=native code)
V  [libjvm.so+0x584aee]  instanceKlass::oop_follow_contents(ParCompactionManager*, oopDesc*)+0x2ae
V  [libjvm.so+0x7edfa5]  ParCompactionManager::follow_marking_stacks()+0x155
V  [libjvm.so+0x7d523e]  StealMarkingTask::do_it(GCTaskManager*, unsigned int)+0x2be
V  [libjvm.so+0x51d702]  GCTaskThread::run()+0x162
V  [libjvm.so+0x795e92]  java_start(Thread*)+0xf2


---------------  P R O C E S S  ---------------

Java Threads: ( => current thread )
  0x00007f13b40a6000 JavaThread "Service Thread" daemon [_thread_blocked, id=3585, stack(0x00007f13b0619000,0x00007f13b071a000)]
  0x00007f13b40a3800 JavaThread "C2 CompilerThread1" daemon [_thread_blocked, id=3584, stack(0x00007f13b071a000,0x00007f13b081b000)]
  0x00007f13b40a0800 JavaThread "C2 CompilerThread0" daemon [_thread_blocked, id=3583, stack(0x00007f13b081b000,0x00007f13b091c000)]
  0x00007f13b409e800 JavaThread "Signal Dispatcher" daemon [_thread_blocked, id=3582, stack(0x00007f13b80e0000,0x00007f13b81e1000)]
  0x00007f13b407b800 JavaThread "Finalizer" daemon [_thread_blocked, id=3581, stack(0x00007f13b81e1000,0x00007f13b82e2000)]
  0x00007f13b4079800 JavaThread "Reference Handler" daemon [_thread_blocked, id=3580, stack(0x00007f13b82e2000,0x00007f13b83e3000)]
  0x00007f13b400a000 JavaThread "main" [_thread_blocked, id=3574, stack(0x00007f13bd4f6000,0x00007f13bd5f7000)]

Other Threads:
  0x00007f13b4075800 VMThread [stack: 0x00007f13b83e3000,0x00007f13b84e4000] [id=3579]
  0x00007f13b40b1000 WatcherThread [stack: 0x00007f13b0518000,0x00007f13b0619000] [id=3586]

=>0x00007f13b4023800 (exited) GCTaskThread [stack: 0x00007f13b9aba000,0x00007f13b9bbb000] [id=3577]

VM state:at safepoint (normal execution)

VM Mutex/Monitor currently owned by a thread:  ([mutex/lock_event])
[0x00007f13b4006610] Threads_lock - owner thread: 0x00007f13b4075800
[0x00007f13b4006b10] Heap_lock - owner thread: 0x00007f13b400a000

Heap
 PSYoungGen      total 6656K, used 480K [0x00000000ec100000, 0x00000000ed300000, 0x0000000100000000)
  eden space 6144K, 0% used [0x00000000ec100000,0x00000000ec100000,0x00000000ec700000)
  from space 512K, 93% used [0x00000000ec700000,0x00000000ec778030,0x00000000ec780000)
  to   space 3072K, 0% used [0x00000000ed000000,0x00000000ed000000,0x00000000ed300000)
 ParOldGen       total 6144K, used 5704K [0x00000000c4400000, 0x00000000c4a00000, 0x00000000ec100000)
  object space 6144K, 92% used [0x00000000c4400000,0x00000000c49923c8,0x00000000c4a00000)
 PSPermGen       total 21504K, used 6916K [0x00000000b9e00000, 0x00000000bb300000, 0x00000000c4400000)
  object space 21504K, 32% used [0x00000000b9e00000,0x00000000ba4c1360,0x00000000bb300000)

Card table byte_map: [0x00007f13b9f4f000,0x00007f13ba181000] byte_map_base: 0x00007f13b9980000

Polling page: 0x00007f13bd61b000

Code Cache  [0x00007f13b1000000, 0x00007f13b1270000, 0x00007f13b4000000)
 total_blobs=273 nmethods=51 adapters=177 free_code_cache=48645Kb largest_free_block=49791040

Compilation events (10 events):
Event: 0,985 Thread 0x00007f13b40a0800 nmethod 48 0x00007f13b1070ad0 code [0x00007f13b1070c20, 0x00007f13b1070cd8]
Event: 0,985 Thread 0x00007f13b40a0800   49             com.sun.tools.javac.parser.JavacParser::accept (62 bytes)
Event: 0,987 Thread 0x00007f13b40a0800 nmethod 49 0x00007f13b1075fd0 code [0x00007f13b1076120, 0x00007f13b1076208]
Event: 0,987 Thread 0x00007f13b40a0800   50             java.util.Arrays::copyOfRange (63 bytes)
Event: 0,991 Thread 0x00007f13b40a0800 nmethod 50 0x00007f13b1075b50 code [0x00007f13b1075ca0, 0x00007f13b1075e98]
Event: 0,991 Thread 0x00007f13b40a0800   51             java.lang.Integer::parseInt (261 bytes)
Event: 1,000 Thread 0x00007f13b40a0800 nmethod 51 0x00007f13b107e390 code [0x00007f13b107e500, 0x00007f13b107ea38]
Event: 1,000 Thread 0x00007f13b40a0800   52             java.lang.String::<init> (67 bytes)
Event: 1,004 Thread 0x00007f13b40a0800 nmethod 52 0x00007f13b10717d0 code [0x00007f13b1071920, 0x00007f13b1071b98]
Event: 1,005 Thread 0x00007f13b40a0800   53             com.sun.tools.javac.parser.JavacParser::term1 (42 bytes)

GC Heap History (10 events):
Event: 0,367 GC heap after
Heap after GC invocations=1 (full 0):
 PSYoungGen      total 3584K, used 511K [0x00000000ec100000, 0x00000000ec500000, 0x0000000100000000)
  eden space 3072K, 0% used [0x00000000ec100000,0x00000000ec100000,0x00000000ec400000)
  from space 512K, 99% used [0x00000000ec400000,0x00000000ec47fd10,0x00000000ec480000)
  to   space 512K, 0% used [0x00000000ec480000,0x00000000ec480000,0x00000000ec500000)
 ParOldGen       total 5632K, used 609K [0x00000000c4400000, 0x00000000c4980000, 0x00000000ec100000)
  object space 5632K, 10% used [0x00000000c4400000,0x00000000c44985d0,0x00000000c4980000)
 PSPermGen       total 21504K, used 3756K [0x00000000b9e00000, 0x00000000bb300000, 0x00000000c4400000)
  object space 21504K, 17% used [0x00000000b9e00000,0x00000000ba1ab278,0x00000000bb300000)
}
Event: 0,503 GC heap before
{Heap before GC invocations=2 (full 0):
 PSYoungGen      total 3584K, used 3583K [0x00000000ec100000, 0x00000000ec500000, 0x0000000100000000)
  eden space 3072K, 100% used [0x00000000ec100000,0x00000000ec400000,0x00000000ec400000)
  from space 512K, 99% used [0x00000000ec400000,0x00000000ec47fd10,0x00000000ec480000)
  to   space 512K, 0% used [0x00000000ec480000,0x00000000ec480000,0x00000000ec500000)
 ParOldGen       total 5632K, used 609K [0x00000000c4400000, 0x00000000c4980000, 0x00000000ec100000)
  object space 5632K, 10% used [0x00000000c4400000,0x00000000c44985d0,0x00000000c4980000)
 PSPermGen       total 21504K, used 4514K [0x00000000b9e00000, 0x00000000bb300000, 0x00000000c4400000)
  object space 21504K, 20% used [0x00000000b9e00000,0x00000000ba268958,0x00000000bb300000)
Event: 0,507 GC heap after
Heap after GC invocations=2 (full 0):
 PSYoungGen      total 3584K, used 480K [0x00000000ec100000, 0x00000000ec800000, 0x0000000100000000)
  eden space 3072K, 0% used [0x00000000ec100000,0x00000000ec100000,0x00000000ec400000)
  from space 512K, 93% used [0x00000000ec480000,0x00000000ec4f8030,0x00000000ec500000)
  to   space 512K, 0% used [0x00000000ec400000,0x00000000ec400000,0x00000000ec480000)
 ParOldGen       total 5632K, used 1582K [0x00000000c4400000, 0x00000000c4980000, 0x00000000ec100000)
  object space 5632K, 28% used [0x00000000c4400000,0x00000000c458bbc8,0x00000000c4980000)
 PSPermGen       total 21504K, used 4514K [0x00000000b9e00000, 0x00000000bb300000, 0x00000000c4400000)
  object space 21504K, 20% used [0x00000000b9e00000,0x00000000ba268958,0x00000000bb300000)
}
Event: 0,667 GC heap before
{Heap before GC invocations=3 (full 0):
 PSYoungGen      total 3584K, used 3552K [0x00000000ec100000, 0x00000000ec800000, 0x0000000100000000)
  eden space 3072K, 100% used [0x00000000ec100000,0x00000000ec400000,0x00000000ec400000)
  from space 512K, 93% used [0x00000000ec480000,0x00000000ec4f8030,0x00000000ec500000)
  to   space 512K, 0% used [0x00000000ec400000,0x00000000ec400000,0x00000000ec480000)
 ParOldGen       total 5632K, used 1582K [0x00000000c4400000, 0x00000000c4980000, 0x00000000ec100000)
  object space 5632K, 28% used [0x00000000c4400000,0x00000000c458bbc8,0x00000000c4980000)
 PSPermGen       total 21504K, used 5303K [0x00000000b9e00000, 0x00000000bb300000, 0x00000000c4400000)
  object space 21504K, 24% used [0x00000000b9e00000,0x00000000ba32dd10,0x00000000bb300000)
Event: 0,670 GC heap after
Heap after GC invocations=3 (full 0):
 PSYoungGen      total 3584K, used 496K [0x00000000ec100000, 0x00000000ec800000, 0x0000000100000000)
  eden space 3072K, 0% used [0x00000000ec100000,0x00000000ec100000,0x00000000ec400000)
  from space 512K, 96% used [0x00000000ec400000,0x00000000ec47c020,0x00000000ec480000)
  to   space 512K, 0% used [0x00000000ec780000,0x00000000ec780000,0x00000000ec800000)
 ParOldGen       total 5632K, used 2312K [0x00000000c4400000, 0x00000000c4980000, 0x00000000ec100000)
  object space 5632K, 41% used [0x00000000c4400000,0x00000000c4642028,0x00000000c4980000)
 PSPermGen       total 21504K, used 5303K [0x00000000b9e00000, 0x00000000bb300000, 0x00000000c4400000)
  object space 21504K, 24% used [0x00000000b9e00000,0x00000000ba32dd10,0x00000000bb300000)
}
Event: 0,750 GC heap before
{Heap before GC invocations=4 (full 0):
 PSYoungGen      total 3584K, used 3568K [0x00000000ec100000, 0x00000000ec800000, 0x0000000100000000)
  eden space 3072K, 100% used [0x00000000ec100000,0x00000000ec400000,0x00000000ec400000)
  from space 512K, 96% used [0x00000000ec400000,0x00000000ec47c020,0x00000000ec480000)
  to   space 512K, 0% used [0x00000000ec780000,0x00000000ec780000,0x00000000ec800000)
 ParOldGen       total 5632K, used 2312K [0x00000000c4400000, 0x00000000c4980000, 0x00000000ec100000)
  object space 5632K, 41% used [0x00000000c4400000,0x00000000c4642028,0x00000000c4980000)
 PSPermGen       total 21504K, used 6349K [0x00000000b9e00000, 0x00000000bb300000, 0x00000000c4400000)
  object space 21504K, 29% used [0x00000000b9e00000,0x00000000ba4336e8,0x00000000bb300000)
Event: 0,756 GC heap after
Heap after GC invocations=4 (full 0):
 PSYoungGen      total 6656K, used 496K [0x00000000ec100000, 0x00000000ec800000, 0x0000000100000000)
  eden space 6144K, 0% used [0x00000000ec100000,0x00000000ec100000,0x00000000ec700000)
  from space 512K, 96% used [0x00000000ec780000,0x00000000ec7fc020,0x00000000ec800000)
  to   space 512K, 0% used [0x00000000ec700000,0x00000000ec700000,0x00000000ec780000)
 ParOldGen       total 5632K, used 3215K [0x00000000c4400000, 0x00000000c4980000, 0x00000000ec100000)
  object space 5632K, 57% used [0x00000000c4400000,0x00000000c4723d18,0x00000000c4980000)
 PSPermGen       total 21504K, used 6349K [0x00000000b9e00000, 0x00000000bb300000, 0x00000000c4400000)
  object space 21504K, 29% used [0x00000000b9e00000,0x00000000ba4336e8,0x00000000bb300000)
}
Event: 1,020 GC heap before
{Heap before GC invocations=5 (full 0):
 PSYoungGen      total 6656K, used 5545K [0x00000000ec100000, 0x00000000ec800000, 0x0000000100000000)
  eden space 6144K, 82% used [0x00000000ec100000,0x00000000ec5ee488,0x00000000ec700000)
  from space 512K, 96% used [0x00000000ec780000,0x00000000ec7fc020,0x00000000ec800000)
  to   space 512K, 0% used [0x00000000ec700000,0x00000000ec700000,0x00000000ec780000)
 ParOldGen       total 5632K, used 3215K [0x00000000c4400000, 0x00000000c4980000, 0x00000000ec100000)
  object space 5632K, 57% used [0x00000000c4400000,0x00000000c4723d18,0x00000000c4980000)
 PSPermGen       total 21504K, used 6916K [0x00000000b9e00000, 0x00000000bb300000, 0x00000000c4400000)
  object space 21504K, 32% used [0x00000000b9e00000,0x00000000ba4c1360,0x00000000bb300000)
Event: 1,025 GC heap after
Heap after GC invocations=5 (full 0):
 PSYoungGen      total 6656K, used 480K [0x00000000ec100000, 0x00000000ed300000, 0x0000000100000000)
  eden space 6144K, 0% used [0x00000000ec100000,0x00000000ec100000,0x00000000ec700000)
  from space 512K, 93% used [0x00000000ec700000,0x00000000ec778030,0x00000000ec780000)
  to   space 3072K, 0% used [0x00000000ed000000,0x00000000ed000000,0x00000000ed300000)
 ParOldGen       total 6144K, used 5704K [0x00000000c4400000, 0x00000000c4a00000, 0x00000000ec100000)
  object space 6144K, 92% used [0x00000000c4400000,0x00000000c49923c8,0x00000000c4a00000)
 PSPermGen       total 21504K, used 6916K [0x00000000b9e00000, 0x00000000bb300000, 0x00000000c4400000)
  object space 21504K, 32% used [0x00000000b9e00000,0x00000000ba4c1360,0x00000000bb300000)
}
Event: 1,025 GC heap before
{Heap before GC invocations=6 (full 1):
 PSYoungGen      total 6656K, used 480K [0x00000000ec100000, 0x00000000ed300000, 0x0000000100000000)
  eden space 6144K, 0% used [0x00000000ec100000,0x00000000ec100000,0x00000000ec700000)
  from space 512K, 93% used [0x00000000ec700000,0x00000000ec778030,0x00000000ec780000)
  to   space 3072K, 0% used [0x00000000ed000000,0x00000000ed000000,0x00000000ed300000)
 ParOldGen       total 6144K, used 5704K [0x00000000c4400000, 0x00000000c4a00000, 0x00000000ec100000)
  object space 6144K, 92% used [0x00000000c4400000,0x00000000c49923c8,0x00000000c4a00000)
 PSPermGen       total 21504K, used 6916K [0x00000000b9e00000, 0x00000000bb300000, 0x00000000c4400000)
  object space 21504K, 32% used [0x00000000b9e00000,0x00000000ba4c1360,0x00000000bb300000)

Deoptimization events (1 events):
Event: 0,681 Thread 0x00007f13b400a000 Uncommon trap: reason=null_check action=make_not_entrant pc=0x00007f13b10662a0 method=java.lang.String.equals(Ljava/lang/Object;)Z @ 8

Internal exceptions (10 events):
Event: 0,789 Thread 0x00007f13b400a000 Threw 0x00000000ec19b1d8 at /build/buildd/openjdk-7-7u55-2.4.7/build/openjdk/hotspot/src/share/vm/prims/jvm.cpp:1244
Event: 0,790 Thread 0x00007f13b400a000 Threw 0x00000000ec19e568 at /build/buildd/openjdk-7-7u55-2.4.7/build/openjdk/hotspot/src/share/vm/prims/jvm.cpp:1244
Event: 0,790 Thread 0x00007f13b400a000 Threw 0x00000000ec1a1f98 at /build/buildd/openjdk-7-7u55-2.4.7/build/openjdk/hotspot/src/share/vm/prims/jvm.cpp:1244
Event: 0,790 Thread 0x00007f13b400a000 Threw 0x00000000ec1a4710 at /build/buildd/openjdk-7-7u55-2.4.7/build/openjdk/hotspot/src/share/vm/prims/jvm.cpp:1244
Event: 0,894 Thread 0x00007f13b400a000 Threw 0x00000000ec2a8910 at /build/buildd/openjdk-7-7u55-2.4.7/build/openjdk/hotspot/src/share/vm/prims/jvm.cpp:1244
Event: 1,002 Thread 0x00007f13b400a000 Threw 0x00000000ec57cfa8 at /build/buildd/openjdk-7-7u55-2.4.7/build/openjdk/hotspot/src/share/vm/prims/jvm.cpp:1244
Event: 1,002 Thread 0x00007f13b400a000 Threw 0x00000000ec581cc8 at /build/buildd/openjdk-7-7u55-2.4.7/build/openjdk/hotspot/src/share/vm/prims/jvm.cpp:1244
Event: 1,005 Thread 0x00007f13b400a000 Threw 0x00000000ec594af8 at /build/buildd/openjdk-7-7u55-2.4.7/build/openjdk/hotspot/src/share/vm/prims/jvm.cpp:1244
Event: 1,006 Thread 0x00007f13b400a000 Threw 0x00000000ec5a6850 at /build/buildd/openjdk-7-7u55-2.4.7/build/openjdk/hotspot/src/share/vm/prims/jvm.cpp:1244
Event: 1,007 Thread 0x00007f13b400a000 Threw 0x00000000ec5ad500 at /build/buildd/openjdk-7-7u55-2.4.7/build/openjdk/hotspot/src/share/vm/prims/jvm.cpp:1244

Events (10 events):
Event: 1,006 loading class 0x00007f13b42967d0 done
Event: 1,007 loading class 0x00007f13b428f430
Event: 1,007 loading class 0x00007f13b428f430 done
Event: 1,016 loading class 0x00007f13b9740b00
Event: 1,017 loading class 0x00007f13b9740b00 done
Event: 1,017 loading class 0x00007f137c043b10
Event: 1,017 loading class 0x00007f137c043b10 done
Event: 1,017 loading class 0x00007f13b9740b60
Event: 1,017 loading class 0x00007f13b9740b60 done
Event: 1,019 Executing VM operation: ParallelGCFailedAllocation


Dynamic libraries:
00400000-00401000 r-xp 00000000 08:07 3944770                            /usr/lib/jvm/java-7-openjdk-amd64/bin/javac
00600000-00601000 r--p 00000000 08:07 3944770                            /usr/lib/jvm/java-7-openjdk-amd64/bin/javac
00601000-00602000 rw-p 00001000 08:07 3944770                            /usr/lib/jvm/java-7-openjdk-amd64/bin/javac
01ae6000-01b07000 rw-p 00000000 00:00 0                                  [heap]
b9e00000-bb300000 rw-p 00000000 00:00 0 
bb300000-c4400000 rw-p 00000000 00:00 0 
c4400000-c4a00000 rw-p 00000000 00:00 0 
c4a00000-ec100000 rw-p 00000000 00:00 0 
ec100000-ed300000 rw-p 00000000 00:00 0 
ed300000-100000000 rw-p 00000000 00:00 0 
7f1374000000-7f1374021000 rw-p 00000000 00:00 0 
7f1374021000-7f1378000000 ---p 00000000 00:00 0 
7f1378000000-7f1378021000 rw-p 00000000 00:00 0 
7f1378021000-7f137c000000 ---p 00000000 00:00 0 
7f137c000000-7f137c613000 rw-p 00000000 00:00 0 
7f137c613000-7f1380000000 ---p 00000000 00:00 0 
7f1380000000-7f13806cd000 rw-p 00000000 00:00 0 
7f13806cd000-7f1384000000 ---p 00000000 00:00 0 
7f1384000000-7f1384021000 rw-p 00000000 00:00 0 
7f1384021000-7f1388000000 ---p 00000000 00:00 0 
7f1388000000-7f1388021000 rw-p 00000000 00:00 0 
7f1388021000-7f138c000000 ---p 00000000 00:00 0 
7f138c000000-7f138c021000 rw-p 00000000 00:00 0 
7f138c021000-7f1390000000 ---p 00000000 00:00 0 
7f1390000000-7f1390021000 rw-p 00000000 00:00 0 
7f1390021000-7f1394000000 ---p 00000000 00:00 0 
7f1394000000-7f1394028000 rw-p 00000000 00:00 0 
7f1394028000-7f1398000000 ---p 00000000 00:00 0 
7f139c000000-7f139c021000 rw-p 00000000 00:00 0 
7f139c021000-7f13a0000000 ---p 00000000 00:00 0 
7f13a4000000-7f13a4258000 rw-p 00000000 00:00 0 
7f13a4258000-7f13a8000000 ---p 00000000 00:00 0 
7f13a9cf0000-7f13ac000000 rw-p 00000000 00:00 0 
7f13ac000000-7f13ac021000 rw-p 00000000 00:00 0 
7f13ac021000-7f13b0000000 ---p 00000000 00:00 0 
7f13b0518000-7f13b0519000 ---p 00000000 00:00 0 
7f13b0519000-7f13b0619000 rw-p 00000000 00:00 0                          [stack:3586]
7f13b0619000-7f13b061c000 ---p 00000000 00:00 0 
7f13b061c000-7f13b071a000 rw-p 00000000 00:00 0                          [stack:3585]
7f13b071a000-7f13b071d000 ---p 00000000 00:00 0 
7f13b071d000-7f13b081b000 rw-p 00000000 00:00 0                          [stack:3584]
7f13b081b000-7f13b081e000 ---p 00000000 00:00 0 
7f13b081e000-7f13b091c000 rw-p 00000000 00:00 0                          [stack:3583]
7f13b091c000-7f13b1000000 r--p 00000000 08:07 3939156                    /usr/lib/locale/locale-archive
7f13b1000000-7f13b1270000 rwxp 00000000 00:00 0 
7f13b1270000-7f13b42c5000 rw-p 00000000 00:00 0 
7f13b42c5000-7f13b8000000 ---p 00000000 00:00 0 
7f13b8075000-7f13b80e0000 r--s 0069c000 08:07 3944768                    /usr/lib/jvm/java-7-openjdk-amd64/lib/tools.jar
7f13b80e0000-7f13b80e3000 ---p 00000000 00:00 0 
7f13b80e3000-7f13b81e1000 rw-p 00000000 00:00 0                          [stack:3582]
7f13b81e1000-7f13b81e4000 ---p 00000000 00:00 0 
7f13b81e4000-7f13b82e2000 rw-p 00000000 00:00 0                          [stack:3581]
7f13b82e2000-7f13b82e5000 ---p 00000000 00:00 0 
7f13b82e5000-7f13b83e3000 rw-p 00000000 00:00 0                          [stack:3580]
7f13b83e3000-7f13b83e4000 ---p 00000000 00:00 0 
7f13b83e4000-7f13b94e1000 rw-p 00000000 00:00 0                          [stack:3579]
7f13b94e1000-7f13b968f000 r--s 01cfc000 08:07 3950522                    /usr/lib/jvm/java-7-openjdk-amd64/jre/lib/rt.jar
7f13b968f000-7f13b99b9000 rw-p 00000000 00:00 0 
7f13b99b9000-7f13b99ba000 ---p 00000000 00:00 0 
7f13b99ba000-7f13b9aba000 rw-p 00000000 00:00 0                          [stack:3578]
7f13b9aba000-7f13b9abb000 ---p 00000000 00:00 0 
7f13b9abb000-7f13b9bbb000 rw-p 00000000 00:00 0                          [stack:3577]
7f13b9bbb000-7f13b9bbc000 ---p 00000000 00:00 0 
7f13b9bbc000-7f13b9cbc000 rw-p 00000000 00:00 0                          [stack:3576]
7f13b9cbc000-7f13b9cbd000 ---p 00000000 00:00 0 
7f13b9cbd000-7f13b9dc8000 rw-p 00000000 00:00 0                          [stack:3575]
7f13b9dc8000-7f13b9e10000 rw-p 00000000 00:00 0 
7f13b9e10000-7f13b9e13000 rw-p 00000000 00:00 0 
7f13b9e13000-7f13b9f4f000 rw-p 00000000 00:00 0 
7f13b9f4f000-7f13b9f5a000 rw-p 00000000 00:00 0 
7f13b9f5a000-7f13b9fa2000 rw-p 00000000 00:00 0 
7f13b9fa2000-7f13b9fa5000 rw-p 00000000 00:00 0 
7f13b9fa5000-7f13ba0e0000 rw-p 00000000 00:00 0 
7f13ba0e0000-7f13ba0ea000 rw-p 00000000 00:00 0 
7f13ba0ea000-7f13ba180000 rw-p 00000000 00:00 0 
7f13ba180000-7f13ba181000 rw-p 00000000 00:00 0 
7f13ba181000-7f13ba189000 r-xp 00000000 08:07 3942779                    /usr/lib/jvm/java-7-openjdk-amd64/jre/lib/amd64/libzip.so
7f13ba189000-7f13ba388000 ---p 00008000 08:07 3942779                    /usr/lib/jvm/java-7-openjdk-amd64/jre/lib/amd64/libzip.so
7f13ba388000-7f13ba389000 r--p 00007000 08:07 3942779                    /usr/lib/jvm/java-7-openjdk-amd64/jre/lib/amd64/libzip.so
7f13ba389000-7f13ba38a000 rw-p 00008000 08:07 3942779                    /usr/lib/jvm/java-7-openjdk-amd64/jre/lib/amd64/libzip.so
7f13ba38a000-7f13ba396000 r-xp 00000000 08:07 3542989                    /lib/x86_64-linux-gnu/libnss_files-2.17.so
7f13ba396000-7f13ba595000 ---p 0000c000 08:07 3542989                    /lib/x86_64-linux-gnu/libnss_files-2.17.so
7f13ba595000-7f13ba596000 r--p 0000b000 08:07 3542989                    /lib/x86_64-linux-gnu/libnss_files-2.17.so
7f13ba596000-7f13ba597000 rw-p 0000c000 08:07 3542989                    /lib/x86_64-linux-gnu/libnss_files-2.17.so
7f13ba597000-7f13ba5a2000 r-xp 00000000 08:07 3542993                    /lib/x86_64-linux-gnu/libnss_nis-2.17.so
7f13ba5a2000-7f13ba7a1000 ---p 0000b000 08:07 3542993                    /lib/x86_64-linux-gnu/libnss_nis-2.17.so
7f13ba7a1000-7f13ba7a2000 r--p 0000a000 08:07 3542993                    /lib/x86_64-linux-gnu/libnss_nis-2.17.so
7f13ba7a2000-7f13ba7a3000 rw-p 0000b000 08:07 3542993                    /lib/x86_64-linux-gnu/libnss_nis-2.17.so
7f13ba7a3000-7f13ba7ba000 r-xp 00000000 08:07 3542983                    /lib/x86_64-linux-gnu/libnsl-2.17.so
7f13ba7ba000-7f13ba9b9000 ---p 00017000 08:07 3542983                    /lib/x86_64-linux-gnu/libnsl-2.17.so
7f13ba9b9000-7f13ba9ba000 r--p 00016000 08:07 3542983                    /lib/x86_64-linux-gnu/libnsl-2.17.so
7f13ba9ba000-7f13ba9bb000 rw-p 00017000 08:07 3542983                    /lib/x86_64-linux-gnu/libnsl-2.17.so
7f13ba9bb000-7f13ba9bd000 rw-p 00000000 00:00 0 
7f13ba9bd000-7f13ba9c5000 r-xp 00000000 08:07 3542985                    /lib/x86_64-linux-gnu/libnss_compat-2.17.so
7f13ba9c5000-7f13babc4000 ---p 00008000 08:07 3542985                    /lib/x86_64-linux-gnu/libnss_compat-2.17.so
7f13babc4000-7f13babc5000 r--p 00007000 08:07 3542985                    /lib/x86_64-linux-gnu/libnss_compat-2.17.so
7f13babc5000-7f13babc6000 rw-p 00008000 08:07 3542985                    /lib/x86_64-linux-gnu/libnss_compat-2.17.so
7f13babc6000-7f13babf1000 r-xp 00000000 08:07 3942774                    /usr/lib/jvm/java-7-openjdk-amd64/jre/lib/amd64/libjava.so
7f13babf1000-7f13badf0000 ---p 0002b000 08:07 3942774                    /usr/lib/jvm/java-7-openjdk-amd64/jre/lib/amd64/libjava.so
7f13badf0000-7f13badf1000 r--p 0002a000 08:07 3942774                    /usr/lib/jvm/java-7-openjdk-amd64/jre/lib/amd64/libjava.so
7f13badf1000-7f13badf3000 rw-p 0002b000 08:07 3942774                    /usr/lib/jvm/java-7-openjdk-amd64/jre/lib/amd64/libjava.so
7f13badf3000-7f13bae03000 r-xp 00000000 08:07 3942799                    /usr/lib/jvm/java-7-openjdk-amd64/jre/lib/amd64/libverify.so
7f13bae03000-7f13bb002000 ---p 00010000 08:07 3942799                    /usr/lib/jvm/java-7-openjdk-amd64/jre/lib/amd64/libverify.so
7f13bb002000-7f13bb004000 r--p 0000f000 08:07 3942799                    /usr/lib/jvm/java-7-openjdk-amd64/jre/lib/amd64/libverify.so
7f13bb004000-7f13bb005000 rw-p 00011000 08:07 3942799                    /usr/lib/jvm/java-7-openjdk-amd64/jre/lib/amd64/libverify.so
7f13bb005000-7f13bb00c000 r-xp 00000000 08:07 3543036                    /lib/x86_64-linux-gnu/librt-2.17.so
7f13bb00c000-7f13bb20b000 ---p 00007000 08:07 3543036                    /lib/x86_64-linux-gnu/librt-2.17.so
7f13bb20b000-7f13bb20c000 r--p 00006000 08:07 3543036                    /lib/x86_64-linux-gnu/librt-2.17.so
7f13bb20c000-7f13bb20d000 rw-p 00007000 08:07 3543036                    /lib/x86_64-linux-gnu/librt-2.17.so
7f13bb20d000-7f13bb222000 r-xp 00000000 08:07 3538949                    /lib/x86_64-linux-gnu/libgcc_s.so.1
7f13bb222000-7f13bb421000 ---p 00015000 08:07 3538949                    /lib/x86_64-linux-gnu/libgcc_s.so.1
7f13bb421000-7f13bb422000 r--p 00014000 08:07 3538949                    /lib/x86_64-linux-gnu/libgcc_s.so.1
7f13bb422000-7f13bb423000 rw-p 00015000 08:07 3538949                    /lib/x86_64-linux-gnu/libgcc_s.so.1
7f13bb423000-7f13bb526000 r-xp 00000000 08:07 3542964                    /lib/x86_64-linux-gnu/libm-2.17.so
7f13bb526000-7f13bb725000 ---p 00103000 08:07 3542964                    /lib/x86_64-linux-gnu/libm-2.17.so
7f13bb725000-7f13bb726000 r--p 00102000 08:07 3542964                    /lib/x86_64-linux-gnu/libm-2.17.so
7f13bb726000-7f13bb727000 rw-p 00103000 08:07 3542964                    /lib/x86_64-linux-gnu/libm-2.17.so
7f13bb727000-7f13bb80d000 r-xp 00000000 08:07 3938427                    /usr/lib/x86_64-linux-gnu/libstdc++.so.6.0.18
7f13bb80d000-7f13bba0c000 ---p 000e6000 08:07 3938427                    /usr/lib/x86_64-linux-gnu/libstdc++.so.6.0.18
7f13bba0c000-7f13bba14000 r--p 000e5000 08:07 3938427                    /usr/lib/x86_64-linux-gnu/libstdc++.so.6.0.18
7f13bba14000-7f13bba16000 rw-p 000ed000 08:07 3938427                    /usr/lib/x86_64-linux-gnu/libstdc++.so.6.0.18
7f13bba16000-7f13bba2b000 rw-p 00000000 00:00 0 
7f13bba2b000-7f13bc50a000 r-xp 00000000 08:07 3942816                    /usr/lib/jvm/java-7-openjdk-amd64/jre/lib/amd64/server/libjvm.so
7f13bc50a000-7f13bc70a000 ---p 00adf000 08:07 3942816                    /usr/lib/jvm/java-7-openjdk-amd64/jre/lib/amd64/server/libjvm.so
7f13bc70a000-7f13bc79c000 r--p 00adf000 08:07 3942816                    /usr/lib/jvm/java-7-openjdk-amd64/jre/lib/amd64/server/libjvm.so
7f13bc79c000-7f13bc7bf000 rw-p 00b71000 08:07 3942816                    /usr/lib/jvm/java-7-openjdk-amd64/jre/lib/amd64/server/libjvm.so
7f13bc7bf000-7f13bc7ec000 rw-p 00000000 00:00 0 
7f13bc7ec000-7f13bc804000 r-xp 00000000 08:07 3543071                    /lib/x86_64-linux-gnu/libz.so.1.2.8
7f13bc804000-7f13bca03000 ---p 00018000 08:07 3543071                    /lib/x86_64-linux-gnu/libz.so.1.2.8
7f13bca03000-7f13bca04000 r--p 00017000 08:07 3543071                    /lib/x86_64-linux-gnu/libz.so.1.2.8
7f13bca04000-7f13bca05000 rw-p 00018000 08:07 3543071                    /lib/x86_64-linux-gnu/libz.so.1.2.8
7f13bca05000-7f13bca1c000 r-xp 00000000 08:07 3543028                    /lib/x86_64-linux-gnu/libpthread-2.17.so
7f13bca1c000-7f13bcc1c000 ---p 00017000 08:07 3543028                    /lib/x86_64-linux-gnu/libpthread-2.17.so
7f13bcc1c000-7f13bcc1d000 r--p 00017000 08:07 3543028                    /lib/x86_64-linux-gnu/libpthread-2.17.so
7f13bcc1d000-7f13bcc1e000 rw-p 00018000 08:07 3543028                    /lib/x86_64-linux-gnu/libpthread-2.17.so
7f13bcc1e000-7f13bcc22000 rw-p 00000000 00:00 0 
7f13bcc22000-7f13bcc25000 r-xp 00000000 08:07 3542928                    /lib/x86_64-linux-gnu/libdl-2.17.so
7f13bcc25000-7f13bce24000 ---p 00003000 08:07 3542928                    /lib/x86_64-linux-gnu/libdl-2.17.so
7f13bce24000-7f13bce25000 r--p 00002000 08:07 3542928                    /lib/x86_64-linux-gnu/libdl-2.17.so
7f13bce25000-7f13bce26000 rw-p 00003000 08:07 3542928                    /lib/x86_64-linux-gnu/libdl-2.17.so
7f13bce26000-7f13bcfe3000 r-xp 00000000 08:07 3542913                    /lib/x86_64-linux-gnu/libc-2.17.so
7f13bcfe3000-7f13bd1e3000 ---p 001bd000 08:07 3542913                    /lib/x86_64-linux-gnu/libc-2.17.so
7f13bd1e3000-7f13bd1e7000 r--p 001bd000 08:07 3542913                    /lib/x86_64-linux-gnu/libc-2.17.so
7f13bd1e7000-7f13bd1e9000 rw-p 001c1000 08:07 3542913                    /lib/x86_64-linux-gnu/libc-2.17.so
7f13bd1e9000-7f13bd1ee000 rw-p 00000000 00:00 0 
7f13bd1ee000-7f13bd1fb000 r-xp 00000000 08:07 3942850                    /usr/lib/jvm/java-7-openjdk-amd64/jre/lib/amd64/jli/libjli.so
7f13bd1fb000-7f13bd3fa000 ---p 0000d000 08:07 3942850                    /usr/lib/jvm/java-7-openjdk-amd64/jre/lib/amd64/jli/libjli.so
7f13bd3fa000-7f13bd3fb000 r--p 0000c000 08:07 3942850                    /usr/lib/jvm/java-7-openjdk-amd64/jre/lib/amd64/jli/libjli.so
7f13bd3fb000-7f13bd3fc000 rw-p 0000d000 08:07 3942850                    /usr/lib/jvm/java-7-openjdk-amd64/jre/lib/amd64/jli/libjli.so
7f13bd3fc000-7f13bd41f000 r-xp 00000000 08:07 3542889                    /lib/x86_64-linux-gnu/ld-2.17.so
7f13bd422000-7f13bd423000 rw-p 00000000 00:00 0 
7f13bd423000-7f13bd426000 r--s 00032000 08:07 3950502                    /usr/lib/jvm/java-7-openjdk-amd64/jre/lib/ext/sunjce_provider.jar
7f13bd426000-7f13bd42a000 r--s 0003b000 08:07 3950505                    /usr/lib/jvm/java-7-openjdk-amd64/jre/lib/ext/sunpkcs11.jar
7f13bd42a000-7f13bd42b000 r--s 00002000 08:07 3950504                    /usr/lib/jvm/java-7-openjdk-amd64/jre/lib/ext/dnsns.jar
7f13bd42b000-7f13bd42f000 r--s 00085000 08:07 3950470                    /usr/lib/jvm/java-7-openjdk-amd64/jre/lib/ext/localedata.jar
7f13bd42f000-7f13bd431000 r--s 00006000 08:07 4342350                    /usr/share/java/java-atk-wrapper.jar
7f13bd431000-7f13bd433000 r--s 00012000 08:07 3950473                    /usr/lib/jvm/java-7-openjdk-amd64/jre/lib/ext/zipfs.jar
7f13bd433000-7f13bd436000 r--s 0000f000 08:07 3950471                    /usr/lib/jvm/java-7-openjdk-amd64/jre/lib/ext/pulse-java.jar
7f13bd436000-7f13bd440000 rw-p 00000000 00:00 0 
7f13bd440000-7f13bd4f6000 rw-p 00000000 00:00 0 
7f13bd4f6000-7f13bd4f9000 ---p 00000000 00:00 0 
7f13bd4f9000-7f13bd612000 rw-p 00000000 00:00 0                          [stack:3574]
7f13bd612000-7f13bd61a000 rw-s 00000000 08:07 4598401                    /tmp/hsperfdata_roberty/3573
7f13bd61a000-7f13bd61b000 rw-p 00000000 00:00 0 
7f13bd61b000-7f13bd61c000 ---p 00000000 00:00 0 
7f13bd61c000-7f13bd61e000 rw-p 00000000 00:00 0 
7f13bd61e000-7f13bd61f000 r--p 00022000 08:07 3542889                    /lib/x86_64-linux-gnu/ld-2.17.so
7f13bd61f000-7f13bd621000 rw-p 00023000 08:07 3542889                    /lib/x86_64-linux-gnu/ld-2.17.so
7fff7d1c0000-7fff7d1e1000 rw-p 00000000 00:00 0                          [stack]
7fff7d1fe000-7fff7d200000 r-xp 00000000 00:00 0                          [vdso]
ffffffffff600000-ffffffffff601000 r-xp 00000000 00:00 0                  [vsyscall]

VM Arguments:
jvm_args: -Dapplication.home=/usr/lib/jvm/java-7-openjdk-amd64 -Xms8m 
java_command: com.sun.tools.javac.Main MeuphoriaConstants.java Meuphoria.java MeuphoriaTokenManager.java ParseException.java SemanticRoutines.java SimpleCharStream.java Symbol.java SymbolsTable.java Token.java TokenMgrError.java
Launcher Type: SUN_STANDARD

Environment Variables:
PATH=/usr/lib/lightdm/lightdm:/usr/local/sbin:/usr/local/bin:/usr/sbin:/usr/bin:/sbin:/bin:/usr/games:/usr/local/games
SHELL=/bin/bash
DISPLAY=:0.0

Signal Handlers:
SIGSEGV: [libjvm.so+0x916eb0], sa_mask[0]=0x7ffbfeff, sa_flags=0x10000004
SIGBUS: [libjvm.so+0x916eb0], sa_mask[0]=0x7ffbfeff, sa_flags=0x10000004
SIGFPE: [libjvm.so+0x7947e0], sa_mask[0]=0x7ffbfeff, sa_flags=0x10000004
SIGPIPE: [libjvm.so+0x7947e0], sa_mask[0]=0x7ffbfeff, sa_flags=0x10000004
SIGXFSZ: [libjvm.so+0x7947e0], sa_mask[0]=0x7ffbfeff, sa_flags=0x10000004
SIGILL: [libjvm.so+0x7947e0], sa_mask[0]=0x7ffbfeff, sa_flags=0x10000004
SIGUSR1: SIG_DFL, sa_mask[0]=0x00000000, sa_flags=0x00000000
SIGUSR2: [libjvm.so+0x794680], sa_mask[0]=0x00000000, sa_flags=0x10000004
SIGHUP: [libjvm.so+0x794860], sa_mask[0]=0x7ffbfeff, sa_flags=0x10000004
SIGINT: [libjvm.so+0x794860], sa_mask[0]=0x7ffbfeff, sa_flags=0x10000004
SIGTERM: [libjvm.so+0x794860], sa_mask[0]=0x7ffbfeff, sa_flags=0x10000004
SIGQUIT: [libjvm.so+0x794860], sa_mask[0]=0x7ffbfeff, sa_flags=0x10000004


---------------  S Y S T E M  ---------------

OS:Ubuntu 13.10 (saucy)
uname:Linux 3.11.0-15-generic #25-Ubuntu SMP Thu Jan 30 17:22:01 UTC 2014 x86_64
libc:glibc 2.17 NPTL 2.17 
rlimit: STACK 8192k, CORE 0k, NPROC 30375, NOFILE 4096, AS infinity
load average:0,54 0,55 0,52

/proc/meminfo:
MemTotal:        3908276 kB
MemFree:         1678948 kB
Buffers:          304440 kB
Cached:           853664 kB
SwapCached:            0 kB
Active:          1287924 kB
Inactive:         751676 kB
Active(anon):     882444 kB
Inactive(anon):   257624 kB
Active(file):     405480 kB
Inactive(file):   494052 kB
Unevictable:          32 kB
Mlocked:              32 kB
SwapTotal:       4881404 kB
SwapFree:        4881404 kB
Dirty:               488 kB
Writeback:             0 kB
AnonPages:        881504 kB
Mapped:           188484 kB
Shmem:            258576 kB
Slab:             111112 kB
SReclaimable:      84400 kB
SUnreclaim:        26712 kB
KernelStack:        4032 kB
PageTables:        28256 kB
NFS_Unstable:          0 kB
Bounce:                0 kB
WritebackTmp:          0 kB
CommitLimit:     6835540 kB
Committed_AS:    3875408 kB
VmallocTotal:   34359738367 kB
VmallocUsed:      545256 kB
VmallocChunk:   34359186908 kB
HardwareCorrupted:     0 kB
AnonHugePages:         0 kB
HugePages_Total:       0
HugePages_Free:        0
HugePages_Rsvd:        0
HugePages_Surp:        0
Hugepagesize:       2048 kB
DirectMap4k:       54372 kB
DirectMap2M:     3999744 kB


CPU:total 4 (2 cores per cpu, 2 threads per core) family 6 model 37 stepping 5, cmov, cx8, fxsr, mmx, sse, sse2, sse3, ssse3, sse4.1, sse4.2, popcnt, ht, tsc, tscinvbit

/proc/cpuinfo:
processor	: 0
vendor_id	: GenuineIntel
cpu family	: 6
model		: 37
model name	: Intel(R) Core(TM) i3 CPU       M 370  @ 2.40GHz
stepping	: 5
microcode	: 0x2
cpu MHz		: 931.000
cache size	: 3072 KB
physical id	: 0
siblings	: 4
core id		: 0
cpu cores	: 2
apicid		: 0
initial apicid	: 0
fpu		: yes
fpu_exception	: yes
cpuid level	: 11
wp		: yes
flags		: fpu vme de pse tsc msr pae mce cx8 apic sep mtrr pge mca cmov pat pse36 clflush dts acpi mmx fxsr sse sse2 ss ht tm pbe syscall nx rdtscp lm constant_tsc arch_perfmon pebs bts rep_good nopl xtopology nonstop_tsc aperfmperf pni dtes64 monitor ds_cpl vmx est tm2 ssse3 cx16 xtpr pdcm pcid sse4_1 sse4_2 popcnt lahf_lm arat dtherm tpr_shadow vnmi flexpriority ept vpid
bogomips	: 4787.94
clflush size	: 64
cache_alignment	: 64
address sizes	: 36 bits physical, 48 bits virtual
power management:

processor	: 1
vendor_id	: GenuineIntel
cpu family	: 6
model		: 37
model name	: Intel(R) Core(TM) i3 CPU       M 370  @ 2.40GHz
stepping	: 5
microcode	: 0x2
cpu MHz		: 1862.000
cache size	: 3072 KB
physical id	: 0
siblings	: 4
core id		: 2
cpu cores	: 2
apicid		: 4
initial apicid	: 4
fpu		: yes
fpu_exception	: yes
cpuid level	: 11
wp		: yes
flags		: fpu vme de pse tsc msr pae mce cx8 apic sep mtrr pge mca cmov pat pse36 clflush dts acpi mmx fxsr sse sse2 ss ht tm pbe syscall nx rdtscp lm constant_tsc arch_perfmon pebs bts rep_good nopl xtopology nonstop_tsc aperfmperf pni dtes64 monitor ds_cpl vmx est tm2 ssse3 cx16 xtpr pdcm pcid sse4_1 sse4_2 popcnt lahf_lm arat dtherm tpr_shadow vnmi flexpriority ept vpid
bogomips	: 4787.94
clflush size	: 64
cache_alignment	: 64
address sizes	: 36 bits physical, 48 bits virtual
power management:

processor	: 2
vendor_id	: GenuineIntel
cpu family	: 6
model		: 37
model name	: Intel(R) Core(TM) i3 CPU       M 370  @ 2.40GHz
stepping	: 5
microcode	: 0x2
cpu MHz		: 2394.000
cache size	: 3072 KB
physical id	: 0
siblings	: 4
core id		: 0
cpu cores	: 2
apicid		: 1
initial apicid	: 1
fpu		: yes
fpu_exception	: yes
cpuid level	: 11
wp		: yes
flags		: fpu vme de pse tsc msr pae mce cx8 apic sep mtrr pge mca cmov pat pse36 clflush dts acpi mmx fxsr sse sse2 ss ht tm pbe syscall nx rdtscp lm constant_tsc arch_perfmon pebs bts rep_good nopl xtopology nonstop_tsc aperfmperf pni dtes64 monitor ds_cpl vmx est tm2 ssse3 cx16 xtpr pdcm pcid sse4_1 sse4_2 popcnt lahf_lm arat dtherm tpr_shadow vnmi flexpriority ept vpid
bogomips	: 4787.94
clflush size	: 64
cache_alignment	: 64
address sizes	: 36 bits physical, 48 bits virtual
power management:

processor	: 3
vendor_id	: GenuineIntel
cpu family	: 6
model		: 37
model name	: Intel(R) Core(TM) i3 CPU       M 370  @ 2.40GHz
stepping	: 5
microcode	: 0x2
cpu MHz		: 2394.000
cache size	: 3072 KB
physical id	: 0
siblings	: 4
core id		: 2
cpu cores	: 2
apicid		: 5
initial apicid	: 5
fpu		: yes
fpu_exception	: yes
cpuid level	: 11
wp		: yes
flags		: fpu vme de pse tsc msr pae mce cx8 apic sep mtrr pge mca cmov pat pse36 clflush dts acpi mmx fxsr sse sse2 ss ht tm pbe syscall nx rdtscp lm constant_tsc arch_perfmon pebs bts rep_good nopl xtopology nonstop_tsc aperfmperf pni dtes64 monitor ds_cpl vmx est tm2 ssse3 cx16 xtpr pdcm pcid sse4_1 sse4_2 popcnt lahf_lm arat dtherm tpr_shadow vnmi flexpriority ept vpid
bogomips	: 4787.94
clflush size	: 64
cache_alignment	: 64
address sizes	: 36 bits physical, 48 bits virtual
power management:



Memory: 4k page, physical 3908276k(1678948k free), swap 4881404k(4881404k free)

vm_info: OpenJDK 64-Bit Server VM (24.51-b03) for linux-amd64 JRE (1.7.0_55-b14), built on Apr 17 2014 21:13:26 by "buildd" with gcc 4.8.1

time: Mon Jun 30 23:19:03 2014
elapsed time: 1 seconds

