#
# A fatal error has been detected by the Java Runtime Environment:
#
#  SIGSEGV (0xb) at pc=0x00007f58d86b8a5e, pid=3753, tid=140019491755776
#
# JRE version: OpenJDK Runtime Environment (7.0_55-b14) (build 1.7.0_55-b14)
# Java VM: OpenJDK 64-Bit Server VM (24.51-b03 mixed mode linux-amd64 compressed oops)
# Problematic frame:
# V  [libjvm.so+0x573a5e]  IndexSetIterator::advance_and_next()+0x11e
#
# Failed to write core dump. Core dumps have been disabled. To enable core dumping, try "ulimit -c unlimited" before starting Java again
#
# If you would like to submit a bug report, please include
# instructions on how to reproduce the bug and visit:
#   http://icedtea.classpath.org/bugzilla
#

---------------  T H R E A D  ---------------

Current thread (0x00007f58d00a0800):  JavaThread "C2 CompilerThread0" daemon [_thread_in_native, id=3763, stack(0x00007f58d4015000,0x00007f58d4116000)]

siginfo:si_signo=SIGSEGV: si_errno=0, si_code=2 (SEGV_ACCERR), si_addr=0x00007f5898ee31c0

Registers:
RAX=0x00007f5898ee31c0, RBX=0x00007f58d4111830, RCX=0x0000000000000008, RDX=0x0000000000000000
RSP=0x00007f58d41117d0, RBP=0x00007f58d4111810, RSI=0x00007f5898527ae0, RDI=0x000000000000000a
R8 =0x0000000000000000, R9 =0x0000000000000000, R10=0x0000000000000000, R11=0x0000000000000000
R12=0x0000000000000000, R13=0x00007f58d8ee31c0, R14=0x0000000000010000, R15=0x0000000000000000
RIP=0x00007f58d86b8a5e, EFLAGS=0x0000000000010287, CSGSFS=0x0000000000000033, ERR=0x0000000000000004
  TRAPNO=0x000000000000000e

Top of Stack: (sp=0x00007f58d41117d0)
0x00007f58d41117d0:   00007f5800000003 00007f58d4113ef0
0x00007f58d41117e0:   00007f589808bf60 00007f58d4111830
0x00007f58d41117f0:   0000000000000370 000000000000000c
0x00007f58d4111800:   0000000000010000 00007f58d4111950
0x00007f58d4111810:   00007f58d41118a0 00007f58d86b0de8
0x00007f58d4111820:   00007f5898526dc0 0000000000000018
0x00007f58d4111830:   0000000000000000 00007f5800000008
0x00007f58d4111840:   00007f5898ee31c0 00007f5800000000
0x00007f58d4111850:   00007f5898527af0 00007f580000000a
0x00007f58d4111860:   00007f5898527ae0 00007f58d01a9830
0x00007f58d4111870:   0000000000000000 00007f58d4111bb0
0x00007f58d4111880:   00007f58d8ee31c0 00007f58d4111920
0x00007f58d4111890:   00007f589c001b30 00007f58d4111990
0x00007f58d41118a0:   00007f58d4111ae0 00007f58d84e8c9b
0x00007f58d41118b0:   00007f58d41118c0 00007f58d4111990
0x00007f58d41118c0:   00007f58d41118f0 00000000000003d8
0x00007f58d41118d0:   00007f58d4111950 00007f58d41119f0
0x00007f58d41118e0:   00007f589c001f18 00007f589c001b40
0x00007f58d41118f0:   00007f58980096b0 00007f58980096b0
0x00007f58d4111900:   00007f58980096c0 00007f5898009a98
0x00007f58d4111910:   00000000000003d8 00000004d00b8f30
0x00007f58d4111920:   00007f589c001b30 00007f5898085b60
0x00007f58d4111930:   00007f589808c7d0 00007f589808db48
0x00007f58d4111940:   00000000000eec08 0000000000000b00
0x00007f58d4111950:   00007f580000000b 00007f58d4113ef0
0x00007f58d4111960:   00007f58985054e0 00007f58d88d7000
0x00007f58d4111970:   00007f5898562ca0 00007f5800000959
0x00007f58d4111980:   00007f58d4111920 00007f589c001b40
0x00007f58d4111990:   00007f5800000009 00007f58d4113ef0
0x00007f58d41119a0:   00007f589828cf30 00007f589837e020
0x00007f58d41119b0:   00007f58d01a6550 00007f58d01a7650
0x00007f58d41119c0:   00007f589c2474a0 00007f58d4111b20 

Instructions: (pc=0x00007f58d86b8a5e)
0x00007f58d86b8a3e:   89 f8 0f 86 01 01 00 00 48 8b 43 20 45 89 e7 4a
0x00007f58d86b8a4e:   8b 04 f8 4c 39 e8 0f 84 de 00 00 00 48 89 43 10
0x00007f58d86b8a5e:   44 8b 08 48 89 c6 45 85 c9 0f 85 83 01 00 00 44
0x00007f58d86b8a6e:   8b 40 04 45 85 c0 0f 85 c6 01 00 00 8b 48 08 85 

Register to memory mapping:

RAX=0x00007f5898ee31c0 is an unknown value
RBX=0x00007f58d4111830 is pointing into the stack for thread: 0x00007f58d00a0800
RCX=0x0000000000000008 is an unknown value
RDX=0x0000000000000000 is an unknown value
RSP=0x00007f58d41117d0 is pointing into the stack for thread: 0x00007f58d00a0800
RBP=0x00007f58d4111810 is pointing into the stack for thread: 0x00007f58d00a0800
RSI=0x00007f5898527ae0 is an unknown value
RDI=0x000000000000000a is an unknown value
R8 =0x0000000000000000 is an unknown value
R9 =0x0000000000000000 is an unknown value
R10=0x0000000000000000 is an unknown value
R11=0x0000000000000000 is an unknown value
R12=0x0000000000000000 is an unknown value
R13=0x00007f58d8ee31c0: <offset 0xd9e1c0> in /usr/lib/jvm/java-7-openjdk-amd64/jre/lib/amd64/server/libjvm.so at 0x00007f58d8145000
R14=0x0000000000010000 is an unknown value
R15=0x0000000000000000 is an unknown value


Stack: [0x00007f58d4015000,0x00007f58d4116000],  sp=0x00007f58d41117d0,  free space=1009k
Native frames: (J=compiled Java code, j=interpreted, Vv=VM code, C=native code)
V  [libjvm.so+0x573a5e]  IndexSetIterator::advance_and_next()+0x11e
V  [libjvm.so+0x56bde8]  PhaseIFG::SquareUp()+0x128
V  [libjvm.so+0x3a3c9b]  PhaseChaitin::Register_Allocate()+0x5bb
V  [libjvm.so+0x416fba]  Compile::Code_Gen()+0x3fa
V  [libjvm.so+0x41b222]  Compile::Compile(ciEnv*, C2Compiler*, ciMethod*, int, bool, bool)+0xf72
V  [libjvm.so+0x38a2ca]  C2Compiler::compile_method(ciEnv*, ciMethod*, int)+0xca
V  [libjvm.so+0x421057]  CompileBroker::invoke_compiler_on_method(CompileTask*)+0x327
V  [libjvm.so+0x42219d]  CompileBroker::compiler_thread_loop()+0x3dd
V  [libjvm.so+0x8cdfb0]  JavaThread::thread_main_inner()+0xf0
V  [libjvm.so+0x8ce221]  JavaThread::run()+0x221
V  [libjvm.so+0x795e92]  java_start(Thread*)+0xf2


Current CompileTask:
C2:    414   27             org.javacc.parser.LookaheadWalk::genFirstSet (560 bytes)


---------------  P R O C E S S  ---------------

Java Threads: ( => current thread )
  0x00007f58d00a6000 JavaThread "Service Thread" daemon [_thread_blocked, id=3765, stack(0x00007f58ccdfe000,0x00007f58cceff000)]
  0x00007f58d00a3800 JavaThread "C2 CompilerThread1" daemon [_thread_blocked, id=3764, stack(0x00007f58cceff000,0x00007f58cd000000)]
=>0x00007f58d00a0800 JavaThread "C2 CompilerThread0" daemon [_thread_in_native, id=3763, stack(0x00007f58d4015000,0x00007f58d4116000)]
  0x00007f58d009e800 JavaThread "Signal Dispatcher" daemon [_thread_blocked, id=3762, stack(0x00007f58d4116000,0x00007f58d4217000)]
  0x00007f58d007b800 JavaThread "Finalizer" daemon [_thread_blocked, id=3761, stack(0x00007f58d48fb000,0x00007f58d49fc000)]
  0x00007f58d0079800 JavaThread "Reference Handler" daemon [_thread_blocked, id=3760, stack(0x00007f58d49fc000,0x00007f58d4afd000)]
  0x00007f58d000a000 JavaThread "main" [_thread_in_vm, id=3754, stack(0x00007f58d9c10000,0x00007f58d9d11000)]

Other Threads:
  0x00007f58d0075000 VMThread [stack: 0x00007f58d4afd000,0x00007f58d4bfe000] [id=3759]
  0x00007f58d00b0800 WatcherThread [stack: 0x00007f58cccfd000,0x00007f58ccdfe000] [id=3766]

VM state:not at safepoint (normal execution)

VM Mutex/Monitor currently owned by a thread: None

Heap
 PSYoungGen      total 17920K, used 5657K [0x00000000ec100000, 0x00000000ed500000, 0x0000000100000000)
  eden space 15360K, 36% used [0x00000000ec100000,0x00000000ec6865e8,0x00000000ed000000)
  from space 2560K, 0% used [0x00000000ed280000,0x00000000ed280000,0x00000000ed500000)
  to   space 2560K, 0% used [0x00000000ed000000,0x00000000ed000000,0x00000000ed280000)
 ParOldGen       total 40448K, used 0K [0x00000000c4400000, 0x00000000c6b80000, 0x00000000ec100000)
  object space 40448K, 0% used [0x00000000c4400000,0x00000000c4400000,0x00000000c6b80000)
 PSPermGen       total 21504K, used 3600K [0x00000000b9e00000, 0x00000000bb300000, 0x00000000c4400000)
  object space 21504K, 16% used [0x00000000b9e00000,0x00000000ba1840d8,0x00000000bb300000)

Card table byte_map: [0x00007f58d6669000,0x00007f58d689b000] byte_map_base: 0x00007f58d609a000

Polling page: 0x00007f58d9d35000

Code Cache  [0x00007f58cd000000, 0x00007f58cd270000, 0x00007f58d0000000)
 total_blobs=221 nmethods=32 adapters=144 free_code_cache=48689Kb largest_free_block=49836352

Compilation events (10 events):
Event: 0,344 Thread 0x00007f58d00a3800   29             java.util.AbstractList::<init> (10 bytes)
Event: 0,345 Thread 0x00007f58d00a3800 nmethod 29 0x00007f58cd0658d0 code [0x00007f58cd065a00, 0x00007f58cd065a58]
Event: 0,345 Thread 0x00007f58d00a3800   30             java.util.ArrayList::<init> (12 bytes)
Event: 0,345 Thread 0x00007f58d00a3800 nmethod 30 0x00007f58cd0656d0 code [0x00007f58cd065800, 0x00007f58cd065878]
Event: 0,347 Thread 0x00007f58d00a3800   31             org.javacc.parser.LookaheadWalk::listAppend (33 bytes)
Event: 0,359 Thread 0x00007f58d00a3800 nmethod 31 0x00007f58cd068dd0 code [0x00007f58cd068f60, 0x00007f58cd0693e8]
Event: 0,379 Thread 0x00007f58d00a3800   32             org.javacc.parser.Choice::getChoices (5 bytes)
Event: 0,379 Thread 0x00007f58d00a3800 nmethod 32 0x00007f58cd0654d0 code [0x00007f58cd065600, 0x00007f58cd065658]
Event: 0,386 Thread 0x00007f58d00a3800   33             org.javacc.parser.LookaheadCalc::overlap (150 bytes)
Event: 0,394 Thread 0x00007f58d00a3800 nmethod 33 0x00007f58cd0685d0 code [0x00007f58cd068740, 0x00007f58cd068ab8]

GC Heap History (0 events):
No events

Deoptimization events (1 events):
Event: 0,224 Thread 0x00007f58d000a000 Uncommon trap: reason=unreached action=reinterpret pc=0x00007f58cd06195c method=org.javacc.parser.JavaCCParser.jj_scan_token(I)Z @ 163

Internal exceptions (10 events):
Event: 0,207 Thread 0x00007f58d000a000 Threw 0x00000000ec35dbb0 at /build/buildd/openjdk-7-7u55-2.4.7/build/openjdk/hotspot/src/share/vm/prims/jvm.cpp:1244
Event: 0,309 Thread 0x00007f58d000a000 Threw 0x00000000ec44d580 at /build/buildd/openjdk-7-7u55-2.4.7/build/openjdk/hotspot/src/share/vm/prims/jvm.cpp:1244
Event: 0,310 Thread 0x00007f58d000a000 Threw 0x00000000ec450aa0 at /build/buildd/openjdk-7-7u55-2.4.7/build/openjdk/hotspot/src/share/vm/prims/jvm.cpp:1244
Event: 0,311 Thread 0x00007f58d000a000 Threw 0x00000000ec454010 at /build/buildd/openjdk-7-7u55-2.4.7/build/openjdk/hotspot/src/share/vm/prims/jvm.cpp:1244
Event: 0,311 Thread 0x00007f58d000a000 Threw 0x00000000ec456408 at /build/buildd/openjdk-7-7u55-2.4.7/build/openjdk/hotspot/src/share/vm/prims/jvm.cpp:1244
Event: 0,313 Thread 0x00007f58d000a000 Threw 0x00000000ec45be98 at /build/buildd/openjdk-7-7u55-2.4.7/build/openjdk/hotspot/src/share/vm/prims/jvm.cpp:1244
Event: 0,319 Thread 0x00007f58d000a000 Threw 0x00000000ec4714f0 at /build/buildd/openjdk-7-7u55-2.4.7/build/openjdk/hotspot/src/share/vm/prims/jvm.cpp:1244
Event: 0,322 Thread 0x00007f58d000a000 Threw 0x00000000ec479c40 at /build/buildd/openjdk-7-7u55-2.4.7/build/openjdk/hotspot/src/share/vm/prims/jvm.cpp:1244
Event: 0,325 Thread 0x00007f58d000a000 Threw 0x00000000ec4836f0 at /build/buildd/openjdk-7-7u55-2.4.7/build/openjdk/hotspot/src/share/vm/prims/jvm.cpp:1244
Event: 0,325 Thread 0x00007f58d000a000 Threw 0x00000000ec486648 at /build/buildd/openjdk-7-7u55-2.4.7/build/openjdk/hotspot/src/share/vm/prims/jvm.cpp:1244

Events (10 events):
Event: 0,313 loading class 0x00007f58d01aee50
Event: 0,313 loading class 0x00007f58d01aee50 done
Event: 0,319 loading class 0x00007f58d01b2450
Event: 0,319 loading class 0x00007f58d01b2450 done
Event: 0,322 loading class 0x00007f58d01b2500
Event: 0,322 loading class 0x00007f58d01b2500 done
Event: 0,325 loading class 0x00007f58d01b25a0
Event: 0,325 loading class 0x00007f58d01b25a0 done
Event: 0,325 loading class 0x00007f58d012be20
Event: 0,325 loading class 0x00007f58d012be20 done


Dynamic libraries:
00400000-00401000 r-xp 00000000 08:07 3950535                            /usr/lib/jvm/java-7-openjdk-amd64/jre/bin/java
00600000-00601000 r--p 00000000 08:07 3950535                            /usr/lib/jvm/java-7-openjdk-amd64/jre/bin/java
00601000-00602000 rw-p 00001000 08:07 3950535                            /usr/lib/jvm/java-7-openjdk-amd64/jre/bin/java
009e4000-00a05000 rw-p 00000000 00:00 0                                  [heap]
b9e00000-bb300000 rw-p 00000000 00:00 0 
bb300000-c4400000 rw-p 00000000 00:00 0 
c4400000-c6b80000 rw-p 00000000 00:00 0 
c6b80000-ec100000 rw-p 00000000 00:00 0 
ec100000-ed500000 rw-p 00000000 00:00 0 
ed500000-100000000 rw-p 00000000 00:00 0 
7f5890000000-7f5890021000 rw-p 00000000 00:00 0 
7f5890021000-7f5894000000 ---p 00000000 00:00 0 
7f5894000000-7f5894021000 rw-p 00000000 00:00 0 
7f5894021000-7f5898000000 ---p 00000000 00:00 0 
7f5898000000-7f58985a0000 rw-p 00000000 00:00 0 
7f58985a0000-7f589c000000 ---p 00000000 00:00 0 
7f589c000000-7f589c433000 rw-p 00000000 00:00 0 
7f589c433000-7f58a0000000 ---p 00000000 00:00 0 
7f58a0000000-7f58a0021000 rw-p 00000000 00:00 0 
7f58a0021000-7f58a4000000 ---p 00000000 00:00 0 
7f58a4000000-7f58a4021000 rw-p 00000000 00:00 0 
7f58a4021000-7f58a8000000 ---p 00000000 00:00 0 
7f58a8000000-7f58a8021000 rw-p 00000000 00:00 0 
7f58a8021000-7f58ac000000 ---p 00000000 00:00 0 
7f58ac000000-7f58ac021000 rw-p 00000000 00:00 0 
7f58ac021000-7f58b0000000 ---p 00000000 00:00 0 
7f58b0000000-7f58b0021000 rw-p 00000000 00:00 0 
7f58b0021000-7f58b4000000 ---p 00000000 00:00 0 
7f58b8000000-7f58b8021000 rw-p 00000000 00:00 0 
7f58b8021000-7f58bc000000 ---p 00000000 00:00 0 
7f58c0000000-7f58c0021000 rw-p 00000000 00:00 0 
7f58c0021000-7f58c4000000 ---p 00000000 00:00 0 
7f58c5cf0000-7f58c8000000 rw-p 00000000 00:00 0 
7f58c8000000-7f58c8021000 rw-p 00000000 00:00 0 
7f58c8021000-7f58cc000000 ---p 00000000 00:00 0 
7f58ccac7000-7f58cccfd000 rw-p 00000000 00:00 0 
7f58cccfd000-7f58cccfe000 ---p 00000000 00:00 0 
7f58cccfe000-7f58ccdfe000 rw-p 00000000 00:00 0                          [stack:3766]
7f58ccdfe000-7f58cce01000 ---p 00000000 00:00 0 
7f58cce01000-7f58cceff000 rw-p 00000000 00:00 0                          [stack:3765]
7f58cceff000-7f58ccf02000 ---p 00000000 00:00 0 
7f58ccf02000-7f58cd000000 rw-p 00000000 00:00 0                          [stack:3764]
7f58cd000000-7f58cd270000 rwxp 00000000 00:00 0 
7f58cd270000-7f58d0335000 rw-p 00000000 00:00 0 
7f58d0335000-7f58d4000000 ---p 00000000 00:00 0 
7f58d4014000-7f58d4015000 rw-p 00000000 00:00 0 
7f58d4015000-7f58d4018000 ---p 00000000 00:00 0 
7f58d4018000-7f58d4116000 rw-p 00000000 00:00 0                          [stack:3763]
7f58d4116000-7f58d4119000 ---p 00000000 00:00 0 
7f58d4119000-7f58d4217000 rw-p 00000000 00:00 0                          [stack:3762]
7f58d4217000-7f58d48fb000 r--p 00000000 08:07 3939156                    /usr/lib/locale/locale-archive
7f58d48fb000-7f58d48fe000 ---p 00000000 00:00 0 
7f58d48fe000-7f58d49fc000 rw-p 00000000 00:00 0                          [stack:3761]
7f58d49fc000-7f58d49ff000 ---p 00000000 00:00 0 
7f58d49ff000-7f58d4afd000 rw-p 00000000 00:00 0                          [stack:3760]
7f58d4afd000-7f58d4afe000 ---p 00000000 00:00 0 
7f58d4afe000-7f58d5bfb000 rw-p 00000000 00:00 0                          [stack:3759]
7f58d5bfb000-7f58d5da9000 r--s 01cfc000 08:07 3950522                    /usr/lib/jvm/java-7-openjdk-amd64/jre/lib/rt.jar
7f58d5da9000-7f58d60d3000 rw-p 00000000 00:00 0 
7f58d60d3000-7f58d60d4000 ---p 00000000 00:00 0 
7f58d60d4000-7f58d61d4000 rw-p 00000000 00:00 0                          [stack:3758]
7f58d61d4000-7f58d61d5000 ---p 00000000 00:00 0 
7f58d61d5000-7f58d62d5000 rw-p 00000000 00:00 0                          [stack:3757]
7f58d62d5000-7f58d62d6000 ---p 00000000 00:00 0 
7f58d62d6000-7f58d63d6000 rw-p 00000000 00:00 0                          [stack:3756]
7f58d63d6000-7f58d63d7000 ---p 00000000 00:00 0 
7f58d63d7000-7f58d64e2000 rw-p 00000000 00:00 0                          [stack:3755]
7f58d64e2000-7f58d652a000 rw-p 00000000 00:00 0 
7f58d652a000-7f58d653e000 rw-p 00000000 00:00 0 
7f58d653e000-7f58d6669000 rw-p 00000000 00:00 0 
7f58d6669000-7f58d6674000 rw-p 00000000 00:00 0 
7f58d6674000-7f58d66bc000 rw-p 00000000 00:00 0 
7f58d66bc000-7f58d66d0000 rw-p 00000000 00:00 0 
7f58d66d0000-7f58d67fa000 rw-p 00000000 00:00 0 
7f58d67fa000-7f58d6805000 rw-p 00000000 00:00 0 
7f58d6805000-7f58d689a000 rw-p 00000000 00:00 0 
7f58d689a000-7f58d689b000 rw-p 00000000 00:00 0 
7f58d689b000-7f58d68a3000 r-xp 00000000 08:07 3942779                    /usr/lib/jvm/java-7-openjdk-amd64/jre/lib/amd64/libzip.so
7f58d68a3000-7f58d6aa2000 ---p 00008000 08:07 3942779                    /usr/lib/jvm/java-7-openjdk-amd64/jre/lib/amd64/libzip.so
7f58d6aa2000-7f58d6aa3000 r--p 00007000 08:07 3942779                    /usr/lib/jvm/java-7-openjdk-amd64/jre/lib/amd64/libzip.so
7f58d6aa3000-7f58d6aa4000 rw-p 00008000 08:07 3942779                    /usr/lib/jvm/java-7-openjdk-amd64/jre/lib/amd64/libzip.so
7f58d6aa4000-7f58d6ab0000 r-xp 00000000 08:07 3542989                    /lib/x86_64-linux-gnu/libnss_files-2.17.so
7f58d6ab0000-7f58d6caf000 ---p 0000c000 08:07 3542989                    /lib/x86_64-linux-gnu/libnss_files-2.17.so
7f58d6caf000-7f58d6cb0000 r--p 0000b000 08:07 3542989                    /lib/x86_64-linux-gnu/libnss_files-2.17.so
7f58d6cb0000-7f58d6cb1000 rw-p 0000c000 08:07 3542989                    /lib/x86_64-linux-gnu/libnss_files-2.17.so
7f58d6cb1000-7f58d6cbc000 r-xp 00000000 08:07 3542993                    /lib/x86_64-linux-gnu/libnss_nis-2.17.so
7f58d6cbc000-7f58d6ebb000 ---p 0000b000 08:07 3542993                    /lib/x86_64-linux-gnu/libnss_nis-2.17.so
7f58d6ebb000-7f58d6ebc000 r--p 0000a000 08:07 3542993                    /lib/x86_64-linux-gnu/libnss_nis-2.17.so
7f58d6ebc000-7f58d6ebd000 rw-p 0000b000 08:07 3542993                    /lib/x86_64-linux-gnu/libnss_nis-2.17.so
7f58d6ebd000-7f58d6ed4000 r-xp 00000000 08:07 3542983                    /lib/x86_64-linux-gnu/libnsl-2.17.so
7f58d6ed4000-7f58d70d3000 ---p 00017000 08:07 3542983                    /lib/x86_64-linux-gnu/libnsl-2.17.so
7f58d70d3000-7f58d70d4000 r--p 00016000 08:07 3542983                    /lib/x86_64-linux-gnu/libnsl-2.17.so
7f58d70d4000-7f58d70d5000 rw-p 00017000 08:07 3542983                    /lib/x86_64-linux-gnu/libnsl-2.17.so
7f58d70d5000-7f58d70d7000 rw-p 00000000 00:00 0 
7f58d70d7000-7f58d70df000 r-xp 00000000 08:07 3542985                    /lib/x86_64-linux-gnu/libnss_compat-2.17.so
7f58d70df000-7f58d72de000 ---p 00008000 08:07 3542985                    /lib/x86_64-linux-gnu/libnss_compat-2.17.so
7f58d72de000-7f58d72df000 r--p 00007000 08:07 3542985                    /lib/x86_64-linux-gnu/libnss_compat-2.17.so
7f58d72df000-7f58d72e0000 rw-p 00008000 08:07 3542985                    /lib/x86_64-linux-gnu/libnss_compat-2.17.so
7f58d72e0000-7f58d730b000 r-xp 00000000 08:07 3942774                    /usr/lib/jvm/java-7-openjdk-amd64/jre/lib/amd64/libjava.so
7f58d730b000-7f58d750a000 ---p 0002b000 08:07 3942774                    /usr/lib/jvm/java-7-openjdk-amd64/jre/lib/amd64/libjava.so
7f58d750a000-7f58d750b000 r--p 0002a000 08:07 3942774                    /usr/lib/jvm/java-7-openjdk-amd64/jre/lib/amd64/libjava.so
7f58d750b000-7f58d750d000 rw-p 0002b000 08:07 3942774                    /usr/lib/jvm/java-7-openjdk-amd64/jre/lib/amd64/libjava.so
7f58d750d000-7f58d751d000 r-xp 00000000 08:07 3942799                    /usr/lib/jvm/java-7-openjdk-amd64/jre/lib/amd64/libverify.so
7f58d751d000-7f58d771c000 ---p 00010000 08:07 3942799                    /usr/lib/jvm/java-7-openjdk-amd64/jre/lib/amd64/libverify.so
7f58d771c000-7f58d771e000 r--p 0000f000 08:07 3942799                    /usr/lib/jvm/java-7-openjdk-amd64/jre/lib/amd64/libverify.so
7f58d771e000-7f58d771f000 rw-p 00011000 08:07 3942799                    /usr/lib/jvm/java-7-openjdk-amd64/jre/lib/amd64/libverify.so
7f58d771f000-7f58d7726000 r-xp 00000000 08:07 3543036                    /lib/x86_64-linux-gnu/librt-2.17.so
7f58d7726000-7f58d7925000 ---p 00007000 08:07 3543036                    /lib/x86_64-linux-gnu/librt-2.17.so
7f58d7925000-7f58d7926000 r--p 00006000 08:07 3543036                    /lib/x86_64-linux-gnu/librt-2.17.so
7f58d7926000-7f58d7927000 rw-p 00007000 08:07 3543036                    /lib/x86_64-linux-gnu/librt-2.17.so
7f58d7927000-7f58d793c000 r-xp 00000000 08:07 3538949                    /lib/x86_64-linux-gnu/libgcc_s.so.1
7f58d793c000-7f58d7b3b000 ---p 00015000 08:07 3538949                    /lib/x86_64-linux-gnu/libgcc_s.so.1
7f58d7b3b000-7f58d7b3c000 r--p 00014000 08:07 3538949                    /lib/x86_64-linux-gnu/libgcc_s.so.1
7f58d7b3c000-7f58d7b3d000 rw-p 00015000 08:07 3538949                    /lib/x86_64-linux-gnu/libgcc_s.so.1
7f58d7b3d000-7f58d7c40000 r-xp 00000000 08:07 3542964                    /lib/x86_64-linux-gnu/libm-2.17.so
7f58d7c40000-7f58d7e3f000 ---p 00103000 08:07 3542964                    /lib/x86_64-linux-gnu/libm-2.17.so
7f58d7e3f000-7f58d7e40000 r--p 00102000 08:07 3542964                    /lib/x86_64-linux-gnu/libm-2.17.so
7f58d7e40000-7f58d7e41000 rw-p 00103000 08:07 3542964                    /lib/x86_64-linux-gnu/libm-2.17.so
7f58d7e41000-7f58d7f27000 r-xp 00000000 08:07 3938427                    /usr/lib/x86_64-linux-gnu/libstdc++.so.6.0.18
7f58d7f27000-7f58d8126000 ---p 000e6000 08:07 3938427                    /usr/lib/x86_64-linux-gnu/libstdc++.so.6.0.18
7f58d8126000-7f58d812e000 r--p 000e5000 08:07 3938427                    /usr/lib/x86_64-linux-gnu/libstdc++.so.6.0.18
7f58d812e000-7f58d8130000 rw-p 000ed000 08:07 3938427                    /usr/lib/x86_64-linux-gnu/libstdc++.so.6.0.18
7f58d8130000-7f58d8145000 rw-p 00000000 00:00 0 
7f58d8145000-7f58d8c24000 r-xp 00000000 08:07 3942816                    /usr/lib/jvm/java-7-openjdk-amd64/jre/lib/amd64/server/libjvm.so
7f58d8c24000-7f58d8e24000 ---p 00adf000 08:07 3942816                    /usr/lib/jvm/java-7-openjdk-amd64/jre/lib/amd64/server/libjvm.so
7f58d8e24000-7f58d8eb6000 r--p 00adf000 08:07 3942816                    /usr/lib/jvm/java-7-openjdk-amd64/jre/lib/amd64/server/libjvm.so
7f58d8eb6000-7f58d8ed9000 rw-p 00b71000 08:07 3942816                    /usr/lib/jvm/java-7-openjdk-amd64/jre/lib/amd64/server/libjvm.so
7f58d8ed9000-7f58d8f06000 rw-p 00000000 00:00 0 
7f58d8f06000-7f58d8f1e000 r-xp 00000000 08:07 3543071                    /lib/x86_64-linux-gnu/libz.so.1.2.8
7f58d8f1e000-7f58d911d000 ---p 00018000 08:07 3543071                    /lib/x86_64-linux-gnu/libz.so.1.2.8
7f58d911d000-7f58d911e000 r--p 00017000 08:07 3543071                    /lib/x86_64-linux-gnu/libz.so.1.2.8
7f58d911e000-7f58d911f000 rw-p 00018000 08:07 3543071                    /lib/x86_64-linux-gnu/libz.so.1.2.8
7f58d911f000-7f58d9136000 r-xp 00000000 08:07 3543028                    /lib/x86_64-linux-gnu/libpthread-2.17.so
7f58d9136000-7f58d9336000 ---p 00017000 08:07 3543028                    /lib/x86_64-linux-gnu/libpthread-2.17.so
7f58d9336000-7f58d9337000 r--p 00017000 08:07 3543028                    /lib/x86_64-linux-gnu/libpthread-2.17.so
7f58d9337000-7f58d9338000 rw-p 00018000 08:07 3543028                    /lib/x86_64-linux-gnu/libpthread-2.17.so
7f58d9338000-7f58d933c000 rw-p 00000000 00:00 0 
7f58d933c000-7f58d933f000 r-xp 00000000 08:07 3542928                    /lib/x86_64-linux-gnu/libdl-2.17.so
7f58d933f000-7f58d953e000 ---p 00003000 08:07 3542928                    /lib/x86_64-linux-gnu/libdl-2.17.so
7f58d953e000-7f58d953f000 r--p 00002000 08:07 3542928                    /lib/x86_64-linux-gnu/libdl-2.17.so
7f58d953f000-7f58d9540000 rw-p 00003000 08:07 3542928                    /lib/x86_64-linux-gnu/libdl-2.17.so
7f58d9540000-7f58d96fd000 r-xp 00000000 08:07 3542913                    /lib/x86_64-linux-gnu/libc-2.17.so
7f58d96fd000-7f58d98fd000 ---p 001bd000 08:07 3542913                    /lib/x86_64-linux-gnu/libc-2.17.so
7f58d98fd000-7f58d9901000 r--p 001bd000 08:07 3542913                    /lib/x86_64-linux-gnu/libc-2.17.so
7f58d9901000-7f58d9903000 rw-p 001c1000 08:07 3542913                    /lib/x86_64-linux-gnu/libc-2.17.so
7f58d9903000-7f58d9908000 rw-p 00000000 00:00 0 
7f58d9908000-7f58d9915000 r-xp 00000000 08:07 3942850                    /usr/lib/jvm/java-7-openjdk-amd64/jre/lib/amd64/jli/libjli.so
7f58d9915000-7f58d9b14000 ---p 0000d000 08:07 3942850                    /usr/lib/jvm/java-7-openjdk-amd64/jre/lib/amd64/jli/libjli.so
7f58d9b14000-7f58d9b15000 r--p 0000c000 08:07 3942850                    /usr/lib/jvm/java-7-openjdk-amd64/jre/lib/amd64/jli/libjli.so
7f58d9b15000-7f58d9b16000 rw-p 0000d000 08:07 3942850                    /usr/lib/jvm/java-7-openjdk-amd64/jre/lib/amd64/jli/libjli.so
7f58d9b16000-7f58d9b39000 r-xp 00000000 08:07 3542889                    /lib/x86_64-linux-gnu/ld-2.17.so
7f58d9b39000-7f58d9b3d000 r--s 00045000 08:07 4325520                    /usr/share/java/javacc-5.0.jar
7f58d9b3d000-7f58d9b40000 r--s 00032000 08:07 3950502                    /usr/lib/jvm/java-7-openjdk-amd64/jre/lib/ext/sunjce_provider.jar
7f58d9b40000-7f58d9b44000 r--s 0003b000 08:07 3950505                    /usr/lib/jvm/java-7-openjdk-amd64/jre/lib/ext/sunpkcs11.jar
7f58d9b44000-7f58d9b45000 r--s 00002000 08:07 3950504                    /usr/lib/jvm/java-7-openjdk-amd64/jre/lib/ext/dnsns.jar
7f58d9b45000-7f58d9b49000 r--s 00085000 08:07 3950470                    /usr/lib/jvm/java-7-openjdk-amd64/jre/lib/ext/localedata.jar
7f58d9b49000-7f58d9b4b000 r--s 00006000 08:07 4342350                    /usr/share/java/java-atk-wrapper.jar
7f58d9b4b000-7f58d9b4d000 r--s 00012000 08:07 3950473                    /usr/lib/jvm/java-7-openjdk-amd64/jre/lib/ext/zipfs.jar
7f58d9b4d000-7f58d9b50000 r--s 0000f000 08:07 3950471                    /usr/lib/jvm/java-7-openjdk-amd64/jre/lib/ext/pulse-java.jar
7f58d9b50000-7f58d9b5a000 rw-p 00000000 00:00 0 
7f58d9b5a000-7f58d9c10000 rw-p 00000000 00:00 0 
7f58d9c10000-7f58d9c13000 ---p 00000000 00:00 0 
7f58d9c13000-7f58d9d2c000 rw-p 00000000 00:00 0                          [stack:3754]
7f58d9d2c000-7f58d9d34000 rw-s 00000000 08:07 4598404                    /tmp/hsperfdata_roberty/3753
7f58d9d34000-7f58d9d35000 rw-p 00000000 00:00 0 
7f58d9d35000-7f58d9d36000 r--p 00000000 00:00 0 
7f58d9d36000-7f58d9d38000 rw-p 00000000 00:00 0 
7f58d9d38000-7f58d9d39000 r--p 00022000 08:07 3542889                    /lib/x86_64-linux-gnu/ld-2.17.so
7f58d9d39000-7f58d9d3b000 rw-p 00023000 08:07 3542889                    /lib/x86_64-linux-gnu/ld-2.17.so
7fff7c132000-7fff7c153000 rw-p 00000000 00:00 0                          [stack]
7fff7c1fe000-7fff7c200000 r-xp 00000000 00:00 0                          [vdso]
ffffffffff600000-ffffffffff601000 r-xp 00000000 00:00 0                  [vsyscall]

VM Arguments:
java_command: javacc meuphoria.jj
Launcher Type: SUN_STANDARD

Environment Variables:
PATH=/usr/lib/lightdm/lightdm:/usr/local/sbin:/usr/local/bin:/usr/sbin:/usr/bin:/sbin:/bin:/usr/games:/usr/local/games
SHELL=/bin/bash
DISPLAY=:0.0

Signal Handlers:
SIGSEGV: [libjvm.so+0x916eb0], sa_mask[0]=0x7ffbfeff, sa_flags=0x10000004
SIGBUS: [libjvm.so+0x916eb0], sa_mask[0]=0x7ffbfeff, sa_flags=0x10000004
SIGFPE: [libjvm.so+0x7947e0], sa_mask[0]=0x7ffbfeff, sa_flags=0x10000004
SIGPIPE: [libjvm.so+0x7947e0], sa_mask[0]=0x7ffbfeff, sa_flags=0x10000004
SIGXFSZ: [libjvm.so+0x7947e0], sa_mask[0]=0x7ffbfeff, sa_flags=0x10000004
SIGILL: [libjvm.so+0x7947e0], sa_mask[0]=0x7ffbfeff, sa_flags=0x10000004
SIGUSR1: SIG_DFL, sa_mask[0]=0x00000000, sa_flags=0x00000000
SIGUSR2: [libjvm.so+0x794680], sa_mask[0]=0x00000000, sa_flags=0x10000004
SIGHUP: [libjvm.so+0x794860], sa_mask[0]=0x7ffbfeff, sa_flags=0x10000004
SIGINT: [libjvm.so+0x794860], sa_mask[0]=0x7ffbfeff, sa_flags=0x10000004
SIGTERM: [libjvm.so+0x794860], sa_mask[0]=0x7ffbfeff, sa_flags=0x10000004
SIGQUIT: [libjvm.so+0x794860], sa_mask[0]=0x7ffbfeff, sa_flags=0x10000004


---------------  S Y S T E M  ---------------

OS:Ubuntu 13.10 (saucy)
uname:Linux 3.11.0-15-generic #25-Ubuntu SMP Thu Jan 30 17:22:01 UTC 2014 x86_64
libc:glibc 2.17 NPTL 2.17 
rlimit: STACK 8192k, CORE 0k, NPROC 30375, NOFILE 4096, AS infinity
load average:0,36 0,43 0,48

/proc/meminfo:
MemTotal:        3908276 kB
MemFree:         1702648 kB
Buffers:          304904 kB
Cached:           846560 kB
SwapCached:            0 kB
Active:          1271692 kB
Inactive:         744336 kB
Active(anon):     865568 kB
Inactive(anon):   250044 kB
Active(file):     406124 kB
Inactive(file):   494292 kB
Unevictable:          32 kB
Mlocked:              32 kB
SwapTotal:       4881404 kB
SwapFree:        4881404 kB
Dirty:               580 kB
Writeback:             0 kB
AnonPages:        864732 kB
Mapped:           190172 kB
Shmem:            251000 kB
Slab:             111432 kB
SReclaimable:      84680 kB
SUnreclaim:        26752 kB
KernelStack:        3920 kB
PageTables:        28216 kB
NFS_Unstable:          0 kB
Bounce:                0 kB
WritebackTmp:          0 kB
CommitLimit:     6835540 kB
Committed_AS:    3909796 kB
VmallocTotal:   34359738367 kB
VmallocUsed:      545256 kB
VmallocChunk:   34359186908 kB
HardwareCorrupted:     0 kB
AnonHugePages:         0 kB
HugePages_Total:       0
HugePages_Free:        0
HugePages_Rsvd:        0
HugePages_Surp:        0
Hugepagesize:       2048 kB
DirectMap4k:       54372 kB
DirectMap2M:     3999744 kB


CPU:total 4 (2 cores per cpu, 2 threads per core) family 6 model 37 stepping 5, cmov, cx8, fxsr, mmx, sse, sse2, sse3, ssse3, sse4.1, sse4.2, popcnt, ht, tsc, tscinvbit

/proc/cpuinfo:
processor	: 0
vendor_id	: GenuineIntel
cpu family	: 6
model		: 37
model name	: Intel(R) Core(TM) i3 CPU       M 370  @ 2.40GHz
stepping	: 5
microcode	: 0x2
cpu MHz		: 931.000
cache size	: 3072 KB
physical id	: 0
siblings	: 4
core id		: 0
cpu cores	: 2
apicid		: 0
initial apicid	: 0
fpu		: yes
fpu_exception	: yes
cpuid level	: 11
wp		: yes
flags		: fpu vme de pse tsc msr pae mce cx8 apic sep mtrr pge mca cmov pat pse36 clflush dts acpi mmx fxsr sse sse2 ss ht tm pbe syscall nx rdtscp lm constant_tsc arch_perfmon pebs bts rep_good nopl xtopology nonstop_tsc aperfmperf pni dtes64 monitor ds_cpl vmx est tm2 ssse3 cx16 xtpr pdcm pcid sse4_1 sse4_2 popcnt lahf_lm arat dtherm tpr_shadow vnmi flexpriority ept vpid
bogomips	: 4787.94
clflush size	: 64
cache_alignment	: 64
address sizes	: 36 bits physical, 48 bits virtual
power management:

processor	: 1
vendor_id	: GenuineIntel
cpu family	: 6
model		: 37
model name	: Intel(R) Core(TM) i3 CPU       M 370  @ 2.40GHz
stepping	: 5
microcode	: 0x2
cpu MHz		: 931.000
cache size	: 3072 KB
physical id	: 0
siblings	: 4
core id		: 2
cpu cores	: 2
apicid		: 4
initial apicid	: 4
fpu		: yes
fpu_exception	: yes
cpuid level	: 11
wp		: yes
flags		: fpu vme de pse tsc msr pae mce cx8 apic sep mtrr pge mca cmov pat pse36 clflush dts acpi mmx fxsr sse sse2 ss ht tm pbe syscall nx rdtscp lm constant_tsc arch_perfmon pebs bts rep_good nopl xtopology nonstop_tsc aperfmperf pni dtes64 monitor ds_cpl vmx est tm2 ssse3 cx16 xtpr pdcm pcid sse4_1 sse4_2 popcnt lahf_lm arat dtherm tpr_shadow vnmi flexpriority ept vpid
bogomips	: 4787.94
clflush size	: 64
cache_alignment	: 64
address sizes	: 36 bits physical, 48 bits virtual
power management:

processor	: 2
vendor_id	: GenuineIntel
cpu family	: 6
model		: 37
model name	: Intel(R) Core(TM) i3 CPU       M 370  @ 2.40GHz
stepping	: 5
microcode	: 0x2
cpu MHz		: 2394.000
cache size	: 3072 KB
physical id	: 0
siblings	: 4
core id		: 0
cpu cores	: 2
apicid		: 1
initial apicid	: 1
fpu		: yes
fpu_exception	: yes
cpuid level	: 11
wp		: yes
flags		: fpu vme de pse tsc msr pae mce cx8 apic sep mtrr pge mca cmov pat pse36 clflush dts acpi mmx fxsr sse sse2 ss ht tm pbe syscall nx rdtscp lm constant_tsc arch_perfmon pebs bts rep_good nopl xtopology nonstop_tsc aperfmperf pni dtes64 monitor ds_cpl vmx est tm2 ssse3 cx16 xtpr pdcm pcid sse4_1 sse4_2 popcnt lahf_lm arat dtherm tpr_shadow vnmi flexpriority ept vpid
bogomips	: 4787.94
clflush size	: 64
cache_alignment	: 64
address sizes	: 36 bits physical, 48 bits virtual
power management:

processor	: 3
vendor_id	: GenuineIntel
cpu family	: 6
model		: 37
model name	: Intel(R) Core(TM) i3 CPU       M 370  @ 2.40GHz
stepping	: 5
microcode	: 0x2
cpu MHz		: 2394.000
cache size	: 3072 KB
physical id	: 0
siblings	: 4
core id		: 2
cpu cores	: 2
apicid		: 5
initial apicid	: 5
fpu		: yes
fpu_exception	: yes
cpuid level	: 11
wp		: yes
flags		: fpu vme de pse tsc msr pae mce cx8 apic sep mtrr pge mca cmov pat pse36 clflush dts acpi mmx fxsr sse sse2 ss ht tm pbe syscall nx rdtscp lm constant_tsc arch_perfmon pebs bts rep_good nopl xtopology nonstop_tsc aperfmperf pni dtes64 monitor ds_cpl vmx est tm2 ssse3 cx16 xtpr pdcm pcid sse4_1 sse4_2 popcnt lahf_lm arat dtherm tpr_shadow vnmi flexpriority ept vpid
bogomips	: 4787.94
clflush size	: 64
cache_alignment	: 64
address sizes	: 36 bits physical, 48 bits virtual
power management:



Memory: 4k page, physical 3908276k(1702648k free), swap 4881404k(4881404k free)

vm_info: OpenJDK 64-Bit Server VM (24.51-b03) for linux-amd64 JRE (1.7.0_55-b14), built on Apr 17 2014 21:13:26 by "buildd" with gcc 4.8.1

time: Mon Jun 30 23:21:52 2014
elapsed time: 0 seconds

