#
# A fatal error has been detected by the Java Runtime Environment:
#
#  SIGSEGV (0xb) at pc=0x00007f75c9f73b82, pid=3783, tid=140143719106304
#
# JRE version: OpenJDK Runtime Environment (7.0_55-b14) (build 1.7.0_55-b14)
# Java VM: OpenJDK 64-Bit Server VM (24.51-b03 mixed mode linux-amd64 compressed oops)
# Problematic frame:
# V  [libjvm.so+0x7ffb82]  oopDesc* PSPromotionManager::copy_to_survivor_space<false>(oopDesc*)+0x522
#
# Failed to write core dump. Core dumps have been disabled. To enable core dumping, try "ulimit -c unlimited" before starting Java again
#
# If you would like to submit a bug report, please include
# instructions on how to reproduce the bug and visit:
#   http://icedtea.classpath.org/bugzilla
#

---------------  T H R E A D  ---------------

Current thread (0x00007f75c4022000):  GCTaskThread [stack: 0x00007f75c0884000,0x00007f75c0985000] [id=3786]

siginfo:si_signo=SIGSEGV: si_errno=0, si_code=1 (SEGV_MAPERR), si_addr=0x00007f758a4d5ac0

Registers:
RAX=0x00000000ec427198, RBX=0x00000000ec27a8b8, RCX=0x00007f758a4d59f0, RDX=0x00000000ec427198
RSP=0x00007f75c0983c00, RBP=0x00007f75c0983c60, RSI=0x00007f75c4073130, RDI=0x00000000ba116af0
R8 =0x0000000000000000, R9 =0x0000000000000005, R10=0x0000000000000001, R11=0x00007f75cacfc960
R12=0x00000000ec427198, R13=0x0000000000000001, R14=0x00007f75c4073130, R15=0x0000000000000002
RIP=0x00007f75c9f73b82, EFLAGS=0x0000000000010217, CSGSFS=0x0000000000000033, ERR=0x0000000000000004
  TRAPNO=0x000000000000000e

Top of Stack: (sp=0x00007f75c0983c00)
0x00007f75c0983c00:   00007f75c4073130 00000000ec422670
0x00007f75c0983c10:   00007f75c4073130 00000000ec427198
0x00007f75c0983c20:   00007f75c0983c60 00007f75c9d03dae
0x00007f75c0983c30:   00007f75c0983c80 00007f75c4073130
0x00007f75c0983c40:   00000000ec4270bc 0000000000000001
0x00007f75c0983c50:   00007f75c40731a0 00007f75ca4f4e20
0x00007f75c0983c60:   00007f75c0983cd0 00007f75c9f73048
0x00007f75c0983c70:   00007f75c0983cd0 00007f75c40731d0
0x00007f75c0983c80:   0000003b00000000 00000000ec423fe8
0x00007f75c0983c90:   0000003c00000000 0000000000001000
0x00007f75c0983ca0:   00007f75c0983d50 0000000000000001
0x00007f75c0983cb0:   00007f75c0983d00 00007f75c0983d10
0x00007f75c0983cc0:   0000000000000000 00007f75c4072f30
0x00007f75c0983cd0:   00007f75c0983d50 00007f75c9f76a8a
0x00007f75c0983ce0:   00007f75ca4f4e20 00000000ec400958
0x00007f75c0983cf0:   00007f7598025bc0 00007f75c4073130
0x00007f75c0983d00:   00007f755e3cce6f 00007f75c9ed5ecb
0x00007f75c0983d10:   00000000ec400959 00007f7598025bc0
0x00007f75c0983d20:   00007f75c0983d50 0000000000000001
0x00007f75c0983d30:   00007f7598025bc0 00007f75ca0eb5e1
0x00007f75c0983d40:   00007f75c4022000 00007f75ca510d6a
0x00007f75c0983d50:   00007f75c0983e60 00007f75c9c91702
0x00007f75c0983d60:   00000000000003d8 00007f75c4022628
0x00007f75c0983d70:   00007f75c4022250 00007f75c0983df0
0x00007f75c0983d80:   00007f75c4022210 00007f75c4022240
0x00007f75c0983d90:   00007f75c0983da0 0000000000000000
0x00007f75c0983da0:   0000000000000000 00007f75c4023000
0x00007f75c0983db0:   00007f75c4022000 00007f75c4022630
0x00007f75c0983dc0:   00007f75c4022670 00007f75c4022680
0x00007f75c0983dd0:   00007f75c4022a58 00000000000003d8
0x00007f75c0983de0:   00007f75c4022a60 00007f75c40233d0
0x00007f75c0983df0:   00007f75c4022000 00007f75c4022630 

Instructions: (pc=0x00007f75c9f73b82)
0x00007f75c9f73b62:   18 ff ff ff bf 4c 89 e0 0f 87 83 fc ff ff 48 8b
0x00007f75c9f73b72:   4a 10 48 8d 7a 10 4c 89 65 b8 4c 89 e2 4c 89 f6
0x00007f75c9f73b82:   ff 91 d0 00 00 00 48 8b 45 b8 e9 62 fc ff ff 0f
0x00007f75c9f73b92:   1f 80 00 00 00 00 3c 01 48 8d 05 cb 4d 57 00 89 

Register to memory mapping:

RAX=0x00000000ec427198 is an oop

[error occurred during error reporting (printing register info), id 0xb]

Stack: [0x00007f75c0884000,0x00007f75c0985000],  sp=0x00007f75c0983c00,  free space=1023k
Native frames: (J=compiled Java code, j=interpreted, Vv=VM code, C=native code)
V  [libjvm.so+0x7ffb82]  oopDesc* PSPromotionManager::copy_to_survivor_space<false>(oopDesc*)+0x522
V  [libjvm.so+0x7ff048]  PSPromotionManager::drain_stacks_depth(bool)+0x6b8
V  [libjvm.so+0x802a8a]  StealTask::do_it(GCTaskManager*, unsigned int)+0x18a
V  [libjvm.so+0x51d702]  GCTaskThread::run()+0x162
V  [libjvm.so+0x795e92]  java_start(Thread*)+0xf2


---------------  P R O C E S S  ---------------

Java Threads: ( => current thread )
  0x00007f75c40a6000 JavaThread "Service Thread" daemon [_thread_blocked, id=3795, stack(0x00007f75b80f7000,0x00007f75b81f8000)]
  0x00007f75c40a3800 JavaThread "C2 CompilerThread1" daemon [_thread_blocked, id=3794, stack(0x00007f75b81f8000,0x00007f75b82f9000)]
  0x00007f75c40a0800 JavaThread "C2 CompilerThread0" daemon [_thread_blocked, id=3793, stack(0x00007f75b82f9000,0x00007f75b83fa000)]
  0x00007f75c409e800 JavaThread "Signal Dispatcher" daemon [_thread_blocked, id=3792, stack(0x00007f75b83fa000,0x00007f75b84fb000)]
  0x00007f75c407b800 JavaThread "Finalizer" daemon [_thread_blocked, id=3791, stack(0x00007f75b8bdf000,0x00007f75b8ce0000)]
  0x00007f75c4079800 JavaThread "Reference Handler" daemon [_thread_blocked, id=3790, stack(0x00007f75b8ce0000,0x00007f75b8de1000)]
  0x00007f75c400a000 JavaThread "main" [_thread_blocked, id=3784, stack(0x00007f75cb23f000,0x00007f75cb340000)]

Other Threads:
  0x00007f75c4075800 VMThread [stack: 0x00007f75b8de1000,0x00007f75b8ee2000] [id=3789]
  0x00007f75c40b1000 WatcherThread [stack: 0x00007f75b3eff000,0x00007f75b4000000] [id=3796]

=>0x00007f75c4022000 (exited) GCTaskThread [stack: 0x00007f75c0884000,0x00007f75c0985000] [id=3786]

VM state:at safepoint (normal execution)

VM Mutex/Monitor currently owned by a thread:  ([mutex/lock_event])
[0x00007f75c4006610] Threads_lock - owner thread: 0x00007f75c4075800
[0x00007f75c4006b10] Heap_lock - owner thread: 0x00007f75c400a000

Heap
 PSYoungGen      total 3584K, used 3049K [0x00000000ec100000, 0x00000000ec500000, 0x0000000100000000)
  eden space 3072K, 99% used [0x00000000ec100000,0x00000000ec3fa770,0x00000000ec400000)
  from space 512K, 0% used [0x00000000ec480000,0x00000000ec480000,0x00000000ec500000)
  to   space 512K, 99% used [0x00000000ec400000,0x00000000ec47fd10,0x00000000ec480000)
 ParOldGen       total 5632K, used 8K [0x00000000c4400000, 0x00000000c4980000, 0x00000000ec100000)
  object space 5632K, 0% used [0x00000000c4400000,0x00000000c4402000,0x00000000c4980000)
 PSPermGen       total 21504K, used 3756K [0x00000000b9e00000, 0x00000000bb300000, 0x00000000c4400000)
  object space 21504K, 17% used [0x00000000b9e00000,0x00000000ba1ab278,0x00000000bb300000)

Card table byte_map: [0x00007f75c0bc5000,0x00007f75c0df7000] byte_map_base: 0x00007f75c05f6000

Polling page: 0x00007f75cb364000

Code Cache  [0x00007f75c0df7000, 0x00007f75c1067000, 0x00007f75c3df7000)
 total_blobs=191 nmethods=5 adapters=141 free_code_cache=48761Kb largest_free_block=49916032

Compilation events (10 events):
Event: 0,201 Thread 0x00007f75c40a3800    2             java.lang.String::indexOf (70 bytes)
Event: 0,211 Thread 0x00007f75c40a3800 nmethod 2 0x00007f75c0e57710 code [0x00007f75c0e57860, 0x00007f75c0e579e8]
Event: 0,214 Thread 0x00007f75c40a0800 nmethod 1 0x00007f75c0e56d90 code [0x00007f75c0e56f00, 0x00007f75c0e57408]
Event: 0,222 Thread 0x00007f75c40a3800    3             java.lang.String::hashCode (55 bytes)
Event: 0,223 Thread 0x00007f75c40a0800    4             java.lang.String::lastIndexOf (52 bytes)
Event: 0,225 Thread 0x00007f75c40a0800 nmethod 4 0x00007f75c0e569d0 code [0x00007f75c0e56b20, 0x00007f75c0e56c88]
Event: 0,227 Thread 0x00007f75c40a3800 nmethod 3 0x00007f75c0e56690 code [0x00007f75c0e567e0, 0x00007f75c0e56938]
Event: 0,286 Thread 0x00007f75c40a0800    5             java.lang.String::replace (127 bytes)
Event: 0,302 Thread 0x00007f75c40a0800 nmethod 5 0x00007f75c0e58450 code [0x00007f75c0e585a0, 0x00007f75c0e589d8]
Event: 0,328 Thread 0x00007f75c40a3800    6             java.lang.String::indexOf (166 bytes)

GC Heap History (1 events):
Event: 0,344 GC heap before
{Heap before GC invocations=1 (full 0):
 PSYoungGen      total 3584K, used 3049K [0x00000000ec100000, 0x00000000ec500000, 0x0000000100000000)
  eden space 3072K, 99% used [0x00000000ec100000,0x00000000ec3fa770,0x00000000ec400000)
  from space 512K, 0% used [0x00000000ec480000,0x00000000ec480000,0x00000000ec500000)
  to   space 512K, 0% used [0x00000000ec400000,0x00000000ec400000,0x00000000ec480000)
 ParOldGen       total 5632K, used 0K [0x00000000c4400000, 0x00000000c4980000, 0x00000000ec100000)
  object space 5632K, 0% used [0x00000000c4400000,0x00000000c4400000,0x00000000c4980000)
 PSPermGen       total 21504K, used 3756K [0x00000000b9e00000, 0x00000000bb300000, 0x00000000c4400000)
  object space 21504K, 17% used [0x00000000b9e00000,0x00000000ba1ab278,0x00000000bb300000)

Deoptimization events (0 events):
No events

Internal exceptions (10 events):
Event: 0,330 Thread 0x00007f75c400a000 Threw 0x00000000ec3ace08 at /build/buildd/openjdk-7-7u55-2.4.7/build/openjdk/hotspot/src/share/vm/prims/jvm.cpp:1244
Event: 0,333 Thread 0x00007f75c400a000 Threw 0x00000000ec3b59e0 at /build/buildd/openjdk-7-7u55-2.4.7/build/openjdk/hotspot/src/share/vm/prims/jvm.cpp:1244
Event: 0,335 Thread 0x00007f75c400a000 Threw 0x00000000ec3bc618 at /build/buildd/openjdk-7-7u55-2.4.7/build/openjdk/hotspot/src/share/vm/prims/jvm.cpp:1244
Event: 0,338 Thread 0x00007f75c400a000 Threw 0x00000000ec3c4460 at /build/buildd/openjdk-7-7u55-2.4.7/build/openjdk/hotspot/src/share/vm/prims/jvm.cpp:1244
Event: 0,339 Thread 0x00007f75c400a000 Threw 0x00000000ec3c7f48 at /build/buildd/openjdk-7-7u55-2.4.7/build/openjdk/hotspot/src/share/vm/prims/jvm.cpp:1244
Event: 0,341 Thread 0x00007f75c400a000 Threw 0x00000000ec3d4938 at /build/buildd/openjdk-7-7u55-2.4.7/build/openjdk/hotspot/src/share/vm/prims/jvm.cpp:1244
Event: 0,341 Thread 0x00007f75c400a000 Threw 0x00000000ec3daab8 at /build/buildd/openjdk-7-7u55-2.4.7/build/openjdk/hotspot/src/share/vm/prims/jvm.cpp:1244
Event: 0,342 Thread 0x00007f75c400a000 Threw 0x00000000ec3dd8e8 at /build/buildd/openjdk-7-7u55-2.4.7/build/openjdk/hotspot/src/share/vm/prims/jvm.cpp:1244
Event: 0,343 Thread 0x00007f75c400a000 Threw 0x00000000ec3e0f98 at /build/buildd/openjdk-7-7u55-2.4.7/build/openjdk/hotspot/src/share/vm/prims/jvm.cpp:1244
Event: 0,344 Thread 0x00007f75c400a000 Threw 0x00000000ec3e6ad0 at /build/buildd/openjdk-7-7u55-2.4.7/build/openjdk/hotspot/src/share/vm/prims/jvm.cpp:1244

Events (10 events):
Event: 0,341 loading class 0x00007f75c4157b10 done
Event: 0,341 loading class 0x00007f75c41b7f50
Event: 0,341 loading class 0x00007f75c41b7f50 done
Event: 0,342 loading class 0x00007f75c414fe70
Event: 0,342 loading class 0x00007f75c414fe70 done
Event: 0,343 loading class 0x00007f75c418b110
Event: 0,343 loading class 0x00007f75c418b110 done
Event: 0,344 loading class 0x00007f75c4110850
Event: 0,344 loading class 0x00007f75c4110850 done
Event: 0,344 Executing VM operation: ParallelGCFailedAllocation


Dynamic libraries:
00400000-00401000 r-xp 00000000 08:07 3944770                            /usr/lib/jvm/java-7-openjdk-amd64/bin/javac
00600000-00601000 r--p 00000000 08:07 3944770                            /usr/lib/jvm/java-7-openjdk-amd64/bin/javac
00601000-00602000 rw-p 00001000 08:07 3944770                            /usr/lib/jvm/java-7-openjdk-amd64/bin/javac
01c97000-01cb8000 rw-p 00000000 00:00 0                                  [heap]
b9e00000-bb300000 rw-p 00000000 00:00 0 
bb300000-c4400000 rw-p 00000000 00:00 0 
c4400000-c4980000 rw-p 00000000 00:00 0 
c4980000-ec100000 rw-p 00000000 00:00 0 
ec100000-ec500000 rw-p 00000000 00:00 0 
ec500000-100000000 rw-p 00000000 00:00 0 
7f7584000000-7f7584021000 rw-p 00000000 00:00 0 
7f7584021000-7f7588000000 ---p 00000000 00:00 0 
7f758c000000-7f758c048000 rw-p 00000000 00:00 0 
7f758c048000-7f7590000000 ---p 00000000 00:00 0 
7f7590000000-7f7590021000 rw-p 00000000 00:00 0 
7f7590021000-7f7594000000 ---p 00000000 00:00 0 
7f7594000000-7f7594021000 rw-p 00000000 00:00 0 
7f7594021000-7f7598000000 ---p 00000000 00:00 0 
7f7598000000-7f75980cb000 rw-p 00000000 00:00 0 
7f75980cb000-7f759c000000 ---p 00000000 00:00 0 
7f759c000000-7f759c021000 rw-p 00000000 00:00 0 
7f759c021000-7f75a0000000 ---p 00000000 00:00 0 
7f75a0000000-7f75a0021000 rw-p 00000000 00:00 0 
7f75a0021000-7f75a4000000 ---p 00000000 00:00 0 
7f75a4000000-7f75a4021000 rw-p 00000000 00:00 0 
7f75a4021000-7f75a8000000 ---p 00000000 00:00 0 
7f75a8000000-7f75a8021000 rw-p 00000000 00:00 0 
7f75a8021000-7f75ac000000 ---p 00000000 00:00 0 
7f75ac000000-7f75ac021000 rw-p 00000000 00:00 0 
7f75ac021000-7f75b0000000 ---p 00000000 00:00 0 
7f75b3cc9000-7f75b3eff000 rw-p 00000000 00:00 0 
7f75b3eff000-7f75b3f00000 ---p 00000000 00:00 0 
7f75b3f00000-7f75b4000000 rw-p 00000000 00:00 0                          [stack:3796]
7f75b4000000-7f75b4021000 rw-p 00000000 00:00 0 
7f75b4021000-7f75b8000000 ---p 00000000 00:00 0 
7f75b808c000-7f75b80f7000 r--s 0069c000 08:07 3944768                    /usr/lib/jvm/java-7-openjdk-amd64/lib/tools.jar
7f75b80f7000-7f75b80fa000 ---p 00000000 00:00 0 
7f75b80fa000-7f75b81f8000 rw-p 00000000 00:00 0                          [stack:3795]
7f75b81f8000-7f75b81fb000 ---p 00000000 00:00 0 
7f75b81fb000-7f75b82f9000 rw-p 00000000 00:00 0                          [stack:3794]
7f75b82f9000-7f75b82fc000 ---p 00000000 00:00 0 
7f75b82fc000-7f75b83fa000 rw-p 00000000 00:00 0                          [stack:3793]
7f75b83fa000-7f75b83fd000 ---p 00000000 00:00 0 
7f75b83fd000-7f75b84fb000 rw-p 00000000 00:00 0                          [stack:3792]
7f75b84fb000-7f75b8bdf000 r--p 00000000 08:07 3939156                    /usr/lib/locale/locale-archive
7f75b8bdf000-7f75b8be2000 ---p 00000000 00:00 0 
7f75b8be2000-7f75b8ce0000 rw-p 00000000 00:00 0                          [stack:3791]
7f75b8ce0000-7f75b8ce3000 ---p 00000000 00:00 0 
7f75b8ce3000-7f75b8de1000 rw-p 00000000 00:00 0                          [stack:3790]
7f75b8de1000-7f75b8de2000 ---p 00000000 00:00 0 
7f75b8de2000-7f75bc000000 rw-p 00000000 00:00 0                          [stack:3789]
7f75bc000000-7f75bc021000 rw-p 00000000 00:00 0 
7f75bc021000-7f75c0000000 ---p 00000000 00:00 0 
7f75c002c000-7f75c01d2000 rw-p 00000000 00:00 0 
7f75c01d2000-7f75c0380000 r--s 01cfc000 08:07 3950522                    /usr/lib/jvm/java-7-openjdk-amd64/jre/lib/rt.jar
7f75c0380000-7f75c0682000 rw-p 00000000 00:00 0 
7f75c0682000-7f75c0683000 ---p 00000000 00:00 0 
7f75c0683000-7f75c0783000 rw-p 00000000 00:00 0                          [stack:3788]
7f75c0783000-7f75c0784000 ---p 00000000 00:00 0 
7f75c0784000-7f75c0884000 rw-p 00000000 00:00 0                          [stack:3787]
7f75c0884000-7f75c0885000 ---p 00000000 00:00 0 
7f75c0885000-7f75c0985000 rw-p 00000000 00:00 0                          [stack:3786]
7f75c0985000-7f75c0986000 ---p 00000000 00:00 0 
7f75c0986000-7f75c0a89000 rw-p 00000000 00:00 0                          [stack:3785]
7f75c0a89000-7f75c0bc5000 rw-p 00000000 00:00 0 
7f75c0bc5000-7f75c0bd0000 rw-p 00000000 00:00 0 
7f75c0bd0000-7f75c0c18000 rw-p 00000000 00:00 0 
7f75c0c18000-7f75c0c1b000 rw-p 00000000 00:00 0 
7f75c0c1b000-7f75c0d56000 rw-p 00000000 00:00 0 
7f75c0d56000-7f75c0d59000 rw-p 00000000 00:00 0 
7f75c0d59000-7f75c0df6000 rw-p 00000000 00:00 0 
7f75c0df6000-7f75c0df7000 rw-p 00000000 00:00 0 
7f75c0df7000-7f75c1067000 rwxp 00000000 00:00 0 
7f75c1067000-7f75c3df7000 rw-p 00000000 00:00 0 
7f75c3df7000-7f75c3dff000 r-xp 00000000 08:07 3942779                    /usr/lib/jvm/java-7-openjdk-amd64/jre/lib/amd64/libzip.so
7f75c3dff000-7f75c3ffe000 ---p 00008000 08:07 3942779                    /usr/lib/jvm/java-7-openjdk-amd64/jre/lib/amd64/libzip.so
7f75c3ffe000-7f75c3fff000 r--p 00007000 08:07 3942779                    /usr/lib/jvm/java-7-openjdk-amd64/jre/lib/amd64/libzip.so
7f75c3fff000-7f75c4000000 rw-p 00008000 08:07 3942779                    /usr/lib/jvm/java-7-openjdk-amd64/jre/lib/amd64/libzip.so
7f75c4000000-7f75c41c4000 rw-p 00000000 00:00 0 
7f75c41c4000-7f75c8000000 ---p 00000000 00:00 0 
7f75c800f000-7f75c808b000 rw-p 00000000 00:00 0 
7f75c808b000-7f75c80d3000 rw-p 00000000 00:00 0 
7f75c80d3000-7f75c80df000 r-xp 00000000 08:07 3542989                    /lib/x86_64-linux-gnu/libnss_files-2.17.so
7f75c80df000-7f75c82de000 ---p 0000c000 08:07 3542989                    /lib/x86_64-linux-gnu/libnss_files-2.17.so
7f75c82de000-7f75c82df000 r--p 0000b000 08:07 3542989                    /lib/x86_64-linux-gnu/libnss_files-2.17.so
7f75c82df000-7f75c82e0000 rw-p 0000c000 08:07 3542989                    /lib/x86_64-linux-gnu/libnss_files-2.17.so
7f75c82e0000-7f75c82eb000 r-xp 00000000 08:07 3542993                    /lib/x86_64-linux-gnu/libnss_nis-2.17.so
7f75c82eb000-7f75c84ea000 ---p 0000b000 08:07 3542993                    /lib/x86_64-linux-gnu/libnss_nis-2.17.so
7f75c84ea000-7f75c84eb000 r--p 0000a000 08:07 3542993                    /lib/x86_64-linux-gnu/libnss_nis-2.17.so
7f75c84eb000-7f75c84ec000 rw-p 0000b000 08:07 3542993                    /lib/x86_64-linux-gnu/libnss_nis-2.17.so
7f75c84ec000-7f75c8503000 r-xp 00000000 08:07 3542983                    /lib/x86_64-linux-gnu/libnsl-2.17.so
7f75c8503000-7f75c8702000 ---p 00017000 08:07 3542983                    /lib/x86_64-linux-gnu/libnsl-2.17.so
7f75c8702000-7f75c8703000 r--p 00016000 08:07 3542983                    /lib/x86_64-linux-gnu/libnsl-2.17.so
7f75c8703000-7f75c8704000 rw-p 00017000 08:07 3542983                    /lib/x86_64-linux-gnu/libnsl-2.17.so
7f75c8704000-7f75c8706000 rw-p 00000000 00:00 0 
7f75c8706000-7f75c870e000 r-xp 00000000 08:07 3542985                    /lib/x86_64-linux-gnu/libnss_compat-2.17.so
7f75c870e000-7f75c890d000 ---p 00008000 08:07 3542985                    /lib/x86_64-linux-gnu/libnss_compat-2.17.so
7f75c890d000-7f75c890e000 r--p 00007000 08:07 3542985                    /lib/x86_64-linux-gnu/libnss_compat-2.17.so
7f75c890e000-7f75c890f000 rw-p 00008000 08:07 3542985                    /lib/x86_64-linux-gnu/libnss_compat-2.17.so
7f75c890f000-7f75c893a000 r-xp 00000000 08:07 3942774                    /usr/lib/jvm/java-7-openjdk-amd64/jre/lib/amd64/libjava.so
7f75c893a000-7f75c8b39000 ---p 0002b000 08:07 3942774                    /usr/lib/jvm/java-7-openjdk-amd64/jre/lib/amd64/libjava.so
7f75c8b39000-7f75c8b3a000 r--p 0002a000 08:07 3942774                    /usr/lib/jvm/java-7-openjdk-amd64/jre/lib/amd64/libjava.so
7f75c8b3a000-7f75c8b3c000 rw-p 0002b000 08:07 3942774                    /usr/lib/jvm/java-7-openjdk-amd64/jre/lib/amd64/libjava.so
7f75c8b3c000-7f75c8b4c000 r-xp 00000000 08:07 3942799                    /usr/lib/jvm/java-7-openjdk-amd64/jre/lib/amd64/libverify.so
7f75c8b4c000-7f75c8d4b000 ---p 00010000 08:07 3942799                    /usr/lib/jvm/java-7-openjdk-amd64/jre/lib/amd64/libverify.so
7f75c8d4b000-7f75c8d4d000 r--p 0000f000 08:07 3942799                    /usr/lib/jvm/java-7-openjdk-amd64/jre/lib/amd64/libverify.so
7f75c8d4d000-7f75c8d4e000 rw-p 00011000 08:07 3942799                    /usr/lib/jvm/java-7-openjdk-amd64/jre/lib/amd64/libverify.so
7f75c8d4e000-7f75c8d55000 r-xp 00000000 08:07 3543036                    /lib/x86_64-linux-gnu/librt-2.17.so
7f75c8d55000-7f75c8f54000 ---p 00007000 08:07 3543036                    /lib/x86_64-linux-gnu/librt-2.17.so
7f75c8f54000-7f75c8f55000 r--p 00006000 08:07 3543036                    /lib/x86_64-linux-gnu/librt-2.17.so
7f75c8f55000-7f75c8f56000 rw-p 00007000 08:07 3543036                    /lib/x86_64-linux-gnu/librt-2.17.so
7f75c8f56000-7f75c8f6b000 r-xp 00000000 08:07 3538949                    /lib/x86_64-linux-gnu/libgcc_s.so.1
7f75c8f6b000-7f75c916a000 ---p 00015000 08:07 3538949                    /lib/x86_64-linux-gnu/libgcc_s.so.1
7f75c916a000-7f75c916b000 r--p 00014000 08:07 3538949                    /lib/x86_64-linux-gnu/libgcc_s.so.1
7f75c916b000-7f75c916c000 rw-p 00015000 08:07 3538949                    /lib/x86_64-linux-gnu/libgcc_s.so.1
7f75c916c000-7f75c926f000 r-xp 00000000 08:07 3542964                    /lib/x86_64-linux-gnu/libm-2.17.so
7f75c926f000-7f75c946e000 ---p 00103000 08:07 3542964                    /lib/x86_64-linux-gnu/libm-2.17.so
7f75c946e000-7f75c946f000 r--p 00102000 08:07 3542964                    /lib/x86_64-linux-gnu/libm-2.17.so
7f75c946f000-7f75c9470000 rw-p 00103000 08:07 3542964                    /lib/x86_64-linux-gnu/libm-2.17.so
7f75c9470000-7f75c9556000 r-xp 00000000 08:07 3938427                    /usr/lib/x86_64-linux-gnu/libstdc++.so.6.0.18
7f75c9556000-7f75c9755000 ---p 000e6000 08:07 3938427                    /usr/lib/x86_64-linux-gnu/libstdc++.so.6.0.18
7f75c9755000-7f75c975d000 r--p 000e5000 08:07 3938427                    /usr/lib/x86_64-linux-gnu/libstdc++.so.6.0.18
7f75c975d000-7f75c975f000 rw-p 000ed000 08:07 3938427                    /usr/lib/x86_64-linux-gnu/libstdc++.so.6.0.18
7f75c975f000-7f75c9774000 rw-p 00000000 00:00 0 
7f75c9774000-7f75ca253000 r-xp 00000000 08:07 3942816                    /usr/lib/jvm/java-7-openjdk-amd64/jre/lib/amd64/server/libjvm.so
7f75ca253000-7f75ca453000 ---p 00adf000 08:07 3942816                    /usr/lib/jvm/java-7-openjdk-amd64/jre/lib/amd64/server/libjvm.so
7f75ca453000-7f75ca4e5000 r--p 00adf000 08:07 3942816                    /usr/lib/jvm/java-7-openjdk-amd64/jre/lib/amd64/server/libjvm.so
7f75ca4e5000-7f75ca508000 rw-p 00b71000 08:07 3942816                    /usr/lib/jvm/java-7-openjdk-amd64/jre/lib/amd64/server/libjvm.so
7f75ca508000-7f75ca535000 rw-p 00000000 00:00 0 
7f75ca535000-7f75ca54d000 r-xp 00000000 08:07 3543071                    /lib/x86_64-linux-gnu/libz.so.1.2.8
7f75ca54d000-7f75ca74c000 ---p 00018000 08:07 3543071                    /lib/x86_64-linux-gnu/libz.so.1.2.8
7f75ca74c000-7f75ca74d000 r--p 00017000 08:07 3543071                    /lib/x86_64-linux-gnu/libz.so.1.2.8
7f75ca74d000-7f75ca74e000 rw-p 00018000 08:07 3543071                    /lib/x86_64-linux-gnu/libz.so.1.2.8
7f75ca74e000-7f75ca765000 r-xp 00000000 08:07 3543028                    /lib/x86_64-linux-gnu/libpthread-2.17.so
7f75ca765000-7f75ca965000 ---p 00017000 08:07 3543028                    /lib/x86_64-linux-gnu/libpthread-2.17.so
7f75ca965000-7f75ca966000 r--p 00017000 08:07 3543028                    /lib/x86_64-linux-gnu/libpthread-2.17.so
7f75ca966000-7f75ca967000 rw-p 00018000 08:07 3543028                    /lib/x86_64-linux-gnu/libpthread-2.17.so
7f75ca967000-7f75ca96b000 rw-p 00000000 00:00 0 
7f75ca96b000-7f75ca96e000 r-xp 00000000 08:07 3542928                    /lib/x86_64-linux-gnu/libdl-2.17.so
7f75ca96e000-7f75cab6d000 ---p 00003000 08:07 3542928                    /lib/x86_64-linux-gnu/libdl-2.17.so
7f75cab6d000-7f75cab6e000 r--p 00002000 08:07 3542928                    /lib/x86_64-linux-gnu/libdl-2.17.so
7f75cab6e000-7f75cab6f000 rw-p 00003000 08:07 3542928                    /lib/x86_64-linux-gnu/libdl-2.17.so
7f75cab6f000-7f75cad2c000 r-xp 00000000 08:07 3542913                    /lib/x86_64-linux-gnu/libc-2.17.so
7f75cad2c000-7f75caf2c000 ---p 001bd000 08:07 3542913                    /lib/x86_64-linux-gnu/libc-2.17.so
7f75caf2c000-7f75caf30000 r--p 001bd000 08:07 3542913                    /lib/x86_64-linux-gnu/libc-2.17.so
7f75caf30000-7f75caf32000 rw-p 001c1000 08:07 3542913                    /lib/x86_64-linux-gnu/libc-2.17.so
7f75caf32000-7f75caf37000 rw-p 00000000 00:00 0 
7f75caf37000-7f75caf44000 r-xp 00000000 08:07 3942850                    /usr/lib/jvm/java-7-openjdk-amd64/jre/lib/amd64/jli/libjli.so
7f75caf44000-7f75cb143000 ---p 0000d000 08:07 3942850                    /usr/lib/jvm/java-7-openjdk-amd64/jre/lib/amd64/jli/libjli.so
7f75cb143000-7f75cb144000 r--p 0000c000 08:07 3942850                    /usr/lib/jvm/java-7-openjdk-amd64/jre/lib/amd64/jli/libjli.so
7f75cb144000-7f75cb145000 rw-p 0000d000 08:07 3942850                    /usr/lib/jvm/java-7-openjdk-amd64/jre/lib/amd64/jli/libjli.so
7f75cb145000-7f75cb168000 r-xp 00000000 08:07 3542889                    /lib/x86_64-linux-gnu/ld-2.17.so
7f75cb16b000-7f75cb16c000 rw-p 00000000 00:00 0 
7f75cb16c000-7f75cb16f000 r--s 00032000 08:07 3950502                    /usr/lib/jvm/java-7-openjdk-amd64/jre/lib/ext/sunjce_provider.jar
7f75cb16f000-7f75cb173000 r--s 0003b000 08:07 3950505                    /usr/lib/jvm/java-7-openjdk-amd64/jre/lib/ext/sunpkcs11.jar
7f75cb173000-7f75cb174000 r--s 00002000 08:07 3950504                    /usr/lib/jvm/java-7-openjdk-amd64/jre/lib/ext/dnsns.jar
7f75cb174000-7f75cb178000 r--s 00085000 08:07 3950470                    /usr/lib/jvm/java-7-openjdk-amd64/jre/lib/ext/localedata.jar
7f75cb178000-7f75cb17a000 r--s 00006000 08:07 4342350                    /usr/share/java/java-atk-wrapper.jar
7f75cb17a000-7f75cb17c000 r--s 00012000 08:07 3950473                    /usr/lib/jvm/java-7-openjdk-amd64/jre/lib/ext/zipfs.jar
7f75cb17c000-7f75cb17f000 r--s 0000f000 08:07 3950471                    /usr/lib/jvm/java-7-openjdk-amd64/jre/lib/ext/pulse-java.jar
7f75cb17f000-7f75cb189000 rw-p 00000000 00:00 0 
7f75cb189000-7f75cb23f000 rw-p 00000000 00:00 0 
7f75cb23f000-7f75cb242000 ---p 00000000 00:00 0 
7f75cb242000-7f75cb35b000 rw-p 00000000 00:00 0                          [stack:3784]
7f75cb35b000-7f75cb363000 rw-s 00000000 08:07 4598404                    /tmp/hsperfdata_roberty/3783
7f75cb363000-7f75cb364000 rw-p 00000000 00:00 0 
7f75cb364000-7f75cb365000 ---p 00000000 00:00 0 
7f75cb365000-7f75cb367000 rw-p 00000000 00:00 0 
7f75cb367000-7f75cb368000 r--p 00022000 08:07 3542889                    /lib/x86_64-linux-gnu/ld-2.17.so
7f75cb368000-7f75cb36a000 rw-p 00023000 08:07 3542889                    /lib/x86_64-linux-gnu/ld-2.17.so
7fffaf071000-7fffaf092000 rw-p 00000000 00:00 0                          [stack]
7fffaf1a9000-7fffaf1ab000 r-xp 00000000 00:00 0                          [vdso]
ffffffffff600000-ffffffffff601000 r-xp 00000000 00:00 0                  [vsyscall]

VM Arguments:
jvm_args: -Dapplication.home=/usr/lib/jvm/java-7-openjdk-amd64 -Xms8m 
java_command: com.sun.tools.javac.Main MeuphoriaConstants.java Meuphoria.java MeuphoriaTokenManager.java ParseException.java SemanticRoutines.java SimpleCharStream.java Symbol.java SymbolsTable.java Token.java TokenMgrError.java
Launcher Type: SUN_STANDARD

Environment Variables:
PATH=/usr/lib/lightdm/lightdm:/usr/local/sbin:/usr/local/bin:/usr/sbin:/usr/bin:/sbin:/bin:/usr/games:/usr/local/games
SHELL=/bin/bash
DISPLAY=:0.0

Signal Handlers:
SIGSEGV: [libjvm.so+0x916eb0], sa_mask[0]=0x7ffbfeff, sa_flags=0x10000004
SIGBUS: [libjvm.so+0x916eb0], sa_mask[0]=0x7ffbfeff, sa_flags=0x10000004
SIGFPE: [libjvm.so+0x7947e0], sa_mask[0]=0x7ffbfeff, sa_flags=0x10000004
SIGPIPE: [libjvm.so+0x7947e0], sa_mask[0]=0x7ffbfeff, sa_flags=0x10000004
SIGXFSZ: [libjvm.so+0x7947e0], sa_mask[0]=0x7ffbfeff, sa_flags=0x10000004
SIGILL: [libjvm.so+0x7947e0], sa_mask[0]=0x7ffbfeff, sa_flags=0x10000004
SIGUSR1: SIG_DFL, sa_mask[0]=0x00000000, sa_flags=0x00000000
SIGUSR2: [libjvm.so+0x794680], sa_mask[0]=0x00000000, sa_flags=0x10000004
SIGHUP: [libjvm.so+0x794860], sa_mask[0]=0x7ffbfeff, sa_flags=0x10000004
SIGINT: [libjvm.so+0x794860], sa_mask[0]=0x7ffbfeff, sa_flags=0x10000004
SIGTERM: [libjvm.so+0x794860], sa_mask[0]=0x7ffbfeff, sa_flags=0x10000004
SIGQUIT: [libjvm.so+0x794860], sa_mask[0]=0x7ffbfeff, sa_flags=0x10000004


---------------  S Y S T E M  ---------------

OS:Ubuntu 13.10 (saucy)
uname:Linux 3.11.0-15-generic #25-Ubuntu SMP Thu Jan 30 17:22:01 UTC 2014 x86_64
libc:glibc 2.17 NPTL 2.17 
rlimit: STACK 8192k, CORE 0k, NPROC 30375, NOFILE 4096, AS infinity
load average:0,37 0,43 0,48

/proc/meminfo:
MemTotal:        3908276 kB
MemFree:         1707748 kB
Buffers:          304952 kB
Cached:           846364 kB
SwapCached:            0 kB
Active:          1266492 kB
Inactive:         744468 kB
Active(anon):     860596 kB
Inactive(anon):   250036 kB
Active(file):     405896 kB
Inactive(file):   494432 kB
Unevictable:          32 kB
Mlocked:              32 kB
SwapTotal:       4881404 kB
SwapFree:        4881404 kB
Dirty:               872 kB
Writeback:             0 kB
AnonPages:        859824 kB
Mapped:           190448 kB
Shmem:            250992 kB
Slab:             111500 kB
SReclaimable:      84708 kB
SUnreclaim:        26792 kB
KernelStack:        3984 kB
PageTables:        28236 kB
NFS_Unstable:          0 kB
Bounce:                0 kB
WritebackTmp:          0 kB
CommitLimit:     6835540 kB
Committed_AS:    3858328 kB
VmallocTotal:   34359738367 kB
VmallocUsed:      545256 kB
VmallocChunk:   34359186908 kB
HardwareCorrupted:     0 kB
AnonHugePages:         0 kB
HugePages_Total:       0
HugePages_Free:        0
HugePages_Rsvd:        0
HugePages_Surp:        0
Hugepagesize:       2048 kB
DirectMap4k:       54372 kB
DirectMap2M:     3999744 kB


CPU:total 4 (2 cores per cpu, 2 threads per core) family 6 model 37 stepping 5, cmov, cx8, fxsr, mmx, sse, sse2, sse3, ssse3, sse4.1, sse4.2, popcnt, ht, tsc, tscinvbit

/proc/cpuinfo:
processor	: 0
vendor_id	: GenuineIntel
cpu family	: 6
model		: 37
model name	: Intel(R) Core(TM) i3 CPU       M 370  @ 2.40GHz
stepping	: 5
microcode	: 0x2
cpu MHz		: 931.000
cache size	: 3072 KB
physical id	: 0
siblings	: 4
core id		: 0
cpu cores	: 2
apicid		: 0
initial apicid	: 0
fpu		: yes
fpu_exception	: yes
cpuid level	: 11
wp		: yes
flags		: fpu vme de pse tsc msr pae mce cx8 apic sep mtrr pge mca cmov pat pse36 clflush dts acpi mmx fxsr sse sse2 ss ht tm pbe syscall nx rdtscp lm constant_tsc arch_perfmon pebs bts rep_good nopl xtopology nonstop_tsc aperfmperf pni dtes64 monitor ds_cpl vmx est tm2 ssse3 cx16 xtpr pdcm pcid sse4_1 sse4_2 popcnt lahf_lm arat dtherm tpr_shadow vnmi flexpriority ept vpid
bogomips	: 4787.94
clflush size	: 64
cache_alignment	: 64
address sizes	: 36 bits physical, 48 bits virtual
power management:

processor	: 1
vendor_id	: GenuineIntel
cpu family	: 6
model		: 37
model name	: Intel(R) Core(TM) i3 CPU       M 370  @ 2.40GHz
stepping	: 5
microcode	: 0x2
cpu MHz		: 931.000
cache size	: 3072 KB
physical id	: 0
siblings	: 4
core id		: 2
cpu cores	: 2
apicid		: 4
initial apicid	: 4
fpu		: yes
fpu_exception	: yes
cpuid level	: 11
wp		: yes
flags		: fpu vme de pse tsc msr pae mce cx8 apic sep mtrr pge mca cmov pat pse36 clflush dts acpi mmx fxsr sse sse2 ss ht tm pbe syscall nx rdtscp lm constant_tsc arch_perfmon pebs bts rep_good nopl xtopology nonstop_tsc aperfmperf pni dtes64 monitor ds_cpl vmx est tm2 ssse3 cx16 xtpr pdcm pcid sse4_1 sse4_2 popcnt lahf_lm arat dtherm tpr_shadow vnmi flexpriority ept vpid
bogomips	: 4787.94
clflush size	: 64
cache_alignment	: 64
address sizes	: 36 bits physical, 48 bits virtual
power management:

processor	: 2
vendor_id	: GenuineIntel
cpu family	: 6
model		: 37
model name	: Intel(R) Core(TM) i3 CPU       M 370  @ 2.40GHz
stepping	: 5
microcode	: 0x2
cpu MHz		: 2394.000
cache size	: 3072 KB
physical id	: 0
siblings	: 4
core id		: 0
cpu cores	: 2
apicid		: 1
initial apicid	: 1
fpu		: yes
fpu_exception	: yes
cpuid level	: 11
wp		: yes
flags		: fpu vme de pse tsc msr pae mce cx8 apic sep mtrr pge mca cmov pat pse36 clflush dts acpi mmx fxsr sse sse2 ss ht tm pbe syscall nx rdtscp lm constant_tsc arch_perfmon pebs bts rep_good nopl xtopology nonstop_tsc aperfmperf pni dtes64 monitor ds_cpl vmx est tm2 ssse3 cx16 xtpr pdcm pcid sse4_1 sse4_2 popcnt lahf_lm arat dtherm tpr_shadow vnmi flexpriority ept vpid
bogomips	: 4787.94
clflush size	: 64
cache_alignment	: 64
address sizes	: 36 bits physical, 48 bits virtual
power management:

processor	: 3
vendor_id	: GenuineIntel
cpu family	: 6
model		: 37
model name	: Intel(R) Core(TM) i3 CPU       M 370  @ 2.40GHz
stepping	: 5
microcode	: 0x2
cpu MHz		: 2394.000
cache size	: 3072 KB
physical id	: 0
siblings	: 4
core id		: 2
cpu cores	: 2
apicid		: 5
initial apicid	: 5
fpu		: yes
fpu_exception	: yes
cpuid level	: 11
wp		: yes
flags		: fpu vme de pse tsc msr pae mce cx8 apic sep mtrr pge mca cmov pat pse36 clflush dts acpi mmx fxsr sse sse2 ss ht tm pbe syscall nx rdtscp lm constant_tsc arch_perfmon pebs bts rep_good nopl xtopology nonstop_tsc aperfmperf pni dtes64 monitor ds_cpl vmx est tm2 ssse3 cx16 xtpr pdcm pcid sse4_1 sse4_2 popcnt lahf_lm arat dtherm tpr_shadow vnmi flexpriority ept vpid
bogomips	: 4787.94
clflush size	: 64
cache_alignment	: 64
address sizes	: 36 bits physical, 48 bits virtual
power management:



Memory: 4k page, physical 3908276k(1707748k free), swap 4881404k(4881404k free)

vm_info: OpenJDK 64-Bit Server VM (24.51-b03) for linux-amd64 JRE (1.7.0_55-b14), built on Apr 17 2014 21:13:26 by "buildd" with gcc 4.8.1

time: Mon Jun 30 23:22:05 2014
elapsed time: 0 seconds

