#
# A fatal error has been detected by the Java Runtime Environment:
#
#  SIGSEGV (0xb) at pc=0x00007f67d1737a5e, pid=6979, tid=140083449890560
#
# JRE version: OpenJDK Runtime Environment (7.0_55-b14) (build 1.7.0_55-b14)
# Java VM: OpenJDK 64-Bit Server VM (24.51-b03 mixed mode linux-amd64 compressed oops)
# Problematic frame:
# V  [libjvm.so+0x573a5e]  IndexSetIterator::advance_and_next()+0x11e
#
# Failed to write core dump. Core dumps have been disabled. To enable core dumping, try "ulimit -c unlimited" before starting Java again
#
# If you would like to submit a bug report, please include
# instructions on how to reproduce the bug and visit:
#   http://icedtea.classpath.org/bugzilla
#

---------------  T H R E A D  ---------------

Current thread (0x00007f67cc0a3800):  JavaThread "C2 CompilerThread1" daemon [_thread_in_native, id=6990, stack(0x00007f67b8350000,0x00007f67b8451000)]

siginfo:si_signo=SIGSEGV: si_errno=0, si_code=2 (SEGV_ACCERR), si_addr=0x00007f6791f621c0

Registers:
RAX=0x00007f6791f621c0, RBX=0x00007f67b844c830, RCX=0x0000000000000001, RDX=0x00007f6798dfc67c
RSP=0x00007f67b844c7d0, RBP=0x00007f67b844c810, RSI=0x0000000000000007, RDI=0x0000000000000007
R8 =0x0000000000000000, R9 =0x0000000000000000, R10=0x0000000000000000, R11=0x0000000000000000
R12=0x0000000000000002, R13=0x00007f67d1f621c0, R14=0x0000000000000000, R15=0x0000000000000002
RIP=0x00007f67d1737a5e, EFLAGS=0x0000000000010287, CSGSFS=0x0000000000000033, ERR=0x0000000000000004
  TRAPNO=0x000000000000000e

Top of Stack: (sp=0x00007f67b844c7d0)
0x00007f67b844c7d0:   00007f67c4008740 00007f6700000007
0x00007f67b844c7e0:   00007f679c6c5b40 00007f67b844c830
0x00007f67b844c7f0:   000000000000048d 0000000000000010
0x00007f67b844c800:   0000000000002000 00007f67b844c950
0x00007f67b844c810:   00007f67b844c8a0 00007f67d172fde8
0x00007f67b844c820:   00007f679cc59e70 0000000000000020
0x00007f67b844c830:   0000001400000000 00007f6700000001
0x00007f67b844c840:   00007f6791f621c0 00007f6700000001
0x00007f67b844c850:   00007f679cc5a060 00007f6700000007
0x00007f67b844c860:   00007f679cc5a050 00007f679c6c5b30
0x00007f67b844c870:   00007f67b844c920 00007f67b844cbb0
0x00007f67b844c880:   00007f67d1f621c0 00007f67b844c920
0x00007f67b844c890:   00007f679c000b70 00007f67b844c9f0
0x00007f67b844c8a0:   00007f67b844cae0 00007f67d15678ac
0x00007f67b844c8b0:   00007f67b844c8c0 00007f67b844c990
0x00007f67b844c8c0:   00007f67b844c8f0 00000000000003d8
0x00007f67b844c8d0:   00007f67b844c950 0000000000000004
0x00007f67b844c8e0:   00007f679c000f58 00007f679c000b80
0x00007f67b844c8f0:   00007f6798009ee0 00007f6798009ee0
0x00007f67b844c900:   00007f6798009ef0 00007f679800a2c8
0x00007f67b844c910:   00000000000003d8 00007f67b844c9b0
0x00007f67b844c920:   00007f679c000b70 00007f679c2b2a10
0x00007f67b844c930:   00007f679c2bfb00 00007f679c2bfb00
0x00007f67b844c940:   00000000000c9dd0 0000000000000b00
0x00007f67b844c950:   00007f670000000b 00007f67b844eef0
0x00007f67b844c960:   00007f679cc2c830 00007f67d1956000
0x00007f67b844c970:   00007f679c9d4910 00007f670000066f
0x00007f67b844c980:   00007f67b844c920 00007f679c000b80
0x00007f67b844c990:   00007f6700000009 00007f67b844eef0
0x00007f67b844c9a0:   00007f679c6c5950 00007f679cc6cdb0
0x00007f67b844c9b0:   00007f679c1ec480 00007f679c1ee690
0x00007f67b844c9c0:   00007f679c2d5b60 00007f67b844cb20 

Instructions: (pc=0x00007f67d1737a5e)
0x00007f67d1737a3e:   89 f8 0f 86 01 01 00 00 48 8b 43 20 45 89 e7 4a
0x00007f67d1737a4e:   8b 04 f8 4c 39 e8 0f 84 de 00 00 00 48 89 43 10
0x00007f67d1737a5e:   44 8b 08 48 89 c6 45 85 c9 0f 85 83 01 00 00 44
0x00007f67d1737a6e:   8b 40 04 45 85 c0 0f 85 c6 01 00 00 8b 48 08 85 

Register to memory mapping:

RAX=0x00007f6791f621c0 is an unknown value
RBX=0x00007f67b844c830 is pointing into the stack for thread: 0x00007f67cc0a3800
RCX=0x0000000000000001 is an unknown value
RDX=0x00007f6798dfc67c is an unknown value
RSP=0x00007f67b844c7d0 is pointing into the stack for thread: 0x00007f67cc0a3800
RBP=0x00007f67b844c810 is pointing into the stack for thread: 0x00007f67cc0a3800
RSI=0x0000000000000007 is an unknown value
RDI=0x0000000000000007 is an unknown value
R8 =0x0000000000000000 is an unknown value
R9 =0x0000000000000000 is an unknown value
R10=0x0000000000000000 is an unknown value
R11=0x0000000000000000 is an unknown value
R12=0x0000000000000002 is an unknown value
R13=0x00007f67d1f621c0: <offset 0xd9e1c0> in /usr/lib/jvm/java-7-openjdk-amd64/jre/lib/amd64/server/libjvm.so at 0x00007f67d11c4000
R14=0x0000000000000000 is an unknown value
R15=0x0000000000000002 is an unknown value


Stack: [0x00007f67b8350000,0x00007f67b8451000],  sp=0x00007f67b844c7d0,  free space=1009k
Native frames: (J=compiled Java code, j=interpreted, Vv=VM code, C=native code)
V  [libjvm.so+0x573a5e]  IndexSetIterator::advance_and_next()+0x11e
V  [libjvm.so+0x56bde8]  PhaseIFG::SquareUp()+0x128
V  [libjvm.so+0x3a38ac]  PhaseChaitin::Register_Allocate()+0x1cc
V  [libjvm.so+0x416fba]  Compile::Code_Gen()+0x3fa
V  [libjvm.so+0x41b222]  Compile::Compile(ciEnv*, C2Compiler*, ciMethod*, int, bool, bool)+0xf72
V  [libjvm.so+0x38a2ca]  C2Compiler::compile_method(ciEnv*, ciMethod*, int)+0xca
V  [libjvm.so+0x421057]  CompileBroker::invoke_compiler_on_method(CompileTask*)+0x327
V  [libjvm.so+0x42219d]  CompileBroker::compiler_thread_loop()+0x3dd
V  [libjvm.so+0x8cdfb0]  JavaThread::thread_main_inner()+0xf0
V  [libjvm.so+0x8ce221]  JavaThread::run()+0x221
V  [libjvm.so+0x795e92]  java_start(Thread*)+0xf2


Current CompileTask:
C2:   3342  318             com.sun.tools.javac.jvm.Code::emitop0 (2592 bytes)


---------------  P R O C E S S  ---------------

Java Threads: ( => current thread )
  0x00007f67cc0a6000 JavaThread "Service Thread" daemon [_thread_blocked, id=6991, stack(0x00007f67b824f000,0x00007f67b8350000)]
=>0x00007f67cc0a3800 JavaThread "C2 CompilerThread1" daemon [_thread_in_native, id=6990, stack(0x00007f67b8350000,0x00007f67b8451000)]
  0x00007f67cc0a0800 JavaThread "C2 CompilerThread0" daemon [_thread_in_native, id=6989, stack(0x00007f67b8451000,0x00007f67b8552000)]
  0x00007f67cc09e800 JavaThread "Signal Dispatcher" daemon [_thread_blocked, id=6988, stack(0x00007f67b8552000,0x00007f67b8653000)]
  0x00007f67cc07b800 JavaThread "Finalizer" daemon [_thread_blocked, id=6987, stack(0x00007f67b8653000,0x00007f67b8754000)]
  0x00007f67cc079800 JavaThread "Reference Handler" daemon [_thread_blocked, id=6986, stack(0x00007f67b8754000,0x00007f67b8855000)]
  0x00007f67cc00a000 JavaThread "main" [_thread_blocked, id=6980, stack(0x00007f67d2c8f000,0x00007f67d2d90000)]

Other Threads:
  0x00007f67cc075800 VMThread [stack: 0x00007f67b8855000,0x00007f67b8956000] [id=6985]
  0x00007f67cc0b8800 WatcherThread [stack: 0x00007f67b814e000,0x00007f67b824f000] [id=6992]

VM state:not at safepoint (normal execution)

VM Mutex/Monitor currently owned by a thread: None

Heap
 PSYoungGen      total 19968K, used 3047K [0x00000000ec100000, 0x00000000eda80000, 0x0000000100000000)
  eden space 14848K, 15% used [0x00000000ec100000,0x00000000ec331d10,0x00000000ecf80000)
  from space 5120K, 15% used [0x00000000ed580000,0x00000000ed648000,0x00000000eda80000)
  to   space 5632K, 0% used [0x00000000ecf80000,0x00000000ecf80000,0x00000000ed500000)
 ParOldGen       total 22528K, used 7149K [0x00000000c4400000, 0x00000000c5a00000, 0x00000000ec100000)
  object space 22528K, 31% used [0x00000000c4400000,0x00000000c4afb490,0x00000000c5a00000)
 PSPermGen       total 21504K, used 7716K [0x00000000b9e00000, 0x00000000bb300000, 0x00000000c4400000)
  object space 21504K, 35% used [0x00000000b9e00000,0x00000000ba589098,0x00000000bb300000)

Card table byte_map: [0x00007f67c8592000,0x00007f67c87c4000] byte_map_base: 0x00007f67c7fc3000

Polling page: 0x00007f67d2db4000

Code Cache  [0x00007f67c87c4000, 0x00007f67c8a34000, 0x00007f67cb7c4000)
 total_blobs=541 nmethods=314 adapters=181 free_code_cache=47654Kb largest_free_block=48731392

Compilation events (10 events):
Event: 3,206 Thread 0x00007f67cc0a3800 nmethod 316 0x00007f67c8942e10 code [0x00007f67c8942f60, 0x00007f67c8942ff8]
Event: 3,209 Thread 0x00007f67cc0a3800  317             com.sun.tools.javac.jvm.Code::isAlive (20 bytes)
Event: 3,209 Thread 0x00007f67cc0a3800 nmethod 317 0x00007f67c8942c10 code [0x00007f67c8942d40, 0x00007f67c8942db8]
Event: 3,210 Thread 0x00007f67cc0a0800 nmethod 315 0x00007f67c89413d0 code [0x00007f67c8941540, 0x00007f67c8941758]
Event: 3,214 Thread 0x00007f67cc0a3800  318             com.sun.tools.javac.jvm.Code::emitop0 (2592 bytes)
Event: 3,220 Thread 0x00007f67cc0a0800  319             com.sun.tools.javac.jvm.ClassWriter$StackMapTableFrame::compare (69 bytes)
Event: 3,226 Thread 0x00007f67cc0a0800 nmethod 319 0x00007f67c8849e10 code [0x00007f67c8849f80, 0x00007f67c884a238]
Event: 3,227 Thread 0x00007f67cc0a0800  320             com.sun.tools.javac.jvm.Pool::put (164 bytes)
Event: 3,273 Thread 0x00007f67cc0a0800 nmethod 320 0x00007f67c8944050 code [0x00007f67c8944320, 0x00007f67c8945260]
Event: 3,276 Thread 0x00007f67cc0a0800  321             com.sun.tools.javac.jvm.ClassWriter::writeCode (823 bytes)

GC Heap History (10 events):
Event: 0,732 GC heap before
{Heap before GC invocations=4 (full 0):
 PSYoungGen      total 6656K, used 5575K [0x00000000ec100000, 0x00000000ece00000, 0x0000000100000000)
  eden space 6144K, 82% used [0x00000000ec100000,0x00000000ec5f5c98,0x00000000ec700000)
  from space 512K, 96% used [0x00000000ec700000,0x00000000ec77c030,0x00000000ec780000)
  to   space 512K, 0% used [0x00000000ecd80000,0x00000000ecd80000,0x00000000ece00000)
 ParOldGen       total 5632K, used 3226K [0x00000000c4400000, 0x00000000c4980000, 0x00000000ec100000)
  object space 5632K, 57% used [0x00000000c4400000,0x00000000c47269f0,0x00000000c4980000)
 PSPermGen       total 21504K, used 6916K [0x00000000b9e00000, 0x00000000bb300000, 0x00000000c4400000)
  object space 21504K, 32% used [0x00000000b9e00000,0x00000000ba4c1360,0x00000000bb300000)
Event: 0,737 GC heap after
Heap after GC invocations=4 (full 0):
 PSYoungGen      total 12800K, used 509K [0x00000000ec100000, 0x00000000ece00000, 0x0000000100000000)
  eden space 12288K, 0% used [0x00000000ec100000,0x00000000ec100000,0x00000000ecd00000)
  from space 512K, 99% used [0x00000000ecd80000,0x00000000ecdff520,0x00000000ece00000)
  to   space 512K, 0% used [0x00000000ecd00000,0x00000000ecd00000,0x00000000ecd80000)
 ParOldGen       total 6144K, used 5756K [0x00000000c4400000, 0x00000000c4a00000, 0x00000000ec100000)
  object space 6144K, 93% used [0x00000000c4400000,0x00000000c499f0a0,0x00000000c4a00000)
 PSPermGen       total 21504K, used 6916K [0x00000000b9e00000, 0x00000000bb300000, 0x00000000c4400000)
  object space 21504K, 32% used [0x00000000b9e00000,0x00000000ba4c1360,0x00000000bb300000)
}
Event: 0,737 GC heap before
{Heap before GC invocations=5 (full 1):
 PSYoungGen      total 12800K, used 509K [0x00000000ec100000, 0x00000000ece00000, 0x0000000100000000)
  eden space 12288K, 0% used [0x00000000ec100000,0x00000000ec100000,0x00000000ecd00000)
  from space 512K, 99% used [0x00000000ecd80000,0x00000000ecdff520,0x00000000ece00000)
  to   space 512K, 0% used [0x00000000ecd00000,0x00000000ecd00000,0x00000000ecd80000)
 ParOldGen       total 6144K, used 5756K [0x00000000c4400000, 0x00000000c4a00000, 0x00000000ec100000)
  object space 6144K, 93% used [0x00000000c4400000,0x00000000c499f0a0,0x00000000c4a00000)
 PSPermGen       total 21504K, used 6916K [0x00000000b9e00000, 0x00000000bb300000, 0x00000000c4400000)
  object space 21504K, 32% used [0x00000000b9e00000,0x00000000ba4c1360,0x00000000bb300000)
Event: 0,799 GC heap after
Heap after GC invocations=5 (full 1):
 PSYoungGen      total 12800K, used 0K [0x00000000ec100000, 0x00000000ece00000, 0x0000000100000000)
  eden space 12288K, 0% used [0x00000000ec100000,0x00000000ec100000,0x00000000ecd00000)
  from space 512K, 0% used [0x00000000ecd80000,0x00000000ecd80000,0x00000000ece00000)
  to   space 512K, 0% used [0x00000000ecd00000,0x00000000ecd00000,0x00000000ecd80000)
 ParOldGen       total 12288K, used 3686K [0x00000000c4400000, 0x00000000c5000000, 0x00000000ec100000)
  object space 12288K, 29% used [0x00000000c4400000,0x00000000c47998f8,0x00000000c5000000)
 PSPermGen       total 21504K, used 6912K [0x00000000b9e00000, 0x00000000bb300000, 0x00000000c4400000)
  object space 21504K, 32% used [0x00000000b9e00000,0x00000000ba4c02b8,0x00000000bb300000)
}
Event: 2,007 GC heap before
{Heap before GC invocations=6 (full 1):
 PSYoungGen      total 12800K, used 12288K [0x00000000ec100000, 0x00000000ece00000, 0x0000000100000000)
  eden space 12288K, 100% used [0x00000000ec100000,0x00000000ecd00000,0x00000000ecd00000)
  from space 512K, 0% used [0x00000000ecd80000,0x00000000ecd80000,0x00000000ece00000)
  to   space 512K, 0% used [0x00000000ecd00000,0x00000000ecd00000,0x00000000ecd80000)
 ParOldGen       total 12288K, used 3686K [0x00000000c4400000, 0x00000000c5000000, 0x00000000ec100000)
  object space 12288K, 29% used [0x00000000c4400000,0x00000000c47998f8,0x00000000c5000000)
 PSPermGen       total 21504K, used 7300K [0x00000000b9e00000, 0x00000000bb300000, 0x00000000c4400000)
  object space 21504K, 33% used [0x00000000b9e00000,0x00000000ba521000,0x00000000bb300000)
Event: 2,016 GC heap after
Heap after GC invocations=6 (full 1):
 PSYoungGen      total 12800K, used 512K [0x00000000ec100000, 0x00000000edb00000, 0x0000000100000000)
  eden space 12288K, 0% used [0x00000000ec100000,0x00000000ec100000,0x00000000ecd00000)
  from space 512K, 100% used [0x00000000ecd00000,0x00000000ecd80000,0x00000000ecd80000)
  to   space 5632K, 0% used [0x00000000ed580000,0x00000000ed580000,0x00000000edb00000)
 ParOldGen       total 12288K, used 8325K [0x00000000c4400000, 0x00000000c5000000, 0x00000000ec100000)
  object space 12288K, 67% used [0x00000000c4400000,0x00000000c4c214c8,0x00000000c5000000)
 PSPermGen       total 21504K, used 7300K [0x00000000b9e00000, 0x00000000bb300000, 0x00000000c4400000)
  object space 21504K, 33% used [0x00000000b9e00000,0x00000000ba521000,0x00000000bb300000)
}
Event: 2,016 GC heap before
{Heap before GC invocations=7 (full 2):
 PSYoungGen      total 12800K, used 512K [0x00000000ec100000, 0x00000000edb00000, 0x0000000100000000)
  eden space 12288K, 0% used [0x00000000ec100000,0x00000000ec100000,0x00000000ecd00000)
  from space 512K, 100% used [0x00000000ecd00000,0x00000000ecd80000,0x00000000ecd80000)
  to   space 5632K, 0% used [0x00000000ed580000,0x00000000ed580000,0x00000000edb00000)
 ParOldGen       total 12288K, used 8325K [0x00000000c4400000, 0x00000000c5000000, 0x00000000ec100000)
  object space 12288K, 67% used [0x00000000c4400000,0x00000000c4c214c8,0x00000000c5000000)
 PSPermGen       total 21504K, used 7300K [0x00000000b9e00000, 0x00000000bb300000, 0x00000000c4400000)
  object space 21504K, 33% used [0x00000000b9e00000,0x00000000ba521000,0x00000000bb300000)
Event: 2,094 GC heap after
Heap after GC invocations=7 (full 2):
 PSYoungGen      total 12800K, used 0K [0x00000000ec100000, 0x00000000edb00000, 0x0000000100000000)
  eden space 12288K, 0% used [0x00000000ec100000,0x00000000ec100000,0x00000000ecd00000)
  from space 512K, 0% used [0x00000000ecd00000,0x00000000ecd00000,0x00000000ecd80000)
  to   space 5632K, 0% used [0x00000000ed580000,0x00000000ed580000,0x00000000edb00000)
 ParOldGen       total 22528K, used 7149K [0x00000000c4400000, 0x00000000c5a00000, 0x00000000ec100000)
  object space 22528K, 31% used [0x00000000c4400000,0x00000000c4afb490,0x00000000c5a00000)
 PSPermGen       total 21504K, used 7299K [0x00000000b9e00000, 0x00000000bb300000, 0x00000000c4400000)
  object space 21504K, 33% used [0x00000000b9e00000,0x00000000ba520f00,0x00000000bb300000)
}
Event: 3,190 GC heap before
{Heap before GC invocations=8 (full 2):
 PSYoungGen      total 12800K, used 12288K [0x00000000ec100000, 0x00000000edb00000, 0x0000000100000000)
  eden space 12288K, 100% used [0x00000000ec100000,0x00000000ecd00000,0x00000000ecd00000)
  from space 512K, 0% used [0x00000000ecd00000,0x00000000ecd00000,0x00000000ecd80000)
  to   space 5632K, 0% used [0x00000000ed580000,0x00000000ed580000,0x00000000edb00000)
 ParOldGen       total 22528K, used 7149K [0x00000000c4400000, 0x00000000c5a00000, 0x00000000ec100000)
  object space 22528K, 31% used [0x00000000c4400000,0x00000000c4afb490,0x00000000c5a00000)
 PSPermGen       total 21504K, used 7532K [0x00000000b9e00000, 0x00000000bb300000, 0x00000000c4400000)
  object space 21504K, 35% used [0x00000000b9e00000,0x00000000ba55b1a0,0x00000000bb300000)
Event: 3,195 GC heap after
Heap after GC invocations=8 (full 2):
 PSYoungGen      total 19968K, used 800K [0x00000000ec100000, 0x00000000eda80000, 0x0000000100000000)
  eden space 14848K, 0% used [0x00000000ec100000,0x00000000ec100000,0x00000000ecf80000)
  from space 5120K, 15% used [0x00000000ed580000,0x00000000ed648000,0x00000000eda80000)
  to   space 5632K, 0% used [0x00000000ecf80000,0x00000000ecf80000,0x00000000ed500000)
 ParOldGen       total 22528K, used 7149K [0x00000000c4400000, 0x00000000c5a00000, 0x00000000ec100000)
  object space 22528K, 31% used [0x00000000c4400000,0x00000000c4afb490,0x00000000c5a00000)
 PSPermGen       total 21504K, used 7532K [0x00000000b9e00000, 0x00000000bb300000, 0x00000000c4400000)
  object space 21504K, 35% used [0x00000000b9e00000,0x00000000ba55b1a0,0x00000000bb300000)
}

Deoptimization events (10 events):
Event: 3,142 Thread 0x00007f67cc00a000 Uncommon trap: reason=array_check action=maybe_recompile pc=0x00007f67c88e9408 method=java.util.Arrays.fill([Ljava/lang/Object;Ljava/lang/Object;)V @ 13
Event: 3,142 Thread 0x00007f67cc00a000 Uncommon trap: reason=array_check action=maybe_recompile pc=0x00007f67c88e9408 method=java.util.Arrays.fill([Ljava/lang/Object;Ljava/lang/Object;)V @ 13
Event: 3,146 Thread 0x00007f67cc00a000 Uncommon trap: reason=class_check action=maybe_recompile pc=0x00007f67c88aa8d8 method=java.util.HashMap.put(Ljava/lang/Object;Ljava/lang/Object;)Ljava/lang/Object; @ 83
Event: 3,149 Thread 0x00007f67cc00a000 Uncommon trap: reason=class_check action=maybe_recompile pc=0x00007f67c88aa8d8 method=java.util.HashMap.put(Ljava/lang/Object;Ljava/lang/Object;)Ljava/lang/Object; @ 83
Event: 3,150 Thread 0x00007f67cc00a000 Uncommon trap: reason=class_check action=maybe_recompile pc=0x00007f67c88aa8d8 method=java.util.HashMap.put(Ljava/lang/Object;Ljava/lang/Object;)Ljava/lang/Object; @ 83
Event: 3,240 Thread 0x00007f67cc00a000 Uncommon trap: reason=class_check action=maybe_recompile pc=0x00007f67c882ae0c method=java.lang.String.equals(Ljava/lang/Object;)Z @ 8
Event: 3,240 Thread 0x00007f67cc00a000 Uncommon trap: reason=class_check action=maybe_recompile pc=0x00007f67c882ae0c method=java.lang.String.equals(Ljava/lang/Object;)Z @ 8
Event: 3,242 Thread 0x00007f67cc00a000 Uncommon trap: reason=class_check action=maybe_recompile pc=0x00007f67c882ae0c method=java.lang.String.equals(Ljava/lang/Object;)Z @ 8
Event: 3,281 Thread 0x00007f67cc00a000 Uncommon trap: reason=array_check action=maybe_recompile pc=0x00007f67c88c1738 method=java.util.Arrays.fill([Ljava/lang/Object;Ljava/lang/Object;)V @ 13
Event: 3,285 Thread 0x00007f67cc00a000 Uncommon trap: reason=unreached action=reinterpret pc=0x00007f67c8947784 method=com.sun.tools.javac.jvm.Code.emitStackMapFrame(II)V @ 135

Internal exceptions (10 events):
Event: 2,404 Thread 0x00007f67cc00a000 Threw 0x00000000ec3510c8 at /build/buildd/openjdk-7-7u55-2.4.7/build/openjdk/hotspot/src/share/vm/prims/jvm.cpp:1244
Event: 2,502 Thread 0x00007f67cc00a000 Threw 0x00000000ec4ace10 at /build/buildd/openjdk-7-7u55-2.4.7/build/openjdk/hotspot/src/share/vm/prims/jvm.cpp:1244
Event: 2,502 Thread 0x00007f67cc00a000 Threw 0x00000000ec4b0468 at /build/buildd/openjdk-7-7u55-2.4.7/build/openjdk/hotspot/src/share/vm/prims/jvm.cpp:1244
Event: 2,524 Thread 0x00007f67cc00a000 Implicit null exception at 0x00007f67c889a6bc to 0x00007f67c889ae01
Event: 2,537 Thread 0x00007f67cc00a000 Threw 0x00000000ec51d668 at /build/buildd/openjdk-7-7u55-2.4.7/build/openjdk/hotspot/src/share/vm/prims/jvm.cpp:1244
Event: 2,728 Thread 0x00007f67cc00a000 Threw 0x00000000ec6f7970 at /build/buildd/openjdk-7-7u55-2.4.7/build/openjdk/hotspot/src/share/vm/prims/jvm.cpp:1244
Event: 2,729 Thread 0x00007f67cc00a000 Threw 0x00000000ec6fdf58 at /build/buildd/openjdk-7-7u55-2.4.7/build/openjdk/hotspot/src/share/vm/prims/jvm.cpp:1244
Event: 2,771 Thread 0x00007f67cc00a000 Threw 0x00000000ec764068 at /build/buildd/openjdk-7-7u55-2.4.7/build/openjdk/hotspot/src/share/vm/prims/jvm.cpp:1244
Event: 2,773 Thread 0x00007f67cc00a000 Threw 0x00000000ec76eca0 at /build/buildd/openjdk-7-7u55-2.4.7/build/openjdk/hotspot/src/share/vm/prims/jvm.cpp:1244
Event: 3,258 Thread 0x00007f67cc00a000 Threw 0x00000000ec2146b8 at /build/buildd/openjdk-7-7u55-2.4.7/build/openjdk/hotspot/src/share/vm/prims/jvm.cpp:1244

Events (10 events):
Event: 3,260 loading class 0x00007f6798e1a840 done
Event: 3,260 loading class 0x00007f6798e1a710 done
Event: 3,276 Thread 0x00007f67cc0a0800 flushing nmethod 0x00007f67c8881490
Event: 3,276 Thread 0x00007f67cc0a0800 flushing nmethod 0x00007f67c88893d0
Event: 3,281 Thread 0x00007f67cc00a000 Uncommon trap: trap_request=0xffffffd6 fr.pc=0x00007f67c88c1738
Event: 3,281 Thread 0x00007f67cc00a000 DEOPT PACKING pc=0x00007f67c88c1738 sp=0x00007f67d2d8e2f0
Event: 3,281 Thread 0x00007f67cc00a000 DEOPT UNPACKING pc=0x00007f67c87fd045 sp=0x00007f67d2d8e2b8 mode 2
Event: 3,285 Thread 0x00007f67cc00a000 Uncommon trap: trap_request=0xffffffad fr.pc=0x00007f67c8947784
Event: 3,285 Thread 0x00007f67cc00a000 DEOPT PACKING pc=0x00007f67c8947784 sp=0x00007f67d2d8d840
Event: 3,285 Thread 0x00007f67cc00a000 DEOPT UNPACKING pc=0x00007f67c87fd045 sp=0x00007f67d2d8d7f8 mode 2


Dynamic libraries:
00400000-00401000 r-xp 00000000 08:07 3944770                            /usr/lib/jvm/java-7-openjdk-amd64/bin/javac
00600000-00601000 r--p 00000000 08:07 3944770                            /usr/lib/jvm/java-7-openjdk-amd64/bin/javac
00601000-00602000 rw-p 00001000 08:07 3944770                            /usr/lib/jvm/java-7-openjdk-amd64/bin/javac
0100b000-0102c000 rw-p 00000000 00:00 0                                  [heap]
b9e00000-bb300000 rw-p 00000000 00:00 0 
bb300000-c4400000 rw-p 00000000 00:00 0 
c4400000-c5a00000 rw-p 00000000 00:00 0 
c5a00000-ec100000 rw-p 00000000 00:00 0 
ec100000-eda80000 rw-p 00000000 00:00 0 
eda80000-edb00000 ---p 00000000 00:00 0 
edb00000-100000000 rw-p 00000000 00:00 0 
7f6790000000-7f6790021000 rw-p 00000000 00:00 0 
7f6790021000-7f6794000000 ---p 00000000 00:00 0 
7f6794000000-7f6794021000 rw-p 00000000 00:00 0 
7f6794021000-7f6798000000 ---p 00000000 00:00 0 
7f6798000000-7f6798fe9000 rw-p 00000000 00:00 0 
7f6798fe9000-7f679c000000 ---p 00000000 00:00 0 
7f679c000000-7f679cea3000 rw-p 00000000 00:00 0 
7f679cea3000-7f67a0000000 ---p 00000000 00:00 0 
7f67a0000000-7f67a0021000 rw-p 00000000 00:00 0 
7f67a0021000-7f67a4000000 ---p 00000000 00:00 0 
7f67a4000000-7f67a4021000 rw-p 00000000 00:00 0 
7f67a4021000-7f67a8000000 ---p 00000000 00:00 0 
7f67ab91c000-7f67ac000000 r--p 00000000 08:07 3939156                    /usr/lib/locale/locale-archive
7f67ac000000-7f67ac021000 rw-p 00000000 00:00 0 
7f67ac021000-7f67b0000000 ---p 00000000 00:00 0 
7f67b0000000-7f67b0021000 rw-p 00000000 00:00 0 
7f67b0021000-7f67b4000000 ---p 00000000 00:00 0 
7f67b4000000-7f67b4025000 rw-p 00000000 00:00 0 
7f67b4025000-7f67b8000000 ---p 00000000 00:00 0 
7f67b80c1000-7f67b80e3000 r--p 00000000 08:07 4340628                    /usr/share/locale-langpack/pt_BR/LC_MESSAGES/libc.mo
7f67b80e3000-7f67b814e000 r--s 0069c000 08:07 3944768                    /usr/lib/jvm/java-7-openjdk-amd64/lib/tools.jar
7f67b814e000-7f67b814f000 ---p 00000000 00:00 0 
7f67b814f000-7f67b824f000 rw-p 00000000 00:00 0                          [stack:6992]
7f67b824f000-7f67b8252000 ---p 00000000 00:00 0 
7f67b8252000-7f67b8350000 rw-p 00000000 00:00 0                          [stack:6991]
7f67b8350000-7f67b8353000 ---p 00000000 00:00 0 
7f67b8353000-7f67b8451000 rw-p 00000000 00:00 0                          [stack:6990]
7f67b8451000-7f67b8454000 ---p 00000000 00:00 0 
7f67b8454000-7f67b8552000 rw-p 00000000 00:00 0                          [stack:6989]
7f67b8552000-7f67b8555000 ---p 00000000 00:00 0 
7f67b8555000-7f67b8653000 rw-p 00000000 00:00 0                          [stack:6988]
7f67b8653000-7f67b8656000 ---p 00000000 00:00 0 
7f67b8656000-7f67b8754000 rw-p 00000000 00:00 0                          [stack:6987]
7f67b8754000-7f67b8757000 ---p 00000000 00:00 0 
7f67b8757000-7f67b8855000 rw-p 00000000 00:00 0                          [stack:6986]
7f67b8855000-7f67b8856000 ---p 00000000 00:00 0 
7f67b8856000-7f67b9911000 rw-p 00000000 00:00 0                          [stack:6985]
7f67b9911000-7f67b9abf000 r--s 01cfc000 08:07 3950522                    /usr/lib/jvm/java-7-openjdk-amd64/jre/lib/rt.jar
7f67b9abf000-7f67bc000000 rw-p 00000000 00:00 0 
7f67bc000000-7f67bc021000 rw-p 00000000 00:00 0 
7f67bc021000-7f67c0000000 ---p 00000000 00:00 0 
7f67c0000000-7f67c0021000 rw-p 00000000 00:00 0 
7f67c0021000-7f67c4000000 ---p 00000000 00:00 0 
7f67c4000000-7f67c4021000 rw-p 00000000 00:00 0 
7f67c4021000-7f67c8000000 ---p 00000000 00:00 0 
7f67c8000000-7f67c813b000 rw-p 00000000 00:00 0 
7f67c813b000-7f67c813c000 ---p 00000000 00:00 0 
7f67c813c000-7f67c823c000 rw-p 00000000 00:00 0                          [stack:6984]
7f67c823c000-7f67c823d000 ---p 00000000 00:00 0 
7f67c823d000-7f67c833d000 rw-p 00000000 00:00 0                          [stack:6983]
7f67c833d000-7f67c833e000 ---p 00000000 00:00 0 
7f67c833e000-7f67c843e000 rw-p 00000000 00:00 0                          [stack:6982]
7f67c843e000-7f67c843f000 ---p 00000000 00:00 0 
7f67c843f000-7f67c854a000 rw-p 00000000 00:00 0                          [stack:6981]
7f67c854a000-7f67c8592000 rw-p 00000000 00:00 0 
7f67c8592000-7f67c859d000 rw-p 00000000 00:00 0 
7f67c859d000-7f67c85e5000 rw-p 00000000 00:00 0 
7f67c85e5000-7f67c85f0000 rw-p 00000000 00:00 0 
7f67c85f0000-7f67c8723000 rw-p 00000000 00:00 0 
7f67c8723000-7f67c8731000 rw-p 00000000 00:00 0 
7f67c8731000-7f67c87c3000 rw-p 00000000 00:00 0 
7f67c87c3000-7f67c87c4000 rw-p 00000000 00:00 0 
7f67c87c4000-7f67c8a34000 rwxp 00000000 00:00 0 
7f67c8a34000-7f67cb7c4000 rw-p 00000000 00:00 0 
7f67cb7c4000-7f67cb7cc000 r-xp 00000000 08:07 3942779                    /usr/lib/jvm/java-7-openjdk-amd64/jre/lib/amd64/libzip.so
7f67cb7cc000-7f67cb9cb000 ---p 00008000 08:07 3942779                    /usr/lib/jvm/java-7-openjdk-amd64/jre/lib/amd64/libzip.so
7f67cb9cb000-7f67cb9cc000 r--p 00007000 08:07 3942779                    /usr/lib/jvm/java-7-openjdk-amd64/jre/lib/amd64/libzip.so
7f67cb9cc000-7f67cb9cd000 rw-p 00008000 08:07 3942779                    /usr/lib/jvm/java-7-openjdk-amd64/jre/lib/amd64/libzip.so
7f67cb9cd000-7f67cb9d9000 r-xp 00000000 08:07 3542989                    /lib/x86_64-linux-gnu/libnss_files-2.17.so
7f67cb9d9000-7f67cbbd8000 ---p 0000c000 08:07 3542989                    /lib/x86_64-linux-gnu/libnss_files-2.17.so
7f67cbbd8000-7f67cbbd9000 r--p 0000b000 08:07 3542989                    /lib/x86_64-linux-gnu/libnss_files-2.17.so
7f67cbbd9000-7f67cbbda000 rw-p 0000c000 08:07 3542989                    /lib/x86_64-linux-gnu/libnss_files-2.17.so
7f67cbbda000-7f67cbbe5000 r-xp 00000000 08:07 3542993                    /lib/x86_64-linux-gnu/libnss_nis-2.17.so
7f67cbbe5000-7f67cbde4000 ---p 0000b000 08:07 3542993                    /lib/x86_64-linux-gnu/libnss_nis-2.17.so
7f67cbde4000-7f67cbde5000 r--p 0000a000 08:07 3542993                    /lib/x86_64-linux-gnu/libnss_nis-2.17.so
7f67cbde5000-7f67cbde6000 rw-p 0000b000 08:07 3542993                    /lib/x86_64-linux-gnu/libnss_nis-2.17.so
7f67cbde6000-7f67cbdfd000 r-xp 00000000 08:07 3542983                    /lib/x86_64-linux-gnu/libnsl-2.17.so
7f67cbdfd000-7f67cbffc000 ---p 00017000 08:07 3542983                    /lib/x86_64-linux-gnu/libnsl-2.17.so
7f67cbffc000-7f67cbffd000 r--p 00016000 08:07 3542983                    /lib/x86_64-linux-gnu/libnsl-2.17.so
7f67cbffd000-7f67cbffe000 rw-p 00017000 08:07 3542983                    /lib/x86_64-linux-gnu/libnsl-2.17.so
7f67cbffe000-7f67cc000000 rw-p 00000000 00:00 0 
7f67cc000000-7f67cc48a000 rw-p 00000000 00:00 0 
7f67cc48a000-7f67d0000000 ---p 00000000 00:00 0 
7f67d0010000-7f67d0017000 r--s 00000000 08:07 4197245                    /usr/lib/x86_64-linux-gnu/gconv/gconv-modules.cache
7f67d0017000-7f67d0022000 rw-p 00000000 00:00 0 
7f67d0022000-7f67d0156000 rw-p 00000000 00:00 0 
7f67d0156000-7f67d015e000 r-xp 00000000 08:07 3542985                    /lib/x86_64-linux-gnu/libnss_compat-2.17.so
7f67d015e000-7f67d035d000 ---p 00008000 08:07 3542985                    /lib/x86_64-linux-gnu/libnss_compat-2.17.so
7f67d035d000-7f67d035e000 r--p 00007000 08:07 3542985                    /lib/x86_64-linux-gnu/libnss_compat-2.17.so
7f67d035e000-7f67d035f000 rw-p 00008000 08:07 3542985                    /lib/x86_64-linux-gnu/libnss_compat-2.17.so
7f67d035f000-7f67d038a000 r-xp 00000000 08:07 3942774                    /usr/lib/jvm/java-7-openjdk-amd64/jre/lib/amd64/libjava.so
7f67d038a000-7f67d0589000 ---p 0002b000 08:07 3942774                    /usr/lib/jvm/java-7-openjdk-amd64/jre/lib/amd64/libjava.so
7f67d0589000-7f67d058a000 r--p 0002a000 08:07 3942774                    /usr/lib/jvm/java-7-openjdk-amd64/jre/lib/amd64/libjava.so
7f67d058a000-7f67d058c000 rw-p 0002b000 08:07 3942774                    /usr/lib/jvm/java-7-openjdk-amd64/jre/lib/amd64/libjava.so
7f67d058c000-7f67d059c000 r-xp 00000000 08:07 3942799                    /usr/lib/jvm/java-7-openjdk-amd64/jre/lib/amd64/libverify.so
7f67d059c000-7f67d079b000 ---p 00010000 08:07 3942799                    /usr/lib/jvm/java-7-openjdk-amd64/jre/lib/amd64/libverify.so
7f67d079b000-7f67d079d000 r--p 0000f000 08:07 3942799                    /usr/lib/jvm/java-7-openjdk-amd64/jre/lib/amd64/libverify.so
7f67d079d000-7f67d079e000 rw-p 00011000 08:07 3942799                    /usr/lib/jvm/java-7-openjdk-amd64/jre/lib/amd64/libverify.so
7f67d079e000-7f67d07a5000 r-xp 00000000 08:07 3543036                    /lib/x86_64-linux-gnu/librt-2.17.so
7f67d07a5000-7f67d09a4000 ---p 00007000 08:07 3543036                    /lib/x86_64-linux-gnu/librt-2.17.so
7f67d09a4000-7f67d09a5000 r--p 00006000 08:07 3543036                    /lib/x86_64-linux-gnu/librt-2.17.so
7f67d09a5000-7f67d09a6000 rw-p 00007000 08:07 3543036                    /lib/x86_64-linux-gnu/librt-2.17.so
7f67d09a6000-7f67d09bb000 r-xp 00000000 08:07 3538949                    /lib/x86_64-linux-gnu/libgcc_s.so.1
7f67d09bb000-7f67d0bba000 ---p 00015000 08:07 3538949                    /lib/x86_64-linux-gnu/libgcc_s.so.1
7f67d0bba000-7f67d0bbb000 r--p 00014000 08:07 3538949                    /lib/x86_64-linux-gnu/libgcc_s.so.1
7f67d0bbb000-7f67d0bbc000 rw-p 00015000 08:07 3538949                    /lib/x86_64-linux-gnu/libgcc_s.so.1
7f67d0bbc000-7f67d0cbf000 r-xp 00000000 08:07 3542964                    /lib/x86_64-linux-gnu/libm-2.17.so
7f67d0cbf000-7f67d0ebe000 ---p 00103000 08:07 3542964                    /lib/x86_64-linux-gnu/libm-2.17.so
7f67d0ebe000-7f67d0ebf000 r--p 00102000 08:07 3542964                    /lib/x86_64-linux-gnu/libm-2.17.so
7f67d0ebf000-7f67d0ec0000 rw-p 00103000 08:07 3542964                    /lib/x86_64-linux-gnu/libm-2.17.so
7f67d0ec0000-7f67d0fa6000 r-xp 00000000 08:07 3938427                    /usr/lib/x86_64-linux-gnu/libstdc++.so.6.0.18
7f67d0fa6000-7f67d11a5000 ---p 000e6000 08:07 3938427                    /usr/lib/x86_64-linux-gnu/libstdc++.so.6.0.18
7f67d11a5000-7f67d11ad000 r--p 000e5000 08:07 3938427                    /usr/lib/x86_64-linux-gnu/libstdc++.so.6.0.18
7f67d11ad000-7f67d11af000 rw-p 000ed000 08:07 3938427                    /usr/lib/x86_64-linux-gnu/libstdc++.so.6.0.18
7f67d11af000-7f67d11c4000 rw-p 00000000 00:00 0 
7f67d11c4000-7f67d1ca3000 r-xp 00000000 08:07 3942816                    /usr/lib/jvm/java-7-openjdk-amd64/jre/lib/amd64/server/libjvm.so
7f67d1ca3000-7f67d1ea3000 ---p 00adf000 08:07 3942816                    /usr/lib/jvm/java-7-openjdk-amd64/jre/lib/amd64/server/libjvm.so
7f67d1ea3000-7f67d1f35000 r--p 00adf000 08:07 3942816                    /usr/lib/jvm/java-7-openjdk-amd64/jre/lib/amd64/server/libjvm.so
7f67d1f35000-7f67d1f58000 rw-p 00b71000 08:07 3942816                    /usr/lib/jvm/java-7-openjdk-amd64/jre/lib/amd64/server/libjvm.so
7f67d1f58000-7f67d1f85000 rw-p 00000000 00:00 0 
7f67d1f85000-7f67d1f9d000 r-xp 00000000 08:07 3543071                    /lib/x86_64-linux-gnu/libz.so.1.2.8
7f67d1f9d000-7f67d219c000 ---p 00018000 08:07 3543071                    /lib/x86_64-linux-gnu/libz.so.1.2.8
7f67d219c000-7f67d219d000 r--p 00017000 08:07 3543071                    /lib/x86_64-linux-gnu/libz.so.1.2.8
7f67d219d000-7f67d219e000 rw-p 00018000 08:07 3543071                    /lib/x86_64-linux-gnu/libz.so.1.2.8
7f67d219e000-7f67d21b5000 r-xp 00000000 08:07 3543028                    /lib/x86_64-linux-gnu/libpthread-2.17.so
7f67d21b5000-7f67d23b5000 ---p 00017000 08:07 3543028                    /lib/x86_64-linux-gnu/libpthread-2.17.so
7f67d23b5000-7f67d23b6000 r--p 00017000 08:07 3543028                    /lib/x86_64-linux-gnu/libpthread-2.17.so
7f67d23b6000-7f67d23b7000 rw-p 00018000 08:07 3543028                    /lib/x86_64-linux-gnu/libpthread-2.17.so
7f67d23b7000-7f67d23bb000 rw-p 00000000 00:00 0 
7f67d23bb000-7f67d23be000 r-xp 00000000 08:07 3542928                    /lib/x86_64-linux-gnu/libdl-2.17.so
7f67d23be000-7f67d25bd000 ---p 00003000 08:07 3542928                    /lib/x86_64-linux-gnu/libdl-2.17.so
7f67d25bd000-7f67d25be000 r--p 00002000 08:07 3542928                    /lib/x86_64-linux-gnu/libdl-2.17.so
7f67d25be000-7f67d25bf000 rw-p 00003000 08:07 3542928                    /lib/x86_64-linux-gnu/libdl-2.17.so
7f67d25bf000-7f67d277c000 r-xp 00000000 08:07 3542913                    /lib/x86_64-linux-gnu/libc-2.17.so
7f67d277c000-7f67d297c000 ---p 001bd000 08:07 3542913                    /lib/x86_64-linux-gnu/libc-2.17.so
7f67d297c000-7f67d2980000 r--p 001bd000 08:07 3542913                    /lib/x86_64-linux-gnu/libc-2.17.so
7f67d2980000-7f67d2982000 rw-p 001c1000 08:07 3542913                    /lib/x86_64-linux-gnu/libc-2.17.so
7f67d2982000-7f67d2987000 rw-p 00000000 00:00 0 
7f67d2987000-7f67d2994000 r-xp 00000000 08:07 3942850                    /usr/lib/jvm/java-7-openjdk-amd64/jre/lib/amd64/jli/libjli.so
7f67d2994000-7f67d2b93000 ---p 0000d000 08:07 3942850                    /usr/lib/jvm/java-7-openjdk-amd64/jre/lib/amd64/jli/libjli.so
7f67d2b93000-7f67d2b94000 r--p 0000c000 08:07 3942850                    /usr/lib/jvm/java-7-openjdk-amd64/jre/lib/amd64/jli/libjli.so
7f67d2b94000-7f67d2b95000 rw-p 0000d000 08:07 3942850                    /usr/lib/jvm/java-7-openjdk-amd64/jre/lib/amd64/jli/libjli.so
7f67d2b95000-7f67d2bb8000 r-xp 00000000 08:07 3542889                    /lib/x86_64-linux-gnu/ld-2.17.so
7f67d2bbb000-7f67d2bbc000 rw-p 00000000 00:00 0 
7f67d2bbc000-7f67d2bbf000 r--s 00032000 08:07 3950502                    /usr/lib/jvm/java-7-openjdk-amd64/jre/lib/ext/sunjce_provider.jar
7f67d2bbf000-7f67d2bc3000 r--s 0003b000 08:07 3950505                    /usr/lib/jvm/java-7-openjdk-amd64/jre/lib/ext/sunpkcs11.jar
7f67d2bc3000-7f67d2bc4000 r--s 00002000 08:07 3950504                    /usr/lib/jvm/java-7-openjdk-amd64/jre/lib/ext/dnsns.jar
7f67d2bc4000-7f67d2bc8000 r--s 00085000 08:07 3950470                    /usr/lib/jvm/java-7-openjdk-amd64/jre/lib/ext/localedata.jar
7f67d2bc8000-7f67d2bca000 r--s 00006000 08:07 4342350                    /usr/share/java/java-atk-wrapper.jar
7f67d2bca000-7f67d2bcc000 r--s 00012000 08:07 3950473                    /usr/lib/jvm/java-7-openjdk-amd64/jre/lib/ext/zipfs.jar
7f67d2bcc000-7f67d2bcf000 r--s 0000f000 08:07 3950471                    /usr/lib/jvm/java-7-openjdk-amd64/jre/lib/ext/pulse-java.jar
7f67d2bcf000-7f67d2bd9000 rw-p 00000000 00:00 0 
7f67d2bd9000-7f67d2c8f000 rw-p 00000000 00:00 0 
7f67d2c8f000-7f67d2c92000 ---p 00000000 00:00 0 
7f67d2c92000-7f67d2dab000 rw-p 00000000 00:00 0                          [stack:6980]
7f67d2dab000-7f67d2db3000 rw-s 00000000 08:07 4598419                    /tmp/hsperfdata_roberty/6979
7f67d2db3000-7f67d2db4000 rw-p 00000000 00:00 0 
7f67d2db4000-7f67d2db5000 r--p 00000000 00:00 0 
7f67d2db5000-7f67d2db7000 rw-p 00000000 00:00 0 
7f67d2db7000-7f67d2db8000 r--p 00022000 08:07 3542889                    /lib/x86_64-linux-gnu/ld-2.17.so
7f67d2db8000-7f67d2dba000 rw-p 00023000 08:07 3542889                    /lib/x86_64-linux-gnu/ld-2.17.so
7fffc643d000-7fffc645e000 rw-p 00000000 00:00 0                          [stack]
7fffc6549000-7fffc654b000 r-xp 00000000 00:00 0                          [vdso]
ffffffffff600000-ffffffffff601000 r-xp 00000000 00:00 0                  [vsyscall]

VM Arguments:
jvm_args: -Dapplication.home=/usr/lib/jvm/java-7-openjdk-amd64 -Xms8m 
java_command: com.sun.tools.javac.Main MeuphoriaConstants.java Meuphoria.java MeuphoriaTokenManager.java ParseException.java SemanticRoutines.java SimpleCharStream.java Symbol.java SymbolsTable.java Token.java TokenMgrError.java
Launcher Type: SUN_STANDARD

Environment Variables:
PATH=/usr/lib/lightdm/lightdm:/usr/local/sbin:/usr/local/bin:/usr/sbin:/usr/bin:/sbin:/bin:/usr/games:/usr/local/games
SHELL=/bin/bash
DISPLAY=:0.0

Signal Handlers:
SIGSEGV: [libjvm.so+0x916eb0], sa_mask[0]=0x7ffbfeff, sa_flags=0x10000004
SIGBUS: [libjvm.so+0x916eb0], sa_mask[0]=0x7ffbfeff, sa_flags=0x10000004
SIGFPE: [libjvm.so+0x7947e0], sa_mask[0]=0x7ffbfeff, sa_flags=0x10000004
SIGPIPE: [libjvm.so+0x7947e0], sa_mask[0]=0x7ffbfeff, sa_flags=0x10000004
SIGXFSZ: [libjvm.so+0x7947e0], sa_mask[0]=0x7ffbfeff, sa_flags=0x10000004
SIGILL: [libjvm.so+0x7947e0], sa_mask[0]=0x7ffbfeff, sa_flags=0x10000004
SIGUSR1: SIG_DFL, sa_mask[0]=0x00000000, sa_flags=0x00000000
SIGUSR2: [libjvm.so+0x794680], sa_mask[0]=0x00000000, sa_flags=0x10000004
SIGHUP: [libjvm.so+0x794860], sa_mask[0]=0x7ffbfeff, sa_flags=0x10000004
SIGINT: [libjvm.so+0x794860], sa_mask[0]=0x7ffbfeff, sa_flags=0x10000004
SIGTERM: [libjvm.so+0x794860], sa_mask[0]=0x7ffbfeff, sa_flags=0x10000004
SIGQUIT: [libjvm.so+0x794860], sa_mask[0]=0x7ffbfeff, sa_flags=0x10000004


---------------  S Y S T E M  ---------------

OS:Ubuntu 13.10 (saucy)
uname:Linux 3.11.0-15-generic #25-Ubuntu SMP Thu Jan 30 17:22:01 UTC 2014 x86_64
libc:glibc 2.17 NPTL 2.17 
rlimit: STACK 8192k, CORE 0k, NPROC 30375, NOFILE 4096, AS infinity
load average:1,07 0,82 0,73

/proc/meminfo:
MemTotal:        3908276 kB
MemFree:         1828852 kB
Buffers:          102340 kB
Cached:           989072 kB
SwapCached:            0 kB
Active:          1125968 kB
Inactive:         803768 kB
Active(anon):     839396 kB
Inactive(anon):   340956 kB
Active(file):     286572 kB
Inactive(file):   462812 kB
Unevictable:          32 kB
Mlocked:              32 kB
SwapTotal:       4881404 kB
SwapFree:        4881404 kB
Dirty:              2320 kB
Writeback:             0 kB
AnonPages:        838660 kB
Mapped:           205064 kB
Shmem:            341904 kB
Slab:              70624 kB
SReclaimable:      42860 kB
SUnreclaim:        27764 kB
KernelStack:        4192 kB
PageTables:        28396 kB
NFS_Unstable:          0 kB
Bounce:                0 kB
WritebackTmp:          0 kB
CommitLimit:     6835540 kB
Committed_AS:    4297200 kB
VmallocTotal:   34359738367 kB
VmallocUsed:      545256 kB
VmallocChunk:   34359189980 kB
HardwareCorrupted:     0 kB
AnonHugePages:         0 kB
HugePages_Total:       0
HugePages_Free:        0
HugePages_Rsvd:        0
HugePages_Surp:        0
Hugepagesize:       2048 kB
DirectMap4k:       58468 kB
DirectMap2M:     3995648 kB


CPU:total 4 (2 cores per cpu, 2 threads per core) family 6 model 37 stepping 5, cmov, cx8, fxsr, mmx, sse, sse2, sse3, ssse3, sse4.1, sse4.2, popcnt, ht, tsc, tscinvbit

/proc/cpuinfo:
processor	: 0
vendor_id	: GenuineIntel
cpu family	: 6
model		: 37
model name	: Intel(R) Core(TM) i3 CPU       M 370  @ 2.40GHz
stepping	: 5
microcode	: 0x2
cpu MHz		: 931.000
cache size	: 3072 KB
physical id	: 0
siblings	: 4
core id		: 0
cpu cores	: 2
apicid		: 0
initial apicid	: 0
fpu		: yes
fpu_exception	: yes
cpuid level	: 11
wp		: yes
flags		: fpu vme de pse tsc msr pae mce cx8 apic sep mtrr pge mca cmov pat pse36 clflush dts acpi mmx fxsr sse sse2 ss ht tm pbe syscall nx rdtscp lm constant_tsc arch_perfmon pebs bts rep_good nopl xtopology nonstop_tsc aperfmperf pni dtes64 monitor ds_cpl vmx est tm2 ssse3 cx16 xtpr pdcm pcid sse4_1 sse4_2 popcnt lahf_lm arat dtherm tpr_shadow vnmi flexpriority ept vpid
bogomips	: 4788.16
clflush size	: 64
cache_alignment	: 64
address sizes	: 36 bits physical, 48 bits virtual
power management:

processor	: 1
vendor_id	: GenuineIntel
cpu family	: 6
model		: 37
model name	: Intel(R) Core(TM) i3 CPU       M 370  @ 2.40GHz
stepping	: 5
microcode	: 0x2
cpu MHz		: 2394.000
cache size	: 3072 KB
physical id	: 0
siblings	: 4
core id		: 2
cpu cores	: 2
apicid		: 4
initial apicid	: 4
fpu		: yes
fpu_exception	: yes
cpuid level	: 11
wp		: yes
flags		: fpu vme de pse tsc msr pae mce cx8 apic sep mtrr pge mca cmov pat pse36 clflush dts acpi mmx fxsr sse sse2 ss ht tm pbe syscall nx rdtscp lm constant_tsc arch_perfmon pebs bts rep_good nopl xtopology nonstop_tsc aperfmperf pni dtes64 monitor ds_cpl vmx est tm2 ssse3 cx16 xtpr pdcm pcid sse4_1 sse4_2 popcnt lahf_lm arat dtherm tpr_shadow vnmi flexpriority ept vpid
bogomips	: 4788.16
clflush size	: 64
cache_alignment	: 64
address sizes	: 36 bits physical, 48 bits virtual
power management:

processor	: 2
vendor_id	: GenuineIntel
cpu family	: 6
model		: 37
model name	: Intel(R) Core(TM) i3 CPU       M 370  @ 2.40GHz
stepping	: 5
microcode	: 0x2
cpu MHz		: 2394.000
cache size	: 3072 KB
physical id	: 0
siblings	: 4
core id		: 0
cpu cores	: 2
apicid		: 1
initial apicid	: 1
fpu		: yes
fpu_exception	: yes
cpuid level	: 11
wp		: yes
flags		: fpu vme de pse tsc msr pae mce cx8 apic sep mtrr pge mca cmov pat pse36 clflush dts acpi mmx fxsr sse sse2 ss ht tm pbe syscall nx rdtscp lm constant_tsc arch_perfmon pebs bts rep_good nopl xtopology nonstop_tsc aperfmperf pni dtes64 monitor ds_cpl vmx est tm2 ssse3 cx16 xtpr pdcm pcid sse4_1 sse4_2 popcnt lahf_lm arat dtherm tpr_shadow vnmi flexpriority ept vpid
bogomips	: 4788.16
clflush size	: 64
cache_alignment	: 64
address sizes	: 36 bits physical, 48 bits virtual
power management:

processor	: 3
vendor_id	: GenuineIntel
cpu family	: 6
model		: 37
model name	: Intel(R) Core(TM) i3 CPU       M 370  @ 2.40GHz
stepping	: 5
microcode	: 0x2
cpu MHz		: 2394.000
cache size	: 3072 KB
physical id	: 0
siblings	: 4
core id		: 2
cpu cores	: 2
apicid		: 5
initial apicid	: 5
fpu		: yes
fpu_exception	: yes
cpuid level	: 11
wp		: yes
flags		: fpu vme de pse tsc msr pae mce cx8 apic sep mtrr pge mca cmov pat pse36 clflush dts acpi mmx fxsr sse sse2 ss ht tm pbe syscall nx rdtscp lm constant_tsc arch_perfmon pebs bts rep_good nopl xtopology nonstop_tsc aperfmperf pni dtes64 monitor ds_cpl vmx est tm2 ssse3 cx16 xtpr pdcm pcid sse4_1 sse4_2 popcnt lahf_lm arat dtherm tpr_shadow vnmi flexpriority ept vpid
bogomips	: 4788.16
clflush size	: 64
cache_alignment	: 64
address sizes	: 36 bits physical, 48 bits virtual
power management:



Memory: 4k page, physical 3908276k(1828852k free), swap 4881404k(4881404k free)

vm_info: OpenJDK 64-Bit Server VM (24.51-b03) for linux-amd64 JRE (1.7.0_55-b14), built on Apr 17 2014 21:13:26 by "buildd" with gcc 4.8.1

time: Tue Jul  1 21:21:13 2014
elapsed time: 3 seconds

