#
# A fatal error has been detected by the Java Runtime Environment:
#
#  SIGSEGV (0xb) at pc=0x00007fa40a833aee, pid=3842, tid=140342492137216
#
# JRE version: OpenJDK Runtime Environment (7.0_55-b14) (build 1.7.0_55-b14)
# Java VM: OpenJDK 64-Bit Server VM (24.51-b03 mixed mode linux-amd64 compressed oops)
# Problematic frame:
# V  [libjvm.so+0x584aee]  instanceKlass::oop_follow_contents(ParCompactionManager*, oopDesc*)+0x2ae
#
# Failed to write core dump. Core dumps have been disabled. To enable core dumping, try "ulimit -c unlimited" before starting Java again
#
# If you would like to submit a bug report, please include
# instructions on how to reproduce the bug and visit:
#   http://icedtea.classpath.org/bugzilla
#

---------------  T H R E A D  ---------------

Current thread (0x00007fa404020000):  GCTaskThread [stack: 0x00007fa408540000,0x00007fa408641000] [id=3844]

siginfo:si_signo=SIGSEGV: si_errno=0, si_code=128 (), si_addr=0x0000000000000000

Registers:
RAX=0x0000000000000018, RBX=0x00000000ac4202c0, RCX=0x0000000000000018, RDX=0x0000000001000000
RSP=0x00007fa40863fb70, RBP=0x00007fa40863fbd0, RSI=0x00007fa3f9cf0000, RDI=0x007ffffffff93101
R8 =0x00000000ac4202c0, R9 =0x0000000000000156, R10=0x00007fa40b055740, R11=0x0000000000020000
R12=0x00007fa404072640, R13=0x00000000ba0e1ee8, R14=0x00000000c4957480, R15=0x00000000c4957484
RIP=0x00007fa40a833aee, EFLAGS=0x0000000000010206, CSGSFS=0x0000000000000033, ERR=0x0000000000000000
  TRAPNO=0x000000000000000d

Top of Stack: (sp=0x00007fa40863fb70)
0x00007fa40863fb70:   00007fa40863fbd0 00007fa404072680
0x00007fa40863fb80:   00000000c4957470 00000000ba0e1ef0
0x00007fa40863fb90:   00007fa40b055740 0000000000000004
0x00007fa40863fba0:   00007fa404072640 00007fa40b0517a8
0x00007fa40863fbb0:   00007fa404072550 00007fa404072640
0x00007fa40863fbc0:   00007fa40863fcfc 00007fa40863fd00
0x00007fa40863fbd0:   00007fa40863fc80 00007fa40aa9cfa5
0x00007fa40863fbe0:   00007fa4040726d0 00007fa404072700
0x00007fa40863fbf0:   00007fa404072680 00007fa404072640
0x00007fa40863fc00:   00000000c48b2888 00007fa404072650
0x00007fa40863fc10:   00007fa40863fc80 00007fa40a833b37
0x00007fa40863fc20:   00000000c4591e98 00007fa404072680
0x00007fa40863fc30:   000000c200000002 00000000ba292d40
0x00007fa40863fc40:   000000c300000002 0000000000000003
0x00007fa40863fc50:   00007fa40863fca0 00007fa404072640
0x00007fa40863fc60:   00007fa404072550 0000000000000000
0x00007fa40863fc70:   00007fa40863fcfc 00007fa40863fd00
0x00007fa40863fc80:   00007fa40863fd50 00007fa40aa8423e
0x00007fa40863fc90:   00007fa40ac242e8 00007fa40863fd00
0x00007fa40863fca0:   00007fa40863fcfc 000000000ac242e8
0x00007fa40863fcb0:   00007fa404072680 0000000000000280
0x00007fa40863fcc0:   00007fa40863fd50 0000000000000280
0x00007fa40863fcd0:   00007fa40863fd10 00007fa40863fd00
0x00007fa40863fce0:   00007fa404027e50 00007fa404072640
0x00007fa40863fcf0:   0000000000000000 787f37ff0401f780
0x00007fa40863fd00:   00000000c47f3788 00007fa40aa10ecb
0x00007fa40863fd10:   00000000c4594d40 00007fa400000200
0x00007fa40863fd20:   00007fa40863fd50 0000000000000001
0x00007fa40863fd30:   00007fa404027e50 00007fa40ac242fd
0x00007fa40863fd40:   00007fa404020000 00007fa40b04bd6a
0x00007fa40863fd50:   00007fa40863fe60 00007fa40a7cc702
0x00007fa40863fd60:   00000000000003d8 00007fa404020888 

Instructions: (pc=0x00007fa40a833aee)
0x00007fa40a833ace:   00 00 00 48 89 d8 49 2b 02 48 c1 e8 03 48 d3 e8
0x00007fa40a833ade:   48 89 c7 83 e0 3f 48 c1 ef 06 48 89 c1 48 d3 e2
0x00007fa40a833aee:   48 85 14 fe 75 9c 48 89 df 4c 89 55 c0 e8 80 f0
0x00007fa40a833afe:   e5 ff 4c 8b 55 c0 48 63 c8 48 89 de 48 89 ca 48 

Register to memory mapping:

RAX=0x0000000000000018 is an unknown value
RBX=0x00000000ac4202c0 is an unknown value
RCX=0x0000000000000018 is an unknown value
RDX=0x0000000001000000 is an unknown value
RSP=0x00007fa40863fb70 is an unknown value
RBP=0x00007fa40863fbd0 is an unknown value
RSI=0x00007fa3f9cf0000 is an unknown value
RDI=0x007ffffffff93101 is an unknown value
R8 =0x00000000ac4202c0 is an unknown value
R9 =0x0000000000000156 is an unknown value
R10=0x00007fa40b055740: <offset 0xda6740> in /usr/lib/jvm/java-7-openjdk-amd64/jre/lib/amd64/server/libjvm.so at 0x00007fa40a2af000
R11=0x0000000000020000 is an unknown value
R12=0x00007fa404072640 is an unknown value
R13=0x00000000ba0e1ee8 is pointing into object: 0x00000000ba0e1a40
{instance class} 
 - klass: {other class}
R14=0x00000000c4957480 is pointing into object: 0x00000000c4957470
com.sun.tools.javac.util.List 
 - klass: 'com/sun/tools/javac/util/List'
R15=0x00000000c4957484 is pointing into object: 0x00000000c4957470
com.sun.tools.javac.util.List 
 - klass: 'com/sun/tools/javac/util/List'


Stack: [0x00007fa408540000,0x00007fa408641000],  sp=0x00007fa40863fb70,  free space=1022k
Native frames: (J=compiled Java code, j=interpreted, Vv=VM code, C=native code)
V  [libjvm.so+0x584aee]  instanceKlass::oop_follow_contents(ParCompactionManager*, oopDesc*)+0x2ae
V  [libjvm.so+0x7edfa5]  ParCompactionManager::follow_marking_stacks()+0x155
V  [libjvm.so+0x7d523e]  StealMarkingTask::do_it(GCTaskManager*, unsigned int)+0x2be
V  [libjvm.so+0x51d702]  GCTaskThread::run()+0x162
V  [libjvm.so+0x795e92]  java_start(Thread*)+0xf2


---------------  P R O C E S S  ---------------

Java Threads: ( => current thread )
  0x00007fa4040a6000 JavaThread "Service Thread" daemon [_thread_blocked, id=3854, stack(0x00007fa3f8c02000,0x00007fa3f8d03000)]
  0x00007fa4040a3800 JavaThread "C2 CompilerThread1" daemon [_thread_blocked, id=3853, stack(0x00007fa3f8d03000,0x00007fa3f8e04000)]
  0x00007fa4040a0800 JavaThread "C2 CompilerThread0" daemon [_thread_blocked, id=3852, stack(0x00007fa3f8e04000,0x00007fa3f8f05000)]
  0x00007fa40409e800 JavaThread "Signal Dispatcher" daemon [_thread_blocked, id=3851, stack(0x00007fa3f8f05000,0x00007fa3f9006000)]
  0x00007fa40407b800 JavaThread "Finalizer" daemon [_thread_blocked, id=3850, stack(0x00007fa3f96ea000,0x00007fa3f97eb000)]
  0x00007fa404079800 JavaThread "Reference Handler" daemon [_thread_blocked, id=3849, stack(0x00007fa3f97eb000,0x00007fa3f98ec000)]
  0x00007fa40400a000 JavaThread "main" [_thread_blocked, id=3843, stack(0x00007fa40bd7a000,0x00007fa40be7b000)]

Other Threads:
  0x00007fa404075800 VMThread [stack: 0x00007fa3f98ec000,0x00007fa3f99ed000] [id=3848]
  0x00007fa4040b0800 WatcherThread [stack: 0x00007fa3f8b01000,0x00007fa3f8c02000] [id=3855]

=>0x00007fa404020000 (exited) GCTaskThread [stack: 0x00007fa408540000,0x00007fa408641000] [id=3844]

VM state:at safepoint (normal execution)

VM Mutex/Monitor currently owned by a thread:  ([mutex/lock_event])
[0x00007fa404006610] Threads_lock - owner thread: 0x00007fa404075800
[0x00007fa404006b10] Heap_lock - owner thread: 0x00007fa40400a000

Heap
 PSYoungGen      total 12800K, used 508K [0x00000000ec100000, 0x00000000ece00000, 0x0000000100000000)
  eden space 12288K, 0% used [0x00000000ec100000,0x00000000ec100000,0x00000000ecd00000)
  from space 512K, 99% used [0x00000000ecd80000,0x00000000ecdff240,0x00000000ece00000)
  to   space 512K, 0% used [0x00000000ecd00000,0x00000000ecd00000,0x00000000ecd80000)
 ParOldGen       total 5632K, used 5614K [0x00000000c4400000, 0x00000000c4980000, 0x00000000ec100000)
  object space 5632K, 99% used [0x00000000c4400000,0x00000000c497bb08,0x00000000c4980000)
 PSPermGen       total 21504K, used 6916K [0x00000000b9e00000, 0x00000000bb300000, 0x00000000c4400000)
  object space 21504K, 32% used [0x00000000b9e00000,0x00000000ba4c12b8,0x00000000bb300000)

Card table byte_map: [0x00007fa4087d3000,0x00007fa408a05000] byte_map_base: 0x00007fa408204000

Polling page: 0x00007fa40be9f000

Code Cache  [0x00007fa401000000, 0x00007fa401270000, 0x00007fa404000000)
 total_blobs=273 nmethods=51 adapters=177 free_code_cache=48645Kb largest_free_block=49791040

Compilation events (10 events):
Event: 0,663 Thread 0x00007fa4040a3800 nmethod 48 0x00007fa401070ad0 code [0x00007fa401070c20, 0x00007fa401070cd8]
Event: 0,663 Thread 0x00007fa4040a3800   49             com.sun.tools.javac.parser.JavacParser::accept (62 bytes)
Event: 0,665 Thread 0x00007fa4040a3800 nmethod 49 0x00007fa401075fd0 code [0x00007fa401076120, 0x00007fa401076208]
Event: 0,665 Thread 0x00007fa4040a3800   50             java.util.Arrays::copyOfRange (63 bytes)
Event: 0,669 Thread 0x00007fa4040a3800 nmethod 50 0x00007fa401075b50 code [0x00007fa401075ca0, 0x00007fa401075e98]
Event: 0,669 Thread 0x00007fa4040a3800   51             java.lang.Integer::parseInt (261 bytes)
Event: 0,680 Thread 0x00007fa4040a3800 nmethod 51 0x00007fa40107e390 code [0x00007fa40107e500, 0x00007fa40107ea38]
Event: 0,680 Thread 0x00007fa4040a3800   52             java.lang.String::<init> (67 bytes)
Event: 0,684 Thread 0x00007fa4040a3800 nmethod 52 0x00007fa4010717d0 code [0x00007fa401071920, 0x00007fa401071b98]
Event: 0,684 Thread 0x00007fa4040a3800   53             com.sun.tools.javac.parser.JavacParser::term1 (42 bytes)

GC Heap History (9 events):
Event: 0,190 GC heap before
{Heap before GC invocations=1 (full 0):
 PSYoungGen      total 3584K, used 3049K [0x00000000ec100000, 0x00000000ec500000, 0x0000000100000000)
  eden space 3072K, 99% used [0x00000000ec100000,0x00000000ec3fa770,0x00000000ec400000)
  from space 512K, 0% used [0x00000000ec480000,0x00000000ec480000,0x00000000ec500000)
  to   space 512K, 0% used [0x00000000ec400000,0x00000000ec400000,0x00000000ec480000)
 ParOldGen       total 5632K, used 0K [0x00000000c4400000, 0x00000000c4980000, 0x00000000ec100000)
  object space 5632K, 0% used [0x00000000c4400000,0x00000000c4400000,0x00000000c4980000)
 PSPermGen       total 21504K, used 3756K [0x00000000b9e00000, 0x00000000bb300000, 0x00000000c4400000)
  object space 21504K, 17% used [0x00000000b9e00000,0x00000000ba1ab278,0x00000000bb300000)
Event: 0,194 GC heap after
Heap after GC invocations=1 (full 0):
 PSYoungGen      total 3584K, used 511K [0x00000000ec100000, 0x00000000ec800000, 0x0000000100000000)
  eden space 3072K, 0% used [0x00000000ec100000,0x00000000ec100000,0x00000000ec400000)
  from space 512K, 99% used [0x00000000ec400000,0x00000000ec47fd10,0x00000000ec480000)
  to   space 512K, 0% used [0x00000000ec780000,0x00000000ec780000,0x00000000ec800000)
 ParOldGen       total 5632K, used 605K [0x00000000c4400000, 0x00000000c4980000, 0x00000000ec100000)
  object space 5632K, 10% used [0x00000000c4400000,0x00000000c4497678,0x00000000c4980000)
 PSPermGen       total 21504K, used 3756K [0x00000000b9e00000, 0x00000000bb300000, 0x00000000c4400000)
  object space 21504K, 17% used [0x00000000b9e00000,0x00000000ba1ab278,0x00000000bb300000)
}
Event: 0,265 GC heap before
{Heap before GC invocations=2 (full 0):
 PSYoungGen      total 3584K, used 3573K [0x00000000ec100000, 0x00000000ec800000, 0x0000000100000000)
  eden space 3072K, 99% used [0x00000000ec100000,0x00000000ec3fd758,0x00000000ec400000)
  from space 512K, 99% used [0x00000000ec400000,0x00000000ec47fd10,0x00000000ec480000)
  to   space 512K, 0% used [0x00000000ec780000,0x00000000ec780000,0x00000000ec800000)
 ParOldGen       total 5632K, used 605K [0x00000000c4400000, 0x00000000c4980000, 0x00000000ec100000)
  object space 5632K, 10% used [0x00000000c4400000,0x00000000c4497678,0x00000000c4980000)
 PSPermGen       total 21504K, used 4518K [0x00000000b9e00000, 0x00000000bb300000, 0x00000000c4400000)
  object space 21504K, 21% used [0x00000000b9e00000,0x00000000ba2699c0,0x00000000bb300000)
Event: 0,268 GC heap after
Heap after GC invocations=2 (full 0):
 PSYoungGen      total 6656K, used 480K [0x00000000ec100000, 0x00000000ec800000, 0x0000000100000000)
  eden space 6144K, 0% used [0x00000000ec100000,0x00000000ec100000,0x00000000ec700000)
  from space 512K, 93% used [0x00000000ec780000,0x00000000ec7f8020,0x00000000ec800000)
  to   space 512K, 0% used [0x00000000ec700000,0x00000000ec700000,0x00000000ec780000)
 ParOldGen       total 5632K, used 1598K [0x00000000c4400000, 0x00000000c4980000, 0x00000000ec100000)
  object space 5632K, 28% used [0x00000000c4400000,0x00000000c458fa68,0x00000000c4980000)
 PSPermGen       total 21504K, used 4518K [0x00000000b9e00000, 0x00000000bb300000, 0x00000000c4400000)
  object space 21504K, 21% used [0x00000000b9e00000,0x00000000ba2699c0,0x00000000bb300000)
}
Event: 0,414 GC heap before
{Heap before GC invocations=3 (full 0):
 PSYoungGen      total 6656K, used 6624K [0x00000000ec100000, 0x00000000ec800000, 0x0000000100000000)
  eden space 6144K, 100% used [0x00000000ec100000,0x00000000ec700000,0x00000000ec700000)
  from space 512K, 93% used [0x00000000ec780000,0x00000000ec7f8020,0x00000000ec800000)
  to   space 512K, 0% used [0x00000000ec700000,0x00000000ec700000,0x00000000ec780000)
 ParOldGen       total 5632K, used 1598K [0x00000000c4400000, 0x00000000c4980000, 0x00000000ec100000)
  object space 5632K, 28% used [0x00000000c4400000,0x00000000c458fa68,0x00000000c4980000)
 PSPermGen       total 21504K, used 6349K [0x00000000b9e00000, 0x00000000bb300000, 0x00000000c4400000)
  object space 21504K, 29% used [0x00000000b9e00000,0x00000000ba4336e8,0x00000000bb300000)
Event: 0,420 GC heap after
Heap after GC invocations=3 (full 0):
 PSYoungGen      total 6656K, used 496K [0x00000000ec100000, 0x00000000ece00000, 0x0000000100000000)
  eden space 6144K, 0% used [0x00000000ec100000,0x00000000ec100000,0x00000000ec700000)
  from space 512K, 96% used [0x00000000ec700000,0x00000000ec77c010,0x00000000ec780000)
  to   space 512K, 0% used [0x00000000ecd80000,0x00000000ecd80000,0x00000000ece00000)
 ParOldGen       total 5632K, used 3199K [0x00000000c4400000, 0x00000000c4980000, 0x00000000ec100000)
  object space 5632K, 56% used [0x00000000c4400000,0x00000000c471fcb0,0x00000000c4980000)
 PSPermGen       total 21504K, used 6349K [0x00000000b9e00000, 0x00000000bb300000, 0x00000000c4400000)
  object space 21504K, 29% used [0x00000000b9e00000,0x00000000ba4336e8,0x00000000bb300000)
}
Event: 0,727 GC heap before
{Heap before GC invocations=4 (full 0):
 PSYoungGen      total 6656K, used 5476K [0x00000000ec100000, 0x00000000ece00000, 0x0000000100000000)
  eden space 6144K, 81% used [0x00000000ec100000,0x00000000ec5dd220,0x00000000ec700000)
  from space 512K, 96% used [0x00000000ec700000,0x00000000ec77c010,0x00000000ec780000)
  to   space 512K, 0% used [0x00000000ecd80000,0x00000000ecd80000,0x00000000ece00000)
 ParOldGen       total 5632K, used 3199K [0x00000000c4400000, 0x00000000c4980000, 0x00000000ec100000)
  object space 5632K, 56% used [0x00000000c4400000,0x00000000c471fcb0,0x00000000c4980000)
 PSPermGen       total 21504K, used 6916K [0x00000000b9e00000, 0x00000000bb300000, 0x00000000c4400000)
  object space 21504K, 32% used [0x00000000b9e00000,0x00000000ba4c12b8,0x00000000bb300000)
Event: 0,733 GC heap after
Heap after GC invocations=4 (full 0):
 PSYoungGen      total 12800K, used 508K [0x00000000ec100000, 0x00000000ece00000, 0x0000000100000000)
  eden space 12288K, 0% used [0x00000000ec100000,0x00000000ec100000,0x00000000ecd00000)
  from space 512K, 99% used [0x00000000ecd80000,0x00000000ecdff240,0x00000000ece00000)
  to   space 512K, 0% used [0x00000000ecd00000,0x00000000ecd00000,0x00000000ecd80000)
 ParOldGen       total 5632K, used 5614K [0x00000000c4400000, 0x00000000c4980000, 0x00000000ec100000)
  object space 5632K, 99% used [0x00000000c4400000,0x00000000c497bb08,0x00000000c4980000)
 PSPermGen       total 21504K, used 6916K [0x00000000b9e00000, 0x00000000bb300000, 0x00000000c4400000)
  object space 21504K, 32% used [0x00000000b9e00000,0x00000000ba4c12b8,0x00000000bb300000)
}
Event: 0,733 GC heap before
{Heap before GC invocations=5 (full 1):
 PSYoungGen      total 12800K, used 508K [0x00000000ec100000, 0x00000000ece00000, 0x0000000100000000)
  eden space 12288K, 0% used [0x00000000ec100000,0x00000000ec100000,0x00000000ecd00000)
  from space 512K, 99% used [0x00000000ecd80000,0x00000000ecdff240,0x00000000ece00000)
  to   space 512K, 0% used [0x00000000ecd00000,0x00000000ecd00000,0x00000000ecd80000)
 ParOldGen       total 5632K, used 5614K [0x00000000c4400000, 0x00000000c4980000, 0x00000000ec100000)
  object space 5632K, 99% used [0x00000000c4400000,0x00000000c497bb08,0x00000000c4980000)
 PSPermGen       total 21504K, used 6916K [0x00000000b9e00000, 0x00000000bb300000, 0x00000000c4400000)
  object space 21504K, 32% used [0x00000000b9e00000,0x00000000ba4c12b8,0x00000000bb300000)

Deoptimization events (1 events):
Event: 0,343 Thread 0x00007fa40400a000 Uncommon trap: reason=null_check action=make_not_entrant pc=0x00007fa4010662a0 method=java.lang.String.equals(Ljava/lang/Object;)Z @ 8

Internal exceptions (10 events):
Event: 0,451 Thread 0x00007fa40400a000 Threw 0x00000000ec19a950 at /build/buildd/openjdk-7-7u55-2.4.7/build/openjdk/hotspot/src/share/vm/prims/jvm.cpp:1244
Event: 0,451 Thread 0x00007fa40400a000 Threw 0x00000000ec19dc18 at /build/buildd/openjdk-7-7u55-2.4.7/build/openjdk/hotspot/src/share/vm/prims/jvm.cpp:1244
Event: 0,452 Thread 0x00007fa40400a000 Threw 0x00000000ec1a1678 at /build/buildd/openjdk-7-7u55-2.4.7/build/openjdk/hotspot/src/share/vm/prims/jvm.cpp:1244
Event: 0,452 Thread 0x00007fa40400a000 Threw 0x00000000ec1a3df0 at /build/buildd/openjdk-7-7u55-2.4.7/build/openjdk/hotspot/src/share/vm/prims/jvm.cpp:1244
Event: 0,557 Thread 0x00007fa40400a000 Threw 0x00000000ec2a7ab8 at /build/buildd/openjdk-7-7u55-2.4.7/build/openjdk/hotspot/src/share/vm/prims/jvm.cpp:1244
Event: 0,701 Thread 0x00007fa40400a000 Threw 0x00000000ec57c168 at /build/buildd/openjdk-7-7u55-2.4.7/build/openjdk/hotspot/src/share/vm/prims/jvm.cpp:1244
Event: 0,702 Thread 0x00007fa40400a000 Threw 0x00000000ec580e88 at /build/buildd/openjdk-7-7u55-2.4.7/build/openjdk/hotspot/src/share/vm/prims/jvm.cpp:1244
Event: 0,706 Thread 0x00007fa40400a000 Threw 0x00000000ec593cb0 at /build/buildd/openjdk-7-7u55-2.4.7/build/openjdk/hotspot/src/share/vm/prims/jvm.cpp:1244
Event: 0,708 Thread 0x00007fa40400a000 Threw 0x00000000ec5a5a08 at /build/buildd/openjdk-7-7u55-2.4.7/build/openjdk/hotspot/src/share/vm/prims/jvm.cpp:1244
Event: 0,709 Thread 0x00007fa40400a000 Threw 0x00000000ec5aabe0 at /build/buildd/openjdk-7-7u55-2.4.7/build/openjdk/hotspot/src/share/vm/prims/jvm.cpp:1244

Events (10 events):
Event: 0,708 loading class 0x00007fa404266f20 done
Event: 0,709 loading class 0x00007fa4042672b0
Event: 0,709 loading class 0x00007fa4042672b0 done
Event: 0,722 loading class 0x00007fa400fb8b00
Event: 0,723 loading class 0x00007fa400fb8b00 done
Event: 0,723 loading class 0x00007fa3d402bb40
Event: 0,723 loading class 0x00007fa3d402bb40 done
Event: 0,723 loading class 0x00007fa400fb8b60
Event: 0,723 loading class 0x00007fa400fb8b60 done
Event: 0,727 Executing VM operation: ParallelGCFailedAllocation


Dynamic libraries:
00400000-00401000 r-xp 00000000 08:07 3944770                            /usr/lib/jvm/java-7-openjdk-amd64/bin/javac
00600000-00601000 r--p 00000000 08:07 3944770                            /usr/lib/jvm/java-7-openjdk-amd64/bin/javac
00601000-00602000 rw-p 00001000 08:07 3944770                            /usr/lib/jvm/java-7-openjdk-amd64/bin/javac
00ca3000-00cc4000 rw-p 00000000 00:00 0                                  [heap]
b9e00000-bb300000 rw-p 00000000 00:00 0 
bb300000-c4400000 rw-p 00000000 00:00 0 
c4400000-c4980000 rw-p 00000000 00:00 0 
c4980000-ec100000 rw-p 00000000 00:00 0 
ec100000-ece00000 rw-p 00000000 00:00 0 
ece00000-100000000 rw-p 00000000 00:00 0 
7fa3cc000000-7fa3cc021000 rw-p 00000000 00:00 0 
7fa3cc021000-7fa3d0000000 ---p 00000000 00:00 0 
7fa3d0000000-7fa3d0021000 rw-p 00000000 00:00 0 
7fa3d0021000-7fa3d4000000 ---p 00000000 00:00 0 
7fa3d4000000-7fa3d4934000 rw-p 00000000 00:00 0 
7fa3d4934000-7fa3d8000000 ---p 00000000 00:00 0 
7fa3d8000000-7fa3d87a9000 rw-p 00000000 00:00 0 
7fa3d87a9000-7fa3dc000000 ---p 00000000 00:00 0 
7fa3dc000000-7fa3dc021000 rw-p 00000000 00:00 0 
7fa3dc021000-7fa3e0000000 ---p 00000000 00:00 0 
7fa3e0000000-7fa3e0021000 rw-p 00000000 00:00 0 
7fa3e0021000-7fa3e4000000 ---p 00000000 00:00 0 
7fa3e4000000-7fa3e4021000 rw-p 00000000 00:00 0 
7fa3e4021000-7fa3e8000000 ---p 00000000 00:00 0 
7fa3e8000000-7fa3e8021000 rw-p 00000000 00:00 0 
7fa3e8021000-7fa3ec000000 ---p 00000000 00:00 0 
7fa3ec000000-7fa3ec021000 rw-p 00000000 00:00 0 
7fa3ec021000-7fa3f0000000 ---p 00000000 00:00 0 
7fa3f0000000-7fa3f0021000 rw-p 00000000 00:00 0 
7fa3f0021000-7fa3f4000000 ---p 00000000 00:00 0 
7fa3f4000000-7fa3f4021000 rw-p 00000000 00:00 0 
7fa3f4021000-7fa3f8000000 ---p 00000000 00:00 0 
7fa3f8a96000-7fa3f8b01000 r--s 0069c000 08:07 3944768                    /usr/lib/jvm/java-7-openjdk-amd64/lib/tools.jar
7fa3f8b01000-7fa3f8b02000 ---p 00000000 00:00 0 
7fa3f8b02000-7fa3f8c02000 rw-p 00000000 00:00 0                          [stack:3855]
7fa3f8c02000-7fa3f8c05000 ---p 00000000 00:00 0 
7fa3f8c05000-7fa3f8d03000 rw-p 00000000 00:00 0                          [stack:3854]
7fa3f8d03000-7fa3f8d06000 ---p 00000000 00:00 0 
7fa3f8d06000-7fa3f8e04000 rw-p 00000000 00:00 0                          [stack:3853]
7fa3f8e04000-7fa3f8e07000 ---p 00000000 00:00 0 
7fa3f8e07000-7fa3f8f05000 rw-p 00000000 00:00 0                          [stack:3852]
7fa3f8f05000-7fa3f8f08000 ---p 00000000 00:00 0 
7fa3f8f08000-7fa3f9006000 rw-p 00000000 00:00 0                          [stack:3851]
7fa3f9006000-7fa3f96ea000 r--p 00000000 08:07 3939156                    /usr/lib/locale/locale-archive
7fa3f96ea000-7fa3f96ed000 ---p 00000000 00:00 0 
7fa3f96ed000-7fa3f97eb000 rw-p 00000000 00:00 0                          [stack:3850]
7fa3f97eb000-7fa3f97ee000 ---p 00000000 00:00 0 
7fa3f97ee000-7fa3f98ec000 rw-p 00000000 00:00 0                          [stack:3849]
7fa3f98ec000-7fa3f98ed000 ---p 00000000 00:00 0 
7fa3f98ed000-7fa3fc000000 rw-p 00000000 00:00 0                          [stack:3848]
7fa3fc000000-7fa3fc252000 rw-p 00000000 00:00 0 
7fa3fc252000-7fa400000000 ---p 00000000 00:00 0 
7fa40005f000-7fa400d59000 rw-p 00000000 00:00 0 
7fa400d59000-7fa400f07000 r--s 01cfc000 08:07 3950522                    /usr/lib/jvm/java-7-openjdk-amd64/jre/lib/rt.jar
7fa400f07000-7fa401000000 rw-p 00000000 00:00 0 
7fa401000000-7fa401270000 rwxp 00000000 00:00 0 
7fa401270000-7fa4042c3000 rw-p 00000000 00:00 0 
7fa4042c3000-7fa408000000 ---p 00000000 00:00 0 
7fa40800c000-7fa40823d000 rw-p 00000000 00:00 0 
7fa40823d000-7fa40823e000 ---p 00000000 00:00 0 
7fa40823e000-7fa40833e000 rw-p 00000000 00:00 0                          [stack:3847]
7fa40833e000-7fa40833f000 ---p 00000000 00:00 0 
7fa40833f000-7fa40843f000 rw-p 00000000 00:00 0                          [stack:3846]
7fa40843f000-7fa408440000 ---p 00000000 00:00 0 
7fa408440000-7fa408540000 rw-p 00000000 00:00 0                          [stack:3845]
7fa408540000-7fa408541000 ---p 00000000 00:00 0 
7fa408541000-7fa40864c000 rw-p 00000000 00:00 0                          [stack:3844]
7fa40864c000-7fa408694000 rw-p 00000000 00:00 0 
7fa408694000-7fa408697000 rw-p 00000000 00:00 0 
7fa408697000-7fa4087d3000 rw-p 00000000 00:00 0 
7fa4087d3000-7fa4087de000 rw-p 00000000 00:00 0 
7fa4087de000-7fa408826000 rw-p 00000000 00:00 0 
7fa408826000-7fa408829000 rw-p 00000000 00:00 0 
7fa408829000-7fa408964000 rw-p 00000000 00:00 0 
7fa408964000-7fa40896b000 rw-p 00000000 00:00 0 
7fa40896b000-7fa408a04000 rw-p 00000000 00:00 0 
7fa408a04000-7fa408a05000 rw-p 00000000 00:00 0 
7fa408a05000-7fa408a0d000 r-xp 00000000 08:07 3942779                    /usr/lib/jvm/java-7-openjdk-amd64/jre/lib/amd64/libzip.so
7fa408a0d000-7fa408c0c000 ---p 00008000 08:07 3942779                    /usr/lib/jvm/java-7-openjdk-amd64/jre/lib/amd64/libzip.so
7fa408c0c000-7fa408c0d000 r--p 00007000 08:07 3942779                    /usr/lib/jvm/java-7-openjdk-amd64/jre/lib/amd64/libzip.so
7fa408c0d000-7fa408c0e000 rw-p 00008000 08:07 3942779                    /usr/lib/jvm/java-7-openjdk-amd64/jre/lib/amd64/libzip.so
7fa408c0e000-7fa408c1a000 r-xp 00000000 08:07 3542989                    /lib/x86_64-linux-gnu/libnss_files-2.17.so
7fa408c1a000-7fa408e19000 ---p 0000c000 08:07 3542989                    /lib/x86_64-linux-gnu/libnss_files-2.17.so
7fa408e19000-7fa408e1a000 r--p 0000b000 08:07 3542989                    /lib/x86_64-linux-gnu/libnss_files-2.17.so
7fa408e1a000-7fa408e1b000 rw-p 0000c000 08:07 3542989                    /lib/x86_64-linux-gnu/libnss_files-2.17.so
7fa408e1b000-7fa408e26000 r-xp 00000000 08:07 3542993                    /lib/x86_64-linux-gnu/libnss_nis-2.17.so
7fa408e26000-7fa409025000 ---p 0000b000 08:07 3542993                    /lib/x86_64-linux-gnu/libnss_nis-2.17.so
7fa409025000-7fa409026000 r--p 0000a000 08:07 3542993                    /lib/x86_64-linux-gnu/libnss_nis-2.17.so
7fa409026000-7fa409027000 rw-p 0000b000 08:07 3542993                    /lib/x86_64-linux-gnu/libnss_nis-2.17.so
7fa409027000-7fa40903e000 r-xp 00000000 08:07 3542983                    /lib/x86_64-linux-gnu/libnsl-2.17.so
7fa40903e000-7fa40923d000 ---p 00017000 08:07 3542983                    /lib/x86_64-linux-gnu/libnsl-2.17.so
7fa40923d000-7fa40923e000 r--p 00016000 08:07 3542983                    /lib/x86_64-linux-gnu/libnsl-2.17.so
7fa40923e000-7fa40923f000 rw-p 00017000 08:07 3542983                    /lib/x86_64-linux-gnu/libnsl-2.17.so
7fa40923f000-7fa409241000 rw-p 00000000 00:00 0 
7fa409241000-7fa409249000 r-xp 00000000 08:07 3542985                    /lib/x86_64-linux-gnu/libnss_compat-2.17.so
7fa409249000-7fa409448000 ---p 00008000 08:07 3542985                    /lib/x86_64-linux-gnu/libnss_compat-2.17.so
7fa409448000-7fa409449000 r--p 00007000 08:07 3542985                    /lib/x86_64-linux-gnu/libnss_compat-2.17.so
7fa409449000-7fa40944a000 rw-p 00008000 08:07 3542985                    /lib/x86_64-linux-gnu/libnss_compat-2.17.so
7fa40944a000-7fa409475000 r-xp 00000000 08:07 3942774                    /usr/lib/jvm/java-7-openjdk-amd64/jre/lib/amd64/libjava.so
7fa409475000-7fa409674000 ---p 0002b000 08:07 3942774                    /usr/lib/jvm/java-7-openjdk-amd64/jre/lib/amd64/libjava.so
7fa409674000-7fa409675000 r--p 0002a000 08:07 3942774                    /usr/lib/jvm/java-7-openjdk-amd64/jre/lib/amd64/libjava.so
7fa409675000-7fa409677000 rw-p 0002b000 08:07 3942774                    /usr/lib/jvm/java-7-openjdk-amd64/jre/lib/amd64/libjava.so
7fa409677000-7fa409687000 r-xp 00000000 08:07 3942799                    /usr/lib/jvm/java-7-openjdk-amd64/jre/lib/amd64/libverify.so
7fa409687000-7fa409886000 ---p 00010000 08:07 3942799                    /usr/lib/jvm/java-7-openjdk-amd64/jre/lib/amd64/libverify.so
7fa409886000-7fa409888000 r--p 0000f000 08:07 3942799                    /usr/lib/jvm/java-7-openjdk-amd64/jre/lib/amd64/libverify.so
7fa409888000-7fa409889000 rw-p 00011000 08:07 3942799                    /usr/lib/jvm/java-7-openjdk-amd64/jre/lib/amd64/libverify.so
7fa409889000-7fa409890000 r-xp 00000000 08:07 3543036                    /lib/x86_64-linux-gnu/librt-2.17.so
7fa409890000-7fa409a8f000 ---p 00007000 08:07 3543036                    /lib/x86_64-linux-gnu/librt-2.17.so
7fa409a8f000-7fa409a90000 r--p 00006000 08:07 3543036                    /lib/x86_64-linux-gnu/librt-2.17.so
7fa409a90000-7fa409a91000 rw-p 00007000 08:07 3543036                    /lib/x86_64-linux-gnu/librt-2.17.so
7fa409a91000-7fa409aa6000 r-xp 00000000 08:07 3538949                    /lib/x86_64-linux-gnu/libgcc_s.so.1
7fa409aa6000-7fa409ca5000 ---p 00015000 08:07 3538949                    /lib/x86_64-linux-gnu/libgcc_s.so.1
7fa409ca5000-7fa409ca6000 r--p 00014000 08:07 3538949                    /lib/x86_64-linux-gnu/libgcc_s.so.1
7fa409ca6000-7fa409ca7000 rw-p 00015000 08:07 3538949                    /lib/x86_64-linux-gnu/libgcc_s.so.1
7fa409ca7000-7fa409daa000 r-xp 00000000 08:07 3542964                    /lib/x86_64-linux-gnu/libm-2.17.so
7fa409daa000-7fa409fa9000 ---p 00103000 08:07 3542964                    /lib/x86_64-linux-gnu/libm-2.17.so
7fa409fa9000-7fa409faa000 r--p 00102000 08:07 3542964                    /lib/x86_64-linux-gnu/libm-2.17.so
7fa409faa000-7fa409fab000 rw-p 00103000 08:07 3542964                    /lib/x86_64-linux-gnu/libm-2.17.so
7fa409fab000-7fa40a091000 r-xp 00000000 08:07 3938427                    /usr/lib/x86_64-linux-gnu/libstdc++.so.6.0.18
7fa40a091000-7fa40a290000 ---p 000e6000 08:07 3938427                    /usr/lib/x86_64-linux-gnu/libstdc++.so.6.0.18
7fa40a290000-7fa40a298000 r--p 000e5000 08:07 3938427                    /usr/lib/x86_64-linux-gnu/libstdc++.so.6.0.18
7fa40a298000-7fa40a29a000 rw-p 000ed000 08:07 3938427                    /usr/lib/x86_64-linux-gnu/libstdc++.so.6.0.18
7fa40a29a000-7fa40a2af000 rw-p 00000000 00:00 0 
7fa40a2af000-7fa40ad8e000 r-xp 00000000 08:07 3942816                    /usr/lib/jvm/java-7-openjdk-amd64/jre/lib/amd64/server/libjvm.so
7fa40ad8e000-7fa40af8e000 ---p 00adf000 08:07 3942816                    /usr/lib/jvm/java-7-openjdk-amd64/jre/lib/amd64/server/libjvm.so
7fa40af8e000-7fa40b020000 r--p 00adf000 08:07 3942816                    /usr/lib/jvm/java-7-openjdk-amd64/jre/lib/amd64/server/libjvm.so
7fa40b020000-7fa40b043000 rw-p 00b71000 08:07 3942816                    /usr/lib/jvm/java-7-openjdk-amd64/jre/lib/amd64/server/libjvm.so
7fa40b043000-7fa40b070000 rw-p 00000000 00:00 0 
7fa40b070000-7fa40b088000 r-xp 00000000 08:07 3543071                    /lib/x86_64-linux-gnu/libz.so.1.2.8
7fa40b088000-7fa40b287000 ---p 00018000 08:07 3543071                    /lib/x86_64-linux-gnu/libz.so.1.2.8
7fa40b287000-7fa40b288000 r--p 00017000 08:07 3543071                    /lib/x86_64-linux-gnu/libz.so.1.2.8
7fa40b288000-7fa40b289000 rw-p 00018000 08:07 3543071                    /lib/x86_64-linux-gnu/libz.so.1.2.8
7fa40b289000-7fa40b2a0000 r-xp 00000000 08:07 3543028                    /lib/x86_64-linux-gnu/libpthread-2.17.so
7fa40b2a0000-7fa40b4a0000 ---p 00017000 08:07 3543028                    /lib/x86_64-linux-gnu/libpthread-2.17.so
7fa40b4a0000-7fa40b4a1000 r--p 00017000 08:07 3543028                    /lib/x86_64-linux-gnu/libpthread-2.17.so
7fa40b4a1000-7fa40b4a2000 rw-p 00018000 08:07 3543028                    /lib/x86_64-linux-gnu/libpthread-2.17.so
7fa40b4a2000-7fa40b4a6000 rw-p 00000000 00:00 0 
7fa40b4a6000-7fa40b4a9000 r-xp 00000000 08:07 3542928                    /lib/x86_64-linux-gnu/libdl-2.17.so
7fa40b4a9000-7fa40b6a8000 ---p 00003000 08:07 3542928                    /lib/x86_64-linux-gnu/libdl-2.17.so
7fa40b6a8000-7fa40b6a9000 r--p 00002000 08:07 3542928                    /lib/x86_64-linux-gnu/libdl-2.17.so
7fa40b6a9000-7fa40b6aa000 rw-p 00003000 08:07 3542928                    /lib/x86_64-linux-gnu/libdl-2.17.so
7fa40b6aa000-7fa40b867000 r-xp 00000000 08:07 3542913                    /lib/x86_64-linux-gnu/libc-2.17.so
7fa40b867000-7fa40ba67000 ---p 001bd000 08:07 3542913                    /lib/x86_64-linux-gnu/libc-2.17.so
7fa40ba67000-7fa40ba6b000 r--p 001bd000 08:07 3542913                    /lib/x86_64-linux-gnu/libc-2.17.so
7fa40ba6b000-7fa40ba6d000 rw-p 001c1000 08:07 3542913                    /lib/x86_64-linux-gnu/libc-2.17.so
7fa40ba6d000-7fa40ba72000 rw-p 00000000 00:00 0 
7fa40ba72000-7fa40ba7f000 r-xp 00000000 08:07 3942850                    /usr/lib/jvm/java-7-openjdk-amd64/jre/lib/amd64/jli/libjli.so
7fa40ba7f000-7fa40bc7e000 ---p 0000d000 08:07 3942850                    /usr/lib/jvm/java-7-openjdk-amd64/jre/lib/amd64/jli/libjli.so
7fa40bc7e000-7fa40bc7f000 r--p 0000c000 08:07 3942850                    /usr/lib/jvm/java-7-openjdk-amd64/jre/lib/amd64/jli/libjli.so
7fa40bc7f000-7fa40bc80000 rw-p 0000d000 08:07 3942850                    /usr/lib/jvm/java-7-openjdk-amd64/jre/lib/amd64/jli/libjli.so
7fa40bc80000-7fa40bca3000 r-xp 00000000 08:07 3542889                    /lib/x86_64-linux-gnu/ld-2.17.so
7fa40bca6000-7fa40bca7000 rw-p 00000000 00:00 0 
7fa40bca7000-7fa40bcaa000 r--s 00032000 08:07 3950502                    /usr/lib/jvm/java-7-openjdk-amd64/jre/lib/ext/sunjce_provider.jar
7fa40bcaa000-7fa40bcae000 r--s 0003b000 08:07 3950505                    /usr/lib/jvm/java-7-openjdk-amd64/jre/lib/ext/sunpkcs11.jar
7fa40bcae000-7fa40bcaf000 r--s 00002000 08:07 3950504                    /usr/lib/jvm/java-7-openjdk-amd64/jre/lib/ext/dnsns.jar
7fa40bcaf000-7fa40bcb3000 r--s 00085000 08:07 3950470                    /usr/lib/jvm/java-7-openjdk-amd64/jre/lib/ext/localedata.jar
7fa40bcb3000-7fa40bcb5000 r--s 00006000 08:07 4342350                    /usr/share/java/java-atk-wrapper.jar
7fa40bcb5000-7fa40bcb7000 r--s 00012000 08:07 3950473                    /usr/lib/jvm/java-7-openjdk-amd64/jre/lib/ext/zipfs.jar
7fa40bcb7000-7fa40bcba000 r--s 0000f000 08:07 3950471                    /usr/lib/jvm/java-7-openjdk-amd64/jre/lib/ext/pulse-java.jar
7fa40bcba000-7fa40bcc4000 rw-p 00000000 00:00 0 
7fa40bcc4000-7fa40bd7a000 rw-p 00000000 00:00 0 
7fa40bd7a000-7fa40bd7d000 ---p 00000000 00:00 0 
7fa40bd7d000-7fa40be96000 rw-p 00000000 00:00 0                          [stack:3843]
7fa40be96000-7fa40be9e000 rw-s 00000000 08:07 4598404                    /tmp/hsperfdata_roberty/3842
7fa40be9e000-7fa40be9f000 rw-p 00000000 00:00 0 
7fa40be9f000-7fa40bea0000 ---p 00000000 00:00 0 
7fa40bea0000-7fa40bea2000 rw-p 00000000 00:00 0 
7fa40bea2000-7fa40bea3000 r--p 00022000 08:07 3542889                    /lib/x86_64-linux-gnu/ld-2.17.so
7fa40bea3000-7fa40bea5000 rw-p 00023000 08:07 3542889                    /lib/x86_64-linux-gnu/ld-2.17.so
7fff6981a000-7fff6983b000 rw-p 00000000 00:00 0                          [stack]
7fff698fa000-7fff698fc000 r-xp 00000000 00:00 0                          [vdso]
ffffffffff600000-ffffffffff601000 r-xp 00000000 00:00 0                  [vsyscall]

VM Arguments:
jvm_args: -Dapplication.home=/usr/lib/jvm/java-7-openjdk-amd64 -Xms8m 
java_command: com.sun.tools.javac.Main MeuphoriaConstants.java Meuphoria.java MeuphoriaTokenManager.java ParseException.java SemanticRoutines.java SimpleCharStream.java Symbol.java SymbolsTable.java Token.java TokenMgrError.java
Launcher Type: SUN_STANDARD

Environment Variables:
PATH=/usr/lib/lightdm/lightdm:/usr/local/sbin:/usr/local/bin:/usr/sbin:/usr/bin:/sbin:/bin:/usr/games:/usr/local/games
SHELL=/bin/bash
DISPLAY=:0.0

Signal Handlers:
SIGSEGV: [libjvm.so+0x916eb0], sa_mask[0]=0x7ffbfeff, sa_flags=0x10000004
SIGBUS: [libjvm.so+0x916eb0], sa_mask[0]=0x7ffbfeff, sa_flags=0x10000004
SIGFPE: [libjvm.so+0x7947e0], sa_mask[0]=0x7ffbfeff, sa_flags=0x10000004
SIGPIPE: [libjvm.so+0x7947e0], sa_mask[0]=0x7ffbfeff, sa_flags=0x10000004
SIGXFSZ: [libjvm.so+0x7947e0], sa_mask[0]=0x7ffbfeff, sa_flags=0x10000004
SIGILL: [libjvm.so+0x7947e0], sa_mask[0]=0x7ffbfeff, sa_flags=0x10000004
SIGUSR1: SIG_DFL, sa_mask[0]=0x00000000, sa_flags=0x00000000
SIGUSR2: [libjvm.so+0x794680], sa_mask[0]=0x00000000, sa_flags=0x10000004
SIGHUP: [libjvm.so+0x794860], sa_mask[0]=0x7ffbfeff, sa_flags=0x10000004
SIGINT: [libjvm.so+0x794860], sa_mask[0]=0x7ffbfeff, sa_flags=0x10000004
SIGTERM: [libjvm.so+0x794860], sa_mask[0]=0x7ffbfeff, sa_flags=0x10000004
SIGQUIT: [libjvm.so+0x794860], sa_mask[0]=0x7ffbfeff, sa_flags=0x10000004


---------------  S Y S T E M  ---------------

OS:Ubuntu 13.10 (saucy)
uname:Linux 3.11.0-15-generic #25-Ubuntu SMP Thu Jan 30 17:22:01 UTC 2014 x86_64
libc:glibc 2.17 NPTL 2.17 
rlimit: STACK 8192k, CORE 0k, NPROC 30375, NOFILE 4096, AS infinity
load average:0,40 0,43 0,48

/proc/meminfo:
MemTotal:        3908276 kB
MemFree:         1678236 kB
Buffers:          304976 kB
Cached:           846460 kB
SwapCached:            0 kB
Active:          1296572 kB
Inactive:         744180 kB
Active(anon):     890268 kB
Inactive(anon):   249844 kB
Active(file):     406304 kB
Inactive(file):   494336 kB
Unevictable:          32 kB
Mlocked:              32 kB
SwapTotal:       4881404 kB
SwapFree:        4881404 kB
Dirty:               252 kB
Writeback:             0 kB
AnonPages:        889584 kB
Mapped:           190944 kB
Shmem:            250800 kB
Slab:             111460 kB
SReclaimable:      84708 kB
SUnreclaim:        26752 kB
KernelStack:        4024 kB
PageTables:        28324 kB
NFS_Unstable:          0 kB
Bounce:                0 kB
WritebackTmp:          0 kB
CommitLimit:     6835540 kB
Committed_AS:    3865892 kB
VmallocTotal:   34359738367 kB
VmallocUsed:      545256 kB
VmallocChunk:   34359186908 kB
HardwareCorrupted:     0 kB
AnonHugePages:         0 kB
HugePages_Total:       0
HugePages_Free:        0
HugePages_Rsvd:        0
HugePages_Surp:        0
Hugepagesize:       2048 kB
DirectMap4k:       54372 kB
DirectMap2M:     3999744 kB


CPU:total 4 (2 cores per cpu, 2 threads per core) family 6 model 37 stepping 5, cmov, cx8, fxsr, mmx, sse, sse2, sse3, ssse3, sse4.1, sse4.2, popcnt, ht, tsc, tscinvbit

/proc/cpuinfo:
processor	: 0
vendor_id	: GenuineIntel
cpu family	: 6
model		: 37
model name	: Intel(R) Core(TM) i3 CPU       M 370  @ 2.40GHz
stepping	: 5
microcode	: 0x2
cpu MHz		: 931.000
cache size	: 3072 KB
physical id	: 0
siblings	: 4
core id		: 0
cpu cores	: 2
apicid		: 0
initial apicid	: 0
fpu		: yes
fpu_exception	: yes
cpuid level	: 11
wp		: yes
flags		: fpu vme de pse tsc msr pae mce cx8 apic sep mtrr pge mca cmov pat pse36 clflush dts acpi mmx fxsr sse sse2 ss ht tm pbe syscall nx rdtscp lm constant_tsc arch_perfmon pebs bts rep_good nopl xtopology nonstop_tsc aperfmperf pni dtes64 monitor ds_cpl vmx est tm2 ssse3 cx16 xtpr pdcm pcid sse4_1 sse4_2 popcnt lahf_lm arat dtherm tpr_shadow vnmi flexpriority ept vpid
bogomips	: 4787.94
clflush size	: 64
cache_alignment	: 64
address sizes	: 36 bits physical, 48 bits virtual
power management:

processor	: 1
vendor_id	: GenuineIntel
cpu family	: 6
model		: 37
model name	: Intel(R) Core(TM) i3 CPU       M 370  @ 2.40GHz
stepping	: 5
microcode	: 0x2
cpu MHz		: 2394.000
cache size	: 3072 KB
physical id	: 0
siblings	: 4
core id		: 2
cpu cores	: 2
apicid		: 4
initial apicid	: 4
fpu		: yes
fpu_exception	: yes
cpuid level	: 11
wp		: yes
flags		: fpu vme de pse tsc msr pae mce cx8 apic sep mtrr pge mca cmov pat pse36 clflush dts acpi mmx fxsr sse sse2 ss ht tm pbe syscall nx rdtscp lm constant_tsc arch_perfmon pebs bts rep_good nopl xtopology nonstop_tsc aperfmperf pni dtes64 monitor ds_cpl vmx est tm2 ssse3 cx16 xtpr pdcm pcid sse4_1 sse4_2 popcnt lahf_lm arat dtherm tpr_shadow vnmi flexpriority ept vpid
bogomips	: 4787.94
clflush size	: 64
cache_alignment	: 64
address sizes	: 36 bits physical, 48 bits virtual
power management:

processor	: 2
vendor_id	: GenuineIntel
cpu family	: 6
model		: 37
model name	: Intel(R) Core(TM) i3 CPU       M 370  @ 2.40GHz
stepping	: 5
microcode	: 0x2
cpu MHz		: 2394.000
cache size	: 3072 KB
physical id	: 0
siblings	: 4
core id		: 0
cpu cores	: 2
apicid		: 1
initial apicid	: 1
fpu		: yes
fpu_exception	: yes
cpuid level	: 11
wp		: yes
flags		: fpu vme de pse tsc msr pae mce cx8 apic sep mtrr pge mca cmov pat pse36 clflush dts acpi mmx fxsr sse sse2 ss ht tm pbe syscall nx rdtscp lm constant_tsc arch_perfmon pebs bts rep_good nopl xtopology nonstop_tsc aperfmperf pni dtes64 monitor ds_cpl vmx est tm2 ssse3 cx16 xtpr pdcm pcid sse4_1 sse4_2 popcnt lahf_lm arat dtherm tpr_shadow vnmi flexpriority ept vpid
bogomips	: 4787.94
clflush size	: 64
cache_alignment	: 64
address sizes	: 36 bits physical, 48 bits virtual
power management:

processor	: 3
vendor_id	: GenuineIntel
cpu family	: 6
model		: 37
model name	: Intel(R) Core(TM) i3 CPU       M 370  @ 2.40GHz
stepping	: 5
microcode	: 0x2
cpu MHz		: 2394.000
cache size	: 3072 KB
physical id	: 0
siblings	: 4
core id		: 2
cpu cores	: 2
apicid		: 5
initial apicid	: 5
fpu		: yes
fpu_exception	: yes
cpuid level	: 11
wp		: yes
flags		: fpu vme de pse tsc msr pae mce cx8 apic sep mtrr pge mca cmov pat pse36 clflush dts acpi mmx fxsr sse sse2 ss ht tm pbe syscall nx rdtscp lm constant_tsc arch_perfmon pebs bts rep_good nopl xtopology nonstop_tsc aperfmperf pni dtes64 monitor ds_cpl vmx est tm2 ssse3 cx16 xtpr pdcm pcid sse4_1 sse4_2 popcnt lahf_lm arat dtherm tpr_shadow vnmi flexpriority ept vpid
bogomips	: 4787.94
clflush size	: 64
cache_alignment	: 64
address sizes	: 36 bits physical, 48 bits virtual
power management:



Memory: 4k page, physical 3908276k(1678236k free), swap 4881404k(4881404k free)

vm_info: OpenJDK 64-Bit Server VM (24.51-b03) for linux-amd64 JRE (1.7.0_55-b14), built on Apr 17 2014 21:13:26 by "buildd" with gcc 4.8.1

time: Mon Jun 30 23:22:12 2014
elapsed time: 0 seconds

