#
# A fatal error has been detected by the Java Runtime Environment:
#
#  SIGSEGV (0xb) at pc=0x00007f572af32e1d, pid=3621, tid=140012061492992
#
# JRE version: OpenJDK Runtime Environment (7.0_55-b14) (build 1.7.0_55-b14)
# Java VM: OpenJDK 64-Bit Server VM (24.51-b03 mixed mode linux-amd64 compressed oops)
# Problematic frame:
# V  [libjvm.so+0x6e8e1d]  PhaseIdealLoop::build_loop_early(VectorSet&, Node_List&, Node_Stack&)+0x10d
#
# Failed to write core dump. Core dumps have been disabled. To enable core dumping, try "ulimit -c unlimited" before starting Java again
#
# If you would like to submit a bug report, please include
# instructions on how to reproduce the bug and visit:
#   http://icedtea.classpath.org/bugzilla
#

---------------  T H R E A D  ---------------

Current thread (0x00007f57240a3800):  JavaThread "C2 CompilerThread1" daemon [_thread_in_native, id=3632, stack(0x00007f5719208000,0x00007f5719309000)]

siginfo:si_signo=SIGSEGV: si_errno=0, si_code=1 (SEGV_MAPERR), si_addr=0x00007f56b823cce8

Registers:
RAX=0x00007f56f823cd68, RBX=0x00007f5719304080, RCX=0x0000000000000000, RDX=0x0000000000000001
RSP=0x00007f5719303fb0, RBP=0x00007f5719304020, RSI=0x000000000000145c, RDI=0x00000000f6000000
R8 =0x0000000000000000, R9 =0x00000000000000d0, R10=0x00007f57240b7a29, R11=0x00007f572bcd1c0d
R12=0x00007f56f823cd30, R13=0x0000000000000002, R14=0x00007f56b823cce8, R15=0x00007f5719305870
RIP=0x00007f572af32e1d, EFLAGS=0x0000000000010206, CSGSFS=0x0000000000000033, ERR=0x0000000000000004
  TRAPNO=0x000000000000000e

Top of Stack: (sp=0x00007f5719303fb0)
0x00007f5719303fb0:   00007f5719303fd0 000000000000da50
0x00007f5719303fc0:   00007f57193040a0 00007f5719305890
0x00007f5719303fd0:   00007f57193040e0 00007f56f80d8760
0x00007f5719303fe0:   00007f57193040c0 00007f5600000002
0x00007f5719303ff0:   00007f5719304020 00007f572401c2c0
0x00007f5719304000:   00007f57193040c0 00007f5719305870
0x00007f5719304010:   00007f57193040a0 0000000000000004
0x00007f5719304020:   00007f5719304330 00007f572af35c9c
0x00007f5719304030:   00007f57193040a0 000000572b02ba9f
0x00007f5719304040:   0000000000000004 00007f5719305890
0x00007f5719304050:   00007f5700000001 000000000003d188
0x00007f5719304060:   00007f5724155af8 00007f572414db60
0x00007f5719304070:   00007f5719304080 00007f572414db10
0x00007f5719304080:   00007f572b5b9450 00007f572401c2c0
0x00007f5719304090:   00007f5600000100 00007f56f806db50
0x00007f57193040a0:   00007f56ec14a650 00007f56ec1580a0
0x00007f57193040b0:   00007f56ec14a650 00007f572401c2c0
0x00007f57193040c0:   00007f572401c2c0 0000000000000100
0x00007f57193040d0:   00007f56f806df50 00007f5700000098
0x00007f57193040e0:   00007f572401c2c0 0000000000000004
0x00007f57193040f0:   00007f56ec040b70 00007f5700000000
0x00007f5719304100:   00007f5719304110 00000001240a7d18
0x00007f5719304110:   0000000000010040 0000000000000400
0x00007f5719304120:   0000000000000080 0000000000000010
0x00007f5719304130:   0000000000000002 0000000000000000
0x00007f5719304140:   0000043000001002 0000007e000000db
0x00007f5719304150:   0000007c00000079 00007f5719304170
0x00007f5719304160:   00007f57193041c0 00007f572ad03351
0x00007f5719304170:   00007f56f8005df0 0000000074e2de3c
0x00007f5719304180:   00007f57193041c0 00007f56ec000020
0x00007f5719304190:   0000000000010010 0000000000000000
0x00007f57193041a0:   0000000000000000 0000000000010010 

Instructions: (pc=0x00007f572af32e1d)
0x00007f572af32dfd:   00 44 39 6d c8 0f 86 08 01 00 00 49 8b 44 24 08
0x00007f572af32e0d:   44 89 ea 41 83 c5 01 4c 8b 34 d0 4d 85 f6 74 e1
0x00007f572af32e1d:   49 8b 06 4c 89 f7 ff 90 b0 00 00 00 84 c0 0f 84
0x00007f572af32e2d:   77 ff ff ff 49 8b 06 4c 89 f7 ff 50 10 84 c0 0f 

Register to memory mapping:

RAX=0x00007f56f823cd68 is an unknown value
RBX=0x00007f5719304080 is pointing into the stack for thread: 0x00007f57240a3800
RCX=0x0000000000000000 is an unknown value
RDX=0x0000000000000001 is an unknown value
RSP=0x00007f5719303fb0 is pointing into the stack for thread: 0x00007f57240a3800
RBP=0x00007f5719304020 is pointing into the stack for thread: 0x00007f57240a3800
RSI=0x000000000000145c is an unknown value
RDI=0x00000000f6000000 is an unallocated location in the heap
R8 =0x0000000000000000 is an unknown value
R9 =0x00000000000000d0 is an unknown value
R10=0x00007f57240b7a29 is an unknown value
R11=0x00007f572bcd1c0d: <offset 0x8cc0d> in /lib/x86_64-linux-gnu/libc.so.6 at 0x00007f572bc45000
R12=0x00007f56f823cd30 is an unknown value
R13=0x0000000000000002 is an unknown value
R14=0x00007f56b823cce8 is an unknown value
R15=0x00007f5719305870 is pointing into the stack for thread: 0x00007f57240a3800


Stack: [0x00007f5719208000,0x00007f5719309000],  sp=0x00007f5719303fb0,  free space=1007k
Native frames: (J=compiled Java code, j=interpreted, Vv=VM code, C=native code)
V  [libjvm.so+0x6e8e1d]  PhaseIdealLoop::build_loop_early(VectorSet&, Node_List&, Node_Stack&)+0x10d
V  [libjvm.so+0x6ebc9c]  PhaseIdealLoop::build_and_optimize(bool, bool)+0x7cc
V  [libjvm.so+0x419ebe]  Compile::Optimize()+0x136e
V  [libjvm.so+0x41b1d8]  Compile::Compile(ciEnv*, C2Compiler*, ciMethod*, int, bool, bool)+0xf28
V  [libjvm.so+0x38a2ca]  C2Compiler::compile_method(ciEnv*, ciMethod*, int)+0xca
V  [libjvm.so+0x421057]  CompileBroker::invoke_compiler_on_method(CompileTask*)+0x327
V  [libjvm.so+0x42219d]  CompileBroker::compiler_thread_loop()+0x3dd
V  [libjvm.so+0x8cdfb0]  JavaThread::thread_main_inner()+0xf0
V  [libjvm.so+0x8ce221]  JavaThread::run()+0x221
V  [libjvm.so+0x795e92]  java_start(Thread*)+0xf2


Current CompileTask:
C2:    553   27             org.javacc.parser.LookaheadWalk::genFirstSet (560 bytes)


---------------  P R O C E S S  ---------------

Java Threads: ( => current thread )
  0x00007f57240a6000 JavaThread "Service Thread" daemon [_thread_blocked, id=3633, stack(0x00007f5719107000,0x00007f5719208000)]
=>0x00007f57240a3800 JavaThread "C2 CompilerThread1" daemon [_thread_in_native, id=3632, stack(0x00007f5719208000,0x00007f5719309000)]
  0x00007f57240a0800 JavaThread "C2 CompilerThread0" daemon [_thread_in_native, id=3631, stack(0x00007f5719309000,0x00007f571940a000)]
  0x00007f572409e800 JavaThread "Signal Dispatcher" daemon [_thread_blocked, id=3630, stack(0x00007f571940a000,0x00007f571950b000)]
  0x00007f572407b800 JavaThread "Finalizer" daemon [_thread_blocked, id=3629, stack(0x00007f5719bef000,0x00007f5719cf0000)]
  0x00007f5724079800 JavaThread "Reference Handler" daemon [_thread_blocked, id=3628, stack(0x00007f57200f1000,0x00007f57201f2000)]
  0x00007f572400a000 JavaThread "main" [_thread_in_vm, id=3622, stack(0x00007f572c315000,0x00007f572c416000)]

Other Threads:
  0x00007f5724075000 VMThread [stack: 0x00007f57201f2000,0x00007f57202f3000] [id=3627]
  0x00007f57240b0800 WatcherThread [stack: 0x00007f5719006000,0x00007f5719107000] [id=3634]

VM state:not at safepoint (normal execution)

VM Mutex/Monitor currently owned by a thread: None

Heap
 PSYoungGen      total 17920K, used 4426K [0x00000000ec100000, 0x00000000ed500000, 0x0000000100000000)
  eden space 15360K, 28% used [0x00000000ec100000,0x00000000ec552840,0x00000000ed000000)
  from space 2560K, 0% used [0x00000000ed280000,0x00000000ed280000,0x00000000ed500000)
  to   space 2560K, 0% used [0x00000000ed000000,0x00000000ed000000,0x00000000ed280000)
 ParOldGen       total 40448K, used 0K [0x00000000c4400000, 0x00000000c6b80000, 0x00000000ec100000)
  object space 40448K, 0% used [0x00000000c4400000,0x00000000c4400000,0x00000000c6b80000)
 PSPermGen       total 21504K, used 3599K [0x00000000b9e00000, 0x00000000bb300000, 0x00000000c4400000)
  object space 21504K, 16% used [0x00000000b9e00000,0x00000000ba183ed0,0x00000000bb300000)

Card table byte_map: [0x00007f5728d6e000,0x00007f5728fa0000] byte_map_base: 0x00007f572879f000

Polling page: 0x00007f572c43a000

Code Cache  [0x00007f5721000000, 0x00007f5721270000, 0x00007f5724000000)
 total_blobs=218 nmethods=29 adapters=144 free_code_cache=48695Kb largest_free_block=49837376

Compilation events (10 events):
Event: 0,535 Thread 0x00007f57240a3800   26             java.util.ArrayList::elementData (7 bytes)
Event: 0,535 Thread 0x00007f57240a3800 nmethod 26 0x00007f5721066010 code [0x00007f5721066160, 0x00007f57210661f8]
Event: 0,535 Thread 0x00007f57240a0800 nmethod 24 0x00007f5721065d10 code [0x00007f5721065e60, 0x00007f5721065f18]
Event: 0,536 Thread 0x00007f57240a3800   27             org.javacc.parser.LookaheadWalk::genFirstSet (560 bytes)
Event: 0,544 Thread 0x00007f57240a0800   28             java.util.AbstractCollection::<init> (5 bytes)
Event: 0,544 Thread 0x00007f57240a0800 nmethod 28 0x00007f5721065b10 code [0x00007f5721065c40, 0x00007f5721065c98]
Event: 0,544 Thread 0x00007f57240a0800   29             java.util.AbstractList::<init> (10 bytes)
Event: 0,544 Thread 0x00007f57240a0800 nmethod 29 0x00007f5721065910 code [0x00007f5721065a40, 0x00007f5721065a98]
Event: 0,544 Thread 0x00007f57240a0800   30             java.util.ArrayList::<init> (12 bytes)
Event: 0,545 Thread 0x00007f57240a0800 nmethod 30 0x00007f5721065710 code [0x00007f5721065840, 0x00007f57210658b8]

GC Heap History (0 events):
No events

Deoptimization events (1 events):
Event: 0,418 Thread 0x00007f572400a000 Uncommon trap: reason=unreached action=reinterpret pc=0x00007f572106195c method=org.javacc.parser.JavaCCParser.jj_scan_token(I)Z @ 163

Internal exceptions (10 events):
Event: 0,402 Thread 0x00007f572400a000 Threw 0x00000000ec35db28 at /build/buildd/openjdk-7-7u55-2.4.7/build/openjdk/hotspot/src/share/vm/prims/jvm.cpp:1244
Event: 0,510 Thread 0x00007f572400a000 Threw 0x00000000ec401dc0 at /build/buildd/openjdk-7-7u55-2.4.7/build/openjdk/hotspot/src/share/vm/prims/jvm.cpp:1244
Event: 0,510 Thread 0x00007f572400a000 Threw 0x00000000ec4054f0 at /build/buildd/openjdk-7-7u55-2.4.7/build/openjdk/hotspot/src/share/vm/prims/jvm.cpp:1244
Event: 0,511 Thread 0x00007f572400a000 Threw 0x00000000ec408850 at /build/buildd/openjdk-7-7u55-2.4.7/build/openjdk/hotspot/src/share/vm/prims/jvm.cpp:1244
Event: 0,511 Thread 0x00007f572400a000 Threw 0x00000000ec40ac48 at /build/buildd/openjdk-7-7u55-2.4.7/build/openjdk/hotspot/src/share/vm/prims/jvm.cpp:1244
Event: 0,513 Thread 0x00007f572400a000 Threw 0x00000000ec4106d8 at /build/buildd/openjdk-7-7u55-2.4.7/build/openjdk/hotspot/src/share/vm/prims/jvm.cpp:1244
Event: 0,519 Thread 0x00007f572400a000 Threw 0x00000000ec472a20 at /build/buildd/openjdk-7-7u55-2.4.7/build/openjdk/hotspot/src/share/vm/prims/jvm.cpp:1244
Event: 0,522 Thread 0x00007f572400a000 Threw 0x00000000ec47b170 at /build/buildd/openjdk-7-7u55-2.4.7/build/openjdk/hotspot/src/share/vm/prims/jvm.cpp:1244
Event: 0,525 Thread 0x00007f572400a000 Threw 0x00000000ec484c20 at /build/buildd/openjdk-7-7u55-2.4.7/build/openjdk/hotspot/src/share/vm/prims/jvm.cpp:1244
Event: 0,525 Thread 0x00007f572400a000 Threw 0x00000000ec487b78 at /build/buildd/openjdk-7-7u55-2.4.7/build/openjdk/hotspot/src/share/vm/prims/jvm.cpp:1244

Events (10 events):
Event: 0,513 loading class 0x00007f57241aee50
Event: 0,513 loading class 0x00007f57241aee50 done
Event: 0,519 loading class 0x00007f57241b2450
Event: 0,519 loading class 0x00007f57241b2450 done
Event: 0,522 loading class 0x00007f57241b2500
Event: 0,522 loading class 0x00007f57241b2500 done
Event: 0,525 loading class 0x00007f57241b25a0
Event: 0,525 loading class 0x00007f57241b25a0 done
Event: 0,525 loading class 0x00007f5724157af0
Event: 0,525 loading class 0x00007f5724157af0 done


Dynamic libraries:
00400000-00401000 r-xp 00000000 08:07 3950535                            /usr/lib/jvm/java-7-openjdk-amd64/jre/bin/java
00600000-00601000 r--p 00000000 08:07 3950535                            /usr/lib/jvm/java-7-openjdk-amd64/jre/bin/java
00601000-00602000 rw-p 00001000 08:07 3950535                            /usr/lib/jvm/java-7-openjdk-amd64/jre/bin/java
00827000-00848000 rw-p 00000000 00:00 0                                  [heap]
b9e00000-bb300000 rw-p 00000000 00:00 0 
bb300000-c4400000 rw-p 00000000 00:00 0 
c4400000-c6b80000 rw-p 00000000 00:00 0 
c6b80000-ec100000 rw-p 00000000 00:00 0 
ec100000-ed500000 rw-p 00000000 00:00 0 
ed500000-100000000 rw-p 00000000 00:00 0 
7f56e4000000-7f56e4021000 rw-p 00000000 00:00 0 
7f56e4021000-7f56e8000000 ---p 00000000 00:00 0 
7f56ec000000-7f56ec438000 rw-p 00000000 00:00 0 
7f56ec438000-7f56f0000000 ---p 00000000 00:00 0 
7f56f0000000-7f56f0021000 rw-p 00000000 00:00 0 
7f56f0021000-7f56f4000000 ---p 00000000 00:00 0 
7f56f4000000-7f56f4021000 rw-p 00000000 00:00 0 
7f56f4021000-7f56f8000000 ---p 00000000 00:00 0 
7f56f8000000-7f56f8451000 rw-p 00000000 00:00 0 
7f56f8451000-7f56fc000000 ---p 00000000 00:00 0 
7f56fc000000-7f56fc021000 rw-p 00000000 00:00 0 
7f56fc021000-7f5700000000 ---p 00000000 00:00 0 
7f5700000000-7f5700021000 rw-p 00000000 00:00 0 
7f5700021000-7f5704000000 ---p 00000000 00:00 0 
7f5704000000-7f5704021000 rw-p 00000000 00:00 0 
7f5704021000-7f5708000000 ---p 00000000 00:00 0 
7f570c000000-7f570c021000 rw-p 00000000 00:00 0 
7f570c021000-7f5710000000 ---p 00000000 00:00 0 
7f5710000000-7f5710021000 rw-p 00000000 00:00 0 
7f5710021000-7f5714000000 ---p 00000000 00:00 0 
7f5714000000-7f5714021000 rw-p 00000000 00:00 0 
7f5714021000-7f5718000000 ---p 00000000 00:00 0 
7f5718ea8000-7f5719006000 rw-p 00000000 00:00 0 
7f5719006000-7f5719007000 ---p 00000000 00:00 0 
7f5719007000-7f5719107000 rw-p 00000000 00:00 0                          [stack:3634]
7f5719107000-7f571910a000 ---p 00000000 00:00 0 
7f571910a000-7f5719208000 rw-p 00000000 00:00 0                          [stack:3633]
7f5719208000-7f571920b000 ---p 00000000 00:00 0 
7f571920b000-7f5719309000 rw-p 00000000 00:00 0                          [stack:3632]
7f5719309000-7f571930c000 ---p 00000000 00:00 0 
7f571930c000-7f571940a000 rw-p 00000000 00:00 0                          [stack:3631]
7f571940a000-7f571940d000 ---p 00000000 00:00 0 
7f571940d000-7f571950b000 rw-p 00000000 00:00 0                          [stack:3630]
7f571950b000-7f5719bef000 r--p 00000000 08:07 3939156                    /usr/lib/locale/locale-archive
7f5719bef000-7f5719bf2000 ---p 00000000 00:00 0 
7f5719bf2000-7f571c000000 rw-p 00000000 00:00 0                          [stack:3629]
7f571c000000-7f571c021000 rw-p 00000000 00:00 0 
7f571c021000-7f5720000000 ---p 00000000 00:00 0 
7f5720019000-7f57200f1000 rw-p 00000000 00:00 0 
7f57200f1000-7f57200f4000 ---p 00000000 00:00 0 
7f57200f4000-7f57201f2000 rw-p 00000000 00:00 0                          [stack:3628]
7f57201f2000-7f57201f3000 ---p 00000000 00:00 0 
7f57201f3000-7f5721000000 rw-p 00000000 00:00 0                          [stack:3627]
7f5721000000-7f5721270000 rwxp 00000000 00:00 0 
7f5721270000-7f572433d000 rw-p 00000000 00:00 0 
7f572433d000-7f5728000000 ---p 00000000 00:00 0 
7f572800f000-7f5728300000 rw-p 00000000 00:00 0 
7f5728300000-7f57284ae000 r--s 01cfc000 08:07 3950522                    /usr/lib/jvm/java-7-openjdk-amd64/jre/lib/rt.jar
7f57284ae000-7f57287d8000 rw-p 00000000 00:00 0 
7f57287d8000-7f57287d9000 ---p 00000000 00:00 0 
7f57287d9000-7f57288d9000 rw-p 00000000 00:00 0                          [stack:3626]
7f57288d9000-7f57288da000 ---p 00000000 00:00 0 
7f57288da000-7f57289da000 rw-p 00000000 00:00 0                          [stack:3625]
7f57289da000-7f57289db000 ---p 00000000 00:00 0 
7f57289db000-7f5728adb000 rw-p 00000000 00:00 0                          [stack:3624]
7f5728adb000-7f5728adc000 ---p 00000000 00:00 0 
7f5728adc000-7f5728be7000 rw-p 00000000 00:00 0                          [stack:3623]
7f5728be7000-7f5728c2f000 rw-p 00000000 00:00 0 
7f5728c2f000-7f5728c43000 rw-p 00000000 00:00 0 
7f5728c43000-7f5728d6e000 rw-p 00000000 00:00 0 
7f5728d6e000-7f5728d79000 rw-p 00000000 00:00 0 
7f5728d79000-7f5728dc1000 rw-p 00000000 00:00 0 
7f5728dc1000-7f5728dd5000 rw-p 00000000 00:00 0 
7f5728dd5000-7f5728eff000 rw-p 00000000 00:00 0 
7f5728eff000-7f5728f0a000 rw-p 00000000 00:00 0 
7f5728f0a000-7f5728f9f000 rw-p 00000000 00:00 0 
7f5728f9f000-7f5728fa0000 rw-p 00000000 00:00 0 
7f5728fa0000-7f5728fa8000 r-xp 00000000 08:07 3942779                    /usr/lib/jvm/java-7-openjdk-amd64/jre/lib/amd64/libzip.so
7f5728fa8000-7f57291a7000 ---p 00008000 08:07 3942779                    /usr/lib/jvm/java-7-openjdk-amd64/jre/lib/amd64/libzip.so
7f57291a7000-7f57291a8000 r--p 00007000 08:07 3942779                    /usr/lib/jvm/java-7-openjdk-amd64/jre/lib/amd64/libzip.so
7f57291a8000-7f57291a9000 rw-p 00008000 08:07 3942779                    /usr/lib/jvm/java-7-openjdk-amd64/jre/lib/amd64/libzip.so
7f57291a9000-7f57291b5000 r-xp 00000000 08:07 3542989                    /lib/x86_64-linux-gnu/libnss_files-2.17.so
7f57291b5000-7f57293b4000 ---p 0000c000 08:07 3542989                    /lib/x86_64-linux-gnu/libnss_files-2.17.so
7f57293b4000-7f57293b5000 r--p 0000b000 08:07 3542989                    /lib/x86_64-linux-gnu/libnss_files-2.17.so
7f57293b5000-7f57293b6000 rw-p 0000c000 08:07 3542989                    /lib/x86_64-linux-gnu/libnss_files-2.17.so
7f57293b6000-7f57293c1000 r-xp 00000000 08:07 3542993                    /lib/x86_64-linux-gnu/libnss_nis-2.17.so
7f57293c1000-7f57295c0000 ---p 0000b000 08:07 3542993                    /lib/x86_64-linux-gnu/libnss_nis-2.17.so
7f57295c0000-7f57295c1000 r--p 0000a000 08:07 3542993                    /lib/x86_64-linux-gnu/libnss_nis-2.17.so
7f57295c1000-7f57295c2000 rw-p 0000b000 08:07 3542993                    /lib/x86_64-linux-gnu/libnss_nis-2.17.so
7f57295c2000-7f57295d9000 r-xp 00000000 08:07 3542983                    /lib/x86_64-linux-gnu/libnsl-2.17.so
7f57295d9000-7f57297d8000 ---p 00017000 08:07 3542983                    /lib/x86_64-linux-gnu/libnsl-2.17.so
7f57297d8000-7f57297d9000 r--p 00016000 08:07 3542983                    /lib/x86_64-linux-gnu/libnsl-2.17.so
7f57297d9000-7f57297da000 rw-p 00017000 08:07 3542983                    /lib/x86_64-linux-gnu/libnsl-2.17.so
7f57297da000-7f57297dc000 rw-p 00000000 00:00 0 
7f57297dc000-7f57297e4000 r-xp 00000000 08:07 3542985                    /lib/x86_64-linux-gnu/libnss_compat-2.17.so
7f57297e4000-7f57299e3000 ---p 00008000 08:07 3542985                    /lib/x86_64-linux-gnu/libnss_compat-2.17.so
7f57299e3000-7f57299e4000 r--p 00007000 08:07 3542985                    /lib/x86_64-linux-gnu/libnss_compat-2.17.so
7f57299e4000-7f57299e5000 rw-p 00008000 08:07 3542985                    /lib/x86_64-linux-gnu/libnss_compat-2.17.so
7f57299e5000-7f5729a10000 r-xp 00000000 08:07 3942774                    /usr/lib/jvm/java-7-openjdk-amd64/jre/lib/amd64/libjava.so
7f5729a10000-7f5729c0f000 ---p 0002b000 08:07 3942774                    /usr/lib/jvm/java-7-openjdk-amd64/jre/lib/amd64/libjava.so
7f5729c0f000-7f5729c10000 r--p 0002a000 08:07 3942774                    /usr/lib/jvm/java-7-openjdk-amd64/jre/lib/amd64/libjava.so
7f5729c10000-7f5729c12000 rw-p 0002b000 08:07 3942774                    /usr/lib/jvm/java-7-openjdk-amd64/jre/lib/amd64/libjava.so
7f5729c12000-7f5729c22000 r-xp 00000000 08:07 3942799                    /usr/lib/jvm/java-7-openjdk-amd64/jre/lib/amd64/libverify.so
7f5729c22000-7f5729e21000 ---p 00010000 08:07 3942799                    /usr/lib/jvm/java-7-openjdk-amd64/jre/lib/amd64/libverify.so
7f5729e21000-7f5729e23000 r--p 0000f000 08:07 3942799                    /usr/lib/jvm/java-7-openjdk-amd64/jre/lib/amd64/libverify.so
7f5729e23000-7f5729e24000 rw-p 00011000 08:07 3942799                    /usr/lib/jvm/java-7-openjdk-amd64/jre/lib/amd64/libverify.so
7f5729e24000-7f5729e2b000 r-xp 00000000 08:07 3543036                    /lib/x86_64-linux-gnu/librt-2.17.so
7f5729e2b000-7f572a02a000 ---p 00007000 08:07 3543036                    /lib/x86_64-linux-gnu/librt-2.17.so
7f572a02a000-7f572a02b000 r--p 00006000 08:07 3543036                    /lib/x86_64-linux-gnu/librt-2.17.so
7f572a02b000-7f572a02c000 rw-p 00007000 08:07 3543036                    /lib/x86_64-linux-gnu/librt-2.17.so
7f572a02c000-7f572a041000 r-xp 00000000 08:07 3538949                    /lib/x86_64-linux-gnu/libgcc_s.so.1
7f572a041000-7f572a240000 ---p 00015000 08:07 3538949                    /lib/x86_64-linux-gnu/libgcc_s.so.1
7f572a240000-7f572a241000 r--p 00014000 08:07 3538949                    /lib/x86_64-linux-gnu/libgcc_s.so.1
7f572a241000-7f572a242000 rw-p 00015000 08:07 3538949                    /lib/x86_64-linux-gnu/libgcc_s.so.1
7f572a242000-7f572a345000 r-xp 00000000 08:07 3542964                    /lib/x86_64-linux-gnu/libm-2.17.so
7f572a345000-7f572a544000 ---p 00103000 08:07 3542964                    /lib/x86_64-linux-gnu/libm-2.17.so
7f572a544000-7f572a545000 r--p 00102000 08:07 3542964                    /lib/x86_64-linux-gnu/libm-2.17.so
7f572a545000-7f572a546000 rw-p 00103000 08:07 3542964                    /lib/x86_64-linux-gnu/libm-2.17.so
7f572a546000-7f572a62c000 r-xp 00000000 08:07 3938427                    /usr/lib/x86_64-linux-gnu/libstdc++.so.6.0.18
7f572a62c000-7f572a82b000 ---p 000e6000 08:07 3938427                    /usr/lib/x86_64-linux-gnu/libstdc++.so.6.0.18
7f572a82b000-7f572a833000 r--p 000e5000 08:07 3938427                    /usr/lib/x86_64-linux-gnu/libstdc++.so.6.0.18
7f572a833000-7f572a835000 rw-p 000ed000 08:07 3938427                    /usr/lib/x86_64-linux-gnu/libstdc++.so.6.0.18
7f572a835000-7f572a84a000 rw-p 00000000 00:00 0 
7f572a84a000-7f572b329000 r-xp 00000000 08:07 3942816                    /usr/lib/jvm/java-7-openjdk-amd64/jre/lib/amd64/server/libjvm.so
7f572b329000-7f572b529000 ---p 00adf000 08:07 3942816                    /usr/lib/jvm/java-7-openjdk-amd64/jre/lib/amd64/server/libjvm.so
7f572b529000-7f572b5bb000 r--p 00adf000 08:07 3942816                    /usr/lib/jvm/java-7-openjdk-amd64/jre/lib/amd64/server/libjvm.so
7f572b5bb000-7f572b5de000 rw-p 00b71000 08:07 3942816                    /usr/lib/jvm/java-7-openjdk-amd64/jre/lib/amd64/server/libjvm.so
7f572b5de000-7f572b60b000 rw-p 00000000 00:00 0 
7f572b60b000-7f572b623000 r-xp 00000000 08:07 3543071                    /lib/x86_64-linux-gnu/libz.so.1.2.8
7f572b623000-7f572b822000 ---p 00018000 08:07 3543071                    /lib/x86_64-linux-gnu/libz.so.1.2.8
7f572b822000-7f572b823000 r--p 00017000 08:07 3543071                    /lib/x86_64-linux-gnu/libz.so.1.2.8
7f572b823000-7f572b824000 rw-p 00018000 08:07 3543071                    /lib/x86_64-linux-gnu/libz.so.1.2.8
7f572b824000-7f572b83b000 r-xp 00000000 08:07 3543028                    /lib/x86_64-linux-gnu/libpthread-2.17.so
7f572b83b000-7f572ba3b000 ---p 00017000 08:07 3543028                    /lib/x86_64-linux-gnu/libpthread-2.17.so
7f572ba3b000-7f572ba3c000 r--p 00017000 08:07 3543028                    /lib/x86_64-linux-gnu/libpthread-2.17.so
7f572ba3c000-7f572ba3d000 rw-p 00018000 08:07 3543028                    /lib/x86_64-linux-gnu/libpthread-2.17.so
7f572ba3d000-7f572ba41000 rw-p 00000000 00:00 0 
7f572ba41000-7f572ba44000 r-xp 00000000 08:07 3542928                    /lib/x86_64-linux-gnu/libdl-2.17.so
7f572ba44000-7f572bc43000 ---p 00003000 08:07 3542928                    /lib/x86_64-linux-gnu/libdl-2.17.so
7f572bc43000-7f572bc44000 r--p 00002000 08:07 3542928                    /lib/x86_64-linux-gnu/libdl-2.17.so
7f572bc44000-7f572bc45000 rw-p 00003000 08:07 3542928                    /lib/x86_64-linux-gnu/libdl-2.17.so
7f572bc45000-7f572be02000 r-xp 00000000 08:07 3542913                    /lib/x86_64-linux-gnu/libc-2.17.so
7f572be02000-7f572c002000 ---p 001bd000 08:07 3542913                    /lib/x86_64-linux-gnu/libc-2.17.so
7f572c002000-7f572c006000 r--p 001bd000 08:07 3542913                    /lib/x86_64-linux-gnu/libc-2.17.so
7f572c006000-7f572c008000 rw-p 001c1000 08:07 3542913                    /lib/x86_64-linux-gnu/libc-2.17.so
7f572c008000-7f572c00d000 rw-p 00000000 00:00 0 
7f572c00d000-7f572c01a000 r-xp 00000000 08:07 3942850                    /usr/lib/jvm/java-7-openjdk-amd64/jre/lib/amd64/jli/libjli.so
7f572c01a000-7f572c219000 ---p 0000d000 08:07 3942850                    /usr/lib/jvm/java-7-openjdk-amd64/jre/lib/amd64/jli/libjli.so
7f572c219000-7f572c21a000 r--p 0000c000 08:07 3942850                    /usr/lib/jvm/java-7-openjdk-amd64/jre/lib/amd64/jli/libjli.so
7f572c21a000-7f572c21b000 rw-p 0000d000 08:07 3942850                    /usr/lib/jvm/java-7-openjdk-amd64/jre/lib/amd64/jli/libjli.so
7f572c21b000-7f572c23e000 r-xp 00000000 08:07 3542889                    /lib/x86_64-linux-gnu/ld-2.17.so
7f572c23e000-7f572c242000 r--s 00045000 08:07 4325520                    /usr/share/java/javacc-5.0.jar
7f572c242000-7f572c245000 r--s 00032000 08:07 3950502                    /usr/lib/jvm/java-7-openjdk-amd64/jre/lib/ext/sunjce_provider.jar
7f572c245000-7f572c249000 r--s 0003b000 08:07 3950505                    /usr/lib/jvm/java-7-openjdk-amd64/jre/lib/ext/sunpkcs11.jar
7f572c249000-7f572c24a000 r--s 00002000 08:07 3950504                    /usr/lib/jvm/java-7-openjdk-amd64/jre/lib/ext/dnsns.jar
7f572c24a000-7f572c24e000 r--s 00085000 08:07 3950470                    /usr/lib/jvm/java-7-openjdk-amd64/jre/lib/ext/localedata.jar
7f572c24e000-7f572c250000 r--s 00006000 08:07 4342350                    /usr/share/java/java-atk-wrapper.jar
7f572c250000-7f572c252000 r--s 00012000 08:07 3950473                    /usr/lib/jvm/java-7-openjdk-amd64/jre/lib/ext/zipfs.jar
7f572c252000-7f572c255000 r--s 0000f000 08:07 3950471                    /usr/lib/jvm/java-7-openjdk-amd64/jre/lib/ext/pulse-java.jar
7f572c255000-7f572c25f000 rw-p 00000000 00:00 0 
7f572c25f000-7f572c315000 rw-p 00000000 00:00 0 
7f572c315000-7f572c318000 ---p 00000000 00:00 0 
7f572c318000-7f572c431000 rw-p 00000000 00:00 0                          [stack:3622]
7f572c431000-7f572c439000 rw-s 00000000 08:07 4598401                    /tmp/hsperfdata_roberty/3621
7f572c439000-7f572c43a000 rw-p 00000000 00:00 0 
7f572c43a000-7f572c43b000 r--p 00000000 00:00 0 
7f572c43b000-7f572c43d000 rw-p 00000000 00:00 0 
7f572c43d000-7f572c43e000 r--p 00022000 08:07 3542889                    /lib/x86_64-linux-gnu/ld-2.17.so
7f572c43e000-7f572c440000 rw-p 00023000 08:07 3542889                    /lib/x86_64-linux-gnu/ld-2.17.so
7fff47714000-7fff47735000 rw-p 00000000 00:00 0                          [stack]
7fff477fe000-7fff47800000 r-xp 00000000 00:00 0                          [vdso]
ffffffffff600000-ffffffffff601000 r-xp 00000000 00:00 0                  [vsyscall]

VM Arguments:
java_command: javacc meuphoria.jj
Launcher Type: SUN_STANDARD

Environment Variables:
PATH=/usr/lib/lightdm/lightdm:/usr/local/sbin:/usr/local/bin:/usr/sbin:/usr/bin:/sbin:/bin:/usr/games:/usr/local/games
SHELL=/bin/bash
DISPLAY=:0.0

Signal Handlers:
SIGSEGV: [libjvm.so+0x916eb0], sa_mask[0]=0x7ffbfeff, sa_flags=0x10000004
SIGBUS: [libjvm.so+0x916eb0], sa_mask[0]=0x7ffbfeff, sa_flags=0x10000004
SIGFPE: [libjvm.so+0x7947e0], sa_mask[0]=0x7ffbfeff, sa_flags=0x10000004
SIGPIPE: [libjvm.so+0x7947e0], sa_mask[0]=0x7ffbfeff, sa_flags=0x10000004
SIGXFSZ: [libjvm.so+0x7947e0], sa_mask[0]=0x7ffbfeff, sa_flags=0x10000004
SIGILL: [libjvm.so+0x7947e0], sa_mask[0]=0x7ffbfeff, sa_flags=0x10000004
SIGUSR1: SIG_DFL, sa_mask[0]=0x00000000, sa_flags=0x00000000
SIGUSR2: [libjvm.so+0x794680], sa_mask[0]=0x00000000, sa_flags=0x10000004
SIGHUP: [libjvm.so+0x794860], sa_mask[0]=0x7ffbfeff, sa_flags=0x10000004
SIGINT: [libjvm.so+0x794860], sa_mask[0]=0x7ffbfeff, sa_flags=0x10000004
SIGTERM: [libjvm.so+0x794860], sa_mask[0]=0x7ffbfeff, sa_flags=0x10000004
SIGQUIT: [libjvm.so+0x794860], sa_mask[0]=0x7ffbfeff, sa_flags=0x10000004


---------------  S Y S T E M  ---------------

OS:Ubuntu 13.10 (saucy)
uname:Linux 3.11.0-15-generic #25-Ubuntu SMP Thu Jan 30 17:22:01 UTC 2014 x86_64
libc:glibc 2.17 NPTL 2.17 
rlimit: STACK 8192k, CORE 0k, NPROC 30375, NOFILE 4096, AS infinity
load average:0,17 0,43 0,48

/proc/meminfo:
MemTotal:        3908276 kB
MemFree:         1700200 kB
Buffers:          304736 kB
Cached:           851980 kB
SwapCached:            0 kB
Active:          1268216 kB
Inactive:         749956 kB
Active(anon):     862484 kB
Inactive(anon):   255736 kB
Active(file):     405732 kB
Inactive(file):   494220 kB
Unevictable:          32 kB
Mlocked:              32 kB
SwapTotal:       4881404 kB
SwapFree:        4881404 kB
Dirty:               424 kB
Writeback:             0 kB
AnonPages:        861608 kB
Mapped:           188580 kB
Shmem:            256768 kB
Slab:             111292 kB
SReclaimable:      84528 kB
SUnreclaim:        26764 kB
KernelStack:        3992 kB
PageTables:        28204 kB
NFS_Unstable:          0 kB
Bounce:                0 kB
WritebackTmp:          0 kB
CommitLimit:     6835540 kB
Committed_AS:    3916272 kB
VmallocTotal:   34359738367 kB
VmallocUsed:      545256 kB
VmallocChunk:   34359186908 kB
HardwareCorrupted:     0 kB
AnonHugePages:         0 kB
HugePages_Total:       0
HugePages_Free:        0
HugePages_Rsvd:        0
HugePages_Surp:        0
Hugepagesize:       2048 kB
DirectMap4k:       54372 kB
DirectMap2M:     3999744 kB


CPU:total 4 (2 cores per cpu, 2 threads per core) family 6 model 37 stepping 5, cmov, cx8, fxsr, mmx, sse, sse2, sse3, ssse3, sse4.1, sse4.2, popcnt, ht, tsc, tscinvbit

/proc/cpuinfo:
processor	: 0
vendor_id	: GenuineIntel
cpu family	: 6
model		: 37
model name	: Intel(R) Core(TM) i3 CPU       M 370  @ 2.40GHz
stepping	: 5
microcode	: 0x2
cpu MHz		: 931.000
cache size	: 3072 KB
physical id	: 0
siblings	: 4
core id		: 0
cpu cores	: 2
apicid		: 0
initial apicid	: 0
fpu		: yes
fpu_exception	: yes
cpuid level	: 11
wp		: yes
flags		: fpu vme de pse tsc msr pae mce cx8 apic sep mtrr pge mca cmov pat pse36 clflush dts acpi mmx fxsr sse sse2 ss ht tm pbe syscall nx rdtscp lm constant_tsc arch_perfmon pebs bts rep_good nopl xtopology nonstop_tsc aperfmperf pni dtes64 monitor ds_cpl vmx est tm2 ssse3 cx16 xtpr pdcm pcid sse4_1 sse4_2 popcnt lahf_lm arat dtherm tpr_shadow vnmi flexpriority ept vpid
bogomips	: 4787.94
clflush size	: 64
cache_alignment	: 64
address sizes	: 36 bits physical, 48 bits virtual
power management:

processor	: 1
vendor_id	: GenuineIntel
cpu family	: 6
model		: 37
model name	: Intel(R) Core(TM) i3 CPU       M 370  @ 2.40GHz
stepping	: 5
microcode	: 0x2
cpu MHz		: 2394.000
cache size	: 3072 KB
physical id	: 0
siblings	: 4
core id		: 2
cpu cores	: 2
apicid		: 4
initial apicid	: 4
fpu		: yes
fpu_exception	: yes
cpuid level	: 11
wp		: yes
flags		: fpu vme de pse tsc msr pae mce cx8 apic sep mtrr pge mca cmov pat pse36 clflush dts acpi mmx fxsr sse sse2 ss ht tm pbe syscall nx rdtscp lm constant_tsc arch_perfmon pebs bts rep_good nopl xtopology nonstop_tsc aperfmperf pni dtes64 monitor ds_cpl vmx est tm2 ssse3 cx16 xtpr pdcm pcid sse4_1 sse4_2 popcnt lahf_lm arat dtherm tpr_shadow vnmi flexpriority ept vpid
bogomips	: 4787.94
clflush size	: 64
cache_alignment	: 64
address sizes	: 36 bits physical, 48 bits virtual
power management:

processor	: 2
vendor_id	: GenuineIntel
cpu family	: 6
model		: 37
model name	: Intel(R) Core(TM) i3 CPU       M 370  @ 2.40GHz
stepping	: 5
microcode	: 0x2
cpu MHz		: 931.000
cache size	: 3072 KB
physical id	: 0
siblings	: 4
core id		: 0
cpu cores	: 2
apicid		: 1
initial apicid	: 1
fpu		: yes
fpu_exception	: yes
cpuid level	: 11
wp		: yes
flags		: fpu vme de pse tsc msr pae mce cx8 apic sep mtrr pge mca cmov pat pse36 clflush dts acpi mmx fxsr sse sse2 ss ht tm pbe syscall nx rdtscp lm constant_tsc arch_perfmon pebs bts rep_good nopl xtopology nonstop_tsc aperfmperf pni dtes64 monitor ds_cpl vmx est tm2 ssse3 cx16 xtpr pdcm pcid sse4_1 sse4_2 popcnt lahf_lm arat dtherm tpr_shadow vnmi flexpriority ept vpid
bogomips	: 4787.94
clflush size	: 64
cache_alignment	: 64
address sizes	: 36 bits physical, 48 bits virtual
power management:

processor	: 3
vendor_id	: GenuineIntel
cpu family	: 6
model		: 37
model name	: Intel(R) Core(TM) i3 CPU       M 370  @ 2.40GHz
stepping	: 5
microcode	: 0x2
cpu MHz		: 2394.000
cache size	: 3072 KB
physical id	: 0
siblings	: 4
core id		: 2
cpu cores	: 2
apicid		: 5
initial apicid	: 5
fpu		: yes
fpu_exception	: yes
cpuid level	: 11
wp		: yes
flags		: fpu vme de pse tsc msr pae mce cx8 apic sep mtrr pge mca cmov pat pse36 clflush dts acpi mmx fxsr sse sse2 ss ht tm pbe syscall nx rdtscp lm constant_tsc arch_perfmon pebs bts rep_good nopl xtopology nonstop_tsc aperfmperf pni dtes64 monitor ds_cpl vmx est tm2 ssse3 cx16 xtpr pdcm pcid sse4_1 sse4_2 popcnt lahf_lm arat dtherm tpr_shadow vnmi flexpriority ept vpid
bogomips	: 4787.94
clflush size	: 64
cache_alignment	: 64
address sizes	: 36 bits physical, 48 bits virtual
power management:



Memory: 4k page, physical 3908276k(1700200k free), swap 4881404k(4881404k free)

vm_info: OpenJDK 64-Bit Server VM (24.51-b03) for linux-amd64 JRE (1.7.0_55-b14), built on Apr 17 2014 21:13:26 by "buildd" with gcc 4.8.1

time: Mon Jun 30 23:20:41 2014
elapsed time: 0 seconds

