#
# A fatal error has been detected by the Java Runtime Environment:
#
#  SIGSEGV (0xb) at pc=0x00007f9b3ce358d1, pid=3813, tid=140304677345024
#
# JRE version: OpenJDK Runtime Environment (7.0_55-b14) (build 1.7.0_55-b14)
# Java VM: OpenJDK 64-Bit Server VM (24.51-b03 mixed mode linux-amd64 compressed oops)
# Problematic frame:
# V  [libjvm.so+0x7828d1]  objArrayKlass::oop_follow_contents(ParCompactionManager*, oopDesc*)+0x2e1
#
# Failed to write core dump. Core dumps have been disabled. To enable core dumping, try "ulimit -c unlimited" before starting Java again
#
# If you would like to submit a bug report, please include
# instructions on how to reproduce the bug and visit:
#   http://icedtea.classpath.org/bugzilla
#

---------------  T H R E A D  ---------------

Current thread (0x00007f9b34025800):  GCTaskThread [stack: 0x00007f9b3a641000,0x00007f9b3a742000] [id=3818]

siginfo:si_signo=SIGSEGV: si_errno=0, si_code=128 (), si_addr=0x0000000000000000

Registers:
RAX=0x000000000000001f, RBX=0x00000000c47130d8, RCX=0x000000000000001f, RDX=0x0000000080000000
RSP=0x00007f9b3a740ba0, RBP=0x00007f9b3a740c10, RSI=0x00007f9b38331000, RDI=0x0000000000000000
R8 =0x00007f9b3d459740, R9 =0x0000000000000000, R10=0x007ffffffff93397, R11=0x0000000000000004
R12=0x00000000c47130c8, R13=0x00000000c47130dc, R14=0x00000000ac472ef8, R15=0x00007f9b34072b80
RIP=0x00007f9b3ce358d1, EFLAGS=0x0000000000010206, CSGSFS=0x0000000000000033, ERR=0x0000000000000000
  TRAPNO=0x000000000000000d

Top of Stack: (sp=0x00007f9b3a740ba0)
0x00007f9b3a740ba0:   00007f9b3d459740 00000000c47130c8
0x00007f9b3a740bb0:   00007f9b34072bc0 0000000000000001
0x00007f9b3a740bc0:   0000000000000001 00000000b9e33210
0x00007f9b3a740bd0:   00007f9b34072bc0 0000000000000003
0x00007f9b3a740be0:   00007f9b3d6980f9 00007f9b3d4557a8
0x00007f9b3a740bf0:   00007f9b34027b80 00007f9b34072b80
0x00007f9b3a740c00:   00007f9b34025800 00007f9b3d44fd6a
0x00007f9b3a740c10:   00007f9b3a740cc0 00007f9b3cea0fa5
0x00007f9b3a740c20:   00007f9b34072c10 00007f9b34072c40
0x00007f9b3a740c30:   00007f9b34072bc0 00007f9b3d698d14
0x00007f9b3a740c40:   00000000ba4776e8 00007f9b34072b90
0x00007f9b3a740c50:   00007f9b3a740c80 00007f9b3cea8b6f
0x00007f9b3a740c60:   00007f9b34086298 000000000000001f
0x00007f9b3a740c70:   00007f9b340861a0 00007f9b34050cf0
0x00007f9b3a740c80:   00007f9b3a740cc0 00007f9b3cca8a63
0x00007f9b3a740c90:   00007f9b3a740cd0 00007f9b34072b80
0x00007f9b3a740ca0:   00007f9b34027b80 00007f9b3d0282e8
0x00007f9b3a740cb0:   00007f9b34025800 00007f9b3d44fd6a
0x00007f9b3a740cc0:   00007f9b3a740d50 00007f9b3ce87e28
0x00007f9b3a740cd0:   00007f9b3a740d20 00007f9b3ce14bcf
0x00007f9b3a740ce0:   00007f9b3d41df90 00007f9b34025800
0x00007f9b3a740cf0:   0000000000000000 00007f9b34072b80
0x00007f9b3a740d00:   00007f9b3401f830 00007f9b3ce50201
0x00007f9b3a740d10:   00007f9b3401f700 00007f9b34027b80
0x00007f9b3a740d20:   00007f9b3a740d50 0000000000000001
0x00007f9b3a740d30:   00007f9b34027b80 00007f9b3d0282e8
0x00007f9b3a740d40:   00007f9b34025800 00007f9b3d44fd6a
0x00007f9b3a740d50:   00007f9b3a740e60 00007f9b3cbd0702
0x00007f9b3a740d60:   00000000000003d8 00007f9b34026168
0x00007f9b3a740d70:   00007f9b34025d90 00007f9b3a740df0
0x00007f9b3a740d80:   00007f9b34025d50 00007f9b34025d80
0x00007f9b3a740d90:   00007f9b3a740da0 0000000000000000 

Instructions: (pc=0x00007f9b3ce358d1)
0x00007f9b3ce358b1:   8b 70 30 4c 89 f0 49 2b 00 48 c1 e8 03 48 d3 e8
0x00007f9b3ce358c1:   49 89 c2 83 e0 3f 49 c1 ea 06 48 89 c1 48 d3 e2
0x00007f9b3ce358d1:   4a 85 14 d6 75 99 48 8d 05 65 a6 61 00 80 38 00
0x00007f9b3ce358e1:   0f 85 19 02 00 00 49 8b 76 08 48 83 c6 10 4c 89 

Register to memory mapping:

RAX=0x000000000000001f is an unknown value
RBX=0x00000000c47130d8 is pointing into object: 0x00000000c47130c8
[Ljava.lang.reflect.Constructor; 
 - klass: 'java/lang/reflect/Constructor'[]
 - length: 1
RCX=0x000000000000001f is an unknown value
RDX=0x0000000080000000 is an unknown value
RSP=0x00007f9b3a740ba0 is an unknown value
RBP=0x00007f9b3a740c10 is an unknown value
RSI=0x00007f9b38331000 is an unknown value
RDI=0x0000000000000000 is an unknown value
R8 =0x00007f9b3d459740: <offset 0xda6740> in /usr/lib/jvm/java-7-openjdk-amd64/jre/lib/amd64/server/libjvm.so at 0x00007f9b3c6b3000
R9 =0x0000000000000000 is an unknown value
R10=0x007ffffffff93397 is an unknown value
R11=0x0000000000000004 is an unknown value
R12=0x00000000c47130c8 is an oop
[Ljava.lang.reflect.Constructor; 
 - klass: 'java/lang/reflect/Constructor'[]
 - length: 1
R13=0x00000000c47130dc is pointing into object: 0x00000000c47130c8
[Ljava.lang.reflect.Constructor; 
 - klass: 'java/lang/reflect/Constructor'[]
 - length: 1
R14=0x00000000ac472ef8 is an unknown value
R15=0x00007f9b34072b80 is an unknown value


Stack: [0x00007f9b3a641000,0x00007f9b3a742000],  sp=0x00007f9b3a740ba0,  free space=1022k
Native frames: (J=compiled Java code, j=interpreted, Vv=VM code, C=native code)
V  [libjvm.so+0x7828d1]  objArrayKlass::oop_follow_contents(ParCompactionManager*, oopDesc*)+0x2e1
V  [libjvm.so+0x7edfa5]  ParCompactionManager::follow_marking_stacks()+0x155
V  [libjvm.so+0x7d4e28]  MarkFromRootsTask::do_it(GCTaskManager*, unsigned int)+0xe8
V  [libjvm.so+0x51d702]  GCTaskThread::run()+0x162
V  [libjvm.so+0x795e92]  java_start(Thread*)+0xf2


---------------  P R O C E S S  ---------------

Java Threads: ( => current thread )
  0x00007f9b340a6000 JavaThread "Service Thread" daemon [_thread_blocked, id=3825, stack(0x00007f9b2b013000,0x00007f9b2b114000)]
  0x00007f9b340a3800 JavaThread "C2 CompilerThread1" daemon [_thread_in_native, id=3824, stack(0x00007f9b2b114000,0x00007f9b2b215000)]
  0x00007f9b340a0800 JavaThread "C2 CompilerThread0" daemon [_thread_in_native, id=3823, stack(0x00007f9b2b215000,0x00007f9b2b316000)]
  0x00007f9b3409e800 JavaThread "Signal Dispatcher" daemon [_thread_blocked, id=3822, stack(0x00007f9b2b316000,0x00007f9b2b417000)]
  0x00007f9b3407b800 JavaThread "Finalizer" daemon [_thread_blocked, id=3821, stack(0x00007f9b2bafb000,0x00007f9b2bbfc000)]
  0x00007f9b34079800 JavaThread "Reference Handler" daemon [_thread_blocked, id=3820, stack(0x00007f9b2bbfc000,0x00007f9b2bcfd000)]
  0x00007f9b3400a000 JavaThread "main" [_thread_blocked, id=3814, stack(0x00007f9b3e17e000,0x00007f9b3e27f000)]

Other Threads:
  0x00007f9b34075800 VMThread [stack: 0x00007f9b2bcfd000,0x00007f9b2bdfe000] [id=3819]
  0x00007f9b340b1000 WatcherThread [stack: 0x00007f9b2af12000,0x00007f9b2b013000] [id=3826]

=>0x00007f9b34025800 (exited) GCTaskThread [stack: 0x00007f9b3a641000,0x00007f9b3a742000] [id=3818]

VM state:at safepoint (normal execution)

VM Mutex/Monitor currently owned by a thread:  ([mutex/lock_event])
[0x00007f9b34006610] Threads_lock - owner thread: 0x00007f9b34075800
[0x00007f9b34006b10] Heap_lock - owner thread: 0x00007f9b3400a000

Heap
 PSYoungGen      total 12800K, used 508K [0x00000000ec100000, 0x00000000ece00000, 0x0000000100000000)
  eden space 12288K, 0% used [0x00000000ec100000,0x00000000ec100000,0x00000000ecd00000)
  from space 512K, 99% used [0x00000000ecd80000,0x00000000ecdff240,0x00000000ece00000)
  to   space 512K, 0% used [0x00000000ecd00000,0x00000000ecd00000,0x00000000ecd80000)
 ParOldGen       total 6144K, used 5641K [0x00000000c4400000, 0x00000000c4a00000, 0x00000000ec100000)
  object space 6144K, 91% used [0x00000000c4400000,0x00000000c4982638,0x00000000c4a00000)
 PSPermGen       total 21504K, used 6916K [0x00000000b9e00000, 0x00000000bb300000, 0x00000000c4400000)
  object space 21504K, 32% used [0x00000000b9e00000,0x00000000ba4c12b8,0x00000000bb300000)

Card table byte_map: [0x00007f9b3abd7000,0x00007f9b3ae09000] byte_map_base: 0x00007f9b3a608000

Polling page: 0x00007f9b3e2a3000

Code Cache  [0x00007f9b31000000, 0x00007f9b31270000, 0x00007f9b34000000)
 total_blobs=273 nmethods=51 adapters=177 free_code_cache=48644Kb largest_free_block=49793600

Compilation events (10 events):
Event: 0,659 Thread 0x00007f9b340a0800 nmethod 48 0x00007f9b3106f650 code [0x00007f9b3106f7a0, 0x00007f9b3106f858]
Event: 0,659 Thread 0x00007f9b340a0800   49             com.sun.tools.javac.parser.JavacParser::accept (62 bytes)
Event: 0,661 Thread 0x00007f9b340a0800 nmethod 49 0x00007f9b31070e10 code [0x00007f9b31070f60, 0x00007f9b31071048]
Event: 0,662 Thread 0x00007f9b340a0800   50             java.util.Arrays::copyOfRange (63 bytes)
Event: 0,665 Thread 0x00007f9b340a0800 nmethod 50 0x00007f9b31071c50 code [0x00007f9b31071da0, 0x00007f9b31071f98]
Event: 0,665 Thread 0x00007f9b340a0800   51             java.lang.Integer::parseInt (261 bytes)
Event: 0,676 Thread 0x00007f9b340a0800 nmethod 51 0x00007f9b31074590 code [0x00007f9b31074700, 0x00007f9b31074c38]
Event: 0,676 Thread 0x00007f9b340a0800   52             java.lang.String::<init> (67 bytes)
Event: 0,681 Thread 0x00007f9b340a0800 nmethod 52 0x00007f9b310716d0 code [0x00007f9b31071820, 0x00007f9b31071a98]
Event: 0,681 Thread 0x00007f9b340a0800   53             com.sun.tools.javac.parser.JavacParser::term1 (42 bytes)

GC Heap History (9 events):
Event: 0,184 GC heap before
{Heap before GC invocations=1 (full 0):
 PSYoungGen      total 3584K, used 3053K [0x00000000ec100000, 0x00000000ec500000, 0x0000000100000000)
  eden space 3072K, 99% used [0x00000000ec100000,0x00000000ec3fb498,0x00000000ec400000)
  from space 512K, 0% used [0x00000000ec480000,0x00000000ec480000,0x00000000ec500000)
  to   space 512K, 0% used [0x00000000ec400000,0x00000000ec400000,0x00000000ec480000)
 ParOldGen       total 5632K, used 0K [0x00000000c4400000, 0x00000000c4980000, 0x00000000ec100000)
  object space 5632K, 0% used [0x00000000c4400000,0x00000000c4400000,0x00000000c4980000)
 PSPermGen       total 21504K, used 3756K [0x00000000b9e00000, 0x00000000bb300000, 0x00000000c4400000)
  object space 21504K, 17% used [0x00000000b9e00000,0x00000000ba1ab278,0x00000000bb300000)
Event: 0,187 GC heap after
Heap after GC invocations=1 (full 0):
 PSYoungGen      total 3584K, used 511K [0x00000000ec100000, 0x00000000ec800000, 0x0000000100000000)
  eden space 3072K, 0% used [0x00000000ec100000,0x00000000ec100000,0x00000000ec400000)
  from space 512K, 99% used [0x00000000ec400000,0x00000000ec47fd10,0x00000000ec480000)
  to   space 512K, 0% used [0x00000000ec780000,0x00000000ec780000,0x00000000ec800000)
 ParOldGen       total 5632K, used 592K [0x00000000c4400000, 0x00000000c4980000, 0x00000000ec100000)
  object space 5632K, 10% used [0x00000000c4400000,0x00000000c4494060,0x00000000c4980000)
 PSPermGen       total 21504K, used 3756K [0x00000000b9e00000, 0x00000000bb300000, 0x00000000c4400000)
  object space 21504K, 17% used [0x00000000b9e00000,0x00000000ba1ab278,0x00000000bb300000)
}
Event: 0,256 GC heap before
{Heap before GC invocations=2 (full 0):
 PSYoungGen      total 3584K, used 3583K [0x00000000ec100000, 0x00000000ec800000, 0x0000000100000000)
  eden space 3072K, 100% used [0x00000000ec100000,0x00000000ec400000,0x00000000ec400000)
  from space 512K, 99% used [0x00000000ec400000,0x00000000ec47fd10,0x00000000ec480000)
  to   space 512K, 0% used [0x00000000ec780000,0x00000000ec780000,0x00000000ec800000)
 ParOldGen       total 5632K, used 592K [0x00000000c4400000, 0x00000000c4980000, 0x00000000ec100000)
  object space 5632K, 10% used [0x00000000c4400000,0x00000000c4494060,0x00000000c4980000)
 PSPermGen       total 21504K, used 4514K [0x00000000b9e00000, 0x00000000bb300000, 0x00000000c4400000)
  object space 21504K, 20% used [0x00000000b9e00000,0x00000000ba268958,0x00000000bb300000)
Event: 0,259 GC heap after
Heap after GC invocations=2 (full 0):
 PSYoungGen      total 6656K, used 496K [0x00000000ec100000, 0x00000000ec800000, 0x0000000100000000)
  eden space 6144K, 0% used [0x00000000ec100000,0x00000000ec100000,0x00000000ec700000)
  from space 512K, 96% used [0x00000000ec780000,0x00000000ec7fc010,0x00000000ec800000)
  to   space 512K, 0% used [0x00000000ec700000,0x00000000ec700000,0x00000000ec780000)
 ParOldGen       total 5632K, used 1561K [0x00000000c4400000, 0x00000000c4980000, 0x00000000ec100000)
  object space 5632K, 27% used [0x00000000c4400000,0x00000000c4586658,0x00000000c4980000)
 PSPermGen       total 21504K, used 4514K [0x00000000b9e00000, 0x00000000bb300000, 0x00000000c4400000)
  object space 21504K, 20% used [0x00000000b9e00000,0x00000000ba268958,0x00000000bb300000)
}
Event: 0,405 GC heap before
{Heap before GC invocations=3 (full 0):
 PSYoungGen      total 6656K, used 6640K [0x00000000ec100000, 0x00000000ec800000, 0x0000000100000000)
  eden space 6144K, 100% used [0x00000000ec100000,0x00000000ec700000,0x00000000ec700000)
  from space 512K, 96% used [0x00000000ec780000,0x00000000ec7fc010,0x00000000ec800000)
  to   space 512K, 0% used [0x00000000ec700000,0x00000000ec700000,0x00000000ec780000)
 ParOldGen       total 5632K, used 1561K [0x00000000c4400000, 0x00000000c4980000, 0x00000000ec100000)
  object space 5632K, 27% used [0x00000000c4400000,0x00000000c4586658,0x00000000c4980000)
 PSPermGen       total 21504K, used 6349K [0x00000000b9e00000, 0x00000000bb300000, 0x00000000c4400000)
  object space 21504K, 29% used [0x00000000b9e00000,0x00000000ba4336e8,0x00000000bb300000)
Event: 0,409 GC heap after
Heap after GC invocations=3 (full 0):
 PSYoungGen      total 6656K, used 480K [0x00000000ec100000, 0x00000000ece00000, 0x0000000100000000)
  eden space 6144K, 0% used [0x00000000ec100000,0x00000000ec100000,0x00000000ec700000)
  from space 512K, 93% used [0x00000000ec700000,0x00000000ec778020,0x00000000ec780000)
  to   space 512K, 0% used [0x00000000ecd80000,0x00000000ecd80000,0x00000000ece00000)
 ParOldGen       total 5632K, used 3198K [0x00000000c4400000, 0x00000000c4980000, 0x00000000ec100000)
  object space 5632K, 56% used [0x00000000c4400000,0x00000000c471f848,0x00000000c4980000)
 PSPermGen       total 21504K, used 6349K [0x00000000b9e00000, 0x00000000bb300000, 0x00000000c4400000)
  object space 21504K, 29% used [0x00000000b9e00000,0x00000000ba4336e8,0x00000000bb300000)
}
Event: 0,721 GC heap before
{Heap before GC invocations=4 (full 0):
 PSYoungGen      total 6656K, used 5453K [0x00000000ec100000, 0x00000000ece00000, 0x0000000100000000)
  eden space 6144K, 80% used [0x00000000ec100000,0x00000000ec5db580,0x00000000ec700000)
  from space 512K, 93% used [0x00000000ec700000,0x00000000ec778020,0x00000000ec780000)
  to   space 512K, 0% used [0x00000000ecd80000,0x00000000ecd80000,0x00000000ece00000)
 ParOldGen       total 5632K, used 3198K [0x00000000c4400000, 0x00000000c4980000, 0x00000000ec100000)
  object space 5632K, 56% used [0x00000000c4400000,0x00000000c471f848,0x00000000c4980000)
 PSPermGen       total 21504K, used 6916K [0x00000000b9e00000, 0x00000000bb300000, 0x00000000c4400000)
  object space 21504K, 32% used [0x00000000b9e00000,0x00000000ba4c12b8,0x00000000bb300000)
Event: 0,727 GC heap after
Heap after GC invocations=4 (full 0):
 PSYoungGen      total 12800K, used 508K [0x00000000ec100000, 0x00000000ece00000, 0x0000000100000000)
  eden space 12288K, 0% used [0x00000000ec100000,0x00000000ec100000,0x00000000ecd00000)
  from space 512K, 99% used [0x00000000ecd80000,0x00000000ecdff240,0x00000000ece00000)
  to   space 512K, 0% used [0x00000000ecd00000,0x00000000ecd00000,0x00000000ecd80000)
 ParOldGen       total 6144K, used 5641K [0x00000000c4400000, 0x00000000c4a00000, 0x00000000ec100000)
  object space 6144K, 91% used [0x00000000c4400000,0x00000000c4982638,0x00000000c4a00000)
 PSPermGen       total 21504K, used 6916K [0x00000000b9e00000, 0x00000000bb300000, 0x00000000c4400000)
  object space 21504K, 32% used [0x00000000b9e00000,0x00000000ba4c12b8,0x00000000bb300000)
}
Event: 0,727 GC heap before
{Heap before GC invocations=5 (full 1):
 PSYoungGen      total 12800K, used 508K [0x00000000ec100000, 0x00000000ece00000, 0x0000000100000000)
  eden space 12288K, 0% used [0x00000000ec100000,0x00000000ec100000,0x00000000ecd00000)
  from space 512K, 99% used [0x00000000ecd80000,0x00000000ecdff240,0x00000000ece00000)
  to   space 512K, 0% used [0x00000000ecd00000,0x00000000ecd00000,0x00000000ecd80000)
 ParOldGen       total 6144K, used 5641K [0x00000000c4400000, 0x00000000c4a00000, 0x00000000ec100000)
  object space 6144K, 91% used [0x00000000c4400000,0x00000000c4982638,0x00000000c4a00000)
 PSPermGen       total 21504K, used 6916K [0x00000000b9e00000, 0x00000000bb300000, 0x00000000c4400000)
  object space 21504K, 32% used [0x00000000b9e00000,0x00000000ba4c12b8,0x00000000bb300000)

Deoptimization events (1 events):
Event: 0,335 Thread 0x00007f9b3400a000 Uncommon trap: reason=null_check action=make_not_entrant pc=0x00007f9b310619e0 method=java.lang.String.equals(Ljava/lang/Object;)Z @ 8

Internal exceptions (10 events):
Event: 0,441 Thread 0x00007f9b3400a000 Threw 0x00000000ec19af08 at /build/buildd/openjdk-7-7u55-2.4.7/build/openjdk/hotspot/src/share/vm/prims/jvm.cpp:1244
Event: 0,441 Thread 0x00007f9b3400a000 Threw 0x00000000ec19e1d0 at /build/buildd/openjdk-7-7u55-2.4.7/build/openjdk/hotspot/src/share/vm/prims/jvm.cpp:1244
Event: 0,441 Thread 0x00007f9b3400a000 Threw 0x00000000ec1a1c00 at /build/buildd/openjdk-7-7u55-2.4.7/build/openjdk/hotspot/src/share/vm/prims/jvm.cpp:1244
Event: 0,442 Thread 0x00007f9b3400a000 Threw 0x00000000ec1a43c8 at /build/buildd/openjdk-7-7u55-2.4.7/build/openjdk/hotspot/src/share/vm/prims/jvm.cpp:1244
Event: 0,550 Thread 0x00007f9b3400a000 Threw 0x00000000ec2a80a8 at /build/buildd/openjdk-7-7u55-2.4.7/build/openjdk/hotspot/src/share/vm/prims/jvm.cpp:1244
Event: 0,695 Thread 0x00007f9b3400a000 Threw 0x00000000ec57c708 at /build/buildd/openjdk-7-7u55-2.4.7/build/openjdk/hotspot/src/share/vm/prims/jvm.cpp:1244
Event: 0,696 Thread 0x00007f9b3400a000 Threw 0x00000000ec581428 at /build/buildd/openjdk-7-7u55-2.4.7/build/openjdk/hotspot/src/share/vm/prims/jvm.cpp:1244
Event: 0,700 Thread 0x00007f9b3400a000 Threw 0x00000000ec594518 at /build/buildd/openjdk-7-7u55-2.4.7/build/openjdk/hotspot/src/share/vm/prims/jvm.cpp:1244
Event: 0,702 Thread 0x00007f9b3400a000 Threw 0x00000000ec59d938 at /build/buildd/openjdk-7-7u55-2.4.7/build/openjdk/hotspot/src/share/vm/prims/jvm.cpp:1244
Event: 0,703 Thread 0x00007f9b3400a000 Threw 0x00000000ec5acfe0 at /build/buildd/openjdk-7-7u55-2.4.7/build/openjdk/hotspot/src/share/vm/prims/jvm.cpp:1244

Events (10 events):
Event: 0,701 loading class 0x00007f9b342a6620 done
Event: 0,703 loading class 0x00007f9b3429f280
Event: 0,703 loading class 0x00007f9b3429f280 done
Event: 0,716 loading class 0x00007f9b380b8b00
Event: 0,716 loading class 0x00007f9b380b8b00 done
Event: 0,716 loading class 0x00007f9b340ff3c0
Event: 0,716 loading class 0x00007f9b340ff3c0 done
Event: 0,717 loading class 0x00007f9b380b8b60
Event: 0,717 loading class 0x00007f9b380b8b60 done
Event: 0,721 Executing VM operation: ParallelGCFailedAllocation


Dynamic libraries:
00400000-00401000 r-xp 00000000 08:07 3944770                            /usr/lib/jvm/java-7-openjdk-amd64/bin/javac
00600000-00601000 r--p 00000000 08:07 3944770                            /usr/lib/jvm/java-7-openjdk-amd64/bin/javac
00601000-00602000 rw-p 00001000 08:07 3944770                            /usr/lib/jvm/java-7-openjdk-amd64/bin/javac
01271000-01292000 rw-p 00000000 00:00 0                                  [heap]
b9e00000-bb300000 rw-p 00000000 00:00 0 
bb300000-c4400000 rw-p 00000000 00:00 0 
c4400000-c4a00000 rw-p 00000000 00:00 0 
c4a00000-ec100000 rw-p 00000000 00:00 0 
ec100000-ece00000 rw-p 00000000 00:00 0 
ece00000-100000000 rw-p 00000000 00:00 0 
7f9afc000000-7f9afc021000 rw-p 00000000 00:00 0 
7f9afc021000-7f9b00000000 ---p 00000000 00:00 0 
7f9b00000000-7f9b00021000 rw-p 00000000 00:00 0 
7f9b00021000-7f9b04000000 ---p 00000000 00:00 0 
7f9b04000000-7f9b047b0000 rw-p 00000000 00:00 0 
7f9b047b0000-7f9b08000000 ---p 00000000 00:00 0 
7f9b08000000-7f9b0873f000 rw-p 00000000 00:00 0 
7f9b0873f000-7f9b0c000000 ---p 00000000 00:00 0 
7f9b0c000000-7f9b0c021000 rw-p 00000000 00:00 0 
7f9b0c021000-7f9b10000000 ---p 00000000 00:00 0 
7f9b10000000-7f9b10021000 rw-p 00000000 00:00 0 
7f9b10021000-7f9b14000000 ---p 00000000 00:00 0 
7f9b14000000-7f9b14021000 rw-p 00000000 00:00 0 
7f9b14021000-7f9b18000000 ---p 00000000 00:00 0 
7f9b18000000-7f9b18021000 rw-p 00000000 00:00 0 
7f9b18021000-7f9b1c000000 ---p 00000000 00:00 0 
7f9b1c000000-7f9b1c021000 rw-p 00000000 00:00 0 
7f9b1c021000-7f9b20000000 ---p 00000000 00:00 0 
7f9b20000000-7f9b20241000 rw-p 00000000 00:00 0 
7f9b20241000-7f9b24000000 ---p 00000000 00:00 0 
7f9b24000000-7f9b24021000 rw-p 00000000 00:00 0 
7f9b24021000-7f9b28000000 ---p 00000000 00:00 0 
7f9b2ad0e000-7f9b2aea7000 rw-p 00000000 00:00 0 
7f9b2aea7000-7f9b2af12000 r--s 0069c000 08:07 3944768                    /usr/lib/jvm/java-7-openjdk-amd64/lib/tools.jar
7f9b2af12000-7f9b2af13000 ---p 00000000 00:00 0 
7f9b2af13000-7f9b2b013000 rw-p 00000000 00:00 0                          [stack:3826]
7f9b2b013000-7f9b2b016000 ---p 00000000 00:00 0 
7f9b2b016000-7f9b2b114000 rw-p 00000000 00:00 0                          [stack:3825]
7f9b2b114000-7f9b2b117000 ---p 00000000 00:00 0 
7f9b2b117000-7f9b2b215000 rw-p 00000000 00:00 0                          [stack:3824]
7f9b2b215000-7f9b2b218000 ---p 00000000 00:00 0 
7f9b2b218000-7f9b2b316000 rw-p 00000000 00:00 0                          [stack:3823]
7f9b2b316000-7f9b2b319000 ---p 00000000 00:00 0 
7f9b2b319000-7f9b2b417000 rw-p 00000000 00:00 0                          [stack:3822]
7f9b2b417000-7f9b2bafb000 r--p 00000000 08:07 3939156                    /usr/lib/locale/locale-archive
7f9b2bafb000-7f9b2bafe000 ---p 00000000 00:00 0 
7f9b2bafe000-7f9b2bbfc000 rw-p 00000000 00:00 0                          [stack:3821]
7f9b2bbfc000-7f9b2bbff000 ---p 00000000 00:00 0 
7f9b2bbff000-7f9b2bcfd000 rw-p 00000000 00:00 0                          [stack:3820]
7f9b2bcfd000-7f9b2bcfe000 ---p 00000000 00:00 0 
7f9b2bcfe000-7f9b2c000000 rw-p 00000000 00:00 0                          [stack:3819]
7f9b2c000000-7f9b2c021000 rw-p 00000000 00:00 0 
7f9b2c021000-7f9b30000000 ---p 00000000 00:00 0 
7f9b30057000-7f9b30e52000 rw-p 00000000 00:00 0 
7f9b30e52000-7f9b31000000 r--s 01cfc000 08:07 3950522                    /usr/lib/jvm/java-7-openjdk-amd64/jre/lib/rt.jar
7f9b31000000-7f9b31270000 rwxp 00000000 00:00 0 
7f9b31270000-7f9b34304000 rw-p 00000000 00:00 0 
7f9b34304000-7f9b38000000 ---p 00000000 00:00 0 
7f9b38007000-7f9b3a641000 rw-p 00000000 00:00 0 
7f9b3a641000-7f9b3a642000 ---p 00000000 00:00 0 
7f9b3a642000-7f9b3a742000 rw-p 00000000 00:00 0                          [stack:3818]
7f9b3a742000-7f9b3a743000 ---p 00000000 00:00 0 
7f9b3a743000-7f9b3a843000 rw-p 00000000 00:00 0                          [stack:3817]
7f9b3a843000-7f9b3a844000 ---p 00000000 00:00 0 
7f9b3a844000-7f9b3a944000 rw-p 00000000 00:00 0                          [stack:3816]
7f9b3a944000-7f9b3a945000 ---p 00000000 00:00 0 
7f9b3a945000-7f9b3aa50000 rw-p 00000000 00:00 0                          [stack:3815]
7f9b3aa50000-7f9b3aa98000 rw-p 00000000 00:00 0 
7f9b3aa98000-7f9b3aa9b000 rw-p 00000000 00:00 0 
7f9b3aa9b000-7f9b3abd7000 rw-p 00000000 00:00 0 
7f9b3abd7000-7f9b3abe2000 rw-p 00000000 00:00 0 
7f9b3abe2000-7f9b3ac2a000 rw-p 00000000 00:00 0 
7f9b3ac2a000-7f9b3ac2d000 rw-p 00000000 00:00 0 
7f9b3ac2d000-7f9b3ad68000 rw-p 00000000 00:00 0 
7f9b3ad68000-7f9b3ad6f000 rw-p 00000000 00:00 0 
7f9b3ad6f000-7f9b3ae08000 rw-p 00000000 00:00 0 
7f9b3ae08000-7f9b3ae09000 rw-p 00000000 00:00 0 
7f9b3ae09000-7f9b3ae11000 r-xp 00000000 08:07 3942779                    /usr/lib/jvm/java-7-openjdk-amd64/jre/lib/amd64/libzip.so
7f9b3ae11000-7f9b3b010000 ---p 00008000 08:07 3942779                    /usr/lib/jvm/java-7-openjdk-amd64/jre/lib/amd64/libzip.so
7f9b3b010000-7f9b3b011000 r--p 00007000 08:07 3942779                    /usr/lib/jvm/java-7-openjdk-amd64/jre/lib/amd64/libzip.so
7f9b3b011000-7f9b3b012000 rw-p 00008000 08:07 3942779                    /usr/lib/jvm/java-7-openjdk-amd64/jre/lib/amd64/libzip.so
7f9b3b012000-7f9b3b01e000 r-xp 00000000 08:07 3542989                    /lib/x86_64-linux-gnu/libnss_files-2.17.so
7f9b3b01e000-7f9b3b21d000 ---p 0000c000 08:07 3542989                    /lib/x86_64-linux-gnu/libnss_files-2.17.so
7f9b3b21d000-7f9b3b21e000 r--p 0000b000 08:07 3542989                    /lib/x86_64-linux-gnu/libnss_files-2.17.so
7f9b3b21e000-7f9b3b21f000 rw-p 0000c000 08:07 3542989                    /lib/x86_64-linux-gnu/libnss_files-2.17.so
7f9b3b21f000-7f9b3b22a000 r-xp 00000000 08:07 3542993                    /lib/x86_64-linux-gnu/libnss_nis-2.17.so
7f9b3b22a000-7f9b3b429000 ---p 0000b000 08:07 3542993                    /lib/x86_64-linux-gnu/libnss_nis-2.17.so
7f9b3b429000-7f9b3b42a000 r--p 0000a000 08:07 3542993                    /lib/x86_64-linux-gnu/libnss_nis-2.17.so
7f9b3b42a000-7f9b3b42b000 rw-p 0000b000 08:07 3542993                    /lib/x86_64-linux-gnu/libnss_nis-2.17.so
7f9b3b42b000-7f9b3b442000 r-xp 00000000 08:07 3542983                    /lib/x86_64-linux-gnu/libnsl-2.17.so
7f9b3b442000-7f9b3b641000 ---p 00017000 08:07 3542983                    /lib/x86_64-linux-gnu/libnsl-2.17.so
7f9b3b641000-7f9b3b642000 r--p 00016000 08:07 3542983                    /lib/x86_64-linux-gnu/libnsl-2.17.so
7f9b3b642000-7f9b3b643000 rw-p 00017000 08:07 3542983                    /lib/x86_64-linux-gnu/libnsl-2.17.so
7f9b3b643000-7f9b3b645000 rw-p 00000000 00:00 0 
7f9b3b645000-7f9b3b64d000 r-xp 00000000 08:07 3542985                    /lib/x86_64-linux-gnu/libnss_compat-2.17.so
7f9b3b64d000-7f9b3b84c000 ---p 00008000 08:07 3542985                    /lib/x86_64-linux-gnu/libnss_compat-2.17.so
7f9b3b84c000-7f9b3b84d000 r--p 00007000 08:07 3542985                    /lib/x86_64-linux-gnu/libnss_compat-2.17.so
7f9b3b84d000-7f9b3b84e000 rw-p 00008000 08:07 3542985                    /lib/x86_64-linux-gnu/libnss_compat-2.17.so
7f9b3b84e000-7f9b3b879000 r-xp 00000000 08:07 3942774                    /usr/lib/jvm/java-7-openjdk-amd64/jre/lib/amd64/libjava.so
7f9b3b879000-7f9b3ba78000 ---p 0002b000 08:07 3942774                    /usr/lib/jvm/java-7-openjdk-amd64/jre/lib/amd64/libjava.so
7f9b3ba78000-7f9b3ba79000 r--p 0002a000 08:07 3942774                    /usr/lib/jvm/java-7-openjdk-amd64/jre/lib/amd64/libjava.so
7f9b3ba79000-7f9b3ba7b000 rw-p 0002b000 08:07 3942774                    /usr/lib/jvm/java-7-openjdk-amd64/jre/lib/amd64/libjava.so
7f9b3ba7b000-7f9b3ba8b000 r-xp 00000000 08:07 3942799                    /usr/lib/jvm/java-7-openjdk-amd64/jre/lib/amd64/libverify.so
7f9b3ba8b000-7f9b3bc8a000 ---p 00010000 08:07 3942799                    /usr/lib/jvm/java-7-openjdk-amd64/jre/lib/amd64/libverify.so
7f9b3bc8a000-7f9b3bc8c000 r--p 0000f000 08:07 3942799                    /usr/lib/jvm/java-7-openjdk-amd64/jre/lib/amd64/libverify.so
7f9b3bc8c000-7f9b3bc8d000 rw-p 00011000 08:07 3942799                    /usr/lib/jvm/java-7-openjdk-amd64/jre/lib/amd64/libverify.so
7f9b3bc8d000-7f9b3bc94000 r-xp 00000000 08:07 3543036                    /lib/x86_64-linux-gnu/librt-2.17.so
7f9b3bc94000-7f9b3be93000 ---p 00007000 08:07 3543036                    /lib/x86_64-linux-gnu/librt-2.17.so
7f9b3be93000-7f9b3be94000 r--p 00006000 08:07 3543036                    /lib/x86_64-linux-gnu/librt-2.17.so
7f9b3be94000-7f9b3be95000 rw-p 00007000 08:07 3543036                    /lib/x86_64-linux-gnu/librt-2.17.so
7f9b3be95000-7f9b3beaa000 r-xp 00000000 08:07 3538949                    /lib/x86_64-linux-gnu/libgcc_s.so.1
7f9b3beaa000-7f9b3c0a9000 ---p 00015000 08:07 3538949                    /lib/x86_64-linux-gnu/libgcc_s.so.1
7f9b3c0a9000-7f9b3c0aa000 r--p 00014000 08:07 3538949                    /lib/x86_64-linux-gnu/libgcc_s.so.1
7f9b3c0aa000-7f9b3c0ab000 rw-p 00015000 08:07 3538949                    /lib/x86_64-linux-gnu/libgcc_s.so.1
7f9b3c0ab000-7f9b3c1ae000 r-xp 00000000 08:07 3542964                    /lib/x86_64-linux-gnu/libm-2.17.so
7f9b3c1ae000-7f9b3c3ad000 ---p 00103000 08:07 3542964                    /lib/x86_64-linux-gnu/libm-2.17.so
7f9b3c3ad000-7f9b3c3ae000 r--p 00102000 08:07 3542964                    /lib/x86_64-linux-gnu/libm-2.17.so
7f9b3c3ae000-7f9b3c3af000 rw-p 00103000 08:07 3542964                    /lib/x86_64-linux-gnu/libm-2.17.so
7f9b3c3af000-7f9b3c495000 r-xp 00000000 08:07 3938427                    /usr/lib/x86_64-linux-gnu/libstdc++.so.6.0.18
7f9b3c495000-7f9b3c694000 ---p 000e6000 08:07 3938427                    /usr/lib/x86_64-linux-gnu/libstdc++.so.6.0.18
7f9b3c694000-7f9b3c69c000 r--p 000e5000 08:07 3938427                    /usr/lib/x86_64-linux-gnu/libstdc++.so.6.0.18
7f9b3c69c000-7f9b3c69e000 rw-p 000ed000 08:07 3938427                    /usr/lib/x86_64-linux-gnu/libstdc++.so.6.0.18
7f9b3c69e000-7f9b3c6b3000 rw-p 00000000 00:00 0 
7f9b3c6b3000-7f9b3d192000 r-xp 00000000 08:07 3942816                    /usr/lib/jvm/java-7-openjdk-amd64/jre/lib/amd64/server/libjvm.so
7f9b3d192000-7f9b3d392000 ---p 00adf000 08:07 3942816                    /usr/lib/jvm/java-7-openjdk-amd64/jre/lib/amd64/server/libjvm.so
7f9b3d392000-7f9b3d424000 r--p 00adf000 08:07 3942816                    /usr/lib/jvm/java-7-openjdk-amd64/jre/lib/amd64/server/libjvm.so
7f9b3d424000-7f9b3d447000 rw-p 00b71000 08:07 3942816                    /usr/lib/jvm/java-7-openjdk-amd64/jre/lib/amd64/server/libjvm.so
7f9b3d447000-7f9b3d474000 rw-p 00000000 00:00 0 
7f9b3d474000-7f9b3d48c000 r-xp 00000000 08:07 3543071                    /lib/x86_64-linux-gnu/libz.so.1.2.8
7f9b3d48c000-7f9b3d68b000 ---p 00018000 08:07 3543071                    /lib/x86_64-linux-gnu/libz.so.1.2.8
7f9b3d68b000-7f9b3d68c000 r--p 00017000 08:07 3543071                    /lib/x86_64-linux-gnu/libz.so.1.2.8
7f9b3d68c000-7f9b3d68d000 rw-p 00018000 08:07 3543071                    /lib/x86_64-linux-gnu/libz.so.1.2.8
7f9b3d68d000-7f9b3d6a4000 r-xp 00000000 08:07 3543028                    /lib/x86_64-linux-gnu/libpthread-2.17.so
7f9b3d6a4000-7f9b3d8a4000 ---p 00017000 08:07 3543028                    /lib/x86_64-linux-gnu/libpthread-2.17.so
7f9b3d8a4000-7f9b3d8a5000 r--p 00017000 08:07 3543028                    /lib/x86_64-linux-gnu/libpthread-2.17.so
7f9b3d8a5000-7f9b3d8a6000 rw-p 00018000 08:07 3543028                    /lib/x86_64-linux-gnu/libpthread-2.17.so
7f9b3d8a6000-7f9b3d8aa000 rw-p 00000000 00:00 0 
7f9b3d8aa000-7f9b3d8ad000 r-xp 00000000 08:07 3542928                    /lib/x86_64-linux-gnu/libdl-2.17.so
7f9b3d8ad000-7f9b3daac000 ---p 00003000 08:07 3542928                    /lib/x86_64-linux-gnu/libdl-2.17.so
7f9b3daac000-7f9b3daad000 r--p 00002000 08:07 3542928                    /lib/x86_64-linux-gnu/libdl-2.17.so
7f9b3daad000-7f9b3daae000 rw-p 00003000 08:07 3542928                    /lib/x86_64-linux-gnu/libdl-2.17.so
7f9b3daae000-7f9b3dc6b000 r-xp 00000000 08:07 3542913                    /lib/x86_64-linux-gnu/libc-2.17.so
7f9b3dc6b000-7f9b3de6b000 ---p 001bd000 08:07 3542913                    /lib/x86_64-linux-gnu/libc-2.17.so
7f9b3de6b000-7f9b3de6f000 r--p 001bd000 08:07 3542913                    /lib/x86_64-linux-gnu/libc-2.17.so
7f9b3de6f000-7f9b3de71000 rw-p 001c1000 08:07 3542913                    /lib/x86_64-linux-gnu/libc-2.17.so
7f9b3de71000-7f9b3de76000 rw-p 00000000 00:00 0 
7f9b3de76000-7f9b3de83000 r-xp 00000000 08:07 3942850                    /usr/lib/jvm/java-7-openjdk-amd64/jre/lib/amd64/jli/libjli.so
7f9b3de83000-7f9b3e082000 ---p 0000d000 08:07 3942850                    /usr/lib/jvm/java-7-openjdk-amd64/jre/lib/amd64/jli/libjli.so
7f9b3e082000-7f9b3e083000 r--p 0000c000 08:07 3942850                    /usr/lib/jvm/java-7-openjdk-amd64/jre/lib/amd64/jli/libjli.so
7f9b3e083000-7f9b3e084000 rw-p 0000d000 08:07 3942850                    /usr/lib/jvm/java-7-openjdk-amd64/jre/lib/amd64/jli/libjli.so
7f9b3e084000-7f9b3e0a7000 r-xp 00000000 08:07 3542889                    /lib/x86_64-linux-gnu/ld-2.17.so
7f9b3e0aa000-7f9b3e0ab000 rw-p 00000000 00:00 0 
7f9b3e0ab000-7f9b3e0ae000 r--s 00032000 08:07 3950502                    /usr/lib/jvm/java-7-openjdk-amd64/jre/lib/ext/sunjce_provider.jar
7f9b3e0ae000-7f9b3e0b2000 r--s 0003b000 08:07 3950505                    /usr/lib/jvm/java-7-openjdk-amd64/jre/lib/ext/sunpkcs11.jar
7f9b3e0b2000-7f9b3e0b3000 r--s 00002000 08:07 3950504                    /usr/lib/jvm/java-7-openjdk-amd64/jre/lib/ext/dnsns.jar
7f9b3e0b3000-7f9b3e0b7000 r--s 00085000 08:07 3950470                    /usr/lib/jvm/java-7-openjdk-amd64/jre/lib/ext/localedata.jar
7f9b3e0b7000-7f9b3e0b9000 r--s 00006000 08:07 4342350                    /usr/share/java/java-atk-wrapper.jar
7f9b3e0b9000-7f9b3e0bb000 r--s 00012000 08:07 3950473                    /usr/lib/jvm/java-7-openjdk-amd64/jre/lib/ext/zipfs.jar
7f9b3e0bb000-7f9b3e0be000 r--s 0000f000 08:07 3950471                    /usr/lib/jvm/java-7-openjdk-amd64/jre/lib/ext/pulse-java.jar
7f9b3e0be000-7f9b3e0c8000 rw-p 00000000 00:00 0 
7f9b3e0c8000-7f9b3e17e000 rw-p 00000000 00:00 0 
7f9b3e17e000-7f9b3e181000 ---p 00000000 00:00 0 
7f9b3e181000-7f9b3e29a000 rw-p 00000000 00:00 0                          [stack:3814]
7f9b3e29a000-7f9b3e2a2000 rw-s 00000000 08:07 4598404                    /tmp/hsperfdata_roberty/3813
7f9b3e2a2000-7f9b3e2a3000 rw-p 00000000 00:00 0 
7f9b3e2a3000-7f9b3e2a4000 ---p 00000000 00:00 0 
7f9b3e2a4000-7f9b3e2a6000 rw-p 00000000 00:00 0 
7f9b3e2a6000-7f9b3e2a7000 r--p 00022000 08:07 3542889                    /lib/x86_64-linux-gnu/ld-2.17.so
7f9b3e2a7000-7f9b3e2a9000 rw-p 00023000 08:07 3542889                    /lib/x86_64-linux-gnu/ld-2.17.so
7fff08704000-7fff08725000 rw-p 00000000 00:00 0                          [stack]
7fff087d9000-7fff087db000 r-xp 00000000 00:00 0                          [vdso]
ffffffffff600000-ffffffffff601000 r-xp 00000000 00:00 0                  [vsyscall]

VM Arguments:
jvm_args: -Dapplication.home=/usr/lib/jvm/java-7-openjdk-amd64 -Xms8m 
java_command: com.sun.tools.javac.Main MeuphoriaConstants.java Meuphoria.java MeuphoriaTokenManager.java ParseException.java SemanticRoutines.java SimpleCharStream.java Symbol.java SymbolsTable.java Token.java TokenMgrError.java
Launcher Type: SUN_STANDARD

Environment Variables:
PATH=/usr/lib/lightdm/lightdm:/usr/local/sbin:/usr/local/bin:/usr/sbin:/usr/bin:/sbin:/bin:/usr/games:/usr/local/games
SHELL=/bin/bash
DISPLAY=:0.0

Signal Handlers:
SIGSEGV: [libjvm.so+0x916eb0], sa_mask[0]=0x7ffbfeff, sa_flags=0x10000004
SIGBUS: [libjvm.so+0x916eb0], sa_mask[0]=0x7ffbfeff, sa_flags=0x10000004
SIGFPE: [libjvm.so+0x7947e0], sa_mask[0]=0x7ffbfeff, sa_flags=0x10000004
SIGPIPE: [libjvm.so+0x7947e0], sa_mask[0]=0x7ffbfeff, sa_flags=0x10000004
SIGXFSZ: [libjvm.so+0x7947e0], sa_mask[0]=0x7ffbfeff, sa_flags=0x10000004
SIGILL: [libjvm.so+0x7947e0], sa_mask[0]=0x7ffbfeff, sa_flags=0x10000004
SIGUSR1: SIG_DFL, sa_mask[0]=0x00000000, sa_flags=0x00000000
SIGUSR2: [libjvm.so+0x794680], sa_mask[0]=0x00000000, sa_flags=0x10000004
SIGHUP: [libjvm.so+0x794860], sa_mask[0]=0x7ffbfeff, sa_flags=0x10000004
SIGINT: [libjvm.so+0x794860], sa_mask[0]=0x7ffbfeff, sa_flags=0x10000004
SIGTERM: [libjvm.so+0x794860], sa_mask[0]=0x7ffbfeff, sa_flags=0x10000004
SIGQUIT: [libjvm.so+0x794860], sa_mask[0]=0x7ffbfeff, sa_flags=0x10000004


---------------  S Y S T E M  ---------------

OS:Ubuntu 13.10 (saucy)
uname:Linux 3.11.0-15-generic #25-Ubuntu SMP Thu Jan 30 17:22:01 UTC 2014 x86_64
libc:glibc 2.17 NPTL 2.17 
rlimit: STACK 8192k, CORE 0k, NPROC 30375, NOFILE 4096, AS infinity
load average:0,35 0,42 0,48

/proc/meminfo:
MemTotal:        3908276 kB
MemFree:         1677492 kB
Buffers:          304960 kB
Cached:           846544 kB
SwapCached:            0 kB
Active:          1296820 kB
Inactive:         744308 kB
Active(anon):     890576 kB
Inactive(anon):   250036 kB
Active(file):     406244 kB
Inactive(file):   494272 kB
Unevictable:          32 kB
Mlocked:              32 kB
SwapTotal:       4881404 kB
SwapFree:        4881404 kB
Dirty:              1184 kB
Writeback:             0 kB
AnonPages:        889692 kB
Mapped:           190784 kB
Shmem:            250992 kB
Slab:             111460 kB
SReclaimable:      84708 kB
SUnreclaim:        26752 kB
KernelStack:        4024 kB
PageTables:        28288 kB
NFS_Unstable:          0 kB
Bounce:                0 kB
WritebackTmp:          0 kB
CommitLimit:     6835540 kB
Committed_AS:    3865824 kB
VmallocTotal:   34359738367 kB
VmallocUsed:      545256 kB
VmallocChunk:   34359186908 kB
HardwareCorrupted:     0 kB
AnonHugePages:         0 kB
HugePages_Total:       0
HugePages_Free:        0
HugePages_Rsvd:        0
HugePages_Surp:        0
Hugepagesize:       2048 kB
DirectMap4k:       54372 kB
DirectMap2M:     3999744 kB


CPU:total 4 (2 cores per cpu, 2 threads per core) family 6 model 37 stepping 5, cmov, cx8, fxsr, mmx, sse, sse2, sse3, ssse3, sse4.1, sse4.2, popcnt, ht, tsc, tscinvbit

/proc/cpuinfo:
processor	: 0
vendor_id	: GenuineIntel
cpu family	: 6
model		: 37
model name	: Intel(R) Core(TM) i3 CPU       M 370  @ 2.40GHz
stepping	: 5
microcode	: 0x2
cpu MHz		: 931.000
cache size	: 3072 KB
physical id	: 0
siblings	: 4
core id		: 0
cpu cores	: 2
apicid		: 0
initial apicid	: 0
fpu		: yes
fpu_exception	: yes
cpuid level	: 11
wp		: yes
flags		: fpu vme de pse tsc msr pae mce cx8 apic sep mtrr pge mca cmov pat pse36 clflush dts acpi mmx fxsr sse sse2 ss ht tm pbe syscall nx rdtscp lm constant_tsc arch_perfmon pebs bts rep_good nopl xtopology nonstop_tsc aperfmperf pni dtes64 monitor ds_cpl vmx est tm2 ssse3 cx16 xtpr pdcm pcid sse4_1 sse4_2 popcnt lahf_lm arat dtherm tpr_shadow vnmi flexpriority ept vpid
bogomips	: 4787.94
clflush size	: 64
cache_alignment	: 64
address sizes	: 36 bits physical, 48 bits virtual
power management:

processor	: 1
vendor_id	: GenuineIntel
cpu family	: 6
model		: 37
model name	: Intel(R) Core(TM) i3 CPU       M 370  @ 2.40GHz
stepping	: 5
microcode	: 0x2
cpu MHz		: 2394.000
cache size	: 3072 KB
physical id	: 0
siblings	: 4
core id		: 2
cpu cores	: 2
apicid		: 4
initial apicid	: 4
fpu		: yes
fpu_exception	: yes
cpuid level	: 11
wp		: yes
flags		: fpu vme de pse tsc msr pae mce cx8 apic sep mtrr pge mca cmov pat pse36 clflush dts acpi mmx fxsr sse sse2 ss ht tm pbe syscall nx rdtscp lm constant_tsc arch_perfmon pebs bts rep_good nopl xtopology nonstop_tsc aperfmperf pni dtes64 monitor ds_cpl vmx est tm2 ssse3 cx16 xtpr pdcm pcid sse4_1 sse4_2 popcnt lahf_lm arat dtherm tpr_shadow vnmi flexpriority ept vpid
bogomips	: 4787.94
clflush size	: 64
cache_alignment	: 64
address sizes	: 36 bits physical, 48 bits virtual
power management:

processor	: 2
vendor_id	: GenuineIntel
cpu family	: 6
model		: 37
model name	: Intel(R) Core(TM) i3 CPU       M 370  @ 2.40GHz
stepping	: 5
microcode	: 0x2
cpu MHz		: 2394.000
cache size	: 3072 KB
physical id	: 0
siblings	: 4
core id		: 0
cpu cores	: 2
apicid		: 1
initial apicid	: 1
fpu		: yes
fpu_exception	: yes
cpuid level	: 11
wp		: yes
flags		: fpu vme de pse tsc msr pae mce cx8 apic sep mtrr pge mca cmov pat pse36 clflush dts acpi mmx fxsr sse sse2 ss ht tm pbe syscall nx rdtscp lm constant_tsc arch_perfmon pebs bts rep_good nopl xtopology nonstop_tsc aperfmperf pni dtes64 monitor ds_cpl vmx est tm2 ssse3 cx16 xtpr pdcm pcid sse4_1 sse4_2 popcnt lahf_lm arat dtherm tpr_shadow vnmi flexpriority ept vpid
bogomips	: 4787.94
clflush size	: 64
cache_alignment	: 64
address sizes	: 36 bits physical, 48 bits virtual
power management:

processor	: 3
vendor_id	: GenuineIntel
cpu family	: 6
model		: 37
model name	: Intel(R) Core(TM) i3 CPU       M 370  @ 2.40GHz
stepping	: 5
microcode	: 0x2
cpu MHz		: 2394.000
cache size	: 3072 KB
physical id	: 0
siblings	: 4
core id		: 2
cpu cores	: 2
apicid		: 5
initial apicid	: 5
fpu		: yes
fpu_exception	: yes
cpuid level	: 11
wp		: yes
flags		: fpu vme de pse tsc msr pae mce cx8 apic sep mtrr pge mca cmov pat pse36 clflush dts acpi mmx fxsr sse sse2 ss ht tm pbe syscall nx rdtscp lm constant_tsc arch_perfmon pebs bts rep_good nopl xtopology nonstop_tsc aperfmperf pni dtes64 monitor ds_cpl vmx est tm2 ssse3 cx16 xtpr pdcm pcid sse4_1 sse4_2 popcnt lahf_lm arat dtherm tpr_shadow vnmi flexpriority ept vpid
bogomips	: 4787.94
clflush size	: 64
cache_alignment	: 64
address sizes	: 36 bits physical, 48 bits virtual
power management:



Memory: 4k page, physical 3908276k(1677492k free), swap 4881404k(4881404k free)

vm_info: OpenJDK 64-Bit Server VM (24.51-b03) for linux-amd64 JRE (1.7.0_55-b14), built on Apr 17 2014 21:13:26 by "buildd" with gcc 4.8.1

time: Mon Jun 30 23:22:09 2014
elapsed time: 0 seconds

