#
# A fatal error has been detected by the Java Runtime Environment:
#
#  SIGSEGV (0xb) at pc=0x00007f5d1101516b, pid=3737, tid=140037908051712
#
# JRE version: OpenJDK Runtime Environment (7.0_55-b14) (build 1.7.0_55-b14)
# Java VM: OpenJDK 64-Bit Server VM (24.51-b03 mixed mode linux-amd64 compressed oops)
# Problematic frame:
# j  org.javacc.parser.LookaheadCalc.overlap(Ljava/util/List;Ljava/util/List;)Lorg/javacc/parser/MatchInfo;+43
#
# Failed to write core dump. Core dumps have been disabled. To enable core dumping, try "ulimit -c unlimited" before starting Java again
#
# If you would like to submit a bug report, please include
# instructions on how to reproduce the bug and visit:
#   http://icedtea.classpath.org/bugzilla
#

---------------  T H R E A D  ---------------

Current thread (0x00007f5d1400a000):  JavaThread "main" [_thread_in_Java, id=3738, stack(0x00007f5d1db3b000,0x00007f5d1dc3c000)]

siginfo:si_signo=SIGSEGV: si_errno=0, si_code=1 (SEGV_MAPERR), si_addr=0x00000000ac58cd84

Registers:
RAX=0x0000000000000000, RBX=0x000000000000002e, RCX=0x00000000ba181250, RDX=0x00000000ac58cd78
RSP=0x00007f5d1dc3a558, RBP=0x00007f5d1dc3a5a0, RSI=0x00000000ec58caa0, RDI=0x00000000ba0df030
R8 =0x00000000ec5aefb0, R9 =0x0101010101010101, R10=0x00007f5d1ce236e0, R11=0x00007f5d11065e70
R12=0x0000000000000000, R13=0x00000000ba1802b0, R14=0x00007f5d1dc3a5f8, R15=0x00007f5d1400a000
RIP=0x00007f5d1101516b, EFLAGS=0x0000000000010212, CSGSFS=0x0000000000000033, ERR=0x0000000000000004
  TRAPNO=0x000000000000000e

Top of Stack: (sp=0x00007f5d1dc3a558)
0x00007f5d1dc3a558:   000000000000004e 00007f5d1dc3a560
0x00007f5d1dc3a568:   00000000ba18026b 00007f5d1dc3a5f8
0x00007f5d1dc3a578:   00000000ba181250 00000000ba183e00
0x00007f5d1dc3a588:   00000000ba1802d8 0000000000000000
0x00007f5d1dc3a598:   00007f5d1dc3a5f0 00007f5d1dc3a640
0x00007f5d1dc3a5a8:   00007f5d11006233 0000000000000000
0x00007f5d1dc3a5b8:   0000000000000001 0000000000000000
0x00007f5d1dc3a5c8:   0000000000000000 0000000000000001
0x00007f5d1dc3a5d8:   00000000ec58c908 00000000ec58cd60
0x00007f5d1dc3a5e8:   00000000ec58c908 00000000ec58caa0
0x00007f5d1dc3a5f8:   00000000ec58c7a0 00007f5d1dc3a600
0x00007f5d1dc3a608:   00000000ba180e8e 00007f5d1dc3a688
0x00007f5d1dc3a618:   00000000ba181250 0000000000000000
0x00007f5d1dc3a628:   00000000ba180fb0 00007f5d1dc3a5f0
0x00007f5d1dc3a638:   00007f5d1dc3a680 00007f5d1dc3a6d0
0x00007f5d1dc3a648:   00007f5d11006058 0000000000000001
0x00007f5d1dc3a658:   00000000ec58caa0 00000000ec58c7a0
0x00007f5d1dc3a668:   00000000ec58c7e8 0000000000000000
0x00007f5d1dc3a678:   00000000ec58c7b8 00000000ec3ddce8
0x00007f5d1dc3a688:   00000000ec3df5f0 00007f5d1dc3a690
0x00007f5d1dc3a698:   00000000ba17f16a 00007f5d1dc3a6f0
0x00007f5d1dc3a6a8:   00000000ba17f558 0000000000000000
0x00007f5d1dc3a6b8:   00000000ba17f170 00007f5d1dc3a680
0x00007f5d1dc3a6c8:   00007f5d1dc3a6e8 00007f5d1dc3a738
0x00007f5d1dc3a6d8:   00007f5d11006706 00000000ec3df5f0
0x00007f5d1dc3a6e8:   00000000ec3df5f0 00000000ec58c770
0x00007f5d1dc3a6f8:   00007f5d1dc3a6f8 00000000ba179762
0x00007f5d1dc3a708:   00007f5d1dc3a758 00000000ba179e20
0x00007f5d1dc3a718:   00000000ba17dd08 00000000ba179910
0x00007f5d1dc3a728:   00007f5d1dc3a6e8 00007f5d1dc3a750
0x00007f5d1dc3a738:   00007f5d1dc3a7a0 00007f5d11006058
0x00007f5d1dc3a748:   0000000000000000 00000000ec58c770 

Instructions: (pc=0x00007f5d1101516b)
0x00007f5d1101514b:   1c 5d 7f 00 00 2e 00 00 00 00 00 00 00 00 00 00
0x00007f5d1101515b:   00 00 00 00 00 8b 04 24 48 83 c4 08 5a 48 63 c0
0x00007f5d1101516b:   3b 42 0c 8b d8 0f 83 ea ac ff ff 8b 44 82 10 41
0x00007f5d1101517b:   0f b6 5d 01 49 ff c5 49 ba e0 36 e2 1c 5d 7f 00 

Register to memory mapping:

RAX=0x0000000000000000 is an unknown value
RBX=0x000000000000002e is an unknown value
RCX=0x00000000ba181250 is an oop
{constant pool cache} 
 - klass: {other class}
                 -------------
  0  (0x00000000ba181270)  [00|00|    1]
                 [   0x0000000000000000]
                 [   0x0000000000000000]
                 [   0x0000000000000000]
                 -------------
  1  (0x00000000ba181290)  [00|b9|    2]
                 [   0x00000000b9eca470]
                 [   0x000000000000000c]
                 [   0x0000000030000001]
                 -------------
  2  (0x00000000ba1812b0)  [00|b9|    3]
                 [   0x00000000b9eca470]
                 [   0x0000000000000004]
                 [   0x0000000070000002]
                 -------------
  3  (0x00000000ba1812d0)  [b5|b4|    5]
                 [   0x00000000ec1e6590]
                 [   0x000000000000000c]
                 [   0x0000000034000002]
                 -------------
  4  (0x00000000ba1812f0)  [b5|b4|    6]
                 [   0x00000000ec1e6590]
                 [   0x0000000000000010]
                 [   0x0000000074000001]
                 -------------
  5  (0x00000000ba181310)  [00|00|    9]
                 [   0x0000000000000000]
                 [   0x0000000000000000]
                 [   0x0000000000000000]
                 -------------
  6  (0x00000000ba181330)  [00|00|   10]
                 [   0x0000000000000000]
                 [   0x0000000000000000]
                 [   0x0000000000000000]
                 -------------
  7  (0x00000000ba181350)  [00|00|   12]
                 [   0x0000000000000000]
                 [   0x0000000000000000]
                 [   0x0000000000000000]
                 -------------
  8  (0x00000000ba181370)  [00|00|   13]
                 [   0x0000000000000000]
                 [   0x0000000000000000]
                 [   0x0000000000000000]
                 -------------
  9  (0x00000000ba181390)  [00|00|   15]
                 [   0x0000000000000000]
                 [   0x0000000000000000]
                 [   0x0000000000000000]
                 -------------
 10  (0x00000000ba1813b0)  [00|00|   16]
                 [   0x0000000000000000]
                 [   0x0000000000000000]
                 [   0x0000000000000000]
                 -------------
 11  (0x00000000ba1813d0)  [00|00|   20]
                 [   0x0000000000000000]
                 [   0x0000000000000000]
                 [   0x0000000000000000]
                 -------------
 12  (0x00000000ba1813f0)  [00|00|   21]
                 [   0x0000000000000000]
                 [   0x0000000000000000]
                 [   0x0000000000000000]
                 -------------
 13  (0x00000000ba181410)  [00|00|   23]
                 [   0x0000000000000000]
                 [   0x0000000000000000]
                 [   0x0000000000000000]
                 -------------
 14  (0x00000000ba181430)  [00|00|   24]
                 [   0x0000000000000000]
                 [   0x0000000000000000]
                 [   0x0000000000000000]
                 -------------
 15  (0x00000000ba181450)  [00|00|   28]
                 [   0x0000000000000000]
                 [   0x0000000000000000]
                 [   0x0000000000000000]
                 -------------
 16  (0x00000000ba181470)  [00|00|   29]
                 [   0x0000000000000000]
                 [   0x0000000000000000]
                 [   0x0000000000000000]
                 -------------
 17  (0x00000000ba181490)  [00|b8|   30]
                 [   0x00000000ba180c48]
                 [   0x0000000000000000]
                 [   0x0000000030000001]
                 -------------
 18  (0x00000000ba1814b0)  [b6|00|   31]
                 [   0x0000000000000000]
                 [   0x000000000000000c]
                 [   0x0000000070000001]
                 -------------
 19  (0x00000000ba1814d0)  [00|b8|   33]
                 [   0x00000000ba0b81e8]
                 [   0x0000000000000000]
                 [   0x0000000030000000]
                 -------------
 20  (0x00000000ba1814f0)  [b3|b2|   34]
                 [   0x00000000ec1e6590]
                 [   0x0000000000000070]
                 [   0x0000000034000000]
                 -------------
 21  (0x00000000ba181510)  [00|b8|   35]
                 [   0x00000000ba0b8e68]
                 [   0x0000000000000000]
                 [   0x0000000000000000]
                 -------------
 22  (0x00000000ba181530)  [b3|b2|   36]
                 [   0x00000000ec1f1eb0]
                 [   0x0000000000000074]
                 [   0x0000000004000000]
                 -------------
 23  (0x00000000ba181550)  [00|b7|   37]
                 [   0x00000000b9f040f8]
                 [   0x0000000000000000]
                 [   0xffffffff80000001]
                 -------------
 24  (0x00000000ba181570)  [b3|b2|   38]
                 [   0x00000000ec1f1eb0]
                 [   0x0000000000000070]
                 [   0x0000000074000001]
                 -------------
 25  (0x00000000ba181590)  [00|b7|   39]
                 [   0x00000000ba0deee8]
                 [   0x0000000000000000]
                 [   0xffffffff80000001]
                 -------------
 26  (0x00000000ba1815b0)  [00|b9|   40]
                 [   0x00000000b9eca470]
                 [   0x0000000000000000]
                 [   0x0000000000000002]
                 -------------
 27  (0x00000000ba1815d0)  [00|b8|   42]
                 [   0x00000000ba0dfc70]
                 [   0x0000000000000000]
                 [   0x0000000070400002]
                 -------------
 28  (0x00000000ba1815f0)  [00|b8|   43]
                 [   0x00000000ba0e3418]
                 [   0x0000000000000000]
                 [   0x0000000000000001]
                 -------------
 29  (0x00000000ba181610)  [00|00|   45]
                 [   0x0000000000000000]
                 [   0x0000000000000000]
                 [   0x0000000000000000]
                 -------------
 30  (0x00000000ba181630)  [00|b8|   46]
                 [   0x00000000ba1803c0]
                 [   0x0000000000000000]
                 [   0x0000000000000001]
                 -------------
 31  (0x00000000ba181650)  [00|b8|   48]
                 [   0x00000000ba1802d8]
                 [   0x0000000000000000]
                 [   0x0000000070000002]
                 -------------
 32  (0x00000000ba181670)  [00|b8|   49]
                 [   0x00000000ba180b48]
                 [   0x0000000000000000]
                 [   0x0000000000000001]
                 -------------
 33  (0x00000000ba181690)  [00|00|   51]
                 [   0x0000000000000000]
                 [   0x0000000000000000]
                 [   0x0000000000000000]
                 -------------
 34  (0x00000000ba1816b0)  [00|00|   52]
                 [   0x0000000000000000]
                 [   0x0000000000000000]
                 [   0x0000000000000000]
                 -------------
 35  (0x00000000ba1816d0)  [00|00|   54]
                 [   0x0000000000000000]
                 [   0x0000000000000000]
                 [   0x0000000000000000]
                 -------------
 36  (0x00000000ba1816f0)  [00|00|   55]
                 [   0x0000000000000000]
                 [   0x0000000000000000]
                 [   0x0000000000000000]
                 -------------
 37  (0x00000000ba181710)  [00|00|   57]
                 [   0x0000000000000000]
                 [   0x0000000000000000]
                 [   0x0000000000000000]
                 -------------
 38  (0x00000000ba181730)  [00|00|   60]
                 [   0x0000000000000000]
                 [   0x0000000000000000]
                 [   0x0000000000000000]
                 -------------
 39  (0x00000000ba181750)  [00|00|   62]
                 [   0x0000000000000000]
                 [   0x0000000000000000]
                 [   0x0000000000000000]
                 -------------
 40  (0x00000000ba181770)  [b5|b4|   67]
                 [   0x00000000ec1f4910]
                 [   0x000000000000002c]
                 [   0x0000000074000000]
                 -------------
 41  (0x00000000ba181790)  [b6|00|   69]
                 [   0x0000000000000000]
                 [   0x000000000000000c]
                 [   0x0000000000000001]
                 -------------
 42  (0x00000000ba1817b0)  [00|b8|   75]
                 [   0x00000000ba0b82b0]
                 [   0x0000000000000000]
                 [   0x0000000030000000]
                 -------------
 43  (0x00000000ba1817d0)  [b3|b2|   76]
                 [   0x00000000ec160e98]
                 [   0x0000000000000078]
                 [   0x0000000044000006]
                 -------------
 44  (0x00000000ba1817f0)  [00|b8|   77]
                 [   0x00000000ba0e0030]
                 [   0x0000000000000000]
                 [   0x0000000070400004]
                 -------------
 45  (0x00000000ba181810)  [00|00|   79]
                 [   0x0000000000000000]
                 [   0x0000000000000000]
                 [   0x0000000000000000]
                 -------------
RDX=0x00000000ac58cd78 is an unknown value
RSP=0x00007f5d1dc3a558 is pointing into the stack for thread: 0x00007f5d1400a000
RBP=0x00007f5d1dc3a5a0 is pointing into the stack for thread: 0x00007f5d1400a000
RSI=0x00000000ec58caa0 is an oop
java.util.ArrayList 
 - klass: 'java/util/ArrayList'
RDI=0x00000000ba0df030 is an oop
{instance class} 
 - klass: {other class}
R8 =0x00000000ec5aefb0 is an oop
org.javacc.parser.MatchInfo 
 - klass: 'org/javacc/parser/MatchInfo'
R9 =0x0101010101010101 is an unknown value
R10=0x00007f5d1ce236e0: <offset 0xdb36e0> in /usr/lib/jvm/java-7-openjdk-amd64/jre/lib/amd64/server/libjvm.so at 0x00007f5d1c070000
R11=0x00007f5d11065e70 is at entry_point+16 in (nmethod*)0x00007f5d11065d10
R12=0x0000000000000000 is an unknown value
R13=0x00000000ba1802b0 is pointing into object: 0x00000000ba180200
{constMethod} 
 - klass: {other class}
 - constants:       0x00000000ba17f6f8 constant pool [274] for 'org/javacc/parser/LookaheadCalc' cache=0x00000000ba181250
bci_from(0xba1802b0) = 112; print_codes():
R14=0x00007f5d1dc3a5f8 is pointing into the stack for thread: 0x00007f5d1400a000
R15=0x00007f5d1400a000 is a thread


Stack: [0x00007f5d1db3b000,0x00007f5d1dc3c000],  sp=0x00007f5d1dc3a558,  free space=1021k
Native frames: (J=compiled Java code, j=interpreted, Vv=VM code, C=native code)
j  org.javacc.parser.LookaheadCalc.overlap(Ljava/util/List;Ljava/util/List;)Lorg/javacc/parser/MatchInfo;+43
j  org.javacc.parser.LookaheadCalc.ebnfCalc(Lorg/javacc/parser/Expansion;Lorg/javacc/parser/Expansion;)V+174
j  org.javacc.parser.Semanticize$LookaheadChecker.action(Lorg/javacc/parser/Expansion;)V+162
j  org.javacc.parser.ExpansionTreeWalker.preOrderWalk(Lorg/javacc/parser/Expansion;Lorg/javacc/parser/TreeWalkerOp;)V+2
j  org.javacc.parser.ExpansionTreeWalker.preOrderWalk(Lorg/javacc/parser/Expansion;Lorg/javacc/parser/TreeWalkerOp;)V+104
j  org.javacc.parser.Semanticize.start()V+2785
j  org.javacc.parser.Main.mainProgram([Ljava/lang/String;)I+463
j  org.javacc.parser.Main.main([Ljava/lang/String;)V+1
j  javacc.main([Ljava/lang/String;)V+1
v  ~StubRoutines::call_stub
V  [libjvm.so+0x5be979]  JavaCalls::call_helper(JavaValue*, methodHandle*, JavaCallArguments*, Thread*)+0x339
V  [libjvm.so+0x5be418]  JavaCalls::call(JavaValue*, methodHandle, JavaCallArguments*, Thread*)+0x28
V  [libjvm.so+0x5cc49b]  jni_invoke_static(JNIEnv_*, JavaValue*, _jobject*, JNICallType, _jmethodID*, JNI_ArgumentPusher*, Thread*) [clone .isra.124] [clone .constprop.156]+0x28b
V  [libjvm.so+0x5dd388]  jni_CallStaticVoidMethod+0x118
C  [libjli.so+0x31c9]  __strcat_chk+0x31c9


---------------  P R O C E S S  ---------------

Java Threads: ( => current thread )
  0x00007f5d140a6000 JavaThread "Service Thread" daemon [_thread_blocked, id=3749, stack(0x00007f5d10cfd000,0x00007f5d10dfe000)]
  0x00007f5d140a3800 JavaThread "C2 CompilerThread1" daemon [_thread_blocked, id=3748, stack(0x00007f5d10dfe000,0x00007f5d10eff000)]
  0x00007f5d140a0800 JavaThread "C2 CompilerThread0" daemon [_thread_in_native, id=3747, stack(0x00007f5d10eff000,0x00007f5d11000000)]
  0x00007f5d1409e800 JavaThread "Signal Dispatcher" daemon [_thread_blocked, id=3746, stack(0x00007f5d18041000,0x00007f5d18142000)]
  0x00007f5d1407b800 JavaThread "Finalizer" daemon [_thread_blocked, id=3745, stack(0x00007f5d18826000,0x00007f5d18927000)]
  0x00007f5d14079800 JavaThread "Reference Handler" daemon [_thread_blocked, id=3744, stack(0x00007f5d18927000,0x00007f5d18a28000)]
=>0x00007f5d1400a000 JavaThread "main" [_thread_in_Java, id=3738, stack(0x00007f5d1db3b000,0x00007f5d1dc3c000)]

Other Threads:
  0x00007f5d14075000 VMThread [stack: 0x00007f5d18a28000,0x00007f5d18b29000] [id=3743]
  0x00007f5d140b8800 WatcherThread [stack: 0x00007f5d10bfc000,0x00007f5d10cfd000] [id=3750]

VM state:not at safepoint (normal execution)

VM Mutex/Monitor currently owned by a thread: None

Heap
 PSYoungGen      total 17920K, used 5043K [0x00000000ec100000, 0x00000000ed500000, 0x0000000100000000)
  eden space 15360K, 32% used [0x00000000ec100000,0x00000000ec5ecc00,0x00000000ed000000)
  from space 2560K, 0% used [0x00000000ed280000,0x00000000ed280000,0x00000000ed500000)
  to   space 2560K, 0% used [0x00000000ed000000,0x00000000ed000000,0x00000000ed280000)
 ParOldGen       total 40448K, used 0K [0x00000000c4400000, 0x00000000c6b80000, 0x00000000ec100000)
  object space 40448K, 0% used [0x00000000c4400000,0x00000000c4400000,0x00000000c6b80000)
 PSPermGen       total 21504K, used 3600K [0x00000000b9e00000, 0x00000000bb300000, 0x00000000c4400000)
  object space 21504K, 16% used [0x00000000b9e00000,0x00000000ba1840d8,0x00000000bb300000)

Card table byte_map: [0x00007f5d1a594000,0x00007f5d1a7c6000] byte_map_base: 0x00007f5d19fc5000

Polling page: 0x00007f5d1dc60000

Code Cache  [0x00007f5d11000000, 0x00007f5d11270000, 0x00007f5d14000000)
 total_blobs=220 nmethods=31 adapters=144 free_code_cache=48691Kb largest_free_block=49830272

Compilation events (10 events):
Event: 0,350 Thread 0x00007f5d140a3800   28             java.util.AbstractCollection::<init> (5 bytes)
Event: 0,350 Thread 0x00007f5d140a3800 nmethod 28 0x00007f5d11065b10 code [0x00007f5d11065c40, 0x00007f5d11065c98]
Event: 0,350 Thread 0x00007f5d140a3800   29             java.util.AbstractList::<init> (10 bytes)
Event: 0,350 Thread 0x00007f5d140a3800 nmethod 29 0x00007f5d11065910 code [0x00007f5d11065a40, 0x00007f5d11065a98]
Event: 0,350 Thread 0x00007f5d140a3800   30             java.util.ArrayList::<init> (12 bytes)
Event: 0,351 Thread 0x00007f5d140a3800 nmethod 30 0x00007f5d11065710 code [0x00007f5d11065840, 0x00007f5d110658b8]
Event: 0,353 Thread 0x00007f5d140a3800   31             org.javacc.parser.LookaheadWalk::listAppend (33 bytes)
Event: 0,363 Thread 0x00007f5d140a3800 nmethod 31 0x00007f5d11068d90 code [0x00007f5d11068f20, 0x00007f5d110693c8]
Event: 0,384 Thread 0x00007f5d140a3800   32             org.javacc.parser.Choice::getChoices (5 bytes)
Event: 0,385 Thread 0x00007f5d140a3800 nmethod 32 0x00007f5d11065510 code [0x00007f5d11065640, 0x00007f5d11065698]

GC Heap History (0 events):
No events

Deoptimization events (1 events):
Event: 0,223 Thread 0x00007f5d1400a000 Uncommon trap: reason=unreached action=reinterpret pc=0x00007f5d1106195c method=org.javacc.parser.JavaCCParser.jj_scan_token(I)Z @ 163

Internal exceptions (10 events):
Event: 0,206 Thread 0x00007f5d1400a000 Threw 0x00000000ec35db28 at /build/buildd/openjdk-7-7u55-2.4.7/build/openjdk/hotspot/src/share/vm/prims/jvm.cpp:1244
Event: 0,315 Thread 0x00007f5d1400a000 Threw 0x00000000ec400840 at /build/buildd/openjdk-7-7u55-2.4.7/build/openjdk/hotspot/src/share/vm/prims/jvm.cpp:1244
Event: 0,316 Thread 0x00007f5d1400a000 Threw 0x00000000ec403d60 at /build/buildd/openjdk-7-7u55-2.4.7/build/openjdk/hotspot/src/share/vm/prims/jvm.cpp:1244
Event: 0,317 Thread 0x00007f5d1400a000 Threw 0x00000000ec4072d0 at /build/buildd/openjdk-7-7u55-2.4.7/build/openjdk/hotspot/src/share/vm/prims/jvm.cpp:1244
Event: 0,317 Thread 0x00007f5d1400a000 Threw 0x00000000ec4096c8 at /build/buildd/openjdk-7-7u55-2.4.7/build/openjdk/hotspot/src/share/vm/prims/jvm.cpp:1244
Event: 0,319 Thread 0x00007f5d1400a000 Threw 0x00000000ec40f158 at /build/buildd/openjdk-7-7u55-2.4.7/build/openjdk/hotspot/src/share/vm/prims/jvm.cpp:1244
Event: 0,325 Thread 0x00007f5d1400a000 Threw 0x00000000ec4714e8 at /build/buildd/openjdk-7-7u55-2.4.7/build/openjdk/hotspot/src/share/vm/prims/jvm.cpp:1244
Event: 0,328 Thread 0x00007f5d1400a000 Threw 0x00000000ec479c38 at /build/buildd/openjdk-7-7u55-2.4.7/build/openjdk/hotspot/src/share/vm/prims/jvm.cpp:1244
Event: 0,331 Thread 0x00007f5d1400a000 Threw 0x00000000ec4836e8 at /build/buildd/openjdk-7-7u55-2.4.7/build/openjdk/hotspot/src/share/vm/prims/jvm.cpp:1244
Event: 0,331 Thread 0x00007f5d1400a000 Threw 0x00000000ec486640 at /build/buildd/openjdk-7-7u55-2.4.7/build/openjdk/hotspot/src/share/vm/prims/jvm.cpp:1244

Events (10 events):
Event: 0,319 loading class 0x00007f5d141aee50
Event: 0,319 loading class 0x00007f5d141aee50 done
Event: 0,324 loading class 0x00007f5d141b2450
Event: 0,324 loading class 0x00007f5d141b2450 done
Event: 0,327 loading class 0x00007f5d141b2500
Event: 0,328 loading class 0x00007f5d141b2500 done
Event: 0,331 loading class 0x00007f5d141b25a0
Event: 0,331 loading class 0x00007f5d141b25a0 done
Event: 0,331 loading class 0x00007f5d141cfe90
Event: 0,331 loading class 0x00007f5d141cfe90 done


Dynamic libraries:
00400000-00401000 r-xp 00000000 08:07 3950535                            /usr/lib/jvm/java-7-openjdk-amd64/jre/bin/java
00600000-00601000 r--p 00000000 08:07 3950535                            /usr/lib/jvm/java-7-openjdk-amd64/jre/bin/java
00601000-00602000 rw-p 00001000 08:07 3950535                            /usr/lib/jvm/java-7-openjdk-amd64/jre/bin/java
00eb1000-00ed2000 rw-p 00000000 00:00 0                                  [heap]
b9e00000-bb300000 rw-p 00000000 00:00 0 
bb300000-c4400000 rw-p 00000000 00:00 0 
c4400000-c6b80000 rw-p 00000000 00:00 0 
c6b80000-ec100000 rw-p 00000000 00:00 0 
ec100000-ed500000 rw-p 00000000 00:00 0 
ed500000-100000000 rw-p 00000000 00:00 0 
7f5cd4000000-7f5cd4021000 rw-p 00000000 00:00 0 
7f5cd4021000-7f5cd8000000 ---p 00000000 00:00 0 
7f5cdc000000-7f5cdc3ff000 rw-p 00000000 00:00 0 
7f5cdc3ff000-7f5ce0000000 ---p 00000000 00:00 0 
7f5ce0000000-7f5ce0021000 rw-p 00000000 00:00 0 
7f5ce0021000-7f5ce4000000 ---p 00000000 00:00 0 
7f5ce4000000-7f5ce4021000 rw-p 00000000 00:00 0 
7f5ce4021000-7f5ce8000000 ---p 00000000 00:00 0 
7f5ce8000000-7f5ce859d000 rw-p 00000000 00:00 0 
7f5ce859d000-7f5cec000000 ---p 00000000 00:00 0 
7f5cec000000-7f5cec021000 rw-p 00000000 00:00 0 
7f5cec021000-7f5cf0000000 ---p 00000000 00:00 0 
7f5cf0000000-7f5cf0021000 rw-p 00000000 00:00 0 
7f5cf0021000-7f5cf4000000 ---p 00000000 00:00 0 
7f5cf4000000-7f5cf4021000 rw-p 00000000 00:00 0 
7f5cf4021000-7f5cf8000000 ---p 00000000 00:00 0 
7f5cf8000000-7f5cf8021000 rw-p 00000000 00:00 0 
7f5cf8021000-7f5cfc000000 ---p 00000000 00:00 0 
7f5cfc000000-7f5cfc021000 rw-p 00000000 00:00 0 
7f5cfc021000-7f5d00000000 ---p 00000000 00:00 0 
7f5d04000000-7f5d04021000 rw-p 00000000 00:00 0 
7f5d04021000-7f5d08000000 ---p 00000000 00:00 0 
7f5d09cf0000-7f5d0c000000 rw-p 00000000 00:00 0 
7f5d0c000000-7f5d0c021000 rw-p 00000000 00:00 0 
7f5d0c021000-7f5d10000000 ---p 00000000 00:00 0 
7f5d109c6000-7f5d10bfc000 rw-p 00000000 00:00 0 
7f5d10bfc000-7f5d10bfd000 ---p 00000000 00:00 0 
7f5d10bfd000-7f5d10cfd000 rw-p 00000000 00:00 0                          [stack:3750]
7f5d10cfd000-7f5d10d00000 ---p 00000000 00:00 0 
7f5d10d00000-7f5d10dfe000 rw-p 00000000 00:00 0                          [stack:3749]
7f5d10dfe000-7f5d10e01000 ---p 00000000 00:00 0 
7f5d10e01000-7f5d10eff000 rw-p 00000000 00:00 0                          [stack:3748]
7f5d10eff000-7f5d10f02000 ---p 00000000 00:00 0 
7f5d10f02000-7f5d11000000 rw-p 00000000 00:00 0                          [stack:3747]
7f5d11000000-7f5d11270000 rwxp 00000000 00:00 0 
7f5d11270000-7f5d14325000 rw-p 00000000 00:00 0 
7f5d14325000-7f5d18000000 ---p 00000000 00:00 0 
7f5d1803f000-7f5d18041000 rw-p 00000000 00:00 0 
7f5d18041000-7f5d18044000 ---p 00000000 00:00 0 
7f5d18044000-7f5d18142000 rw-p 00000000 00:00 0                          [stack:3746]
7f5d18142000-7f5d18826000 r--p 00000000 08:07 3939156                    /usr/lib/locale/locale-archive
7f5d18826000-7f5d18829000 ---p 00000000 00:00 0 
7f5d18829000-7f5d18927000 rw-p 00000000 00:00 0                          [stack:3745]
7f5d18927000-7f5d1892a000 ---p 00000000 00:00 0 
7f5d1892a000-7f5d18a28000 rw-p 00000000 00:00 0                          [stack:3744]
7f5d18a28000-7f5d18a29000 ---p 00000000 00:00 0 
7f5d18a29000-7f5d19b26000 rw-p 00000000 00:00 0                          [stack:3743]
7f5d19b26000-7f5d19cd4000 r--s 01cfc000 08:07 3950522                    /usr/lib/jvm/java-7-openjdk-amd64/jre/lib/rt.jar
7f5d19cd4000-7f5d19ffe000 rw-p 00000000 00:00 0 
7f5d19ffe000-7f5d19fff000 ---p 00000000 00:00 0 
7f5d19fff000-7f5d1a0ff000 rw-p 00000000 00:00 0                          [stack:3742]
7f5d1a0ff000-7f5d1a100000 ---p 00000000 00:00 0 
7f5d1a100000-7f5d1a200000 rw-p 00000000 00:00 0                          [stack:3741]
7f5d1a200000-7f5d1a201000 ---p 00000000 00:00 0 
7f5d1a201000-7f5d1a301000 rw-p 00000000 00:00 0                          [stack:3740]
7f5d1a301000-7f5d1a302000 ---p 00000000 00:00 0 
7f5d1a302000-7f5d1a40d000 rw-p 00000000 00:00 0                          [stack:3739]
7f5d1a40d000-7f5d1a455000 rw-p 00000000 00:00 0 
7f5d1a455000-7f5d1a469000 rw-p 00000000 00:00 0 
7f5d1a469000-7f5d1a594000 rw-p 00000000 00:00 0 
7f5d1a594000-7f5d1a59f000 rw-p 00000000 00:00 0 
7f5d1a59f000-7f5d1a5e7000 rw-p 00000000 00:00 0 
7f5d1a5e7000-7f5d1a5fb000 rw-p 00000000 00:00 0 
7f5d1a5fb000-7f5d1a725000 rw-p 00000000 00:00 0 
7f5d1a725000-7f5d1a730000 rw-p 00000000 00:00 0 
7f5d1a730000-7f5d1a7c5000 rw-p 00000000 00:00 0 
7f5d1a7c5000-7f5d1a7c6000 rw-p 00000000 00:00 0 
7f5d1a7c6000-7f5d1a7ce000 r-xp 00000000 08:07 3942779                    /usr/lib/jvm/java-7-openjdk-amd64/jre/lib/amd64/libzip.so
7f5d1a7ce000-7f5d1a9cd000 ---p 00008000 08:07 3942779                    /usr/lib/jvm/java-7-openjdk-amd64/jre/lib/amd64/libzip.so
7f5d1a9cd000-7f5d1a9ce000 r--p 00007000 08:07 3942779                    /usr/lib/jvm/java-7-openjdk-amd64/jre/lib/amd64/libzip.so
7f5d1a9ce000-7f5d1a9cf000 rw-p 00008000 08:07 3942779                    /usr/lib/jvm/java-7-openjdk-amd64/jre/lib/amd64/libzip.so
7f5d1a9cf000-7f5d1a9db000 r-xp 00000000 08:07 3542989                    /lib/x86_64-linux-gnu/libnss_files-2.17.so
7f5d1a9db000-7f5d1abda000 ---p 0000c000 08:07 3542989                    /lib/x86_64-linux-gnu/libnss_files-2.17.so
7f5d1abda000-7f5d1abdb000 r--p 0000b000 08:07 3542989                    /lib/x86_64-linux-gnu/libnss_files-2.17.so
7f5d1abdb000-7f5d1abdc000 rw-p 0000c000 08:07 3542989                    /lib/x86_64-linux-gnu/libnss_files-2.17.so
7f5d1abdc000-7f5d1abe7000 r-xp 00000000 08:07 3542993                    /lib/x86_64-linux-gnu/libnss_nis-2.17.so
7f5d1abe7000-7f5d1ade6000 ---p 0000b000 08:07 3542993                    /lib/x86_64-linux-gnu/libnss_nis-2.17.so
7f5d1ade6000-7f5d1ade7000 r--p 0000a000 08:07 3542993                    /lib/x86_64-linux-gnu/libnss_nis-2.17.so
7f5d1ade7000-7f5d1ade8000 rw-p 0000b000 08:07 3542993                    /lib/x86_64-linux-gnu/libnss_nis-2.17.so
7f5d1ade8000-7f5d1adff000 r-xp 00000000 08:07 3542983                    /lib/x86_64-linux-gnu/libnsl-2.17.so
7f5d1adff000-7f5d1affe000 ---p 00017000 08:07 3542983                    /lib/x86_64-linux-gnu/libnsl-2.17.so
7f5d1affe000-7f5d1afff000 r--p 00016000 08:07 3542983                    /lib/x86_64-linux-gnu/libnsl-2.17.so
7f5d1afff000-7f5d1b000000 rw-p 00017000 08:07 3542983                    /lib/x86_64-linux-gnu/libnsl-2.17.so
7f5d1b000000-7f5d1b002000 rw-p 00000000 00:00 0 
7f5d1b002000-7f5d1b00a000 r-xp 00000000 08:07 3542985                    /lib/x86_64-linux-gnu/libnss_compat-2.17.so
7f5d1b00a000-7f5d1b209000 ---p 00008000 08:07 3542985                    /lib/x86_64-linux-gnu/libnss_compat-2.17.so
7f5d1b209000-7f5d1b20a000 r--p 00007000 08:07 3542985                    /lib/x86_64-linux-gnu/libnss_compat-2.17.so
7f5d1b20a000-7f5d1b20b000 rw-p 00008000 08:07 3542985                    /lib/x86_64-linux-gnu/libnss_compat-2.17.so
7f5d1b20b000-7f5d1b236000 r-xp 00000000 08:07 3942774                    /usr/lib/jvm/java-7-openjdk-amd64/jre/lib/amd64/libjava.so
7f5d1b236000-7f5d1b435000 ---p 0002b000 08:07 3942774                    /usr/lib/jvm/java-7-openjdk-amd64/jre/lib/amd64/libjava.so
7f5d1b435000-7f5d1b436000 r--p 0002a000 08:07 3942774                    /usr/lib/jvm/java-7-openjdk-amd64/jre/lib/amd64/libjava.so
7f5d1b436000-7f5d1b438000 rw-p 0002b000 08:07 3942774                    /usr/lib/jvm/java-7-openjdk-amd64/jre/lib/amd64/libjava.so
7f5d1b438000-7f5d1b448000 r-xp 00000000 08:07 3942799                    /usr/lib/jvm/java-7-openjdk-amd64/jre/lib/amd64/libverify.so
7f5d1b448000-7f5d1b647000 ---p 00010000 08:07 3942799                    /usr/lib/jvm/java-7-openjdk-amd64/jre/lib/amd64/libverify.so
7f5d1b647000-7f5d1b649000 r--p 0000f000 08:07 3942799                    /usr/lib/jvm/java-7-openjdk-amd64/jre/lib/amd64/libverify.so
7f5d1b649000-7f5d1b64a000 rw-p 00011000 08:07 3942799                    /usr/lib/jvm/java-7-openjdk-amd64/jre/lib/amd64/libverify.so
7f5d1b64a000-7f5d1b651000 r-xp 00000000 08:07 3543036                    /lib/x86_64-linux-gnu/librt-2.17.so
7f5d1b651000-7f5d1b850000 ---p 00007000 08:07 3543036                    /lib/x86_64-linux-gnu/librt-2.17.so
7f5d1b850000-7f5d1b851000 r--p 00006000 08:07 3543036                    /lib/x86_64-linux-gnu/librt-2.17.so
7f5d1b851000-7f5d1b852000 rw-p 00007000 08:07 3543036                    /lib/x86_64-linux-gnu/librt-2.17.so
7f5d1b852000-7f5d1b867000 r-xp 00000000 08:07 3538949                    /lib/x86_64-linux-gnu/libgcc_s.so.1
7f5d1b867000-7f5d1ba66000 ---p 00015000 08:07 3538949                    /lib/x86_64-linux-gnu/libgcc_s.so.1
7f5d1ba66000-7f5d1ba67000 r--p 00014000 08:07 3538949                    /lib/x86_64-linux-gnu/libgcc_s.so.1
7f5d1ba67000-7f5d1ba68000 rw-p 00015000 08:07 3538949                    /lib/x86_64-linux-gnu/libgcc_s.so.1
7f5d1ba68000-7f5d1bb6b000 r-xp 00000000 08:07 3542964                    /lib/x86_64-linux-gnu/libm-2.17.so
7f5d1bb6b000-7f5d1bd6a000 ---p 00103000 08:07 3542964                    /lib/x86_64-linux-gnu/libm-2.17.so
7f5d1bd6a000-7f5d1bd6b000 r--p 00102000 08:07 3542964                    /lib/x86_64-linux-gnu/libm-2.17.so
7f5d1bd6b000-7f5d1bd6c000 rw-p 00103000 08:07 3542964                    /lib/x86_64-linux-gnu/libm-2.17.so
7f5d1bd6c000-7f5d1be52000 r-xp 00000000 08:07 3938427                    /usr/lib/x86_64-linux-gnu/libstdc++.so.6.0.18
7f5d1be52000-7f5d1c051000 ---p 000e6000 08:07 3938427                    /usr/lib/x86_64-linux-gnu/libstdc++.so.6.0.18
7f5d1c051000-7f5d1c059000 r--p 000e5000 08:07 3938427                    /usr/lib/x86_64-linux-gnu/libstdc++.so.6.0.18
7f5d1c059000-7f5d1c05b000 rw-p 000ed000 08:07 3938427                    /usr/lib/x86_64-linux-gnu/libstdc++.so.6.0.18
7f5d1c05b000-7f5d1c070000 rw-p 00000000 00:00 0 
7f5d1c070000-7f5d1cb4f000 r-xp 00000000 08:07 3942816                    /usr/lib/jvm/java-7-openjdk-amd64/jre/lib/amd64/server/libjvm.so
7f5d1cb4f000-7f5d1cd4f000 ---p 00adf000 08:07 3942816                    /usr/lib/jvm/java-7-openjdk-amd64/jre/lib/amd64/server/libjvm.so
7f5d1cd4f000-7f5d1cde1000 r--p 00adf000 08:07 3942816                    /usr/lib/jvm/java-7-openjdk-amd64/jre/lib/amd64/server/libjvm.so
7f5d1cde1000-7f5d1ce04000 rw-p 00b71000 08:07 3942816                    /usr/lib/jvm/java-7-openjdk-amd64/jre/lib/amd64/server/libjvm.so
7f5d1ce04000-7f5d1ce31000 rw-p 00000000 00:00 0 
7f5d1ce31000-7f5d1ce49000 r-xp 00000000 08:07 3543071                    /lib/x86_64-linux-gnu/libz.so.1.2.8
7f5d1ce49000-7f5d1d048000 ---p 00018000 08:07 3543071                    /lib/x86_64-linux-gnu/libz.so.1.2.8
7f5d1d048000-7f5d1d049000 r--p 00017000 08:07 3543071                    /lib/x86_64-linux-gnu/libz.so.1.2.8
7f5d1d049000-7f5d1d04a000 rw-p 00018000 08:07 3543071                    /lib/x86_64-linux-gnu/libz.so.1.2.8
7f5d1d04a000-7f5d1d061000 r-xp 00000000 08:07 3543028                    /lib/x86_64-linux-gnu/libpthread-2.17.so
7f5d1d061000-7f5d1d261000 ---p 00017000 08:07 3543028                    /lib/x86_64-linux-gnu/libpthread-2.17.so
7f5d1d261000-7f5d1d262000 r--p 00017000 08:07 3543028                    /lib/x86_64-linux-gnu/libpthread-2.17.so
7f5d1d262000-7f5d1d263000 rw-p 00018000 08:07 3543028                    /lib/x86_64-linux-gnu/libpthread-2.17.so
7f5d1d263000-7f5d1d267000 rw-p 00000000 00:00 0 
7f5d1d267000-7f5d1d26a000 r-xp 00000000 08:07 3542928                    /lib/x86_64-linux-gnu/libdl-2.17.so
7f5d1d26a000-7f5d1d469000 ---p 00003000 08:07 3542928                    /lib/x86_64-linux-gnu/libdl-2.17.so
7f5d1d469000-7f5d1d46a000 r--p 00002000 08:07 3542928                    /lib/x86_64-linux-gnu/libdl-2.17.so
7f5d1d46a000-7f5d1d46b000 rw-p 00003000 08:07 3542928                    /lib/x86_64-linux-gnu/libdl-2.17.so
7f5d1d46b000-7f5d1d628000 r-xp 00000000 08:07 3542913                    /lib/x86_64-linux-gnu/libc-2.17.so
7f5d1d628000-7f5d1d828000 ---p 001bd000 08:07 3542913                    /lib/x86_64-linux-gnu/libc-2.17.so
7f5d1d828000-7f5d1d82c000 r--p 001bd000 08:07 3542913                    /lib/x86_64-linux-gnu/libc-2.17.so
7f5d1d82c000-7f5d1d82e000 rw-p 001c1000 08:07 3542913                    /lib/x86_64-linux-gnu/libc-2.17.so
7f5d1d82e000-7f5d1d833000 rw-p 00000000 00:00 0 
7f5d1d833000-7f5d1d840000 r-xp 00000000 08:07 3942850                    /usr/lib/jvm/java-7-openjdk-amd64/jre/lib/amd64/jli/libjli.so
7f5d1d840000-7f5d1da3f000 ---p 0000d000 08:07 3942850                    /usr/lib/jvm/java-7-openjdk-amd64/jre/lib/amd64/jli/libjli.so
7f5d1da3f000-7f5d1da40000 r--p 0000c000 08:07 3942850                    /usr/lib/jvm/java-7-openjdk-amd64/jre/lib/amd64/jli/libjli.so
7f5d1da40000-7f5d1da41000 rw-p 0000d000 08:07 3942850                    /usr/lib/jvm/java-7-openjdk-amd64/jre/lib/amd64/jli/libjli.so
7f5d1da41000-7f5d1da64000 r-xp 00000000 08:07 3542889                    /lib/x86_64-linux-gnu/ld-2.17.so
7f5d1da64000-7f5d1da68000 r--s 00045000 08:07 4325520                    /usr/share/java/javacc-5.0.jar
7f5d1da68000-7f5d1da6b000 r--s 00032000 08:07 3950502                    /usr/lib/jvm/java-7-openjdk-amd64/jre/lib/ext/sunjce_provider.jar
7f5d1da6b000-7f5d1da6f000 r--s 0003b000 08:07 3950505                    /usr/lib/jvm/java-7-openjdk-amd64/jre/lib/ext/sunpkcs11.jar
7f5d1da6f000-7f5d1da70000 r--s 00002000 08:07 3950504                    /usr/lib/jvm/java-7-openjdk-amd64/jre/lib/ext/dnsns.jar
7f5d1da70000-7f5d1da74000 r--s 00085000 08:07 3950470                    /usr/lib/jvm/java-7-openjdk-amd64/jre/lib/ext/localedata.jar
7f5d1da74000-7f5d1da76000 r--s 00006000 08:07 4342350                    /usr/share/java/java-atk-wrapper.jar
7f5d1da76000-7f5d1da78000 r--s 00012000 08:07 3950473                    /usr/lib/jvm/java-7-openjdk-amd64/jre/lib/ext/zipfs.jar
7f5d1da78000-7f5d1da7b000 r--s 0000f000 08:07 3950471                    /usr/lib/jvm/java-7-openjdk-amd64/jre/lib/ext/pulse-java.jar
7f5d1da7b000-7f5d1da85000 rw-p 00000000 00:00 0 
7f5d1da85000-7f5d1db3b000 rw-p 00000000 00:00 0 
7f5d1db3b000-7f5d1db3e000 ---p 00000000 00:00 0 
7f5d1db3e000-7f5d1dc57000 rw-p 00000000 00:00 0                          [stack:3738]
7f5d1dc57000-7f5d1dc5f000 rw-s 00000000 08:07 4598404                    /tmp/hsperfdata_roberty/3737
7f5d1dc5f000-7f5d1dc60000 rw-p 00000000 00:00 0 
7f5d1dc60000-7f5d1dc61000 r--p 00000000 00:00 0 
7f5d1dc61000-7f5d1dc63000 rw-p 00000000 00:00 0 
7f5d1dc63000-7f5d1dc64000 r--p 00022000 08:07 3542889                    /lib/x86_64-linux-gnu/ld-2.17.so
7f5d1dc64000-7f5d1dc66000 rw-p 00023000 08:07 3542889                    /lib/x86_64-linux-gnu/ld-2.17.so
7ffff1dcc000-7ffff1ded000 rw-p 00000000 00:00 0                          [stack]
7ffff1dfe000-7ffff1e00000 r-xp 00000000 00:00 0                          [vdso]
ffffffffff600000-ffffffffff601000 r-xp 00000000 00:00 0                  [vsyscall]

VM Arguments:
java_command: javacc meuphoria.jj
Launcher Type: SUN_STANDARD

Environment Variables:
PATH=/usr/lib/lightdm/lightdm:/usr/local/sbin:/usr/local/bin:/usr/sbin:/usr/bin:/sbin:/bin:/usr/games:/usr/local/games
SHELL=/bin/bash
DISPLAY=:0.0

Signal Handlers:
SIGSEGV: [libjvm.so+0x916eb0], sa_mask[0]=0x7ffbfeff, sa_flags=0x10000004
SIGBUS: [libjvm.so+0x916eb0], sa_mask[0]=0x7ffbfeff, sa_flags=0x10000004
SIGFPE: [libjvm.so+0x7947e0], sa_mask[0]=0x7ffbfeff, sa_flags=0x10000004
SIGPIPE: [libjvm.so+0x7947e0], sa_mask[0]=0x7ffbfeff, sa_flags=0x10000004
SIGXFSZ: [libjvm.so+0x7947e0], sa_mask[0]=0x7ffbfeff, sa_flags=0x10000004
SIGILL: [libjvm.so+0x7947e0], sa_mask[0]=0x7ffbfeff, sa_flags=0x10000004
SIGUSR1: SIG_DFL, sa_mask[0]=0x00000000, sa_flags=0x00000000
SIGUSR2: [libjvm.so+0x794680], sa_mask[0]=0x00000000, sa_flags=0x10000004
SIGHUP: [libjvm.so+0x794860], sa_mask[0]=0x7ffbfeff, sa_flags=0x10000004
SIGINT: [libjvm.so+0x794860], sa_mask[0]=0x7ffbfeff, sa_flags=0x10000004
SIGTERM: [libjvm.so+0x794860], sa_mask[0]=0x7ffbfeff, sa_flags=0x10000004
SIGQUIT: [libjvm.so+0x794860], sa_mask[0]=0x7ffbfeff, sa_flags=0x10000004


---------------  S Y S T E M  ---------------

OS:Ubuntu 13.10 (saucy)
uname:Linux 3.11.0-15-generic #25-Ubuntu SMP Thu Jan 30 17:22:01 UTC 2014 x86_64
libc:glibc 2.17 NPTL 2.17 
rlimit: STACK 8192k, CORE 0k, NPROC 30375, NOFILE 4096, AS infinity
load average:0,30 0,42 0,48

/proc/meminfo:
MemTotal:        3908276 kB
MemFree:         1703308 kB
Buffers:          304896 kB
Cached:           847144 kB
SwapCached:            0 kB
Active:          1270520 kB
Inactive:         745056 kB
Active(anon):     864496 kB
Inactive(anon):   250732 kB
Active(file):     406024 kB
Inactive(file):   494324 kB
Unevictable:          32 kB
Mlocked:              32 kB
SwapTotal:       4881404 kB
SwapFree:        4881404 kB
Dirty:               436 kB
Writeback:             0 kB
AnonPages:        863588 kB
Mapped:           190644 kB
Shmem:            251696 kB
Slab:             111432 kB
SReclaimable:      84680 kB
SUnreclaim:        26752 kB
KernelStack:        3928 kB
PageTables:        28044 kB
NFS_Unstable:          0 kB
Bounce:                0 kB
WritebackTmp:          0 kB
CommitLimit:     6835540 kB
Committed_AS:    3910060 kB
VmallocTotal:   34359738367 kB
VmallocUsed:      545256 kB
VmallocChunk:   34359186908 kB
HardwareCorrupted:     0 kB
AnonHugePages:         0 kB
HugePages_Total:       0
HugePages_Free:        0
HugePages_Rsvd:        0
HugePages_Surp:        0
Hugepagesize:       2048 kB
DirectMap4k:       54372 kB
DirectMap2M:     3999744 kB


CPU:total 4 (2 cores per cpu, 2 threads per core) family 6 model 37 stepping 5, cmov, cx8, fxsr, mmx, sse, sse2, sse3, ssse3, sse4.1, sse4.2, popcnt, ht, tsc, tscinvbit

/proc/cpuinfo:
processor	: 0
vendor_id	: GenuineIntel
cpu family	: 6
model		: 37
model name	: Intel(R) Core(TM) i3 CPU       M 370  @ 2.40GHz
stepping	: 5
microcode	: 0x2
cpu MHz		: 931.000
cache size	: 3072 KB
physical id	: 0
siblings	: 4
core id		: 0
cpu cores	: 2
apicid		: 0
initial apicid	: 0
fpu		: yes
fpu_exception	: yes
cpuid level	: 11
wp		: yes
flags		: fpu vme de pse tsc msr pae mce cx8 apic sep mtrr pge mca cmov pat pse36 clflush dts acpi mmx fxsr sse sse2 ss ht tm pbe syscall nx rdtscp lm constant_tsc arch_perfmon pebs bts rep_good nopl xtopology nonstop_tsc aperfmperf pni dtes64 monitor ds_cpl vmx est tm2 ssse3 cx16 xtpr pdcm pcid sse4_1 sse4_2 popcnt lahf_lm arat dtherm tpr_shadow vnmi flexpriority ept vpid
bogomips	: 4787.94
clflush size	: 64
cache_alignment	: 64
address sizes	: 36 bits physical, 48 bits virtual
power management:

processor	: 1
vendor_id	: GenuineIntel
cpu family	: 6
model		: 37
model name	: Intel(R) Core(TM) i3 CPU       M 370  @ 2.40GHz
stepping	: 5
microcode	: 0x2
cpu MHz		: 2394.000
cache size	: 3072 KB
physical id	: 0
siblings	: 4
core id		: 2
cpu cores	: 2
apicid		: 4
initial apicid	: 4
fpu		: yes
fpu_exception	: yes
cpuid level	: 11
wp		: yes
flags		: fpu vme de pse tsc msr pae mce cx8 apic sep mtrr pge mca cmov pat pse36 clflush dts acpi mmx fxsr sse sse2 ss ht tm pbe syscall nx rdtscp lm constant_tsc arch_perfmon pebs bts rep_good nopl xtopology nonstop_tsc aperfmperf pni dtes64 monitor ds_cpl vmx est tm2 ssse3 cx16 xtpr pdcm pcid sse4_1 sse4_2 popcnt lahf_lm arat dtherm tpr_shadow vnmi flexpriority ept vpid
bogomips	: 4787.94
clflush size	: 64
cache_alignment	: 64
address sizes	: 36 bits physical, 48 bits virtual
power management:

processor	: 2
vendor_id	: GenuineIntel
cpu family	: 6
model		: 37
model name	: Intel(R) Core(TM) i3 CPU       M 370  @ 2.40GHz
stepping	: 5
microcode	: 0x2
cpu MHz		: 2394.000
cache size	: 3072 KB
physical id	: 0
siblings	: 4
core id		: 0
cpu cores	: 2
apicid		: 1
initial apicid	: 1
fpu		: yes
fpu_exception	: yes
cpuid level	: 11
wp		: yes
flags		: fpu vme de pse tsc msr pae mce cx8 apic sep mtrr pge mca cmov pat pse36 clflush dts acpi mmx fxsr sse sse2 ss ht tm pbe syscall nx rdtscp lm constant_tsc arch_perfmon pebs bts rep_good nopl xtopology nonstop_tsc aperfmperf pni dtes64 monitor ds_cpl vmx est tm2 ssse3 cx16 xtpr pdcm pcid sse4_1 sse4_2 popcnt lahf_lm arat dtherm tpr_shadow vnmi flexpriority ept vpid
bogomips	: 4787.94
clflush size	: 64
cache_alignment	: 64
address sizes	: 36 bits physical, 48 bits virtual
power management:

processor	: 3
vendor_id	: GenuineIntel
cpu family	: 6
model		: 37
model name	: Intel(R) Core(TM) i3 CPU       M 370  @ 2.40GHz
stepping	: 5
microcode	: 0x2
cpu MHz		: 2394.000
cache size	: 3072 KB
physical id	: 0
siblings	: 4
core id		: 2
cpu cores	: 2
apicid		: 5
initial apicid	: 5
fpu		: yes
fpu_exception	: yes
cpuid level	: 11
wp		: yes
flags		: fpu vme de pse tsc msr pae mce cx8 apic sep mtrr pge mca cmov pat pse36 clflush dts acpi mmx fxsr sse sse2 ss ht tm pbe syscall nx rdtscp lm constant_tsc arch_perfmon pebs bts rep_good nopl xtopology nonstop_tsc aperfmperf pni dtes64 monitor ds_cpl vmx est tm2 ssse3 cx16 xtpr pdcm pcid sse4_1 sse4_2 popcnt lahf_lm arat dtherm tpr_shadow vnmi flexpriority ept vpid
bogomips	: 4787.94
clflush size	: 64
cache_alignment	: 64
address sizes	: 36 bits physical, 48 bits virtual
power management:



Memory: 4k page, physical 3908276k(1703308k free), swap 4881404k(4881404k free)

vm_info: OpenJDK 64-Bit Server VM (24.51-b03) for linux-amd64 JRE (1.7.0_55-b14), built on Apr 17 2014 21:13:26 by "buildd" with gcc 4.8.1

time: Mon Jun 30 23:21:48 2014
elapsed time: 0 seconds

