#
# A fatal error has been detected by the Java Runtime Environment:
#
#  SIGSEGV (0xb) at pc=0x00007f02ace64f92, pid=3637, tid=139649169311488
#
# JRE version: OpenJDK Runtime Environment (7.0_55-b14) (build 1.7.0_55-b14)
# Java VM: OpenJDK 64-Bit Server VM (24.51-b03 mixed mode linux-amd64 compressed oops)
# Problematic frame:
# V  [libjvm.so+0x814f92]  PhaseChaitin::Split(unsigned int, ResourceArea*)+0x2c32
#
# Failed to write core dump. Core dumps have been disabled. To enable core dumping, try "ulimit -c unlimited" before starting Java again
#
# If you would like to submit a bug report, please include
# instructions on how to reproduce the bug and visit:
#   http://icedtea.classpath.org/bugzilla
#

---------------  T H R E A D  ---------------

Current thread (0x00007f02a40a0800):  JavaThread "C2 CompilerThread0" daemon [_thread_in_native, id=3647, stack(0x00007f029b114000,0x00007f029b215000)]

siginfo:si_signo=SIGSEGV: si_errno=0, si_code=1 (SEGV_MAPERR), si_addr=0x00007f0238165220

Registers:
RAX=0x00007f0238165220, RBX=0x0000000000000002, RCX=0x0000000000000001, RDX=0x0000000000000000
RSP=0x00007f029b2105f0, RBP=0x00007f029b2108a0, RSI=0x0000000000000001, RDI=0x0000000000000000
R8 =0x0000000000000031, R9 =0x00007f027833c2a0, R10=0x0000000000000000, R11=0x00007f02adad789e
R12=0x00007f0278307990, R13=0x0000000000000001, R14=0x00007f029b210bb0, R15=0x00007f029b210bb0
RIP=0x00007f02ace64f92, EFLAGS=0x0000000000010246, CSGSFS=0x0000000000000033, ERR=0x0000000000000004
  TRAPNO=0x000000000000000e

Top of Stack: (sp=0x00007f029b2105f0)
0x00007f029b2105f0:   00007f0200000001 00007f0200000001
0x00007f029b210600:   00007f029b210850 00007f0200000000
0x00007f029b210610:   00000000000003d8 00007f026c001b28
0x00007f029b210620:   00007f026c001750 00007f026c001740
0x00007f029b210630:   00007f02781049f0 000000039b210bb0
0x00007f029b210640:   0000000000000035 00000000000001a8
0x00007f029b210650:   0000000000000036 00000000000001b0
0x00007f029b210660:   0000003700000036 0000000000000037
0x00007f029b210670:   00000000000001b8 0000000000000038
0x00007f029b210680:   00000000000001c0 0000003900000038
0x00007f029b210690:   0000000000000039 00000000000001c8
0x00007f029b2106a0:   000000000000003a 00000000000001d0
0x00007f029b2106b0:   0000003b0000003a 000000000000003b
0x00007f029b2106c0:   00000000000001d8 000000000000003c
0x00007f029b2106d0:   00000000000001e0 0000003d0000003c
0x00007f029b2106e0:   000000000000003d 0000000000000010
0x00007f029b2106f0:   00007f02783079a0 00007f029b21080c
0x00007f029b210700:   0000000000000001 00007f029b210c78
0x00007f029b210710:   00007f027810db50 00007f027833c430
0x00007f029b210720:   000000000000010a 00007f026c302f08
0x00007f029b210730:   00007f029b210850 00007f027810db90
0x00007f029b210740:   00007f027833c2a0 00007f027831e670
0x00007f029b210750:   0000000000000000 00007f029b210b00
0x00007f029b210760:   00007f029b2108f0 00007f027833c430
0x00007f029b210770:   00007f0278101e60 0000000000000000
0x00007f029b210780:   00007f0278104860 00007f02ad3e46a0
0x00007f029b210790:   0000000000000000 0000000000000000
0x00007f029b2107a0:   000000000000d750 00007f0278103af0
0x00007f029b2107b0:   00007f0278102d80 00007f0278307990
0x00007f029b2107c0:   00007f027833c2a0 00007f0200000002
0x00007f029b2107d0:   00007f0200000000 0000000000000000
0x00007f029b2107e0:   0000000000000008 00007f0200000001 

Instructions: (pc=0x00007f02ace64f92)
0x00007f02ace64f72:   48 8d 04 80 41 c1 ea 08 48 c1 e0 05 48 03 47 10
0x00007f02ace64f82:   89 cf c1 ef 05 83 e7 07 48 8b 40 08 4a 8b 04 d0
0x00007f02ace64f92:   85 1c b8 75 08 49 c7 04 d1 00 00 00 00 48 83 c2
0x00007f02ace64fa2:   01 41 39 d0 77 ad 49 8b 47 48 83 85 80 fe ff ff 

Register to memory mapping:

RAX=0x00007f0238165220 is an unknown value
RBX=0x0000000000000002 is an unknown value
RCX=0x0000000000000001 is an unknown value
RDX=0x0000000000000000 is an unknown value
RSP=0x00007f029b2105f0 is pointing into the stack for thread: 0x00007f02a40a0800
RBP=0x00007f029b2108a0 is pointing into the stack for thread: 0x00007f02a40a0800
RSI=0x0000000000000001 is an unknown value
RDI=0x0000000000000000 is an unknown value
R8 =0x0000000000000031 is an unknown value
R9 =0x00007f027833c2a0 is an unknown value
R10=0x0000000000000000 is an unknown value
R11=0x00007f02adad789e: <offset 0x8c89e> in /lib/x86_64-linux-gnu/libc.so.6 at 0x00007f02ada4b000
R12=0x00007f0278307990 is an unknown value
R13=0x0000000000000001 is an unknown value
R14=0x00007f029b210bb0 is pointing into the stack for thread: 0x00007f02a40a0800
R15=0x00007f029b210bb0 is pointing into the stack for thread: 0x00007f02a40a0800


Stack: [0x00007f029b114000,0x00007f029b215000],  sp=0x00007f029b2105f0,  free space=1009k
Native frames: (J=compiled Java code, j=interpreted, Vv=VM code, C=native code)
V  [libjvm.so+0x814f92]  PhaseChaitin::Split(unsigned int, ResourceArea*)+0x2c32
V  [libjvm.so+0x3a3fc7]  PhaseChaitin::Register_Allocate()+0x8e7
V  [libjvm.so+0x416fba]  Compile::Code_Gen()+0x3fa
V  [libjvm.so+0x41b222]  Compile::Compile(ciEnv*, C2Compiler*, ciMethod*, int, bool, bool)+0xf72
V  [libjvm.so+0x38a2ca]  C2Compiler::compile_method(ciEnv*, ciMethod*, int)+0xca
V  [libjvm.so+0x421057]  CompileBroker::invoke_compiler_on_method(CompileTask*)+0x327
V  [libjvm.so+0x42219d]  CompileBroker::compiler_thread_loop()+0x3dd
V  [libjvm.so+0x8cdfb0]  JavaThread::thread_main_inner()+0xf0
V  [libjvm.so+0x8ce221]  JavaThread::run()+0x221
V  [libjvm.so+0x795e92]  java_start(Thread*)+0xf2


Current CompileTask:
C2:    272   11   !         org.javacc.parser.JavaCCParserTokenManager::getNextToken (752 bytes)


---------------  P R O C E S S  ---------------

Java Threads: ( => current thread )
  0x00007f02a40a6000 JavaThread "Service Thread" daemon [_thread_blocked, id=3649, stack(0x00007f029af12000,0x00007f029b013000)]
  0x00007f02a40a3800 JavaThread "C2 CompilerThread1" daemon [_thread_in_native, id=3648, stack(0x00007f029b013000,0x00007f029b114000)]
=>0x00007f02a40a0800 JavaThread "C2 CompilerThread0" daemon [_thread_in_native, id=3647, stack(0x00007f029b114000,0x00007f029b215000)]
  0x00007f02a409e800 JavaThread "Signal Dispatcher" daemon [_thread_blocked, id=3646, stack(0x00007f029b215000,0x00007f029b316000)]
  0x00007f02a407b800 JavaThread "Finalizer" daemon [_thread_blocked, id=3645, stack(0x00007f029b9fa000,0x00007f029bafb000)]
  0x00007f02a4079800 JavaThread "Reference Handler" daemon [_thread_blocked, id=3644, stack(0x00007f029bafb000,0x00007f029bbfc000)]
  0x00007f02a400a000 JavaThread "main" [_thread_in_Java, id=3638, stack(0x00007f02ae11b000,0x00007f02ae21c000)]

Other Threads:
  0x00007f02a4075000 VMThread [stack: 0x00007f029bbfc000,0x00007f029bcfd000] [id=3643]
  0x00007f02a40b0800 WatcherThread [stack: 0x00007f029ae11000,0x00007f029af12000] [id=3650]

VM state:not at safepoint (normal execution)

VM Mutex/Monitor currently owned by a thread: None

Heap
 PSYoungGen      total 17920K, used 2889K [0x00000000ec100000, 0x00000000ed500000, 0x0000000100000000)
  eden space 15360K, 18% used [0x00000000ec100000,0x00000000ec3d2458,0x00000000ed000000)
  from space 2560K, 0% used [0x00000000ed280000,0x00000000ed280000,0x00000000ed500000)
  to   space 2560K, 0% used [0x00000000ed000000,0x00000000ed000000,0x00000000ed280000)
 ParOldGen       total 40448K, used 0K [0x00000000c4400000, 0x00000000c6b80000, 0x00000000ec100000)
  object space 40448K, 0% used [0x00000000c4400000,0x00000000c4400000,0x00000000c6b80000)
 PSPermGen       total 21504K, used 3539K [0x00000000b9e00000, 0x00000000bb300000, 0x00000000c4400000)
  object space 21504K, 16% used [0x00000000b9e00000,0x00000000ba174ec0,0x00000000bb300000)

Card table byte_map: [0x00007f02aab74000,0x00007f02aada6000] byte_map_base: 0x00007f02aa5a5000

Polling page: 0x00007f02ae240000

Code Cache  [0x00007f02a1000000, 0x00007f02a1270000, 0x00007f02a4000000)
 total_blobs=199 nmethods=10 adapters=144 free_code_cache=48745Kb largest_free_block=49893824

Compilation events (10 events):
Event: 0,208 Thread 0x00007f02a40a0800 nmethod 7 0x00007f02a1062850 code [0x00007f02a1062980, 0x00007f02a10629f8]
Event: 0,213 Thread 0x00007f02a40a0800    8             org.javacc.parser.JavaCharStream::ReadByte (32 bytes)
Event: 0,214 Thread 0x00007f02a40a0800 nmethod 8 0x00007f02a1065010 code [0x00007f02a1065160, 0x00007f02a1065228]
Event: 0,214 Thread 0x00007f02a40a0800    9             org.javacc.parser.JavaCharStream::UpdateLineColumn (195 bytes)
Event: 0,216 Thread 0x00007f02a40a0800 nmethod 9 0x00007f02a1064bd0 code [0x00007f02a1064d20, 0x00007f02a1064ef8]
Event: 0,219 Thread 0x00007f02a40a0800   10             org.javacc.parser.JavaCCParser::jj_scan_token (173 bytes)
Event: 0,223 Thread 0x00007f02a40a0800 nmethod 10 0x00007f02a1061610 code [0x00007f02a1061780, 0x00007f02a10619f8]
Event: 0,225 Thread 0x00007f02a40a3800 nmethod 6 0x00007f02a1069890 code [0x00007f02a1069b00, 0x00007f02a106a578]
Event: 0,231 Thread 0x00007f02a40a0800   11   !         org.javacc.parser.JavaCCParserTokenManager::getNextToken (752 bytes)
Event: 0,233 Thread 0x00007f02a40a3800   12   !         org.javacc.parser.JavaCCParserTokenManager::jjMoveNfa_0 (3094 bytes)

GC Heap History (0 events):
No events

Deoptimization events (1 events):
Event: 0,229 Thread 0x00007f02a400a000 Uncommon trap: reason=unreached action=reinterpret pc=0x00007f02a106195c method=org.javacc.parser.JavaCCParser.jj_scan_token(I)Z @ 163

Internal exceptions (10 events):
Event: 0,170 Thread 0x00007f02a400a000 Threw 0x00000000ec2e47b8 at /build/buildd/openjdk-7-7u55-2.4.7/build/openjdk/hotspot/src/share/vm/prims/jvm.cpp:1244
Event: 0,185 Thread 0x00007f02a400a000 Threw 0x00000000ec2ffe60 at /build/buildd/openjdk-7-7u55-2.4.7/build/openjdk/hotspot/src/share/vm/prims/jvm.cpp:1244
Event: 0,185 Thread 0x00007f02a400a000 Threw 0x00000000ec301d58 at /build/buildd/openjdk-7-7u55-2.4.7/build/openjdk/hotspot/src/share/vm/prims/jvm.cpp:1244
Event: 0,186 Thread 0x00007f02a400a000 Threw 0x00000000ec304ba0 at /build/buildd/openjdk-7-7u55-2.4.7/build/openjdk/hotspot/src/share/vm/prims/jvm.cpp:1244
Event: 0,188 Thread 0x00007f02a400a000 Threw 0x00000000ec315e58 at /build/buildd/openjdk-7-7u55-2.4.7/build/openjdk/hotspot/src/share/vm/prims/jvm.cpp:1244
Event: 0,189 Thread 0x00007f02a400a000 Threw 0x00000000ec3182f8 at /build/buildd/openjdk-7-7u55-2.4.7/build/openjdk/hotspot/src/share/vm/prims/jvm.cpp:1244
Event: 0,197 Thread 0x00007f02a400a000 Threw 0x00000000ec32feb8 at /build/buildd/openjdk-7-7u55-2.4.7/build/openjdk/hotspot/src/share/vm/prims/jvm.cpp:1244
Event: 0,199 Thread 0x00007f02a400a000 Threw 0x00000000ec339298 at /build/buildd/openjdk-7-7u55-2.4.7/build/openjdk/hotspot/src/share/vm/prims/jvm.cpp:1244
Event: 0,200 Thread 0x00007f02a400a000 Threw 0x00000000ec33bda8 at /build/buildd/openjdk-7-7u55-2.4.7/build/openjdk/hotspot/src/share/vm/prims/jvm.cpp:1244
Event: 0,212 Thread 0x00007f02a400a000 Threw 0x00000000ec35dbb0 at /build/buildd/openjdk-7-7u55-2.4.7/build/openjdk/hotspot/src/share/vm/prims/jvm.cpp:1244

Events (10 events):
Event: 0,197 loading class 0x00007f02a41456f0 done
Event: 0,199 loading class 0x00007f02a41b26b0
Event: 0,199 loading class 0x00007f02a41b26b0 done
Event: 0,200 loading class 0x00007f02a41b2650
Event: 0,200 loading class 0x00007f02a41b2650 done
Event: 0,211 loading class 0x00007f02a41af550
Event: 0,211 loading class 0x00007f02a41af550 done
Event: 0,229 Thread 0x00007f02a400a000 Uncommon trap: trap_request=0xffffffad fr.pc=0x00007f02a106195c
Event: 0,229 Thread 0x00007f02a400a000 DEOPT PACKING pc=0x00007f02a106195c sp=0x00007f02ae2198c0
Event: 0,229 Thread 0x00007f02a400a000 DEOPT UNPACKING pc=0x00007f02a1039045 sp=0x00007f02ae219870 mode 2


Dynamic libraries:
00400000-00401000 r-xp 00000000 08:07 3950535                            /usr/lib/jvm/java-7-openjdk-amd64/jre/bin/java
00600000-00601000 r--p 00000000 08:07 3950535                            /usr/lib/jvm/java-7-openjdk-amd64/jre/bin/java
00601000-00602000 rw-p 00001000 08:07 3950535                            /usr/lib/jvm/java-7-openjdk-amd64/jre/bin/java
0088e000-008af000 rw-p 00000000 00:00 0                                  [heap]
b9e00000-bb300000 rw-p 00000000 00:00 0 
bb300000-c4400000 rw-p 00000000 00:00 0 
c4400000-c6b80000 rw-p 00000000 00:00 0 
c6b80000-ec100000 rw-p 00000000 00:00 0 
ec100000-ed500000 rw-p 00000000 00:00 0 
ed500000-100000000 rw-p 00000000 00:00 0 
7f0264000000-7f0264021000 rw-p 00000000 00:00 0 
7f0264021000-7f0268000000 ---p 00000000 00:00 0 
7f026c000000-7f026c3f2000 rw-p 00000000 00:00 0 
7f026c3f2000-7f0270000000 ---p 00000000 00:00 0 
7f0270000000-7f0270021000 rw-p 00000000 00:00 0 
7f0270021000-7f0274000000 ---p 00000000 00:00 0 
7f0274000000-7f0274021000 rw-p 00000000 00:00 0 
7f0274021000-7f0278000000 ---p 00000000 00:00 0 
7f0278000000-7f0278463000 rw-p 00000000 00:00 0 
7f0278463000-7f027c000000 ---p 00000000 00:00 0 
7f027c000000-7f027c021000 rw-p 00000000 00:00 0 
7f027c021000-7f0280000000 ---p 00000000 00:00 0 
7f0280000000-7f0280021000 rw-p 00000000 00:00 0 
7f0280021000-7f0284000000 ---p 00000000 00:00 0 
7f0284000000-7f0284021000 rw-p 00000000 00:00 0 
7f0284021000-7f0288000000 ---p 00000000 00:00 0 
7f0288000000-7f0288021000 rw-p 00000000 00:00 0 
7f0288021000-7f028c000000 ---p 00000000 00:00 0 
7f028c000000-7f028c021000 rw-p 00000000 00:00 0 
7f028c021000-7f0290000000 ---p 00000000 00:00 0 
7f0294000000-7f0294021000 rw-p 00000000 00:00 0 
7f0294021000-7f0298000000 ---p 00000000 00:00 0 
7f029acb3000-7f029ae11000 rw-p 00000000 00:00 0 
7f029ae11000-7f029ae12000 ---p 00000000 00:00 0 
7f029ae12000-7f029af12000 rw-p 00000000 00:00 0                          [stack:3650]
7f029af12000-7f029af15000 ---p 00000000 00:00 0 
7f029af15000-7f029b013000 rw-p 00000000 00:00 0                          [stack:3649]
7f029b013000-7f029b016000 ---p 00000000 00:00 0 
7f029b016000-7f029b114000 rw-p 00000000 00:00 0                          [stack:3648]
7f029b114000-7f029b117000 ---p 00000000 00:00 0 
7f029b117000-7f029b215000 rw-p 00000000 00:00 0                          [stack:3647]
7f029b215000-7f029b218000 ---p 00000000 00:00 0 
7f029b218000-7f029b316000 rw-p 00000000 00:00 0                          [stack:3646]
7f029b316000-7f029b9fa000 r--p 00000000 08:07 3939156                    /usr/lib/locale/locale-archive
7f029b9fa000-7f029b9fd000 ---p 00000000 00:00 0 
7f029b9fd000-7f029bafb000 rw-p 00000000 00:00 0                          [stack:3645]
7f029bafb000-7f029bafe000 ---p 00000000 00:00 0 
7f029bafe000-7f029bbfc000 rw-p 00000000 00:00 0                          [stack:3644]
7f029bbfc000-7f029bbfd000 ---p 00000000 00:00 0 
7f029bbfd000-7f029c000000 rw-p 00000000 00:00 0                          [stack:3643]
7f029c000000-7f029c021000 rw-p 00000000 00:00 0 
7f029c021000-7f02a0000000 ---p 00000000 00:00 0 
7f02a000a000-7f02a0ddc000 rw-p 00000000 00:00 0 
7f02a0ddc000-7f02a0f8a000 r--s 01cfc000 08:07 3950522                    /usr/lib/jvm/java-7-openjdk-amd64/jre/lib/rt.jar
7f02a0f8a000-7f02a1000000 rw-p 00000000 00:00 0 
7f02a1000000-7f02a1270000 rwxp 00000000 00:00 0 
7f02a1270000-7f02a4335000 rw-p 00000000 00:00 0 
7f02a4335000-7f02a8000000 ---p 00000000 00:00 0 
7f02a8019000-7f02aa5de000 rw-p 00000000 00:00 0 
7f02aa5de000-7f02aa5df000 ---p 00000000 00:00 0 
7f02aa5df000-7f02aa6df000 rw-p 00000000 00:00 0                          [stack:3642]
7f02aa6df000-7f02aa6e0000 ---p 00000000 00:00 0 
7f02aa6e0000-7f02aa7e0000 rw-p 00000000 00:00 0                          [stack:3641]
7f02aa7e0000-7f02aa7e1000 ---p 00000000 00:00 0 
7f02aa7e1000-7f02aa8e1000 rw-p 00000000 00:00 0                          [stack:3640]
7f02aa8e1000-7f02aa8e2000 ---p 00000000 00:00 0 
7f02aa8e2000-7f02aa9ed000 rw-p 00000000 00:00 0                          [stack:3639]
7f02aa9ed000-7f02aaa35000 rw-p 00000000 00:00 0 
7f02aaa35000-7f02aaa49000 rw-p 00000000 00:00 0 
7f02aaa49000-7f02aab74000 rw-p 00000000 00:00 0 
7f02aab74000-7f02aab7f000 rw-p 00000000 00:00 0 
7f02aab7f000-7f02aabc7000 rw-p 00000000 00:00 0 
7f02aabc7000-7f02aabdb000 rw-p 00000000 00:00 0 
7f02aabdb000-7f02aad05000 rw-p 00000000 00:00 0 
7f02aad05000-7f02aad10000 rw-p 00000000 00:00 0 
7f02aad10000-7f02aada5000 rw-p 00000000 00:00 0 
7f02aada5000-7f02aada6000 rw-p 00000000 00:00 0 
7f02aada6000-7f02aadae000 r-xp 00000000 08:07 3942779                    /usr/lib/jvm/java-7-openjdk-amd64/jre/lib/amd64/libzip.so
7f02aadae000-7f02aafad000 ---p 00008000 08:07 3942779                    /usr/lib/jvm/java-7-openjdk-amd64/jre/lib/amd64/libzip.so
7f02aafad000-7f02aafae000 r--p 00007000 08:07 3942779                    /usr/lib/jvm/java-7-openjdk-amd64/jre/lib/amd64/libzip.so
7f02aafae000-7f02aafaf000 rw-p 00008000 08:07 3942779                    /usr/lib/jvm/java-7-openjdk-amd64/jre/lib/amd64/libzip.so
7f02aafaf000-7f02aafbb000 r-xp 00000000 08:07 3542989                    /lib/x86_64-linux-gnu/libnss_files-2.17.so
7f02aafbb000-7f02ab1ba000 ---p 0000c000 08:07 3542989                    /lib/x86_64-linux-gnu/libnss_files-2.17.so
7f02ab1ba000-7f02ab1bb000 r--p 0000b000 08:07 3542989                    /lib/x86_64-linux-gnu/libnss_files-2.17.so
7f02ab1bb000-7f02ab1bc000 rw-p 0000c000 08:07 3542989                    /lib/x86_64-linux-gnu/libnss_files-2.17.so
7f02ab1bc000-7f02ab1c7000 r-xp 00000000 08:07 3542993                    /lib/x86_64-linux-gnu/libnss_nis-2.17.so
7f02ab1c7000-7f02ab3c6000 ---p 0000b000 08:07 3542993                    /lib/x86_64-linux-gnu/libnss_nis-2.17.so
7f02ab3c6000-7f02ab3c7000 r--p 0000a000 08:07 3542993                    /lib/x86_64-linux-gnu/libnss_nis-2.17.so
7f02ab3c7000-7f02ab3c8000 rw-p 0000b000 08:07 3542993                    /lib/x86_64-linux-gnu/libnss_nis-2.17.so
7f02ab3c8000-7f02ab3df000 r-xp 00000000 08:07 3542983                    /lib/x86_64-linux-gnu/libnsl-2.17.so
7f02ab3df000-7f02ab5de000 ---p 00017000 08:07 3542983                    /lib/x86_64-linux-gnu/libnsl-2.17.so
7f02ab5de000-7f02ab5df000 r--p 00016000 08:07 3542983                    /lib/x86_64-linux-gnu/libnsl-2.17.so
7f02ab5df000-7f02ab5e0000 rw-p 00017000 08:07 3542983                    /lib/x86_64-linux-gnu/libnsl-2.17.so
7f02ab5e0000-7f02ab5e2000 rw-p 00000000 00:00 0 
7f02ab5e2000-7f02ab5ea000 r-xp 00000000 08:07 3542985                    /lib/x86_64-linux-gnu/libnss_compat-2.17.so
7f02ab5ea000-7f02ab7e9000 ---p 00008000 08:07 3542985                    /lib/x86_64-linux-gnu/libnss_compat-2.17.so
7f02ab7e9000-7f02ab7ea000 r--p 00007000 08:07 3542985                    /lib/x86_64-linux-gnu/libnss_compat-2.17.so
7f02ab7ea000-7f02ab7eb000 rw-p 00008000 08:07 3542985                    /lib/x86_64-linux-gnu/libnss_compat-2.17.so
7f02ab7eb000-7f02ab816000 r-xp 00000000 08:07 3942774                    /usr/lib/jvm/java-7-openjdk-amd64/jre/lib/amd64/libjava.so
7f02ab816000-7f02aba15000 ---p 0002b000 08:07 3942774                    /usr/lib/jvm/java-7-openjdk-amd64/jre/lib/amd64/libjava.so
7f02aba15000-7f02aba16000 r--p 0002a000 08:07 3942774                    /usr/lib/jvm/java-7-openjdk-amd64/jre/lib/amd64/libjava.so
7f02aba16000-7f02aba18000 rw-p 0002b000 08:07 3942774                    /usr/lib/jvm/java-7-openjdk-amd64/jre/lib/amd64/libjava.so
7f02aba18000-7f02aba28000 r-xp 00000000 08:07 3942799                    /usr/lib/jvm/java-7-openjdk-amd64/jre/lib/amd64/libverify.so
7f02aba28000-7f02abc27000 ---p 00010000 08:07 3942799                    /usr/lib/jvm/java-7-openjdk-amd64/jre/lib/amd64/libverify.so
7f02abc27000-7f02abc29000 r--p 0000f000 08:07 3942799                    /usr/lib/jvm/java-7-openjdk-amd64/jre/lib/amd64/libverify.so
7f02abc29000-7f02abc2a000 rw-p 00011000 08:07 3942799                    /usr/lib/jvm/java-7-openjdk-amd64/jre/lib/amd64/libverify.so
7f02abc2a000-7f02abc31000 r-xp 00000000 08:07 3543036                    /lib/x86_64-linux-gnu/librt-2.17.so
7f02abc31000-7f02abe30000 ---p 00007000 08:07 3543036                    /lib/x86_64-linux-gnu/librt-2.17.so
7f02abe30000-7f02abe31000 r--p 00006000 08:07 3543036                    /lib/x86_64-linux-gnu/librt-2.17.so
7f02abe31000-7f02abe32000 rw-p 00007000 08:07 3543036                    /lib/x86_64-linux-gnu/librt-2.17.so
7f02abe32000-7f02abe47000 r-xp 00000000 08:07 3538949                    /lib/x86_64-linux-gnu/libgcc_s.so.1
7f02abe47000-7f02ac046000 ---p 00015000 08:07 3538949                    /lib/x86_64-linux-gnu/libgcc_s.so.1
7f02ac046000-7f02ac047000 r--p 00014000 08:07 3538949                    /lib/x86_64-linux-gnu/libgcc_s.so.1
7f02ac047000-7f02ac048000 rw-p 00015000 08:07 3538949                    /lib/x86_64-linux-gnu/libgcc_s.so.1
7f02ac048000-7f02ac14b000 r-xp 00000000 08:07 3542964                    /lib/x86_64-linux-gnu/libm-2.17.so
7f02ac14b000-7f02ac34a000 ---p 00103000 08:07 3542964                    /lib/x86_64-linux-gnu/libm-2.17.so
7f02ac34a000-7f02ac34b000 r--p 00102000 08:07 3542964                    /lib/x86_64-linux-gnu/libm-2.17.so
7f02ac34b000-7f02ac34c000 rw-p 00103000 08:07 3542964                    /lib/x86_64-linux-gnu/libm-2.17.so
7f02ac34c000-7f02ac432000 r-xp 00000000 08:07 3938427                    /usr/lib/x86_64-linux-gnu/libstdc++.so.6.0.18
7f02ac432000-7f02ac631000 ---p 000e6000 08:07 3938427                    /usr/lib/x86_64-linux-gnu/libstdc++.so.6.0.18
7f02ac631000-7f02ac639000 r--p 000e5000 08:07 3938427                    /usr/lib/x86_64-linux-gnu/libstdc++.so.6.0.18
7f02ac639000-7f02ac63b000 rw-p 000ed000 08:07 3938427                    /usr/lib/x86_64-linux-gnu/libstdc++.so.6.0.18
7f02ac63b000-7f02ac650000 rw-p 00000000 00:00 0 
7f02ac650000-7f02ad12f000 r-xp 00000000 08:07 3942816                    /usr/lib/jvm/java-7-openjdk-amd64/jre/lib/amd64/server/libjvm.so
7f02ad12f000-7f02ad32f000 ---p 00adf000 08:07 3942816                    /usr/lib/jvm/java-7-openjdk-amd64/jre/lib/amd64/server/libjvm.so
7f02ad32f000-7f02ad3c1000 r--p 00adf000 08:07 3942816                    /usr/lib/jvm/java-7-openjdk-amd64/jre/lib/amd64/server/libjvm.so
7f02ad3c1000-7f02ad3e4000 rw-p 00b71000 08:07 3942816                    /usr/lib/jvm/java-7-openjdk-amd64/jre/lib/amd64/server/libjvm.so
7f02ad3e4000-7f02ad411000 rw-p 00000000 00:00 0 
7f02ad411000-7f02ad429000 r-xp 00000000 08:07 3543071                    /lib/x86_64-linux-gnu/libz.so.1.2.8
7f02ad429000-7f02ad628000 ---p 00018000 08:07 3543071                    /lib/x86_64-linux-gnu/libz.so.1.2.8
7f02ad628000-7f02ad629000 r--p 00017000 08:07 3543071                    /lib/x86_64-linux-gnu/libz.so.1.2.8
7f02ad629000-7f02ad62a000 rw-p 00018000 08:07 3543071                    /lib/x86_64-linux-gnu/libz.so.1.2.8
7f02ad62a000-7f02ad641000 r-xp 00000000 08:07 3543028                    /lib/x86_64-linux-gnu/libpthread-2.17.so
7f02ad641000-7f02ad841000 ---p 00017000 08:07 3543028                    /lib/x86_64-linux-gnu/libpthread-2.17.so
7f02ad841000-7f02ad842000 r--p 00017000 08:07 3543028                    /lib/x86_64-linux-gnu/libpthread-2.17.so
7f02ad842000-7f02ad843000 rw-p 00018000 08:07 3543028                    /lib/x86_64-linux-gnu/libpthread-2.17.so
7f02ad843000-7f02ad847000 rw-p 00000000 00:00 0 
7f02ad847000-7f02ad84a000 r-xp 00000000 08:07 3542928                    /lib/x86_64-linux-gnu/libdl-2.17.so
7f02ad84a000-7f02ada49000 ---p 00003000 08:07 3542928                    /lib/x86_64-linux-gnu/libdl-2.17.so
7f02ada49000-7f02ada4a000 r--p 00002000 08:07 3542928                    /lib/x86_64-linux-gnu/libdl-2.17.so
7f02ada4a000-7f02ada4b000 rw-p 00003000 08:07 3542928                    /lib/x86_64-linux-gnu/libdl-2.17.so
7f02ada4b000-7f02adc08000 r-xp 00000000 08:07 3542913                    /lib/x86_64-linux-gnu/libc-2.17.so
7f02adc08000-7f02ade08000 ---p 001bd000 08:07 3542913                    /lib/x86_64-linux-gnu/libc-2.17.so
7f02ade08000-7f02ade0c000 r--p 001bd000 08:07 3542913                    /lib/x86_64-linux-gnu/libc-2.17.so
7f02ade0c000-7f02ade0e000 rw-p 001c1000 08:07 3542913                    /lib/x86_64-linux-gnu/libc-2.17.so
7f02ade0e000-7f02ade13000 rw-p 00000000 00:00 0 
7f02ade13000-7f02ade20000 r-xp 00000000 08:07 3942850                    /usr/lib/jvm/java-7-openjdk-amd64/jre/lib/amd64/jli/libjli.so
7f02ade20000-7f02ae01f000 ---p 0000d000 08:07 3942850                    /usr/lib/jvm/java-7-openjdk-amd64/jre/lib/amd64/jli/libjli.so
7f02ae01f000-7f02ae020000 r--p 0000c000 08:07 3942850                    /usr/lib/jvm/java-7-openjdk-amd64/jre/lib/amd64/jli/libjli.so
7f02ae020000-7f02ae021000 rw-p 0000d000 08:07 3942850                    /usr/lib/jvm/java-7-openjdk-amd64/jre/lib/amd64/jli/libjli.so
7f02ae021000-7f02ae044000 r-xp 00000000 08:07 3542889                    /lib/x86_64-linux-gnu/ld-2.17.so
7f02ae044000-7f02ae048000 r--s 00045000 08:07 4325520                    /usr/share/java/javacc-5.0.jar
7f02ae048000-7f02ae04b000 r--s 00032000 08:07 3950502                    /usr/lib/jvm/java-7-openjdk-amd64/jre/lib/ext/sunjce_provider.jar
7f02ae04b000-7f02ae04f000 r--s 0003b000 08:07 3950505                    /usr/lib/jvm/java-7-openjdk-amd64/jre/lib/ext/sunpkcs11.jar
7f02ae04f000-7f02ae050000 r--s 00002000 08:07 3950504                    /usr/lib/jvm/java-7-openjdk-amd64/jre/lib/ext/dnsns.jar
7f02ae050000-7f02ae054000 r--s 00085000 08:07 3950470                    /usr/lib/jvm/java-7-openjdk-amd64/jre/lib/ext/localedata.jar
7f02ae054000-7f02ae056000 r--s 00006000 08:07 4342350                    /usr/share/java/java-atk-wrapper.jar
7f02ae056000-7f02ae058000 r--s 00012000 08:07 3950473                    /usr/lib/jvm/java-7-openjdk-amd64/jre/lib/ext/zipfs.jar
7f02ae058000-7f02ae05b000 r--s 0000f000 08:07 3950471                    /usr/lib/jvm/java-7-openjdk-amd64/jre/lib/ext/pulse-java.jar
7f02ae05b000-7f02ae065000 rw-p 00000000 00:00 0 
7f02ae065000-7f02ae11b000 rw-p 00000000 00:00 0 
7f02ae11b000-7f02ae11e000 ---p 00000000 00:00 0 
7f02ae11e000-7f02ae237000 rw-p 00000000 00:00 0                          [stack:3638]
7f02ae237000-7f02ae23f000 rw-s 00000000 08:07 4598401                    /tmp/hsperfdata_roberty/3637
7f02ae23f000-7f02ae240000 rw-p 00000000 00:00 0 
7f02ae240000-7f02ae241000 r--p 00000000 00:00 0 
7f02ae241000-7f02ae243000 rw-p 00000000 00:00 0 
7f02ae243000-7f02ae244000 r--p 00022000 08:07 3542889                    /lib/x86_64-linux-gnu/ld-2.17.so
7f02ae244000-7f02ae246000 rw-p 00023000 08:07 3542889                    /lib/x86_64-linux-gnu/ld-2.17.so
7fff9d5cf000-7fff9d5f0000 rw-p 00000000 00:00 0                          [stack]
7fff9d5fe000-7fff9d600000 r-xp 00000000 00:00 0                          [vdso]
ffffffffff600000-ffffffffff601000 r-xp 00000000 00:00 0                  [vsyscall]

VM Arguments:
java_command: javacc meuphoria.jj
Launcher Type: SUN_STANDARD

Environment Variables:
PATH=/usr/lib/lightdm/lightdm:/usr/local/sbin:/usr/local/bin:/usr/sbin:/usr/bin:/sbin:/bin:/usr/games:/usr/local/games
SHELL=/bin/bash
DISPLAY=:0.0

Signal Handlers:
SIGSEGV: [libjvm.so+0x916eb0], sa_mask[0]=0x7ffbfeff, sa_flags=0x10000004
SIGBUS: [libjvm.so+0x916eb0], sa_mask[0]=0x7ffbfeff, sa_flags=0x10000004
SIGFPE: [libjvm.so+0x7947e0], sa_mask[0]=0x7ffbfeff, sa_flags=0x10000004
SIGPIPE: [libjvm.so+0x7947e0], sa_mask[0]=0x7ffbfeff, sa_flags=0x10000004
SIGXFSZ: [libjvm.so+0x7947e0], sa_mask[0]=0x7ffbfeff, sa_flags=0x10000004
SIGILL: [libjvm.so+0x7947e0], sa_mask[0]=0x7ffbfeff, sa_flags=0x10000004
SIGUSR1: SIG_DFL, sa_mask[0]=0x00000000, sa_flags=0x00000000
SIGUSR2: [libjvm.so+0x794680], sa_mask[0]=0x00000000, sa_flags=0x10000004
SIGHUP: [libjvm.so+0x794860], sa_mask[0]=0x7ffbfeff, sa_flags=0x10000004
SIGINT: [libjvm.so+0x794860], sa_mask[0]=0x7ffbfeff, sa_flags=0x10000004
SIGTERM: [libjvm.so+0x794860], sa_mask[0]=0x7ffbfeff, sa_flags=0x10000004
SIGQUIT: [libjvm.so+0x794860], sa_mask[0]=0x7ffbfeff, sa_flags=0x10000004


---------------  S Y S T E M  ---------------

OS:Ubuntu 13.10 (saucy)
uname:Linux 3.11.0-15-generic #25-Ubuntu SMP Thu Jan 30 17:22:01 UTC 2014 x86_64
libc:glibc 2.17 NPTL 2.17 
rlimit: STACK 8192k, CORE 0k, NPROC 30375, NOFILE 4096, AS infinity
load average:0,17 0,43 0,48

/proc/meminfo:
MemTotal:        3908276 kB
MemFree:         1703296 kB
Buffers:          304744 kB
Cached:           851448 kB
SwapCached:            0 kB
Active:          1266188 kB
Inactive:         749476 kB
Active(anon):     860428 kB
Inactive(anon):   255712 kB
Active(file):     405760 kB
Inactive(file):   493764 kB
Unevictable:          32 kB
Mlocked:              32 kB
SwapTotal:       4881404 kB
SwapFree:        4881404 kB
Dirty:               484 kB
Writeback:             0 kB
AnonPages:        859716 kB
Mapped:           188292 kB
Shmem:            256664 kB
Slab:             111284 kB
SReclaimable:      84524 kB
SUnreclaim:        26760 kB
KernelStack:        3928 kB
PageTables:        28212 kB
NFS_Unstable:          0 kB
Bounce:                0 kB
WritebackTmp:          0 kB
CommitLimit:     6835540 kB
Committed_AS:    3914172 kB
VmallocTotal:   34359738367 kB
VmallocUsed:      545256 kB
VmallocChunk:   34359186908 kB
HardwareCorrupted:     0 kB
AnonHugePages:         0 kB
HugePages_Total:       0
HugePages_Free:        0
HugePages_Rsvd:        0
HugePages_Surp:        0
Hugepagesize:       2048 kB
DirectMap4k:       54372 kB
DirectMap2M:     3999744 kB


CPU:total 4 (2 cores per cpu, 2 threads per core) family 6 model 37 stepping 5, cmov, cx8, fxsr, mmx, sse, sse2, sse3, ssse3, sse4.1, sse4.2, popcnt, ht, tsc, tscinvbit

/proc/cpuinfo:
processor	: 0
vendor_id	: GenuineIntel
cpu family	: 6
model		: 37
model name	: Intel(R) Core(TM) i3 CPU       M 370  @ 2.40GHz
stepping	: 5
microcode	: 0x2
cpu MHz		: 931.000
cache size	: 3072 KB
physical id	: 0
siblings	: 4
core id		: 0
cpu cores	: 2
apicid		: 0
initial apicid	: 0
fpu		: yes
fpu_exception	: yes
cpuid level	: 11
wp		: yes
flags		: fpu vme de pse tsc msr pae mce cx8 apic sep mtrr pge mca cmov pat pse36 clflush dts acpi mmx fxsr sse sse2 ss ht tm pbe syscall nx rdtscp lm constant_tsc arch_perfmon pebs bts rep_good nopl xtopology nonstop_tsc aperfmperf pni dtes64 monitor ds_cpl vmx est tm2 ssse3 cx16 xtpr pdcm pcid sse4_1 sse4_2 popcnt lahf_lm arat dtherm tpr_shadow vnmi flexpriority ept vpid
bogomips	: 4787.94
clflush size	: 64
cache_alignment	: 64
address sizes	: 36 bits physical, 48 bits virtual
power management:

processor	: 1
vendor_id	: GenuineIntel
cpu family	: 6
model		: 37
model name	: Intel(R) Core(TM) i3 CPU       M 370  @ 2.40GHz
stepping	: 5
microcode	: 0x2
cpu MHz		: 2394.000
cache size	: 3072 KB
physical id	: 0
siblings	: 4
core id		: 2
cpu cores	: 2
apicid		: 4
initial apicid	: 4
fpu		: yes
fpu_exception	: yes
cpuid level	: 11
wp		: yes
flags		: fpu vme de pse tsc msr pae mce cx8 apic sep mtrr pge mca cmov pat pse36 clflush dts acpi mmx fxsr sse sse2 ss ht tm pbe syscall nx rdtscp lm constant_tsc arch_perfmon pebs bts rep_good nopl xtopology nonstop_tsc aperfmperf pni dtes64 monitor ds_cpl vmx est tm2 ssse3 cx16 xtpr pdcm pcid sse4_1 sse4_2 popcnt lahf_lm arat dtherm tpr_shadow vnmi flexpriority ept vpid
bogomips	: 4787.94
clflush size	: 64
cache_alignment	: 64
address sizes	: 36 bits physical, 48 bits virtual
power management:

processor	: 2
vendor_id	: GenuineIntel
cpu family	: 6
model		: 37
model name	: Intel(R) Core(TM) i3 CPU       M 370  @ 2.40GHz
stepping	: 5
microcode	: 0x2
cpu MHz		: 2394.000
cache size	: 3072 KB
physical id	: 0
siblings	: 4
core id		: 0
cpu cores	: 2
apicid		: 1
initial apicid	: 1
fpu		: yes
fpu_exception	: yes
cpuid level	: 11
wp		: yes
flags		: fpu vme de pse tsc msr pae mce cx8 apic sep mtrr pge mca cmov pat pse36 clflush dts acpi mmx fxsr sse sse2 ss ht tm pbe syscall nx rdtscp lm constant_tsc arch_perfmon pebs bts rep_good nopl xtopology nonstop_tsc aperfmperf pni dtes64 monitor ds_cpl vmx est tm2 ssse3 cx16 xtpr pdcm pcid sse4_1 sse4_2 popcnt lahf_lm arat dtherm tpr_shadow vnmi flexpriority ept vpid
bogomips	: 4787.94
clflush size	: 64
cache_alignment	: 64
address sizes	: 36 bits physical, 48 bits virtual
power management:

processor	: 3
vendor_id	: GenuineIntel
cpu family	: 6
model		: 37
model name	: Intel(R) Core(TM) i3 CPU       M 370  @ 2.40GHz
stepping	: 5
microcode	: 0x2
cpu MHz		: 2394.000
cache size	: 3072 KB
physical id	: 0
siblings	: 4
core id		: 2
cpu cores	: 2
apicid		: 5
initial apicid	: 5
fpu		: yes
fpu_exception	: yes
cpuid level	: 11
wp		: yes
flags		: fpu vme de pse tsc msr pae mce cx8 apic sep mtrr pge mca cmov pat pse36 clflush dts acpi mmx fxsr sse sse2 ss ht tm pbe syscall nx rdtscp lm constant_tsc arch_perfmon pebs bts rep_good nopl xtopology nonstop_tsc aperfmperf pni dtes64 monitor ds_cpl vmx est tm2 ssse3 cx16 xtpr pdcm pcid sse4_1 sse4_2 popcnt lahf_lm arat dtherm tpr_shadow vnmi flexpriority ept vpid
bogomips	: 4787.94
clflush size	: 64
cache_alignment	: 64
address sizes	: 36 bits physical, 48 bits virtual
power management:



Memory: 4k page, physical 3908276k(1703296k free), swap 4881404k(4881404k free)

vm_info: OpenJDK 64-Bit Server VM (24.51-b03) for linux-amd64 JRE (1.7.0_55-b14), built on Apr 17 2014 21:13:26 by "buildd" with gcc 4.8.1

time: Mon Jun 30 23:20:44 2014
elapsed time: 0 seconds

